0 - 1: 32923
1 - 2: -67108
2 - 3: -2945
3 - 4: 1524
4 - 5: -187
5 - 6: -379
6 - 7: -2011
7 - 8: 4803
8 - 9: -5111
9 - 10: 1084
10 - 11: 5382
11 - 12: 45211
12 - 13: -47124
13 - 14: 65410
14 - 15: -70906
15 - 16: 62896
16 - 17: -4546
17 - 18: 14809
18 - 19: -26528
19 - 20: 6322
20 - 21: -43268
21 - 22: -3664
22 - 23: -1399
23 - 24: 62050
24 - 25: -66407
25 - 26: 57115
26 - 27: -51367
27 - 28: 322
28 - 29: 40432
29 - 30: 12523
30 - 31: -52567
31 - 32: -5140
32 - 33: 45614
33 - 34: -36898
34 - 35: -5878
35 - 36: 46462
36 - 37: -48103
37 - 38: -2572
38 - 39: 61007
39 - 40: -47339
40 - 41: 51109
41 - 42: 5371
42 - 43: 2978
43 - 44: -68038
44 - 45: 22
45 - 46: 33462
46 - 47: -27922
47 - 48: -9364
48 - 49: 1862
49 - 50: -2394
50 - 51: 754
51 - 52: 3180
52 - 53: 9908
53 - 54: -9520
54 - 55: -2723
55 - 56: 15472
56 - 57: -12474
57 - 58: 498
58 - 59: -6631
59 - 60: 1970
60 - 61: 36459
61 - 62: -34023
62 - 63: 54968
63 - 64: -56096
64 - 65: 21669
65 - 66: -23256
66 - 67: 1490
67 - 68: 10733
68 - 69: -4234
69 - 70: -5702
70 - 71: 7521
71 - 72: -7986
72 - 73: -311
73 - 74: 11086
74 - 75: -11721
75 - 76: -219
76 - 77: 1200
77 - 78: 36597
78 - 79: -34579
79 - 80: 10149
80 - 81: -6430
81 - 82: -11446
82 - 83: 5404
83 - 84: -457
84 - 85: 13162
85 - 86: -9330
86 - 87: 7656
87 - 88: -12622
88 - 89: 1556
89 - 90: 1119
90 - 91: -3381
91 - 92: 37924
92 - 93: -34946
93 - 94: 12627
94 - 95: -12397
95 - 96: 9276
96 - 97: -7134
97 - 98: 2825
98 - 99: -1257
99 - 100: 1825
100 - 101: -8264
101 - 102: 4601
102 - 103: 5065
103 - 104: -1175
104 - 105: -392
105 - 106: 31228
106 - 107: -33779
107 - 108: 433
108 - 109: 2954
109 - 110: -1492
110 - 111: 1350
111 - 112: -2425
112 - 113: 1978
113 - 114: 1182
114 - 115: 5097
115 - 116: -5641
116 - 117: -1164
117 - 118: 75943
118 - 119: -74549
119 - 120: -951
120 - 121: -6840
121 - 122: 4423
122 - 123: -2968
123 - 124: 1287
124 - 125: 6468
125 - 126: -1721
126 - 127: -1081
127 - 128: -4602
128 - 129: 2327
129 - 130: 8035
130 - 131: -13927
131 - 132: 12583
132 - 133: -11504
133 - 134: 9209
134 - 135: -5443
135 - 136: 56424
136 - 137: -54599
137 - 138: 11963
138 - 139: -17428
139 - 140: 7109
140 - 141: -5251
141 - 142: 971
142 - 143: 4587
143 - 144: -1751
144 - 145: -3901
145 - 146: 4924
146 - 147: -3884
147 - 148: 2376
148 - 149: 42299
149 - 150: -40387
150 - 151: 4779
151 - 152: -2797
152 - 153: -1751
153 - 154: -3887
154 - 155: 6178
155 - 156: -9818
156 - 157: 1188
157 - 158: 745
158 - 159: 8423
159 - 160: -1403
160 - 161: -1198
161 - 162: 2268
162 - 163: -8350
163 - 164: 3259
164 - 165: -977
165 - 166: -1386
166 - 167: 4685
167 - 168: 46620
168 - 169: -48606
169 - 170: 5222
170 - 171: -2984
171 - 172: -8270
172 - 173: 11395
173 - 174: -4070
174 - 175: -976
175 - 176: 1984
176 - 177: -62
177 - 178: -1160
178 - 179: -4544
179 - 180: 5995
180 - 181: -6517
181 - 182: 4796
182 - 183: -2904
183 - 184: 2600
184 - 185: -903
185 - 186: 1907
186 - 187: -188
187 - 188: -5509
188 - 189: 7807
189 - 190: -1982
190 - 191: 2466
191 - 192: 34184
192 - 193: -38778
193 - 194: -3836
194 - 195: 11227
195 - 196: 16886
196 - 197: -25938
197 - 198: 11328
198 - 199: -9043
199 - 200: 394
200 - 201: 2576
201 - 202: -6657
202 - 203: 2208
203 - 204: -710
204 - 205: -505
205 - 206: 4424
206 - 207: 30951
207 - 208: -35068
208 - 209: 5123
209 - 210: 25693
210 - 211: -24521
211 - 212: 17270
212 - 213: -8926
213 - 214: -4197
214 - 215: -10139
215 - 216: 55147
216 - 217: -57714
217 - 218: 1133
218 - 219: 19410
219 - 220: -20404
220 - 221: 1973
221 - 222: 12526
222 - 223: -13163
223 - 224: -1064
224 - 225: 8389
225 - 226: -5064
226 - 227: -1085
227 - 228: 59157
228 - 229: -60332
229 - 230: -1186
230 - 231: 3144
231 - 232: 1056
232 - 233: -3926
233 - 234: 12580
234 - 235: 46706
235 - 236: -39403
236 - 237: -19591
237 - 238: 9000
238 - 239: 2032
239 - 240: 38394
240 - 241: -3894
241 - 242: -43861
242 - 243: -268
243 - 244: 3313
244 - 245: 25001
245 - 246: -1392
246 - 247: -1363
247 - 248: 1948
248 - 249: 72
249 - 250: -176
250 - 251: -436
251 - 252: 948
252 - 253: -2649
253 - 254: 1393
254 - 255: 260
255 - 256: 588
256 - 257: -1302
257 - 258: 363
258 - 259: -27680
259 - 260: 52457
260 - 261: -42995
261 - 262: 58100
262 - 263: -68804
263 - 264: 45514
264 - 265: -45346
265 - 266: 1374
266 - 267: 47876
267 - 268: -44726
268 - 269: -1380
269 - 270: -1825
270 - 271: 3961
271 - 272: 6561
272 - 273: -11095
273 - 274: 23794
274 - 275: -23977
275 - 276: -1614
276 - 277: 60991
277 - 278: -58226
278 - 279: -5905
279 - 280: 12665
280 - 281: -2097
281 - 282: -667
282 - 283: 1314
283 - 284: -7746
284 - 285: 8177
285 - 286: -5297
286 - 287: 3352
287 - 288: -6910
288 - 289: 8419
289 - 290: 127
290 - 291: 4961
291 - 292: -8836
292 - 293: 13604
293 - 294: -9381
294 - 295: -2803
295 - 296: 2368
296 - 297: -8225
297 - 298: -1813
298 - 299: 21565
299 - 300: -16119
300 - 301: -945
301 - 302: 80751
302 - 303: -71090
303 - 304: -5975
304 - 305: -1070
305 - 306: 5442
306 - 307: -7909
307 - 308: -1438
308 - 309: 902
309 - 310: 186
310 - 311: 1162
311 - 312: 1705
312 - 313: -4391
313 - 314: 3077
314 - 315: -3623
315 - 316: 8930
316 - 317: -420
317 - 318: -2536
318 - 319: -3923
319 - 320: 1495
320 - 321: 4551
321 - 322: -2239
322 - 323: -6821
323 - 324: 7363
324 - 325: -4625
325 - 326: -444
326 - 327: 16406
327 - 328: -9445
328 - 329: -4063
329 - 330: 4251
330 - 331: -3028
331 - 332: -4505
332 - 333: 109
333 - 334: -3326
334 - 335: 5554
335 - 336: -3914
336 - 337: 316
337 - 338: 2338
338 - 339: -624
339 - 340: 9772
340 - 341: 28441
341 - 342: -37375
342 - 343: 5420
343 - 344: -5873
344 - 345: 11278
345 - 346: -10869
346 - 347: -115
347 - 348: 1411
348 - 349: -5706
349 - 350: 5876
350 - 351: 2929
351 - 352: 35099
352 - 353: -42986
353 - 354: 60712
354 - 355: -57074
355 - 356: 11024
356 - 357: -10018
357 - 358: 1800
358 - 359: -1426
359 - 360: 1330
360 - 361: -3469
361 - 362: -763
362 - 363: -1051
363 - 364: -1401
364 - 365: 8946
365 - 366: -6366
366 - 367: 316
367 - 368: -2235
368 - 369: 9710
369 - 370: -9741
370 - 371: 3079
371 - 372: 1600
372 - 373: 7639
373 - 374: 5902
374 - 375: -15271
375 - 376: 75
376 - 377: -3568
377 - 378: 9381
378 - 379: -3122
379 - 380: 160
380 - 381: -4248
381 - 382: 309
382 - 383: 383
383 - 384: 3450
384 - 385: -3124
385 - 386: 7387
386 - 387: -5124
387 - 388: 347
388 - 389: 762
389 - 390: 5067
390 - 391: 481
391 - 392: -6203
392 - 393: -937
393 - 394: 13968
394 - 395: -15761
395 - 396: 730
396 - 397: 9562
397 - 398: -5489
398 - 399: -5414
399 - 400: 1937
400 - 401: 1725
401 - 402: -3806
402 - 403: 3014
403 - 404: 4406
404 - 405: 1073
405 - 406: 39187
406 - 407: -49117
407 - 408: -1407
408 - 409: 47583
409 - 410: -38364
410 - 411: -2408
411 - 412: -5355
412 - 413: 1265
413 - 414: -1931
414 - 415: 1062
415 - 416: 73872
416 - 417: -73081
417 - 418: 11381
418 - 419: -13241
419 - 420: 11360
420 - 421: -2769
421 - 422: 25182
422 - 423: -20243
423 - 424: -6907
424 - 425: 5259
425 - 426: -3651
426 - 427: 60785
427 - 428: -65072
428 - 429: 11631
429 - 430: 48909
430 - 431: -60588
431 - 432: 6270
432 - 433: 56506
433 - 434: -64920
434 - 435: 4870
435 - 436: -4678
436 - 437: 1076
437 - 438: -93
438 - 439: 368
439 - 440: 19288
440 - 441: 20943
441 - 442: -39419
442 - 443: 44760
443 - 444: -47020
444 - 445: -2167
445 - 446: 1911
446 - 447: -592
447 - 448: -2255
448 - 449: 5377
449 - 450: 14102
450 - 451: -16234
451 - 452: 579
452 - 453: 30878
453 - 454: -30773
454 - 455: 294
455 - 456: 38771
456 - 457: -39743
457 - 458: 15985
458 - 459: -15295
459 - 460: -629
460 - 461: 14002
461 - 462: -12698
462 - 463: -696
463 - 464: 4401
464 - 465: -4973
465 - 466: 9847
466 - 467: -11155
467 - 468: 9870
468 - 469: -9198
469 - 470: 24993
470 - 471: 5462
471 - 472: -27252
472 - 473: 2534
473 - 474: -3018
474 - 475: 12791
475 - 476: 32146
476 - 477: -47687
477 - 478: 1114
478 - 479: 2624
479 - 480: -4326
480 - 481: 1228
481 - 482: 1826
482 - 483: 14521
483 - 484: -14648
484 - 485: 19737
485 - 486: -14552
486 - 487: -2526
487 - 488: -2804
488 - 489: 6388
489 - 490: 11818
490 - 491: -19002
491 - 492: -9
492 - 493: 8253
493 - 494: -5897
494 - 495: 5343
495 - 496: -7596
496 - 497: 441
497 - 498: 7770
498 - 499: 28690
499 - 500: 0
500 - 501: 0
501 - 502: 0
502 - 503: 0
503 - 504: 0
504 - 505: 0
505 - 506: 0
506 - 507: 0
507 - 508: 0
508 - 509: 0
509 - 510: 0
510 - 511: 0
511 - 512: 0
512 - 513: 0
513 - 514: 0
514 - 515: 0
515 - 516: 0
516 - 517: 0
517 - 518: 0
518 - 519: 0
519 - 520: 0
520 - 521: 0
521 - 522: 0
522 - 523: 0
523 - 524: 0
524 - 525: 0
525 - 526: 0
526 - 527: 0
527 - 528: 0
528 - 529: 0
529 - 530: 0
530 - 531: 0
531 - 532: 0
532 - 533: 0
533 - 534: 0
534 - 535: 0
535 - 536: 0
536 - 537: 0
537 - 538: 0
538 - 539: 0
539 - 540: 0
540 - 541: 0
541 - 542: 0
542 - 543: 0
543 - 544: 0
544 - 545: 0
545 - 546: 0
546 - 547: 0
547 - 548: 0
548 - 549: 0
549 - 550: 0
550 - 551: 0
551 - 552: 0
552 - 553: 0
553 - 554: 0
554 - 555: 0
555 - 556: 0
556 - 557: 0
557 - 558: 0
558 - 559: 0
559 - 560: 0
560 - 561: 0
561 - 562: 0
562 - 563: 0
563 - 564: 0
564 - 565: 0
565 - 566: 0
566 - 567: 0
567 - 568: 0
568 - 569: 0
569 - 570: 0
570 - 571: 0
571 - 572: 0
572 - 573: 0
573 - 574: 0
574 - 575: 0
575 - 576: 0
576 - 577: 0
577 - 578: 0
578 - 579: 0
579 - 580: 0
580 - 581: 0
581 - 582: 0
582 - 583: 0
583 - 584: 0
584 - 585: 0
585 - 586: 0
586 - 587: 0
587 - 588: 0
588 - 589: 0
589 - 590: 0
590 - 591: 0
591 - 592: 0
592 - 593: 0
593 - 594: 0
594 - 595: 0
595 - 596: 0
596 - 597: 0
597 - 598: 0
598 - 599: 0
599 - 600: 0
600 - 601: 0
601 - 602: 0
602 - 603: 0
603 - 604: 0
604 - 605: 0
605 - 606: 0
606 - 607: 0
607 - 608: 0
608 - 609: 0
609 - 610: 0
610 - 611: 0
611 - 612: 0
612 - 613: 0
613 - 614: 0
614 - 615: 0
615 - 616: 0
616 - 617: 0
617 - 618: 0
618 - 619: 0
619 - 620: 0
620 - 621: 0
621 - 622: 0
622 - 623: 0
623 - 624: 0
624 - 625: 0
625 - 626: 0
626 - 627: 0
627 - 628: 0
628 - 629: 0
629 - 630: 0
630 - 631: 0
631 - 632: 0
632 - 633: 0
633 - 634: 0
634 - 635: 0
635 - 636: 0
636 - 637: 0
637 - 638: 0
638 - 639: 0
639 - 640: 0
640 - 641: 0
641 - 642: 0
642 - 643: 0
643 - 644: 0
644 - 645: 0
645 - 646: 0
646 - 647: 0
647 - 648: 0
648 - 649: 0
649 - 650: 0
650 - 651: 0
651 - 652: 0
652 - 653: 0
653 - 654: 0
654 - 655: 0
655 - 656: 0
656 - 657: 0
657 - 658: 0
658 - 659: 0
659 - 660: 0
660 - 661: 0
661 - 662: 0
662 - 663: 0
663 - 664: 0
664 - 665: 0
665 - 666: 0
666 - 667: 0
667 - 668: 0
668 - 669: 0
669 - 670: 0
670 - 671: 0
671 - 672: 0
672 - 673: 0
673 - 674: 0
674 - 675: 0
675 - 676: 0
676 - 677: 0
677 - 678: 0
678 - 679: 0
679 - 680: 0
680 - 681: 0
681 - 682: 0
682 - 683: 0
683 - 684: 0
684 - 685: 0
685 - 686: 0
686 - 687: 0
687 - 688: 0
688 - 689: 0
689 - 690: 0
690 - 691: 0
691 - 692: 0
692 - 693: 0
693 - 694: 0
694 - 695: 0
695 - 696: 0
696 - 697: 0
697 - 698: 0
698 - 699: 0
699 - 700: 0
700 - 701: 0
701 - 702: 0
702 - 703: 0
703 - 704: 0
704 - 705: 0
705 - 706: 0
706 - 707: 0
707 - 708: 0
708 - 709: 0
709 - 710: 0
710 - 711: 0
711 - 712: 0
712 - 713: 0
713 - 714: 0
714 - 715: 0
715 - 716: 0
716 - 717: 0
717 - 718: 0
718 - 719: 0
719 - 720: 0
720 - 721: 0
721 - 722: 0
722 - 723: 0
723 - 724: 0
724 - 725: 0
725 - 726: 0
726 - 727: 0
727 - 728: 0
728 - 729: 0
729 - 730: 0
730 - 731: 0
731 - 732: 0
732 - 733: 0
733 - 734: 0
734 - 735: 0
735 - 736: 0
736 - 737: 0
737 - 738: 0
738 - 739: 0
739 - 740: 0
740 - 741: 0
741 - 742: 0
742 - 743: 0
743 - 744: 0
744 - 745: 0
745 - 746: 0
746 - 747: 0
747 - 748: 0
748 - 749: 0
749 - 750: 0
750 - 751: 0
751 - 752: 0
752 - 753: 0
753 - 754: 0
754 - 755: 0
755 - 756: 0
756 - 757: 0
757 - 758: 0
758 - 759: 0
759 - 760: 0
760 - 761: 0
761 - 762: 0
762 - 763: 0
763 - 764: 0
764 - 765: 0
765 - 766: 0
766 - 767: 0
767 - 768: 0
768 - 769: 0
769 - 770: 0
770 - 771: 0
771 - 772: 0
772 - 773: 0
773 - 774: 0
774 - 775: 0
775 - 776: 0
776 - 777: 0
777 - 778: 0
778 - 779: 0
779 - 780: 0
780 - 781: 0
781 - 782: 0
782 - 783: 0
783 - 784: 0
784 - 785: 0
785 - 786: 0
786 - 787: 0
787 - 788: 0
788 - 789: 0
789 - 790: 0
790 - 791: 0
791 - 792: 0
792 - 793: 0
793 - 794: 0
794 - 795: 0
795 - 796: 0
796 - 797: 0
797 - 798: 0
798 - 799: 0
799 - 800: 0
800 - 801: 0
801 - 802: 0
802 - 803: 0
803 - 804: 0
804 - 805: 0
805 - 806: 0
806 - 807: 0
807 - 808: 0
808 - 809: 0
809 - 810: 0
810 - 811: 0
811 - 812: 0
812 - 813: 0
813 - 814: 0
814 - 815: 0
815 - 816: 0
816 - 817: 0
817 - 818: 0
818 - 819: 0
819 - 820: 0
820 - 821: 0
821 - 822: 0
822 - 823: 0
823 - 824: 0
824 - 825: 0
825 - 826: 0
826 - 827: 0
827 - 828: 0
828 - 829: 0
829 - 830: 0
830 - 831: 0
831 - 832: 0
832 - 833: 0
833 - 834: 0
834 - 835: 0
835 - 836: 0
836 - 837: 0
837 - 838: 0
838 - 839: 0
839 - 840: 0
840 - 841: 0
841 - 842: 0
842 - 843: 0
843 - 844: 0
844 - 845: 0
845 - 846: 0
846 - 847: 0
847 - 848: 0
848 - 849: 0
849 - 850: 0
850 - 851: 0
851 - 852: 0
852 - 853: 0
853 - 854: 0
854 - 855: 0
855 - 856: 0
856 - 857: 0
857 - 858: 0
858 - 859: 0
859 - 860: 0
860 - 861: 0
861 - 862: 0
862 - 863: 0
863 - 864: 0
864 - 865: 0
865 - 866: 0
866 - 867: 0
867 - 868: 0
868 - 869: 0
869 - 870: 0
870 - 871: 0
871 - 872: 0
872 - 873: 0
873 - 874: 0
874 - 875: 0
875 - 876: 0
876 - 877: 0
877 - 878: 0
878 - 879: 0
879 - 880: 0
880 - 881: 0
881 - 882: 0
882 - 883: 0
883 - 884: 0
884 - 885: 0
885 - 886: 0
886 - 887: 0
887 - 888: 0
888 - 889: 0
889 - 890: 0
890 - 891: 0
891 - 892: 0
892 - 893: 0
893 - 894: 0
894 - 895: 0
895 - 896: 0
896 - 897: 0
897 - 898: 0
898 - 899: 0
899 - 900: 0
900 - 901: 0
901 - 902: 0
902 - 903: 0
903 - 904: 0
904 - 905: 0
905 - 906: 0
906 - 907: 0
907 - 908: 0
908 - 909: 0
909 - 910: 0
910 - 911: 0
911 - 912: 0
912 - 913: 0
913 - 914: 0
914 - 915: 0
915 - 916: 0
916 - 917: 0
917 - 918: 0
918 - 919: 0
919 - 920: 0
920 - 921: 0
921 - 922: 0
922 - 923: 0
923 - 924: 0
924 - 925: 0
925 - 926: 0
926 - 927: 0
927 - 928: 0
928 - 929: 0
929 - 930: 0
930 - 931: 0
931 - 932: 0
932 - 933: 0
933 - 934: 0
934 - 935: 0
935 - 936: 0
936 - 937: 0
937 - 938: 0
938 - 939: 0
939 - 940: 0
940 - 941: 0
941 - 942: 0
942 - 943: 0
943 - 944: 0
944 - 945: 0
945 - 946: 0
946 - 947: 0
947 - 948: 0
948 - 949: 0
949 - 950: 0
950 - 951: 0
951 - 952: 0
952 - 953: 0
953 - 954: 0
954 - 955: 0
955 - 956: 0
956 - 957: 0
957 - 958: 0
958 - 959: 0
959 - 960: 0
960 - 961: 0
961 - 962: 0
962 - 963: 0
963 - 964: 0
964 - 965: 0
965 - 966: 0
966 - 967: 0
967 - 968: 0
968 - 969: 0
969 - 970: 0
970 - 971: 0
971 - 972: 0
972 - 973: 0
973 - 974: 0
974 - 975: 0
975 - 976: 0
976 - 977: 0
977 - 978: 0
978 - 979: 0
979 - 980: 0
980 - 981: 0
981 - 982: 0
982 - 983: 0
983 - 984: 0
984 - 985: 0
985 - 986: 0
986 - 987: 0
987 - 988: 0
988 - 989: 0
989 - 990: 0
990 - 991: 0
991 - 992: 0
992 - 993: 0
993 - 994: 0
994 - 995: 0
995 - 996: 0
996 - 997: 0
997 - 998: 0
998 - 999: 0

Timing completed for program using base configuration with 2 threads
Reading in File: 1.533000 nanoseconds
Comparisons of wiki pages: 49.370000 nanoseconds
Overall time: 50.903000 nanoseconds
