0 - 1: 32923
1 - 2: -33872
2 - 3: -36905
3 - 4: -35406
4 - 5: -35603
5 - 6: -35979
6 - 7: -38003
7 - 8: -33135
8 - 9: -38442
9 - 10: -37212
10 - 11: -31835
11 - 12: 13186
12 - 13: -33778
13 - 14: 31472
14 - 15: -39317
15 - 16: 23462
16 - 17: 18916
17 - 18: 33725
18 - 19: 7197
19 - 20: 13519
20 - 21: -29635
21 - 22: -33212
22 - 23: -34680
23 - 24: 27238
24 - 25: -38971
25 - 26: 17946
26 - 27: -33216
27 - 28: -32909
28 - 29: 7333
29 - 30: 19856
30 - 31: -32510
31 - 32: -37646
32 - 33: 7763
33 - 34: -28930
34 - 35: -34819
35 - 36: 11449
36 - 37: -36574
37 - 38: -39085
38 - 39: 21781
39 - 40: -25357
40 - 41: 25551
41 - 42: 30922
42 - 43: 33900
43 - 44: -33945
44 - 45: -33911
45 - 46: -654
46 - 47: -28370
47 - 48: -37862
48 - 49: -35876
49 - 50: -38291
50 - 51: -37577
51 - 52: -34411
52 - 53: -24431
53 - 54: -33948
54 - 55: -36749
55 - 56: -21401
56 - 57: -33758
57 - 58: -33173
58 - 59: -39807
59 - 60: -37924
60 - 61: -1579
61 - 62: -35486
62 - 63: 19366
63 - 64: -36547
64 - 65: -15061
65 - 66: -38117
66 - 67: -36615
67 - 68: -25894
68 - 69: -30138
69 - 70: -35824
70 - 71: -28419
71 - 72: -36362
72 - 73: -36600
73 - 74: -25524
74 - 75: -37236
75 - 76: -37511
76 - 77: -36256
77 - 78: 137
78 - 79: -34241
79 - 80: -24083
80 - 81: -30723
81 - 82: -41974
82 - 83: -36567
83 - 84: -37094
84 - 85: -23866
85 - 86: -33188
86 - 87: -25587
87 - 88: -38171
88 - 89: -36662
89 - 90: -35483
90 - 91: -39005
91 - 92: -1138
92 - 93: -35965
93 - 94: -23237
94 - 95: -35664
95 - 96: -26377
96 - 97: -33522
97 - 98: -30771
98 - 99: -31945
99 - 100: 55727
100 - 101: 55727
101 - 102: 55727
102 - 103: 55727
103 - 104: 55727
104 - 105: 55727
105 - 106: 55727
106 - 107: 55727
107 - 108: 55727
108 - 109: 55727
109 - 110: 55727
110 - 111: 55727
111 - 112: 55727
112 - 113: 55727
113 - 114: 55727
114 - 115: 55727
115 - 116: 55727
116 - 117: 55727
117 - 118: 55727
118 - 119: 55727
119 - 120: 55727
120 - 121: 55727
121 - 122: 55727
122 - 123: 55727
123 - 124: 55727
124 - 125: 55727
125 - 126: 55727
126 - 127: 55727
127 - 128: 55727
128 - 129: 55727
129 - 130: 55727
130 - 131: 55727
131 - 132: 55727
132 - 133: 55727
133 - 134: 55727
134 - 135: 55727
135 - 136: 55727
136 - 137: 55727
137 - 138: 55727
138 - 139: 55727
139 - 140: 55727
140 - 141: 55727
141 - 142: 55727
142 - 143: 55727
143 - 144: 55727
144 - 145: 55727
145 - 146: 55727
146 - 147: 55727
147 - 148: 55727
148 - 149: 55727
149 - 150: 55727
150 - 151: 55727
151 - 152: 55727
152 - 153: 55727
153 - 154: 55727
154 - 155: 55727
155 - 156: 55727
156 - 157: 55727
157 - 158: 55727
158 - 159: 55727
159 - 160: 55727
160 - 161: 55727
161 - 162: 55727
162 - 163: 55727
163 - 164: 55727
164 - 165: 55727
165 - 166: 55727
166 - 167: 55727
167 - 168: 55727
168 - 169: 55727
169 - 170: 55727
170 - 171: 55727
171 - 172: 55727
172 - 173: 55727
173 - 174: 55727
174 - 175: 55727
175 - 176: 55727
176 - 177: 55727
177 - 178: 55727
178 - 179: 55727
179 - 180: 55727
180 - 181: 55727
181 - 182: 55727
182 - 183: 55727
183 - 184: 55727
184 - 185: 55727
185 - 186: 55727
186 - 187: 55727
187 - 188: 55727
188 - 189: 55727
189 - 190: 55727
190 - 191: 55727
191 - 192: 55727
192 - 193: 55727
193 - 194: 55727
194 - 195: 55727
195 - 196: 55727
196 - 197: 55727
197 - 198: 55727
198 - 199: 55727
199 - 200: 55727
200 - 201: 55727
201 - 202: 55727
202 - 203: 55727
203 - 204: 55727
204 - 205: 55727
205 - 206: 55727
206 - 207: 55727
207 - 208: 55727
208 - 209: 55727
209 - 210: 55727
210 - 211: 55727
211 - 212: 55727
212 - 213: 55727
213 - 214: 55727
214 - 215: 55727
215 - 216: 55727
216 - 217: 55727
217 - 218: 55727
218 - 219: 55727
219 - 220: 55727
220 - 221: 55727
221 - 222: 55727
222 - 223: 55727
223 - 224: 55727
224 - 225: 55727
225 - 226: 55727
226 - 227: 55727
227 - 228: 55727
228 - 229: 55727
229 - 230: 55727
230 - 231: 55727
231 - 232: 55727
232 - 233: 55727
233 - 234: 55727
234 - 235: 55727
235 - 236: 55727
236 - 237: 55727
237 - 238: 55727
238 - 239: 55727
239 - 240: 55727
240 - 241: 55727
241 - 242: 55727
242 - 243: 55727
243 - 244: 55727
244 - 245: 55727
245 - 246: 55727
246 - 247: 55727
247 - 248: 55727
248 - 249: 55727
249 - 250: 55727
250 - 251: 55727
251 - 252: 55727
252 - 253: 55727
253 - 254: 55727
254 - 255: 55727
255 - 256: 55727
256 - 257: 55727
257 - 258: 55727
258 - 259: 55727
259 - 260: 55727
260 - 261: 55727
261 - 262: 55727
262 - 263: 55727
263 - 264: 55727
264 - 265: 55727
265 - 266: 55727
266 - 267: 55727
267 - 268: 55727
268 - 269: 55727
269 - 270: 55727
270 - 271: 55727
271 - 272: 55727
272 - 273: 55727
273 - 274: 55727
274 - 275: 55727
275 - 276: 55727
276 - 277: 55727
277 - 278: 55727
278 - 279: 55727
279 - 280: 55727
280 - 281: 55727
281 - 282: 55727
282 - 283: 55727
283 - 284: 55727
284 - 285: 55727
285 - 286: 55727
286 - 287: 55727
287 - 288: 55727
288 - 289: 55727
289 - 290: 55727
290 - 291: 55727
291 - 292: 55727
292 - 293: 55727
293 - 294: 55727
294 - 295: 55727
295 - 296: 55727
296 - 297: 55727
297 - 298: 55727
298 - 299: 55727
299 - 300: 55727
300 - 301: 55727
301 - 302: 55727
302 - 303: 55727
303 - 304: 55727
304 - 305: 55727
305 - 306: 55727
306 - 307: 55727
307 - 308: 55727
308 - 309: 55727
309 - 310: 55727
310 - 311: 55727
311 - 312: 55727
312 - 313: 55727
313 - 314: 55727
314 - 315: 55727
315 - 316: 55727
316 - 317: 55727
317 - 318: 55727
318 - 319: 55727
319 - 320: 55727
320 - 321: 55727
321 - 322: 55727
322 - 323: 55727
323 - 324: 55727
324 - 325: 55727
325 - 326: 55727
326 - 327: 55727
327 - 328: 55727
328 - 329: 55727
329 - 330: 55727
330 - 331: 55727
331 - 332: 55727
332 - 333: 55727
333 - 334: 55727
334 - 335: 55727
335 - 336: 55727
336 - 337: 55727
337 - 338: 55727
338 - 339: 55727
339 - 340: 55727
340 - 341: 55727
341 - 342: 55727
342 - 343: 55727
343 - 344: 55727
344 - 345: 55727
345 - 346: 55727
346 - 347: 55727
347 - 348: 55727
348 - 349: 55727
349 - 350: 55727
350 - 351: 55727
351 - 352: 55727
352 - 353: 55727
353 - 354: 55727
354 - 355: 55727
355 - 356: 55727
356 - 357: 55727
357 - 358: 55727
358 - 359: 55727
359 - 360: 55727
360 - 361: 55727
361 - 362: 55727
362 - 363: 55727
363 - 364: 55727
364 - 365: 55727
365 - 366: 55727
366 - 367: 55727
367 - 368: 55727
368 - 369: 55727
369 - 370: 55727
370 - 371: 55727
371 - 372: 55727
372 - 373: 55727
373 - 374: 55727
374 - 375: 55727
375 - 376: 55727
376 - 377: 55727
377 - 378: 55727
378 - 379: 55727
379 - 380: 55727
380 - 381: 55727
381 - 382: 55727
382 - 383: 55727
383 - 384: 55727
384 - 385: 55727
385 - 386: 55727
386 - 387: 55727
387 - 388: 55727
388 - 389: 55727
389 - 390: 55727
390 - 391: 55727
391 - 392: 55727
392 - 393: 55727
393 - 394: 55727
394 - 395: 55727
395 - 396: 55727
396 - 397: 55727
397 - 398: 55727
398 - 399: 55727
399 - 400: 55727
400 - 401: 55727
401 - 402: 55727
402 - 403: 55727
403 - 404: 55727
404 - 405: 55727
405 - 406: 55727
406 - 407: 55727
407 - 408: 55727
408 - 409: 55727
409 - 410: 55727
410 - 411: 55727
411 - 412: 55727
412 - 413: 55727
413 - 414: 55727
414 - 415: 55727
415 - 416: 55727
416 - 417: 55727
417 - 418: 55727
418 - 419: 55727
419 - 420: 55727
420 - 421: 55727
421 - 422: 55727
422 - 423: 55727
423 - 424: 55727
424 - 425: 55727
425 - 426: 55727
426 - 427: 55727
427 - 428: 55727
428 - 429: 55727
429 - 430: 55727
430 - 431: 55727
431 - 432: 55727
432 - 433: 55727
433 - 434: 55727
434 - 435: 55727
435 - 436: 55727
436 - 437: 55727
437 - 438: 55727
438 - 439: 55727
439 - 440: 55727
440 - 441: 55727
441 - 442: 55727
442 - 443: 55727
443 - 444: 55727
444 - 445: 55727
445 - 446: 55727
446 - 447: 55727
447 - 448: 55727
448 - 449: 55727
449 - 450: 55727
450 - 451: 55727
451 - 452: 55727
452 - 453: 55727
453 - 454: 55727
454 - 455: 55727
455 - 456: 55727
456 - 457: 55727
457 - 458: 55727
458 - 459: 55727
459 - 460: 55727
460 - 461: 55727
461 - 462: 55727
462 - 463: 55727
463 - 464: 55727
464 - 465: 55727
465 - 466: 55727
466 - 467: 55727
467 - 468: 55727
468 - 469: 55727
469 - 470: 55727
470 - 471: 55727
471 - 472: 55727
472 - 473: 55727
473 - 474: 55727
474 - 475: 55727
475 - 476: 55727
476 - 477: 55727
477 - 478: 55727
478 - 479: 55727
479 - 480: 55727
480 - 481: 55727
481 - 482: 55727
482 - 483: 55727
483 - 484: 55727
484 - 485: 55727
485 - 486: 55727
486 - 487: 55727
487 - 488: 55727
488 - 489: 55727
489 - 490: 55727
490 - 491: 55727
491 - 492: 55727
492 - 493: 55727
493 - 494: 55727
494 - 495: 55727
495 - 496: 55727
496 - 497: 55727
497 - 498: 55727
498 - 499: 55727
499 - 500: 55727
500 - 501: 55727
501 - 502: 55727
502 - 503: 55727
503 - 504: 55727
504 - 505: 55727
505 - 506: 55727
506 - 507: 55727
507 - 508: 55727
508 - 509: 55727
509 - 510: 55727
510 - 511: 55727
511 - 512: 55727
512 - 513: 55727
513 - 514: 55727
514 - 515: 55727
515 - 516: 55727
516 - 517: 55727
517 - 518: 55727
518 - 519: 55727
519 - 520: 55727
520 - 521: 55727
521 - 522: 55727
522 - 523: 55727
523 - 524: 55727
524 - 525: 55727
525 - 526: 55727
526 - 527: 55727
527 - 528: 55727
528 - 529: 55727
529 - 530: 55727
530 - 531: 55727
531 - 532: 55727
532 - 533: 55727
533 - 534: 55727
534 - 535: 55727
535 - 536: 55727
536 - 537: 55727
537 - 538: 55727
538 - 539: 55727
539 - 540: 55727
540 - 541: 55727
541 - 542: 55727
542 - 543: 55727
543 - 544: 55727
544 - 545: 55727
545 - 546: 55727
546 - 547: 55727
547 - 548: 55727
548 - 549: 55727
549 - 550: 55727
550 - 551: 55727
551 - 552: 55727
552 - 553: 55727
553 - 554: 55727
554 - 555: 55727
555 - 556: 55727
556 - 557: 55727
557 - 558: 55727
558 - 559: 55727
559 - 560: 55727
560 - 561: 55727
561 - 562: 55727
562 - 563: 55727
563 - 564: 55727
564 - 565: 55727
565 - 566: 55727
566 - 567: 55727
567 - 568: 55727
568 - 569: 55727
569 - 570: 55727
570 - 571: 55727
571 - 572: 55727
572 - 573: 55727
573 - 574: 55727
574 - 575: 55727
575 - 576: 55727
576 - 577: 55727
577 - 578: 55727
578 - 579: 55727
579 - 580: 55727
580 - 581: 55727
581 - 582: 55727
582 - 583: 55727
583 - 584: 55727
584 - 585: 55727
585 - 586: 55727
586 - 587: 55727
587 - 588: 55727
588 - 589: 55727
589 - 590: 55727
590 - 591: 55727
591 - 592: 55727
592 - 593: 55727
593 - 594: 55727
594 - 595: 55727
595 - 596: 55727
596 - 597: 55727
597 - 598: 55727
598 - 599: 55727
599 - 600: 55727
600 - 601: 55727
601 - 602: 55727
602 - 603: 55727
603 - 604: 55727
604 - 605: 55727
605 - 606: 55727
606 - 607: 55727
607 - 608: 55727
608 - 609: 55727
609 - 610: 55727
610 - 611: 55727
611 - 612: 55727
612 - 613: 55727
613 - 614: 55727
614 - 615: 55727
615 - 616: 55727
616 - 617: 55727
617 - 618: 55727
618 - 619: 55727
619 - 620: 55727
620 - 621: 55727
621 - 622: 55727
622 - 623: 55727
623 - 624: 55727
624 - 625: 55727
625 - 626: 55727
626 - 627: 55727
627 - 628: 55727
628 - 629: 55727
629 - 630: 55727
630 - 631: 55727
631 - 632: 55727
632 - 633: 55727
633 - 634: 55727
634 - 635: 55727
635 - 636: 55727
636 - 637: 55727
637 - 638: 55727
638 - 639: 55727
639 - 640: 55727
640 - 641: 55727
641 - 642: 55727
642 - 643: 55727
643 - 644: 55727
644 - 645: 55727
645 - 646: 55727
646 - 647: 55727
647 - 648: 55727
648 - 649: 55727
649 - 650: 55727
650 - 651: 55727
651 - 652: 55727
652 - 653: 55727
653 - 654: 55727
654 - 655: 55727
655 - 656: 55727
656 - 657: 55727
657 - 658: 55727
658 - 659: 55727
659 - 660: 55727
660 - 661: 55727
661 - 662: 55727
662 - 663: 55727
663 - 664: 55727
664 - 665: 55727
665 - 666: 55727
666 - 667: 55727
667 - 668: 55727
668 - 669: 55727
669 - 670: 55727
670 - 671: 55727
671 - 672: 55727
672 - 673: 55727
673 - 674: 55727
674 - 675: 55727
675 - 676: 55727
676 - 677: 55727
677 - 678: 55727
678 - 679: 55727
679 - 680: 55727
680 - 681: 55727
681 - 682: 55727
682 - 683: 55727
683 - 684: 55727
684 - 685: 55727
685 - 686: 55727
686 - 687: 55727
687 - 688: 55727
688 - 689: 55727
689 - 690: 55727
690 - 691: 55727
691 - 692: 55727
692 - 693: 55727
693 - 694: 55727
694 - 695: 55727
695 - 696: 55727
696 - 697: 55727
697 - 698: 55727
698 - 699: 55727
699 - 700: 55727
700 - 701: 55727
701 - 702: 55727
702 - 703: 55727
703 - 704: 55727
704 - 705: 55727
705 - 706: 55727
706 - 707: 55727
707 - 708: 55727
708 - 709: 55727
709 - 710: 55727
710 - 711: 55727
711 - 712: 55727
712 - 713: 55727
713 - 714: 55727
714 - 715: 55727
715 - 716: 55727
716 - 717: 55727
717 - 718: 55727
718 - 719: 55727
719 - 720: 55727
720 - 721: 55727
721 - 722: 55727
722 - 723: 55727
723 - 724: 55727
724 - 725: 55727
725 - 726: 55727
726 - 727: 55727
727 - 728: 55727
728 - 729: 55727
729 - 730: 55727
730 - 731: 55727
731 - 732: 55727
732 - 733: 55727
733 - 734: 55727
734 - 735: 55727
735 - 736: 55727
736 - 737: 55727
737 - 738: 55727
738 - 739: 55727
739 - 740: 55727
740 - 741: 55727
741 - 742: 55727
742 - 743: 55727
743 - 744: 55727
744 - 745: 55727
745 - 746: 55727
746 - 747: 55727
747 - 748: 55727
748 - 749: 55727
749 - 750: 55727
750 - 751: 55727
751 - 752: 55727
752 - 753: 55727
753 - 754: 55727
754 - 755: 55727
755 - 756: 55727
756 - 757: 55727
757 - 758: 55727
758 - 759: 55727
759 - 760: 55727
760 - 761: 55727
761 - 762: 55727
762 - 763: 55727
763 - 764: 55727
764 - 765: 55727
765 - 766: 55727
766 - 767: 55727
767 - 768: 55727
768 - 769: 55727
769 - 770: 55727
770 - 771: 55727
771 - 772: 55727
772 - 773: 55727
773 - 774: 55727
774 - 775: 55727
775 - 776: 55727
776 - 777: 55727
777 - 778: 55727
778 - 779: 55727
779 - 780: 55727
780 - 781: 55727
781 - 782: 55727
782 - 783: 55727
783 - 784: 55727
784 - 785: 55727
785 - 786: 55727
786 - 787: 55727
787 - 788: 55727
788 - 789: 55727
789 - 790: 55727
790 - 791: 55727
791 - 792: 55727
792 - 793: 55727
793 - 794: 55727
794 - 795: 55727
795 - 796: 55727
796 - 797: 55727
797 - 798: 55727
798 - 799: 55727
799 - 800: 55727
800 - 801: 55727
801 - 802: 55727
802 - 803: 55727
803 - 804: 55727
804 - 805: 55727
805 - 806: 55727
806 - 807: 55727
807 - 808: 55727
808 - 809: 55727
809 - 810: 55727
810 - 811: 55727
811 - 812: 55727
812 - 813: 55727
813 - 814: 55727
814 - 815: 55727
815 - 816: 55727
816 - 817: 55727
817 - 818: 55727
818 - 819: 55727
819 - 820: 55727
820 - 821: 55727
821 - 822: 55727
822 - 823: 55727
823 - 824: 55727
824 - 825: 55727
825 - 826: 55727
826 - 827: 55727
827 - 828: 55727
828 - 829: 55727
829 - 830: 55727
830 - 831: 55727
831 - 832: 55727
832 - 833: 55727
833 - 834: 55727
834 - 835: 55727
835 - 836: 55727
836 - 837: 55727
837 - 838: 55727
838 - 839: 55727
839 - 840: 55727
840 - 841: 55727
841 - 842: 55727
842 - 843: 55727
843 - 844: 55727
844 - 845: 55727
845 - 846: 55727
846 - 847: 55727
847 - 848: 55727
848 - 849: 55727
849 - 850: 55727
850 - 851: 55727
851 - 852: 55727
852 - 853: 55727
853 - 854: 55727
854 - 855: 55727
855 - 856: 55727
856 - 857: 55727
857 - 858: 55727
858 - 859: 55727
859 - 860: 55727
860 - 861: 55727
861 - 862: 55727
862 - 863: 55727
863 - 864: 55727
864 - 865: 55727
865 - 866: 55727
866 - 867: 55727
867 - 868: 55727
868 - 869: 55727
869 - 870: 55727
870 - 871: 55727
871 - 872: 55727
872 - 873: 55727
873 - 874: 55727
874 - 875: 55727
875 - 876: 55727
876 - 877: 55727
877 - 878: 55727
878 - 879: 55727
879 - 880: 55727
880 - 881: 55727
881 - 882: 55727
882 - 883: 55727
883 - 884: 55727
884 - 885: 55727
885 - 886: 55727
886 - 887: 55727
887 - 888: 55727
888 - 889: 55727
889 - 890: 55727
890 - 891: 55727
891 - 892: 55727
892 - 893: 55727
893 - 894: 55727
894 - 895: 55727
895 - 896: 55727
896 - 897: 55727
897 - 898: 55727
898 - 899: 55727
899 - 900: 55727
900 - 901: 55727
901 - 902: 55727
902 - 903: 55727
903 - 904: 55727
904 - 905: 55727
905 - 906: 55727
906 - 907: 55727
907 - 908: 55727
908 - 909: 55727
909 - 910: 55727
910 - 911: 55727
911 - 912: 55727
912 - 913: 55727
913 - 914: 55727
914 - 915: 55727
915 - 916: 55727
916 - 917: 55727
917 - 918: 55727
918 - 919: 55727
919 - 920: 55727
920 - 921: 55727
921 - 922: 55727
922 - 923: 55727
923 - 924: 55727
924 - 925: 55727
925 - 926: 55727
926 - 927: 55727
927 - 928: 55727
928 - 929: 55727
929 - 930: 55727
930 - 931: 55727
931 - 932: 55727
932 - 933: 55727
933 - 934: 55727
934 - 935: 55727
935 - 936: 55727
936 - 937: 55727
937 - 938: 55727
938 - 939: 55727
939 - 940: 55727
940 - 941: 55727
941 - 942: 55727
942 - 943: 55727
943 - 944: 55727
944 - 945: 55727
945 - 946: 55727
946 - 947: 55727
947 - 948: 55727
948 - 949: 55727
949 - 950: 55727
950 - 951: 55727
951 - 952: 55727
952 - 953: 55727
953 - 954: 55727
954 - 955: 55727
955 - 956: 55727
956 - 957: 55727
957 - 958: 55727
958 - 959: 55727
959 - 960: 55727
960 - 961: 55727
961 - 962: 55727
962 - 963: 55727
963 - 964: 55727
964 - 965: 55727
965 - 966: 55727
966 - 967: 55727
967 - 968: 55727
968 - 969: 55727
969 - 970: 55727
970 - 971: 55727
971 - 972: 55727
972 - 973: 55727
973 - 974: 55727
974 - 975: 55727
975 - 976: 55727
976 - 977: 55727
977 - 978: 55727
978 - 979: 55727
979 - 980: 55727
980 - 981: 55727
981 - 982: 55727
982 - 983: 55727
983 - 984: 55727
984 - 985: 55727
985 - 986: 55727
986 - 987: 55727
987 - 988: 55727
988 - 989: 55727
989 - 990: 55727
990 - 991: 55727
991 - 992: 55727
992 - 993: 55727
993 - 994: 55727
994 - 995: 55727
995 - 996: 55727
996 - 997: 55727
997 - 998: 55727
998 - 999: 55727
999 - 1000: 0

Timing completed for program using OpenMP with 1 threads and 1950882926 CPUs
Reading in File: 41.709000 nanoseconds
Comparisons of wiki pages: 17.805000 nanoseconds
Overall time: 59.514000 nanoseconds
