0 - 1: 32923
1 - 2: -33872
2 - 3: -36905
3 - 4: -35406
4 - 5: -35603
5 - 6: -35979
6 - 7: -38003
7 - 8: -33135
8 - 9: -38442
9 - 10: -37212
10 - 11: -31835
11 - 12: 13186
12 - 13: -33778
13 - 14: 31472
14 - 15: -39317
15 - 16: 23462
16 - 17: 18916
17 - 18: 33725
18 - 19: 7197
19 - 20: 13519
20 - 21: -29635
21 - 22: -33212
22 - 23: -34680
23 - 24: 27238
24 - 25: -38971
25 - 26: 17946
26 - 27: -33216
27 - 28: -32909
28 - 29: 7333
29 - 30: 19856
30 - 31: -32510
31 - 32: -37646
32 - 33: 7763
33 - 34: -28930
34 - 35: -34819
35 - 36: 11449
36 - 37: -36574
37 - 38: -39085
38 - 39: 21781
39 - 40: -25357
40 - 41: 25551
41 - 42: 30922
42 - 43: 33900
43 - 44: -33945
44 - 45: -33911
45 - 46: -654
46 - 47: -28370
47 - 48: -37862
48 - 49: -35876
49 - 50: -38291
50 - 51: -37577
51 - 52: -34411
52 - 53: -24431
53 - 54: -33948
54 - 55: -36749
55 - 56: -21401
56 - 57: -33758
57 - 58: -33173
58 - 59: -39807
59 - 60: -37924
60 - 61: -1579
61 - 62: -35486
62 - 63: 19366
63 - 64: -36547
64 - 65: -15061
65 - 66: -38117
66 - 67: -36615
67 - 68: -25894
68 - 69: -30138
69 - 70: -35824
70 - 71: -28419
71 - 72: -36362
72 - 73: -36600
73 - 74: -25524
74 - 75: -37236
75 - 76: -37511
76 - 77: -36256
77 - 78: 137
78 - 79: -34241
79 - 80: -24083
80 - 81: -30723
81 - 82: -41974
82 - 83: -36567
83 - 84: -37094
84 - 85: -23866
85 - 86: -33188
86 - 87: -25587
87 - 88: -38171
88 - 89: -36662
89 - 90: -35483
90 - 91: -39005
91 - 92: -1138
92 - 93: -35965
93 - 94: -23237
94 - 95: -35664
95 - 96: -26377
96 - 97: -33522
97 - 98: -30771
98 - 99: -31945
99 - 100: -30114
100 - 101: -38379
101 - 102: -33866
102 - 103: -28712
103 - 104: -29976
104 - 105: -30368
105 - 106: 744
106 - 107: -32903
107 - 108: -32464
108 - 109: -29433
109 - 110: -30931
110 - 111: -29590
111 - 112: -32101
112 - 113: -30031
113 - 114: -28850
114 - 115: -23739
115 - 116: -29443
116 - 117: -30632
117 - 118: 45180
118 - 119: -29238
119 - 120: -30189
120 - 121: -36960
121 - 122: -32591
122 - 123: -35705
123 - 124: -34353
124 - 125: 285015786
125 - 126: -1743
126 - 127: -2813
127 - 128: -7438
128 - 129: -5080
129 - 130: 2802
130 - 131: -10970
131 - 132: 1615
132 - 133: -9884
133 - 134: -667
134 - 135: -6213
135 - 136: 50095
136 - 137: -4432
137 - 138: 7508
138 - 139: -9773
139 - 140: -2670
140 - 141: -7994
141 - 142: -6959
142 - 143: -2437
143 - 144: -4117
144 - 145: -8014
145 - 146: -3096
146 - 147: -6973
147 - 148: -4594
148 - 149: 37510
149 - 150: -2726
150 - 151: 2121
151 - 152: -695
152 - 153: -2515
153 - 154: -6339
154 - 155: -155
155 - 156: -10066
156 - 157: -8852
157 - 158: -8037
158 - 159: 388
159 - 160: -1037
160 - 161: -2199
161 - 162: 61
162 - 163: -8311
163 - 164: -5016
164 - 165: -6109
165 - 166: -7471
166 - 167: -2787
167 - 168: 43701
168 - 169: -4774
169 - 170: 501
170 - 171: -2473
171 - 172: -10745
172 - 173: 625
173 - 174: -3403
174 - 175: -4400
175 - 176: -2416
176 - 177: -2666
177 - 178: -3630
178 - 179: -8172
179 - 180: -2326
180 - 181: -8695
181 - 182: -3905
182 - 183: -6813
183 - 184: -4210
184 - 185: -5097
185 - 186: -3185
186 - 187: -3397
187 - 188: -8903
188 - 189: -1208
189 - 190: -3152
190 - 191: -615
191 - 192: 33382
192 - 193: -5272
193 - 194: -9017
194 - 195: 2196
195 - 196: 18881
196 - 197: -7049
197 - 198: 4271
198 - 199: -4583
199 - 200: -4245
200 - 201: -1608
201 - 202: -8396
202 - 203: -6186
203 - 204: -6875
204 - 205: -7341
205 - 206: -2827
206 - 207: 27909
207 - 208: -7027
208 - 209: -1849
209 - 210: 23657
210 - 211: -750
211 - 212: 16406
212 - 213: 7529
213 - 214: 3482
214 - 215: -6664
215 - 216: 48291
216 - 217: -9226
217 - 218: -8075
218 - 219: 11169
219 - 220: -9165
220 - 221: -7232
221 - 222: 5431
222 - 223: -7746
223 - 224: -8894
224 - 225: -425
225 - 226: -5556
226 - 227: -6560
227 - 228: 52385
228 - 229: -7762
229 - 230: -8941
230 - 231: -5855
231 - 232: -4731
232 - 233: -8743
233 - 234: 3921
234 - 235: 50427
235 - 236: 11243
236 - 237: -8734
237 - 238: 623
238 - 239: 2654
239 - 240: 40859
240 - 241: 36965
241 - 242: -6847
242 - 243: -6959
243 - 244: -3851
244 - 245: 21150
245 - 246: 19758
246 - 247: 18395
247 - 248: 20343
248 - 249: 20415
249 - 250: 67108864
250 - 251: -436
251 - 252: 512
252 - 253: -2137
253 - 254: -744
254 - 255: -484
255 - 256: 104
256 - 257: -1198
257 - 258: -835
258 - 259: -28326
259 - 260: 23942
260 - 261: -18990
261 - 262: 39047
262 - 263: -29541
263 - 264: 15890
264 - 265: -29358
265 - 266: -28030
266 - 267: 19661
267 - 268: -25065
268 - 269: -26226
269 - 270: -28055
270 - 271: -24180
271 - 272: -17529
272 - 273: -28715
273 - 274: -5049
274 - 275: -28894
275 - 276: -30513
276 - 277: 30351
277 - 278: -27694
278 - 279: -33591
279 - 280: -20921
280 - 281: -23015
281 - 282: -23879
282 - 283: -22449
283 - 284: -30311
284 - 285: -21943
285 - 286: -27321
286 - 287: -23958
287 - 288: -30871
288 - 289: -22416
289 - 290: -22365
290 - 291: -17322
291 - 292: -26148
292 - 293: -12636
293 - 294: -22231
294 - 295: -24824
295 - 296: -22389
296 - 297: -30697
297 - 298: -32429
298 - 299: -10954
299 - 300: -26928
300 - 301: -27949
301 - 302: 52684
302 - 303: -18406
303 - 304: -24168
304 - 305: -25265
305 - 306: -20009
306 - 307: -27835
307 - 308: -29168
308 - 309: -28267
309 - 310: -28074
310 - 311: -26925
311 - 312: -25182
312 - 313: -29670
313 - 314: -26520
314 - 315: -30230
315 - 316: -21228
316 - 317: -21753
317 - 318: -24364
318 - 319: -28087
319 - 320: -26602
320 - 321: -22043
321 - 322: -24288
322 - 323: -31093
323 - 324: -23763
324 - 325: -28359
325 - 326: -28797
326 - 327: -12552
327 - 328: -21860
328 - 329: -25909
329 - 330: -21659
330 - 331: -24690
331 - 332: -29191
332 - 333: -29153
333 - 334: -32406
334 - 335: -26940
335 - 336: -30770
336 - 337: -30545
337 - 338: -28144
338 - 339: -28813
339 - 340: -19088
340 - 341: 9275
341 - 342: -27892
342 - 343: -22465
343 - 344: -28349
344 - 345: -17084
345 - 346: -28017
346 - 347: -28050
347 - 348: -26655
348 - 349: -32367
349 - 350: -26564
350 - 351: -23619
351 - 352: 11350
352 - 353: -31486
353 - 354: 29076
354 - 355: -27854
355 - 356: -16769
356 - 357: -26800
357 - 358: -25078
358 - 359: -26502
359 - 360: -25073
360 - 361: -28557
361 - 362: -29335
362 - 363: -30487
363 - 364: -31839
364 - 365: -22810
365 - 366: -29211
366 - 367: -28871
367 - 368: -31115
368 - 369: -21434
369 - 370: -31150
370 - 371: -28076
371 - 372: -26457
372 - 373: -18806
373 - 374: -13122
374 - 375: 0
375 - 376: 76
376 - 377: -3503
377 - 378: 5864
378 - 379: 2711
379 - 380: 2928
380 - 381: -1306
381 - 382: -996
382 - 383: -692
383 - 384: 2847
384 - 385: -360
385 - 386: 7099
386 - 387: 1963
387 - 388: 2301
388 - 389: 3074
389 - 390: 8152
390 - 391: 8622
391 - 392: 2417
392 - 393: 1453
393 - 394: 15299
394 - 395: -311
395 - 396: 425
396 - 397: 9781
397 - 398: 4292
398 - 399: -940
399 - 400: 959
400 - 401: 2750
401 - 402: -1071
402 - 403: 1880
403 - 404: 6355
404 - 405: 7423
405 - 406: 46414
406 - 407: -2574
407 - 408: -3990
408 - 409: 43473
409 - 410: 5317
410 - 411: 2907
411 - 412: -2521
412 - 413: -1208
413 - 414: -3118
414 - 415: -2117
415 - 416: 71614
416 - 417: -1267
417 - 418: 10119
418 - 419: -3216
419 - 420: 8220
420 - 421: 5463
421 - 422: 30446
422 - 423: 10334
423 - 424: 3412
424 - 425: 8756
425 - 426: 5122
426 - 427: 65689
427 - 428: 684
428 - 429: 12297
429 - 430: 61157
430 - 431: 677
431 - 432: 7029
432 - 433: 63345
433 - 434: -1370
434 - 435: 3295
435 - 436: -1183
436 - 437: -107
437 - 438: -215
438 - 439: 168
439 - 440: 19450
440 - 441: 40199
441 - 442: 965
442 - 443: 45540
443 - 444: -1313
444 - 445: -3455
445 - 446: -1520
446 - 447: -2203
447 - 448: -4378
448 - 449: 938
449 - 450: 14896
450 - 451: -1223
451 - 452: -560
452 - 453: 30119
453 - 454: -465
454 - 455: -189
455 - 456: 38411
456 - 457: -1130
457 - 458: 14731
458 - 459: -419
459 - 460: -1210
460 - 461: 12946
461 - 462: 187
462 - 463: -463
463 - 464: 3869
464 - 465: -1032
465 - 466: 8612
466 - 467: -2349
467 - 468: 7521
468 - 469: -1740
469 - 470: 23122
470 - 471: 28584
471 - 472: 1545
472 - 473: 4061
473 - 474: 1046
474 - 475: 13839
475 - 476: 45785
476 - 477: -1697
477 - 478: -698
478 - 479: 2021
479 - 480: -2271
480 - 481: -1073
481 - 482: 626
482 - 483: 15151
483 - 484: 634
484 - 485: 20386
485 - 486: 5808
486 - 487: 3303
487 - 488: 482
488 - 489: 6680
489 - 490: 18498
490 - 491: -299
491 - 492: -386
492 - 493: 7926
493 - 494: 1992
494 - 495: 7373
495 - 496: -194
496 - 497: 208
497 - 498: 7997
498 - 499: 36491
499 - 500: 0
500 - 501: 95
501 - 502: -4825
502 - 503: -4276
503 - 504: 18062
504 - 505: 15990
505 - 506: 12596
506 - 507: -5646
507 - 508: 10590
508 - 509: -3349
509 - 510: 4262
510 - 511: -2645
511 - 512: 713
512 - 513: 59543
513 - 514: 2445
514 - 515: -1329
515 - 516: 650
516 - 517: -2634
517 - 518: 723
518 - 519: -1233
519 - 520: -757
520 - 521: -3433
521 - 522: -889
522 - 523: -3777
523 - 524: -5174
524 - 525: 6033
525 - 526: -3499
526 - 527: 9279
527 - 528: -879
528 - 529: 733
529 - 530: 104
530 - 531: -927
531 - 532: -1597
532 - 533: 207
533 - 534: 367
534 - 535: 1324
535 - 536: 7874
536 - 537: 1746
537 - 538: -1204
538 - 539: -2161
539 - 540: -952
540 - 541: -114
541 - 542: -2311
542 - 543: -1586
543 - 544: -151
544 - 545: -1713
545 - 546: -1840
546 - 547: -1379
547 - 548: -347
548 - 549: 874
549 - 550: -1921
550 - 551: 226
551 - 552: -372
552 - 553: -317
553 - 554: 8864
554 - 555: 3694
555 - 556: 5879
556 - 557: 4894
557 - 558: -726
558 - 559: 35652
559 - 560: 10939
560 - 561: 11046
561 - 562: 10059
562 - 563: 10754
563 - 564: 4798
564 - 565: -1408
565 - 566: -2110
566 - 567: -3420
567 - 568: -2033
568 - 569: 1001
569 - 570: 17097
570 - 571: 3775
571 - 572: 4874
572 - 573: 14351
573 - 574: -1560
574 - 575: 1053
575 - 576: -81
576 - 577: 1038
577 - 578: -475
578 - 579: -3824
579 - 580: -3522
580 - 581: 63362
581 - 582: 68359
582 - 583: -1376
583 - 584: 5584
584 - 585: -4470
585 - 586: 34649
586 - 587: 1429
587 - 588: 7718
588 - 589: -3301
589 - 590: -5650
590 - 591: -5587
591 - 592: -4161
592 - 593: -2549
593 - 594: -4351
594 - 595: -3924
595 - 596: -3859
596 - 597: -1385
597 - 598: -2945
598 - 599: 2109
599 - 600: -127
600 - 601: 1194
601 - 602: 2647
602 - 603: -1822
603 - 604: -3722
604 - 605: 54199
605 - 606: 14845
606 - 607: 44718
607 - 608: -7291
608 - 609: -2654
609 - 610: 52
610 - 611: 68105
611 - 612: -2820
612 - 613: -912
613 - 614: -1830
614 - 615: -2102
615 - 616: 5694
616 - 617: 161
617 - 618: 10866
618 - 619: 729
619 - 620: 4015
620 - 621: -2227
621 - 622: 2621
622 - 623: 59835
623 - 624: -2628
624 - 625: 0
625 - 626: -2516
626 - 627: 4943
627 - 628: 7543
628 - 629: 13957
629 - 630: -842
630 - 631: 1134
631 - 632: 4955
632 - 633: -1502
633 - 634: -1299
634 - 635: 9104
635 - 636: 68319
636 - 637: 596
637 - 638: 796
638 - 639: -6850
639 - 640: 66618
640 - 641: -5899
641 - 642: 17156
642 - 643: -2573
643 - 644: -69
644 - 645: 9736
645 - 646: 12755
646 - 647: 253
647 - 648: -1401
648 - 649: -2788
649 - 650: -2798
650 - 651: 4895
651 - 652: 12570
652 - 653: 12099
653 - 654: -405
654 - 655: -1004
655 - 656: -1348
656 - 657: -3956
657 - 658: 1162
658 - 659: -1245
659 - 660: 582
660 - 661: 7155
661 - 662: -987
662 - 663: 66089
663 - 664: 10945
664 - 665: -2606
665 - 666: 153
666 - 667: 7573
667 - 668: -1466
668 - 669: -2067
669 - 670: 2298
670 - 671: -804
671 - 672: -304
672 - 673: 6038
673 - 674: -1470
674 - 675: -2697
675 - 676: 319
676 - 677: -1501
677 - 678: -763
678 - 679: 7399
679 - 680: -1554
680 - 681: 1445
681 - 682: -1565
682 - 683: -2041
683 - 684: -1941
684 - 685: 691
685 - 686: 6685
686 - 687: 11334
687 - 688: 3303
688 - 689: 7652
689 - 690: 3908
690 - 691: 7301
691 - 692: 1284
692 - 693: -1719
693 - 694: 625
694 - 695: 8794
695 - 696: -1370
696 - 697: 42613
697 - 698: -587
698 - 699: 2271
699 - 700: -1822
700 - 701: 13627
701 - 702: -815
702 - 703: 9051
703 - 704: -2163
704 - 705: 4902
705 - 706: -664
706 - 707: 1091
707 - 708: 12786
708 - 709: -687
709 - 710: -545
710 - 711: 16722
711 - 712: 17548
712 - 713: -2814
713 - 714: 33542
714 - 715: 19413
715 - 716: 3964
716 - 717: 60724
717 - 718: 4452
718 - 719: 6162
719 - 720: -1548
720 - 721: -2814
721 - 722: 1109
722 - 723: 3998
723 - 724: 4268
724 - 725: 1315
725 - 726: -312
726 - 727: 3644
727 - 728: -1167
728 - 729: 750
729 - 730: 2
730 - 731: -884
731 - 732: 1126
732 - 733: 19218
733 - 734: 5097
734 - 735: -663
735 - 736: 1785
736 - 737: 1294
737 - 738: -1709
738 - 739: -1911
739 - 740: 14146
740 - 741: 9673
741 - 742: -1666
742 - 743: 4542
743 - 744: 125
744 - 745: 1995
745 - 746: 16301
746 - 747: -2463
747 - 748: 4488
748 - 749: -797
749 - 750: 0
750 - 751: 3764
751 - 752: -2799
752 - 753: -1278
753 - 754: -3734
754 - 755: -3528
755 - 756: -4923
756 - 757: 759
757 - 758: 4676
758 - 759: -6661
759 - 760: 3640
760 - 761: 5394
761 - 762: -6079
762 - 763: -5573
763 - 764: -4924
764 - 765: -7994
765 - 766: -7328
766 - 767: -2311
767 - 768: 21532
768 - 769: 1206
769 - 770: -5297
770 - 771: -1827
771 - 772: -7652
772 - 773: -4941
773 - 774: -6556
774 - 775: -6881
775 - 776: -8031
776 - 777: -4074
777 - 778: -4944
778 - 779: -5497
779 - 780: -4912
780 - 781: -7753
781 - 782: 47228
782 - 783: -6408
783 - 784: -5615
784 - 785: 5525
785 - 786: -3219
786 - 787: 64232
787 - 788: -1435
788 - 789: -2056
789 - 790: -3948
790 - 791: 6365
791 - 792: -464
792 - 793: -2749
793 - 794: -3174
794 - 795: -2263
795 - 796: 21590
796 - 797: -5026
797 - 798: -5784
798 - 799: -1739
799 - 800: -7125
800 - 801: -6980
801 - 802: 1248
802 - 803: 11237
803 - 804: 3758
804 - 805: 3598
805 - 806: 6919
806 - 807: 62431
807 - 808: -6859
808 - 809: -6459
809 - 810: -4564
810 - 811: -5968
811 - 812: 7736
812 - 813: -7286
813 - 814: -2891
814 - 815: -5371
815 - 816: 5379
816 - 817: -2394
817 - 818: -3078
818 - 819: 1580
819 - 820: 3537
820 - 821: -334
821 - 822: -5135
822 - 823: -4069
823 - 824: 64702
824 - 825: 3502
825 - 826: -396
826 - 827: 1130
827 - 828: -5242
828 - 829: 46998
829 - 830: 12984
830 - 831: -6093
831 - 832: -5131
832 - 833: -2543
833 - 834: 3196
834 - 835: -2316
835 - 836: -5399
836 - 837: -4435
837 - 838: 56326
838 - 839: -8201
839 - 840: -4605
840 - 841: -5126
841 - 842: 1771
842 - 843: -2099
843 - 844: 24499
844 - 845: -6029
845 - 846: -2978
846 - 847: -7341
847 - 848: -6061
848 - 849: 27998
849 - 850: 33585
850 - 851: -3105
851 - 852: -5380
852 - 853: -6510
853 - 854: -5754
854 - 855: -5604
855 - 856: 1989
856 - 857: -3540
857 - 858: -5982
858 - 859: -6740
859 - 860: 10905
860 - 861: -3888
861 - 862: -5010
862 - 863: -6146
863 - 864: 31134
864 - 865: 8988
865 - 866: -6250
866 - 867: -6805
867 - 868: 23739
868 - 869: -3383
869 - 870: 615
870 - 871: -3735
871 - 872: -1432
872 - 873: 2685
873 - 874: -7786
874 - 875: 0
875 - 876: 2218
876 - 877: 6033
877 - 878: 8348
878 - 879: 4535
879 - 880: 63673
880 - 881: 14152
881 - 882: 4993
882 - 883: 11094
883 - 884: -1668
884 - 885: 18749
885 - 886: 147
886 - 887: -493
887 - 888: 20711
888 - 889: -883
889 - 890: -2995
890 - 891: 5476
891 - 892: -5590
892 - 893: 6294
893 - 894: 1447
894 - 895: -1103
895 - 896: 8560
896 - 897: 15096
897 - 898: 13334
898 - 899: -1395
899 - 900: -1734
900 - 901: -278
901 - 902: -6112
902 - 903: 736
903 - 904: 16246
904 - 905: 35978
905 - 906: -759
906 - 907: 8223
907 - 908: -760
908 - 909: 20752
909 - 910: 701
910 - 911: 20123
911 - 912: 3227
912 - 913: 2444
913 - 914: -2166
914 - 915: -1978
915 - 916: 5239
916 - 917: 12924
917 - 918: 865
918 - 919: -1517
919 - 920: -1213
920 - 921: 785
921 - 922: -1280
922 - 923: -752
923 - 924: 1784
924 - 925: 6740
925 - 926: 43769
926 - 927: -1726
927 - 928: 9488
928 - 929: 63119
929 - 930: 66368
930 - 931: -1338
931 - 932: -373
932 - 933: 55423
933 - 934: 22304
934 - 935: 45843
935 - 936: -779
936 - 937: -782
937 - 938: -1561
938 - 939: 48
939 - 940: 2949
940 - 941: 7824
941 - 942: 13066
942 - 943: 6398
943 - 944: 2102
944 - 945: 4850
945 - 946: -1105
946 - 947: 393
947 - 948: 3233
948 - 949: -523
949 - 950: -486
950 - 951: 16728
951 - 952: 31
952 - 953: 10743
953 - 954: 9189
954 - 955: 41326
955 - 956: 513
956 - 957: -174
957 - 958: -1079
958 - 959: -460
959 - 960: 58291
960 - 961: 8493
961 - 962: 9036
962 - 963: 8320
963 - 964: -17
964 - 965: 2679
965 - 966: 43025
966 - 967: -574
967 - 968: 1359
968 - 969: -1568
969 - 970: 4819
970 - 971: -2732
971 - 972: -3111
972 - 973: -3193
973 - 974: -406
974 - 975: -1501
975 - 976: -1708
976 - 977: 3005
977 - 978: 61505
978 - 979: 31112
979 - 980: 14464
980 - 981: 25578
981 - 982: -4531
982 - 983: -2969
983 - 984: 50083
984 - 985: 64376
985 - 986: 1283
986 - 987: 17257
987 - 988: -1160
988 - 989: -2756
989 - 990: 25285
990 - 991: 10124
991 - 992: 1338
992 - 993: 2378
993 - 994: 4779
994 - 995: 67256
995 - 996: 56232
996 - 997: 15896
997 - 998: -1754
998 - 999: 1762
999 - 1000: 0

Timing completed for program using OpenMP with 8 threads and -648205206 CPUs
Reading in File: 2.485000 nanoseconds
Comparisons of wiki pages: 13.413000 nanoseconds
Overall time: 15.898000 nanoseconds
