0 - 1: 32923
1 - 2: -33872
2 - 3: -36905
3 - 4: -35406
4 - 5: -35603
5 - 6: -35979
6 - 7: -38003
7 - 8: -33135
8 - 9: -38442
9 - 10: -37212
10 - 11: -31835
11 - 12: 13186
12 - 13: -33778
13 - 14: 31472
14 - 15: -39317
15 - 16: 23462
16 - 17: 18916
17 - 18: 33725
18 - 19: 7197
19 - 20: 13519
20 - 21: -29635
21 - 22: -33212
22 - 23: -34680
23 - 24: 27238
24 - 25: -38971
25 - 26: 17946
26 - 27: -33216
27 - 28: -32909
28 - 29: 7333
29 - 30: 19856
30 - 31: -32510
31 - 32: -37646
32 - 33: 7763
33 - 34: -28930
34 - 35: -34819
35 - 36: 11449
36 - 37: -36574
37 - 38: -39085
38 - 39: 21781
39 - 40: -25357
40 - 41: 25551
41 - 42: 30922
42 - 43: 33900
43 - 44: -33945
44 - 45: -33911
45 - 46: -654
46 - 47: -28370
47 - 48: -37862
48 - 49: -35876
49 - 50: -38291
50 - 51: -37577
51 - 52: -34411
52 - 53: -24431
53 - 54: -33948
54 - 55: -36749
55 - 56: -21401
56 - 57: -33758
57 - 58: -33173
58 - 59: -39807
59 - 60: -37924
60 - 61: -1579
61 - 62: -35486
62 - 63: 19366
63 - 64: -36547
64 - 65: -15061
65 - 66: -38117
66 - 67: -36615
67 - 68: -25894
68 - 69: -30138
69 - 70: -35824
70 - 71: -28419
71 - 72: -36362
72 - 73: -36600
73 - 74: -25524
74 - 75: -37236
75 - 76: -37511
76 - 77: -36256
77 - 78: 137
78 - 79: -34241
79 - 80: -24083
80 - 81: -30723
81 - 82: -41974
82 - 83: -36567
83 - 84: -37094
84 - 85: -23866
85 - 86: -33188
86 - 87: -25587
87 - 88: -38171
88 - 89: -36662
89 - 90: -35483
90 - 91: -39005
91 - 92: -1138
92 - 93: -35965
93 - 94: -23237
94 - 95: -35664
95 - 96: -26377
96 - 97: -33522
97 - 98: -30771
98 - 99: -31945
99 - 100: -30114
100 - 101: -38379
101 - 102: -33866
102 - 103: -28712
103 - 104: -29976
104 - 105: -30368
105 - 106: 744
106 - 107: -32903
107 - 108: -32464
108 - 109: -29433
109 - 110: -30931
110 - 111: -29590
111 - 112: -32101
112 - 113: -30031
113 - 114: -28850
114 - 115: -23739
115 - 116: -29443
116 - 117: -30632
117 - 118: 45180
118 - 119: -29238
119 - 120: -30189
120 - 121: -36960
121 - 122: -32591
122 - 123: -35705
123 - 124: -34353
124 - 125: -27745
125 - 126: -29488
126 - 127: -30558
127 - 128: -35183
128 - 129: -32825
129 - 130: -24943
130 - 131: -38715
131 - 132: -26130
132 - 133: -37629
133 - 134: -28412
134 - 135: -33958
135 - 136: 22350
136 - 137: -32177
137 - 138: -20237
138 - 139: -37518
139 - 140: -30415
140 - 141: -35739
141 - 142: -34704
142 - 143: -30182
143 - 144: -31862
144 - 145: -35759
145 - 146: -30841
146 - 147: -34718
147 - 148: -32339
148 - 149: 9765
149 - 150: -30471
150 - 151: -25624
151 - 152: -28440
152 - 153: -30260
153 - 154: -34084
154 - 155: -27900
155 - 156: -37811
156 - 157: -36597
157 - 158: -35782
158 - 159: -27357
159 - 160: -28782
160 - 161: -29944
161 - 162: -27684
162 - 163: -36056
163 - 164: -32761
164 - 165: -33854
165 - 166: -35216
166 - 167: -30532
167 - 168: 15956
168 - 169: -32519
169 - 170: -27244
170 - 171: -30218
171 - 172: -38490
172 - 173: -27120
173 - 174: -31148
174 - 175: -32145
175 - 176: -30161
176 - 177: -30411
177 - 178: -31375
178 - 179: -35917
179 - 180: -30071
180 - 181: -36440
181 - 182: -31650
182 - 183: -34558
183 - 184: -31955
184 - 185: -32842
185 - 186: -30930
186 - 187: -31142
187 - 188: -36648
188 - 189: -28953
189 - 190: -30897
190 - 191: -28360
191 - 192: 5637
192 - 193: -33017
193 - 194: -36762
194 - 195: -25549
195 - 196: -8864
196 - 197: -34794
197 - 198: -23474
198 - 199: -32328
199 - 200: -31990
200 - 201: -29353
201 - 202: -36141
202 - 203: -33931
203 - 204: -34620
204 - 205: -35086
205 - 206: -30572
206 - 207: 164
207 - 208: -34772
208 - 209: -29594
209 - 210: -4088
210 - 211: -28495
211 - 212: -11339
212 - 213: -20216
213 - 214: -24263
214 - 215: -34409
215 - 216: 20546
216 - 217: -36971
217 - 218: -35820
218 - 219: -16576
219 - 220: -36910
220 - 221: -34977
221 - 222: -22314
222 - 223: -35491
223 - 224: -36639
224 - 225: -28170
225 - 226: -33301
226 - 227: -34305
227 - 228: 24640
228 - 229: -35507
229 - 230: -36686
230 - 231: -33600
231 - 232: -32476
232 - 233: -36488
233 - 234: -23824
234 - 235: 22682
235 - 236: -16502
236 - 237: -36479
237 - 238: -27122
238 - 239: -25091
239 - 240: 13114
240 - 241: 9220
241 - 242: -34592
242 - 243: -34704
243 - 244: -31596
244 - 245: -6595
245 - 246: -7987
246 - 247: -9350
247 - 248: -7402
248 - 249: -7330
249 - 250: -7506
250 - 251: -7942
251 - 252: -6994
252 - 253: -9643
253 - 254: -8250
254 - 255: -7990
255 - 256: -7402
256 - 257: -8704
257 - 258: -8341
258 - 259: -35832
259 - 260: 16436
260 - 261: -26496
261 - 262: 31541
262 - 263: -37047
263 - 264: 8384
264 - 265: -36864
265 - 266: -35536
266 - 267: 12155
267 - 268: -32571
268 - 269: -33732
269 - 270: -35561
270 - 271: -31686
271 - 272: -25035
272 - 273: -36221
273 - 274: -12555
274 - 275: -36400
275 - 276: -38019
276 - 277: 22845
277 - 278: -35200
278 - 279: -41097
279 - 280: -28427
280 - 281: -30521
281 - 282: -31385
282 - 283: -29955
283 - 284: -37817
284 - 285: -29449
285 - 286: -34827
286 - 287: -31464
287 - 288: -38377
288 - 289: -29922
289 - 290: -29871
290 - 291: -24828
291 - 292: -33654
292 - 293: -20142
293 - 294: -29737
294 - 295: -32330
295 - 296: -29895
296 - 297: -38203
297 - 298: -39935
298 - 299: -18460
299 - 300: -34434
300 - 301: -35455
301 - 302: 45178
302 - 303: -25912
303 - 304: -31674
304 - 305: -32771
305 - 306: -27515
306 - 307: -35341
307 - 308: -36674
308 - 309: -35773
309 - 310: -35580
310 - 311: -34431
311 - 312: -32688
312 - 313: -37176
313 - 314: -34026
314 - 315: -37736
315 - 316: -28734
316 - 317: -29259
317 - 318: -31870
318 - 319: -35593
319 - 320: -34108
320 - 321: -29549
321 - 322: -31794
322 - 323: -38599
323 - 324: -31269
324 - 325: -35865
325 - 326: -36303
326 - 327: -20058
327 - 328: -29366
328 - 329: -33415
329 - 330: -29165
330 - 331: -32196
331 - 332: -36697
332 - 333: -36659
333 - 334: -39912
334 - 335: -34446
335 - 336: -38276
336 - 337: -38051
337 - 338: -35650
338 - 339: -36319
339 - 340: -26594
340 - 341: 1769
341 - 342: -35398
342 - 343: -29971
343 - 344: -35855
344 - 345: -24590
345 - 346: -35523
346 - 347: -35556
347 - 348: -34161
348 - 349: -39873
349 - 350: -34070
350 - 351: -31125
351 - 352: 3844
352 - 353: -38992
353 - 354: 21570
354 - 355: -35360
355 - 356: -24275
356 - 357: -34306
357 - 358: -32584
358 - 359: -34008
359 - 360: -32579
360 - 361: -36063
361 - 362: -36841
362 - 363: -37993
363 - 364: -39345
364 - 365: -30316
365 - 366: -36717
366 - 367: -36377
367 - 368: -38621
368 - 369: -28940
369 - 370: -38656
370 - 371: -35582
371 - 372: -33963
372 - 373: -26312
373 - 374: -20628
374 - 375: -35705
375 - 376: -35629
376 - 377: -39208
377 - 378: -29841
378 - 379: -32994
379 - 380: -32777
380 - 381: -37011
381 - 382: -36701
382 - 383: -36397
383 - 384: -32858
384 - 385: -36065
385 - 386: -28606
386 - 387: -33742
387 - 388: -33404
388 - 389: -32631
389 - 390: -27553
390 - 391: -27083
391 - 392: -33288
392 - 393: -34252
393 - 394: -20406
394 - 395: -36016
395 - 396: -35280
396 - 397: -25924
397 - 398: -31413
398 - 399: -36645
399 - 400: -34746
400 - 401: -32955
401 - 402: -36776
402 - 403: -33825
403 - 404: -29350
404 - 405: -28282
405 - 406: 10709
406 - 407: -38279
407 - 408: -39695
408 - 409: 7768
409 - 410: -30388
410 - 411: -32798
411 - 412: -38226
412 - 413: -36913
413 - 414: -38823
414 - 415: -37822
415 - 416: 35909
416 - 417: -36972
417 - 418: -25586
418 - 419: -38921
419 - 420: -27485
420 - 421: -30242
421 - 422: -5259
422 - 423: -25371
423 - 424: -32293
424 - 425: -26949
425 - 426: -30583
426 - 427: 29984
427 - 428: -35021
428 - 429: -23408
429 - 430: 25452
430 - 431: -35028
431 - 432: -28676
432 - 433: 27640
433 - 434: -37075
434 - 435: -32410
435 - 436: -36888
436 - 437: -35812
437 - 438: -35920
438 - 439: -35537
439 - 440: -16255
440 - 441: 4494
441 - 442: -34740
442 - 443: 9835
443 - 444: -37018
444 - 445: -39160
445 - 446: -37225
446 - 447: -37908
447 - 448: -40083
448 - 449: -34767
449 - 450: -20809
450 - 451: -36928
451 - 452: -36265
452 - 453: -5586
453 - 454: -36170
454 - 455: -35894
455 - 456: 2706
456 - 457: -36835
457 - 458: -20974
458 - 459: -36124
459 - 460: -36915
460 - 461: -22759
461 - 462: -35518
462 - 463: -36168
463 - 464: -31836
464 - 465: -36737
465 - 466: -27093
466 - 467: -38054
467 - 468: -28184
468 - 469: -37445
469 - 470: -12583
470 - 471: -7121
471 - 472: -34160
472 - 473: -31644
473 - 474: -34659
474 - 475: -21866
475 - 476: 10080
476 - 477: -37402
477 - 478: -36403
478 - 479: -33684
479 - 480: -37976
480 - 481: -36778
481 - 482: -35079
482 - 483: -20554
483 - 484: -35071
484 - 485: -15319
485 - 486: -29897
486 - 487: -32402
487 - 488: -35223
488 - 489: -29025
489 - 490: -17207
490 - 491: -36004
491 - 492: -36091
492 - 493: -27779
493 - 494: -33713
494 - 495: -28332
495 - 496: -35899
496 - 497: -35497
497 - 498: -27708
498 - 499: 786
499 - 500: -34337
500 - 501: -34242
501 - 502: -39162
502 - 503: -38613
503 - 504: -16275
504 - 505: -18347
505 - 506: -21741
506 - 507: -39983
507 - 508: -23747
508 - 509: -37686
509 - 510: -30075
510 - 511: -36982
511 - 512: -33624
512 - 513: 25206
513 - 514: -31892
514 - 515: -35666
515 - 516: -33687
516 - 517: -36971
517 - 518: -33614
518 - 519: -35570
519 - 520: -35094
520 - 521: -37770
521 - 522: -35226
522 - 523: -38114
523 - 524: -39511
524 - 525: -28304
525 - 526: -37836
526 - 527: -25058
527 - 528: -35216
528 - 529: -33604
529 - 530: -34233
530 - 531: -35264
531 - 532: -35934
532 - 533: -34130
533 - 534: -33970
534 - 535: -33013
535 - 536: -26463
536 - 537: -32591
537 - 538: -35541
538 - 539: -36498
539 - 540: -35289
540 - 541: -34451
541 - 542: -36648
542 - 543: -35923
543 - 544: -34488
544 - 545: -36050
545 - 546: -36177
546 - 547: -35716
547 - 548: -34684
548 - 549: -33463
549 - 550: -36258
550 - 551: -34111
551 - 552: -34709
552 - 553: -34654
553 - 554: -25473
554 - 555: -30643
555 - 556: -28458
556 - 557: -29443
557 - 558: -35063
558 - 559: 1315
559 - 560: -23398
560 - 561: -23291
561 - 562: -24278
562 - 563: -23583
563 - 564: -29539
564 - 565: -35745
565 - 566: -36447
566 - 567: -37757
567 - 568: -36370
568 - 569: -33336
569 - 570: -17240
570 - 571: -30562
571 - 572: -29463
572 - 573: -19986
573 - 574: -35897
574 - 575: -33284
575 - 576: -34418
576 - 577: -33299
577 - 578: -34812
578 - 579: -38161
579 - 580: -37859
580 - 581: 29025
581 - 582: 34022
582 - 583: -35713
583 - 584: -28753
584 - 585: -38807
585 - 586: 312
586 - 587: -32908
587 - 588: -26619
588 - 589: -37638
589 - 590: -39987
590 - 591: -39924
591 - 592: -38498
592 - 593: -36886
593 - 594: -38688
594 - 595: -38261
595 - 596: -38196
596 - 597: -35722
597 - 598: -37282
598 - 599: -32228
599 - 600: -34464
600 - 601: -33143
601 - 602: -31690
602 - 603: -36159
603 - 604: -38059
604 - 605: 19862
605 - 606: -19492
606 - 607: 10381
607 - 608: -41628
608 - 609: -36991
609 - 610: -34285
610 - 611: 33768
611 - 612: -37157
612 - 613: -35249
613 - 614: -36167
614 - 615: -36439
615 - 616: -28643
616 - 617: -34176
617 - 618: -23471
618 - 619: -33608
619 - 620: -30322
620 - 621: -36564
621 - 622: -31716
622 - 623: 25498
623 - 624: -36965
624 - 625: -35133
625 - 626: -37649
626 - 627: -30190
627 - 628: -27590
628 - 629: -21176
629 - 630: -35975
630 - 631: -33999
631 - 632: -30178
632 - 633: -36635
633 - 634: -36432
634 - 635: -26029
635 - 636: 33186
636 - 637: -34537
637 - 638: -34337
638 - 639: -41983
639 - 640: 31485
640 - 641: -41032
641 - 642: -17977
642 - 643: -37706
643 - 644: -35202
644 - 645: -25397
645 - 646: -22378
646 - 647: -34880
647 - 648: -36534
648 - 649: -37921
649 - 650: -37931
650 - 651: -30238
651 - 652: -22563
652 - 653: -23034
653 - 654: -35538
654 - 655: -36137
655 - 656: -36481
656 - 657: -39089
657 - 658: -33971
658 - 659: -36378
659 - 660: -34551
660 - 661: -27978
661 - 662: -36120
662 - 663: 30956
663 - 664: -24188
664 - 665: -37739
665 - 666: -34980
666 - 667: -27560
667 - 668: -36599
668 - 669: -37200
669 - 670: -32835
670 - 671: -35937
671 - 672: -35437
672 - 673: -29095
673 - 674: -36603
674 - 675: -37830
675 - 676: -34814
676 - 677: -36634
677 - 678: -35896
678 - 679: -27734
679 - 680: -36687
680 - 681: -33688
681 - 682: -36698
682 - 683: -37174
683 - 684: -37074
684 - 685: -34442
685 - 686: -28448
686 - 687: -23799
687 - 688: -31830
688 - 689: -27481
689 - 690: -31225
690 - 691: -27832
691 - 692: -33849
692 - 693: -36852
693 - 694: -34508
694 - 695: -26339
695 - 696: -36503
696 - 697: 7480
697 - 698: -35720
698 - 699: -32862
699 - 700: -36955
700 - 701: -21506
701 - 702: -35948
702 - 703: -26082
703 - 704: -37296
704 - 705: -30231
705 - 706: -35797
706 - 707: -34042
707 - 708: -22347
708 - 709: -35820
709 - 710: -35678
710 - 711: -18411
711 - 712: -17585
712 - 713: -37947
713 - 714: -1591
714 - 715: -15720
715 - 716: -31169
716 - 717: 25591
717 - 718: -30681
718 - 719: -28971
719 - 720: -36681
720 - 721: -37947
721 - 722: -34024
722 - 723: -31135
723 - 724: -30865
724 - 725: -33818
725 - 726: -35445
726 - 727: -31489
727 - 728: -36300
728 - 729: -34383
729 - 730: -35131
730 - 731: -36017
731 - 732: -34007
732 - 733: -15915
733 - 734: -30036
734 - 735: -35796
735 - 736: -33348
736 - 737: -33839
737 - 738: -36842
738 - 739: -37044
739 - 740: -20987
740 - 741: -25460
741 - 742: -36799
742 - 743: -30591
743 - 744: -35008
744 - 745: -33138
745 - 746: -18832
746 - 747: -37596
747 - 748: -30645
748 - 749: -35930
749 - 750: -31049
750 - 751: -27285
751 - 752: -33848
752 - 753: -32327
753 - 754: -34783
754 - 755: -34577
755 - 756: -35972
756 - 757: -30290
757 - 758: -26373
758 - 759: -37710
759 - 760: -27409
760 - 761: -25655
761 - 762: -37128
762 - 763: -36622
763 - 764: -35973
764 - 765: -39043
765 - 766: -38377
766 - 767: -33360
767 - 768: -9517
768 - 769: -29843
769 - 770: -36346
770 - 771: -32876
771 - 772: -38701
772 - 773: -35990
773 - 774: -37605
774 - 775: -37930
775 - 776: -39080
776 - 777: -35123
777 - 778: -35993
778 - 779: -36546
779 - 780: -35961
780 - 781: -38802
781 - 782: 16179
782 - 783: -37457
783 - 784: -36664
784 - 785: -25524
785 - 786: -34268
786 - 787: 33183
787 - 788: -32484
788 - 789: -33105
789 - 790: -34997
790 - 791: -24684
791 - 792: -31513
792 - 793: -33798
793 - 794: -34223
794 - 795: -33312
795 - 796: -9459
796 - 797: -36075
797 - 798: -36833
798 - 799: -32788
799 - 800: -38174
800 - 801: -38029
801 - 802: -29801
802 - 803: -19812
803 - 804: -27291
804 - 805: -27451
805 - 806: -24130
806 - 807: 31382
807 - 808: -37908
808 - 809: -37508
809 - 810: -35613
810 - 811: -37017
811 - 812: -23313
812 - 813: -38335
813 - 814: -33940
814 - 815: -36420
815 - 816: -25670
816 - 817: -33443
817 - 818: -34127
818 - 819: -29469
819 - 820: -27512
820 - 821: -31383
821 - 822: -36184
822 - 823: -35118
823 - 824: 33653
824 - 825: -27547
825 - 826: -31445
826 - 827: -29919
827 - 828: -36291
828 - 829: 15949
829 - 830: -18065
830 - 831: -37142
831 - 832: -36180
832 - 833: -33592
833 - 834: -27853
834 - 835: -33365
835 - 836: -36448
836 - 837: -35484
837 - 838: 25277
838 - 839: -39250
839 - 840: -35654
840 - 841: -36175
841 - 842: -29278
842 - 843: -33148
843 - 844: -6550
844 - 845: -37078
845 - 846: -34027
846 - 847: -38390
847 - 848: -37110
848 - 849: -3051
849 - 850: 2536
850 - 851: -34154
851 - 852: -36429
852 - 853: -37559
853 - 854: -36803
854 - 855: -36653
855 - 856: -29060
856 - 857: -34589
857 - 858: -37031
858 - 859: -37789
859 - 860: -20144
860 - 861: -34937
861 - 862: -36059
862 - 863: -37195
863 - 864: 85
864 - 865: -22061
865 - 866: -37299
866 - 867: -37854
867 - 868: -7310
868 - 869: -34432
869 - 870: -30434
870 - 871: -34784
871 - 872: -32481
872 - 873: -28364
873 - 874: -38835
874 - 875: -35769
875 - 876: -33551
876 - 877: -29736
877 - 878: -27421
878 - 879: -31234
879 - 880: 27904
880 - 881: -21617
881 - 882: -30776
882 - 883: -24675
883 - 884: -37437
884 - 885: -17020
885 - 886: -35622
886 - 887: -36262
887 - 888: -15058
888 - 889: -36652
889 - 890: -38764
890 - 891: -30293
891 - 892: -41359
892 - 893: -29475
893 - 894: -34322
894 - 895: -36872
895 - 896: -27209
896 - 897: -20673
897 - 898: -22435
898 - 899: -37164
899 - 900: -37503
900 - 901: -36047
901 - 902: -41881
902 - 903: -35033
903 - 904: -19523
904 - 905: 209
905 - 906: -36528
906 - 907: -27546
907 - 908: -36529
908 - 909: -15017
909 - 910: -35068
910 - 911: -15646
911 - 912: -32542
912 - 913: -33325
913 - 914: -37935
914 - 915: -37747
915 - 916: -30530
916 - 917: -22845
917 - 918: -34904
918 - 919: -37286
919 - 920: -36982
920 - 921: -34984
921 - 922: -37049
922 - 923: -36521
923 - 924: -33985
924 - 925: -29029
925 - 926: 8000
926 - 927: -37495
927 - 928: -26281
928 - 929: 27350
929 - 930: 30599
930 - 931: -37107
931 - 932: -36142
932 - 933: 19654
933 - 934: -13465
934 - 935: 10074
935 - 936: -36548
936 - 937: -36551
937 - 938: -37330
938 - 939: -35721
939 - 940: -32820
940 - 941: -27945
941 - 942: -22703
942 - 943: -29371
943 - 944: -33667
944 - 945: -30919
945 - 946: -36874
946 - 947: -35376
947 - 948: -32536
948 - 949: -36292
949 - 950: -36255
950 - 951: -19041
951 - 952: -35738
952 - 953: -25026
953 - 954: -26580
954 - 955: 5557
955 - 956: -35256
956 - 957: -35943
957 - 958: -36848
958 - 959: -36229
959 - 960: 22522
960 - 961: -27276
961 - 962: -26733
962 - 963: -27449
963 - 964: -35786
964 - 965: -33090
965 - 966: 7256
966 - 967: -36343
967 - 968: -34410
968 - 969: -37337
969 - 970: -30950
970 - 971: -38501
971 - 972: -38880
972 - 973: -38962
973 - 974: -36175
974 - 975: -37270
975 - 976: -37477
976 - 977: -32764
977 - 978: 25736
978 - 979: -4657
979 - 980: -21305
980 - 981: -10191
981 - 982: -40300
982 - 983: -38738
983 - 984: 14314
984 - 985: 28607
985 - 986: -34486
986 - 987: -18512
987 - 988: -36929
988 - 989: -38525
989 - 990: -10484
990 - 991: -25645
991 - 992: -34431
992 - 993: -33391
993 - 994: -30990
994 - 995: 31487
995 - 996: 20463
996 - 997: -19873
997 - 998: -37523
998 - 999: -34007
999 - 1000: -28172
1000 - 1001: -34267
1001 - 1002: -32167
1002 - 1003: -27059
1003 - 1004: -35823
1004 - 1005: -31320
1005 - 1006: -37920
1006 - 1007: -34791
1007 - 1008: -22356
1008 - 1009: -36609
1009 - 1010: -33196
1010 - 1011: -23345
1011 - 1012: -21078
1012 - 1013: -33251
1013 - 1014: -29836
1014 - 1015: -5027
1015 - 1016: 20882
1016 - 1017: -30724
1017 - 1018: -19579
1018 - 1019: -36791
1019 - 1020: 922
1020 - 1021: -36460
1021 - 1022: -37219
1022 - 1023: -35471
1023 - 1024: -28484
1024 - 1025: -38149
1025 - 1026: -27827
1026 - 1027: -23711
1027 - 1028: -25170
1028 - 1029: -33734
1029 - 1030: -22726
1030 - 1031: -41196
1031 - 1032: -35973
1032 - 1033: -34838
1033 - 1034: -33564
1034 - 1035: -38330
1035 - 1036: -32759
1036 - 1037: -33164
1037 - 1038: -25811
1038 - 1039: -33927
1039 - 1040: 1473
1040 - 1041: -35060
1041 - 1042: -19860
1042 - 1043: -21713
1043 - 1044: -17861
1044 - 1045: -35803
1045 - 1046: -37507
1046 - 1047: -36892
1047 - 1048: 8170
1048 - 1049: -30979
1049 - 1050: -23539
1050 - 1051: -36693
1051 - 1052: 8953
1052 - 1053: -38901
1053 - 1054: -35392
1054 - 1055: -21203
1055 - 1056: -37264
1056 - 1057: -40589
1057 - 1058: -39850
1058 - 1059: -36678
1059 - 1060: -30461
1060 - 1061: -39129
1061 - 1062: -37308
1062 - 1063: -35683
1063 - 1064: -38382
1064 - 1065: -37245
1065 - 1066: -36642
1066 - 1067: -36746
1067 - 1068: -35880
1068 - 1069: -36246
1069 - 1070: -38386
1070 - 1071: -39065
1071 - 1072: -33864
1072 - 1073: -31343
1073 - 1074: -27389
1074 - 1075: -38298
1075 - 1076: -39589
1076 - 1077: -36836
1077 - 1078: -35224
1078 - 1079: -37580
1079 - 1080: -29301
1080 - 1081: -38300
1081 - 1082: -36070
1082 - 1083: -37458
1083 - 1084: -39452
1084 - 1085: -40310
1085 - 1086: -38409
1086 - 1087: -39337
1087 - 1088: -38393
1088 - 1089: -37874
1089 - 1090: -38718
1090 - 1091: -36944
1091 - 1092: -38544
1092 - 1093: -37217
1093 - 1094: -30775
1094 - 1095: -30017
1095 - 1096: -17645
1096 - 1097: -36285
1097 - 1098: -37066
1098 - 1099: -36560
1099 - 1100: -37637
1100 - 1101: -26894
1101 - 1102: 28637
1102 - 1103: -31395
1103 - 1104: -35854
1104 - 1105: 8413
1105 - 1106: -23696
1106 - 1107: -38609
1107 - 1108: -30802
1108 - 1109: -37086
1109 - 1110: -16586
1110 - 1111: -30153
1111 - 1112: -34822
1112 - 1113: -36928
1113 - 1114: -34682
1114 - 1115: -25782
1115 - 1116: -22747
1116 - 1117: -34446
1117 - 1118: -28669
1118 - 1119: -26911
1119 - 1120: 7308
1120 - 1121: -34847
1121 - 1122: -26564
1122 - 1123: -35741
1123 - 1124: -25959
1124 - 1125: 33499
1125 - 1126: -20677
1126 - 1127: -26946
1127 - 1128: -35273
1128 - 1129: -22589
1129 - 1130: -35023
1130 - 1131: -31962
1131 - 1132: -30014
1132 - 1133: -30278
1133 - 1134: -30162
1134 - 1135: -29082
1135 - 1136: -29061
1136 - 1137: -29567
1137 - 1138: -37080
1138 - 1139: -32990
1139 - 1140: -37403
1140 - 1141: -34589
1141 - 1142: -31656
1142 - 1143: -24852
1143 - 1144: -41451
1144 - 1145: -41196
1145 - 1146: -25306
1146 - 1147: -23075
1147 - 1148: -23533
1148 - 1149: -32050
1149 - 1150: -21737
1150 - 1151: -25350
1151 - 1152: -36307
1152 - 1153: -37223
1153 - 1154: -32869
1154 - 1155: -37298
1155 - 1156: -2927
1156 - 1157: -37371
1157 - 1158: -36325
1158 - 1159: -36796
1159 - 1160: 7480
1160 - 1161: -36333
1161 - 1162: -38064
1162 - 1163: -31919
1163 - 1164: -25800
1164 - 1165: -36706
1165 - 1166: -33527
1166 - 1167: -38381
1167 - 1168: -25722
1168 - 1169: -20954
1169 - 1170: -27184
1170 - 1171: 3711
1171 - 1172: -38501
1172 - 1173: -40981
1173 - 1174: -34597
1174 - 1175: -34069
1175 - 1176: -32981
1176 - 1177: -25379
1177 - 1178: -29887
1178 - 1179: -35017
1179 - 1180: 9523
1180 - 1181: -31412
1181 - 1182: -36639
1182 - 1183: -36078
1183 - 1184: -30651
1184 - 1185: -33853
1185 - 1186: -30570
1186 - 1187: -30654
1187 - 1188: -34997
1188 - 1189: -27385
1189 - 1190: 35474
1190 - 1191: -33227
1191 - 1192: -27323
1192 - 1193: -22674
1193 - 1194: -21149
1194 - 1195: -35966
1195 - 1196: -34298
1196 - 1197: -27390
1197 - 1198: -37710
1198 - 1199: -32372
1199 - 1200: -35188
1200 - 1201: -36261
1201 - 1202: 7515
1202 - 1203: 20307
1203 - 1204: -32980
1204 - 1205: -37799
1205 - 1206: -36714
1206 - 1207: -36385
1207 - 1208: -27644
1208 - 1209: -32241
1209 - 1210: -33879
1210 - 1211: -37147
1211 - 1212: -35302
1212 - 1213: 7596
1213 - 1214: -35413
1214 - 1215: -44442
1215 - 1216: -30645
1216 - 1217: -32071
1217 - 1218: -38528
1218 - 1219: -33868
1219 - 1220: -39279
1220 - 1221: -32941
1221 - 1222: -36092
1222 - 1223: -19456
1223 - 1224: -2812
1224 - 1225: -27305
1225 - 1226: 33128
1226 - 1227: -38309
1227 - 1228: -25670
1228 - 1229: -31449
1229 - 1230: 569
1230 - 1231: -25476
1231 - 1232: -32164
1232 - 1233: -23556
1233 - 1234: -24461
1234 - 1235: -26558
1235 - 1236: -32002
1236 - 1237: -35128
1237 - 1238: -36938
1238 - 1239: -33793
1239 - 1240: 2833
1240 - 1241: -34226
1241 - 1242: 2899
1242 - 1243: -33763
1243 - 1244: -24879
1244 - 1245: -24047
1245 - 1246: -36416
1246 - 1247: -22212
1247 - 1248: -35266
1248 - 1249: -28828
1249 - 1250: -35273
1250 - 1251: -36061
1251 - 1252: -32037
1252 - 1253: -37660
1253 - 1254: -35711
1254 - 1255: -29496
1255 - 1256: -32073
1256 - 1257: -35483
1257 - 1258: -26749
1258 - 1259: -32673
1259 - 1260: -34791
1260 - 1261: 33611
1261 - 1262: -31341
1262 - 1263: -37154
1263 - 1264: -35488
1264 - 1265: -21279
1265 - 1266: -35244
1266 - 1267: -32141
1267 - 1268: -34173
1268 - 1269: -2427
1269 - 1270: -36659
1270 - 1271: -35939
1271 - 1272: -37387
1272 - 1273: -37706
1273 - 1274: -39896
1274 - 1275: -33231
1275 - 1276: -32066
1276 - 1277: -28799
1277 - 1278: -35695
1278 - 1279: -30647
1279 - 1280: -37243
1280 - 1281: -38615
1281 - 1282: -31138
1282 - 1283: -21821
1283 - 1284: -40941
1284 - 1285: -26172
1285 - 1286: -29927
1286 - 1287: -40215
1287 - 1288: -20477
1288 - 1289: -43372
1289 - 1290: 25404
1290 - 1291: -30343
1291 - 1292: -35301
1292 - 1293: -39405
1293 - 1294: -30253
1294 - 1295: -34039
1295 - 1296: -33911
1296 - 1297: -25362
1297 - 1298: -35836
1298 - 1299: -33114
1299 - 1300: 13504
1300 - 1301: -23738
1301 - 1302: -34238
1302 - 1303: -37794
1303 - 1304: -37042
1304 - 1305: -37560
1305 - 1306: -34937
1306 - 1307: -34637
1307 - 1308: -31389
1308 - 1309: -35202
1309 - 1310: -32029
1310 - 1311: 28107
1311 - 1312: -32617
1312 - 1313: -27457
1313 - 1314: -36062
1314 - 1315: -38766
1315 - 1316: -37549
1316 - 1317: -35972
1317 - 1318: -35116
1318 - 1319: -28198
1319 - 1320: -29330
1320 - 1321: -34187
1321 - 1322: -11731
1322 - 1323: -32866
1323 - 1324: -36015
1324 - 1325: -37184
1325 - 1326: -35874
1326 - 1327: 32573
1327 - 1328: -30532
1328 - 1329: -35170
1329 - 1330: -34940
1330 - 1331: -34358
1331 - 1332: -29983
1332 - 1333: -32395
1333 - 1334: -36887
1334 - 1335: -35179
1335 - 1336: -34804
1336 - 1337: -33345
1337 - 1338: -31301
1338 - 1339: -38118
1339 - 1340: -34002
1340 - 1341: -33889
1341 - 1342: -34331
1342 - 1343: -38375
1343 - 1344: -36603
1344 - 1345: -13779
1345 - 1346: -34483
1346 - 1347: -29570
1347 - 1348: -16663
1348 - 1349: -36805
1349 - 1350: -40311
1350 - 1351: -29995
1351 - 1352: -35672
1352 - 1353: -34406
1353 - 1354: -32778
1354 - 1355: -36259
1355 - 1356: -35266
1356 - 1357: -33653
1357 - 1358: -22053
1358 - 1359: -37690
1359 - 1360: 30779
1360 - 1361: -25900
1361 - 1362: -36957
1362 - 1363: -35427
1363 - 1364: -34544
1364 - 1365: -28698
1365 - 1366: -17393
1366 - 1367: -35691
1367 - 1368: -28450
1368 - 1369: -42681
1369 - 1370: -37988
1370 - 1371: -38051
1371 - 1372: 26324
1372 - 1373: -39439
1373 - 1374: -36200
1374 - 1375: -20563
1375 - 1376: -30553
1376 - 1377: -29728
1377 - 1378: -33980
1378 - 1379: -37512
1379 - 1380: -36709
1380 - 1381: -38597
1381 - 1382: -33426
1382 - 1383: -26910
1383 - 1384: 11666
1384 - 1385: -36733
1385 - 1386: -26865
1386 - 1387: -37676
1387 - 1388: -37487
1388 - 1389: -38428
1389 - 1390: -35807
1390 - 1391: -35792
1391 - 1392: -9994
1392 - 1393: -37048
1393 - 1394: 31279
1394 - 1395: -36102
1395 - 1396: -32265
1396 - 1397: -30449
1397 - 1398: -37116
1398 - 1399: -37230
1399 - 1400: -35825
1400 - 1401: 47787
1401 - 1402: -37801
1402 - 1403: -26873
1403 - 1404: -37739
1404 - 1405: -32319
1405 - 1406: -31221
1406 - 1407: -37572
1407 - 1408: -22459
1408 - 1409: -30388
1409 - 1410: -36574
1410 - 1411: -24911
1411 - 1412: -27228
1412 - 1413: -34806
1413 - 1414: -5715
1414 - 1415: -29739
1415 - 1416: -24055
1416 - 1417: 17034
1417 - 1418: -37293
1418 - 1419: -38574
1419 - 1420: -26899
1420 - 1421: -31286
1421 - 1422: -27211
1422 - 1423: -31262
1423 - 1424: -27704
1424 - 1425: -37181
1425 - 1426: -36024
1426 - 1427: 6427
1427 - 1428: -32687
1428 - 1429: -33238
1429 - 1430: -25148
1430 - 1431: -23766
1431 - 1432: -31077
1432 - 1433: -26153
1433 - 1434: -32110
1434 - 1435: 13515
1435 - 1436: -31196
1436 - 1437: -36359
1437 - 1438: -27671
1438 - 1439: 9516
1439 - 1440: -33589
1440 - 1441: -31543
1441 - 1442: -28907
1442 - 1443: -26935
1443 - 1444: -31416
1444 - 1445: -35865
1445 - 1446: -24508
1446 - 1447: -30994
1447 - 1448: -20695
1448 - 1449: -25531
1449 - 1450: -39464
1450 - 1451: -36295
1451 - 1452: -19858
1452 - 1453: -6790
1453 - 1454: -17705
1454 - 1455: -37583
1455 - 1456: -33058
1456 - 1457: 31811
1457 - 1458: -34704
1458 - 1459: -37690
1459 - 1460: -36369
1460 - 1461: -32259
1461 - 1462: -29422
1462 - 1463: -18858
1463 - 1464: -35978
1464 - 1465: -24722
1465 - 1466: -36907
1466 - 1467: -16090
1467 - 1468: -34938
1468 - 1469: -35618
1469 - 1470: -34837
1470 - 1471: -33247
1471 - 1472: -29557
1472 - 1473: -19771
1473 - 1474: -25889
1474 - 1475: -36471
1475 - 1476: -26167
1476 - 1477: -22340
1477 - 1478: -20927
1478 - 1479: -36030
1479 - 1480: -35133
1480 - 1481: -32740
1481 - 1482: -30062
1482 - 1483: -30832
1483 - 1484: -31068
1484 - 1485: -29302
1485 - 1486: -35331
1486 - 1487: -32394
1487 - 1488: 25044
1488 - 1489: -24000
1489 - 1490: -27830
1490 - 1491: -16223
1491 - 1492: -38078
1492 - 1493: -28252
1493 - 1494: -35493
1494 - 1495: -37169
1495 - 1496: -34079
1496 - 1497: -34319
1497 - 1498: -34653
1498 - 1499: -32736
1499 - 1500: -27665
1500 - 1501: -33445
1501 - 1502: -34676
1502 - 1503: -29638
1503 - 1504: -35575
1504 - 1505: -37069
1505 - 1506: -38248
1506 - 1507: -35710
1507 - 1508: -35793
1508 - 1509: -33991
1509 - 1510: -29132
1510 - 1511: -39562
1511 - 1512: -32112
1512 - 1513: -35371
1513 - 1514: -36863
1514 - 1515: -37290
1515 - 1516: -28655
1516 - 1517: -35736
1517 - 1518: -20389
1518 - 1519: -36783
1519 - 1520: -37561
1520 - 1521: -32895
1521 - 1522: 29524
1522 - 1523: -1661
1523 - 1524: -29866
1524 - 1525: -34136
1525 - 1526: -33437
1526 - 1527: -38738
1527 - 1528: -29414
1528 - 1529: -24961
1529 - 1530: -36596
1530 - 1531: -35686
1531 - 1532: -34595
1532 - 1533: -31418
1533 - 1534: -20571
1534 - 1535: -29346
1535 - 1536: -22453
1536 - 1537: -26641
1537 - 1538: -35848
1538 - 1539: -35993
1539 - 1540: -36724
1540 - 1541: -24835
1541 - 1542: -24163
1542 - 1543: -36537
1543 - 1544: -30127
1544 - 1545: -33440
1545 - 1546: -29976
1546 - 1547: -33446
1547 - 1548: -22163
1548 - 1549: -26735
1549 - 1550: -34038
1550 - 1551: -20429
1551 - 1552: -37466
1552 - 1553: -31188
1553 - 1554: -38386
1554 - 1555: -34756
1555 - 1556: -33382
1556 - 1557: -23175
1557 - 1558: -33093
1558 - 1559: 1770
1559 - 1560: -36134
1560 - 1561: -37817
1561 - 1562: -36327
1562 - 1563: -36438
1563 - 1564: -25628
1564 - 1565: -32964
1565 - 1566: -34927
1566 - 1567: -27302
1567 - 1568: -37220
1568 - 1569: -8285
1569 - 1570: -17673
1570 - 1571: -22872
1571 - 1572: -24051
1572 - 1573: -31966
1573 - 1574: -38736
1574 - 1575: -34617
1575 - 1576: -30718
1576 - 1577: -1801
1577 - 1578: -37136
1578 - 1579: -37520
1579 - 1580: -30926
1580 - 1581: -21159
1581 - 1582: -30123
1582 - 1583: -36370
1583 - 1584: -28647
1584 - 1585: -35478
1585 - 1586: -29284
1586 - 1587: -38080
1587 - 1588: -36384
1588 - 1589: -20145
1589 - 1590: -34118
1590 - 1591: -31299
1591 - 1592: -37199
1592 - 1593: -38255
1593 - 1594: -30272
1594 - 1595: -29507
1595 - 1596: -34124
1596 - 1597: -36894
1597 - 1598: -35966
1598 - 1599: -33449
1599 - 1600: -34602
1600 - 1601: -30566
1601 - 1602: -35242
1602 - 1603: -42177
1603 - 1604: -28605
1604 - 1605: -37069
1605 - 1606: -30062
1606 - 1607: -19061
1607 - 1608: -37381
1608 - 1609: -17449
1609 - 1610: 26570
1610 - 1611: -15859
1611 - 1612: -19696
1612 - 1613: -22123
1613 - 1614: -36678
1614 - 1615: -36594
1615 - 1616: -34089
1616 - 1617: -39372
1617 - 1618: -15200
1618 - 1619: -36614
1619 - 1620: -34550
1620 - 1621: -33448
1621 - 1622: -36360
1622 - 1623: 2263
1623 - 1624: -36626
1624 - 1625: -32912
1625 - 1626: -35655
1626 - 1627: 17246
1627 - 1628: -36381
1628 - 1629: -29642
1629 - 1630: -40372
1630 - 1631: -37440
1631 - 1632: -34924
1632 - 1633: -27273
1633 - 1634: -34937
1634 - 1635: -35421
1635 - 1636: -34746
1636 - 1637: -25724
1637 - 1638: -36746
1638 - 1639: -27676
1639 - 1640: -27766
1640 - 1641: -31763
1641 - 1642: -16551
1642 - 1643: -34122
1643 - 1644: -25565
1644 - 1645: -35859
1645 - 1646: -19518
1646 - 1647: -37390
1647 - 1648: -34989
1648 - 1649: -35231
1649 - 1650: -14700
1650 - 1651: -21322
1651 - 1652: -33585
1652 - 1653: -30403
1653 - 1654: -37104
1654 - 1655: -38199
1655 - 1656: -34440
1656 - 1657: -25523
1657 - 1658: -12820
1658 - 1659: 6677
1659 - 1660: -32921
1660 - 1661: -36081
1661 - 1662: -31181
1662 - 1663: -33673
1663 - 1664: -32407
1664 - 1665: -28699
1665 - 1666: -37190
1666 - 1667: -36343
1667 - 1668: -34569
1668 - 1669: -31547
1669 - 1670: -28638
1670 - 1671: -31056
1671 - 1672: -29530
1672 - 1673: -30211
1673 - 1674: -36440
1674 - 1675: -27783
1675 - 1676: -33232
1676 - 1677: -28858
1677 - 1678: 9616
1678 - 1679: -36444
1679 - 1680: -33695
1680 - 1681: -37702
1681 - 1682: -33848
1682 - 1683: -31486
1683 - 1684: -33956
1684 - 1685: -34060
1685 - 1686: -35572
1686 - 1687: -29239
1687 - 1688: -32473
1688 - 1689: -35682
1689 - 1690: -26903
1690 - 1691: -37658
1691 - 1692: -28816
1692 - 1693: -37865
1693 - 1694: -36553
1694 - 1695: -26606
1695 - 1696: -26106
1696 - 1697: -19361
1697 - 1698: -33228
1698 - 1699: -31585
1699 - 1700: -36296
1700 - 1701: -32287
1701 - 1702: -36340
1702 - 1703: -36836
1703 - 1704: -10273
1704 - 1705: -30107
1705 - 1706: -39125
1706 - 1707: -19812
1707 - 1708: -28509
1708 - 1709: -34015
1709 - 1710: -34732
1710 - 1711: -29187
1711 - 1712: -34971
1712 - 1713: -35450
1713 - 1714: -36148
1714 - 1715: -18739
1715 - 1716: -33245
1716 - 1717: -26689
1717 - 1718: -27870
1718 - 1719: -30574
1719 - 1720: -36801
1720 - 1721: -36746
1721 - 1722: -23501
1722 - 1723: -35584
1723 - 1724: -35339
1724 - 1725: -38355
1725 - 1726: -36269
1726 - 1727: -37077
1727 - 1728: -29940
1728 - 1729: -35333
1729 - 1730: -21270
1730 - 1731: -34193
1731 - 1732: -34886
1732 - 1733: -33959
1733 - 1734: -33398
1734 - 1735: -30463
1735 - 1736: -29865
1736 - 1737: -25588
1737 - 1738: -29941
1738 - 1739: -37179
1739 - 1740: -31108
1740 - 1741: 14017
1741 - 1742: -30878
1742 - 1743: -25634
1743 - 1744: -32031
1744 - 1745: -15845
1745 - 1746: -28284
1746 - 1747: -37171
1747 - 1748: -29465
1748 - 1749: -25863
1749 - 1750: -25913
1750 - 1751: -26672
1751 - 1752: -34306
1752 - 1753: -29658
1753 - 1754: -30807
1754 - 1755: -30805
1755 - 1756: -32068
1756 - 1757: -38348
1757 - 1758: -36426
1758 - 1759: -39086
1759 - 1760: -33621
1760 - 1761: -24862
1761 - 1762: -36758
1762 - 1763: -36013
1763 - 1764: -36822
1764 - 1765: -35674
1765 - 1766: -37831
1766 - 1767: -29931
1767 - 1768: -35435
1768 - 1769: -31227
1769 - 1770: -35369
1770 - 1771: -24212
1771 - 1772: -33379
1772 - 1773: -15742
1773 - 1774: -34611
1774 - 1775: -35959
1775 - 1776: -34939
1776 - 1777: -38121
1777 - 1778: -33712
1778 - 1779: -22346
1779 - 1780: -32142
1780 - 1781: -35050
1781 - 1782: -36399
1782 - 1783: 12352
1783 - 1784: -36321
1784 - 1785: -35967
1785 - 1786: -32150
1786 - 1787: -12455
1787 - 1788: -38816
1788 - 1789: 23432
1789 - 1790: -39115
1790 - 1791: 9595
1791 - 1792: -29955
1792 - 1793: -23847
1793 - 1794: -27360
1794 - 1795: -26583
1795 - 1796: -26308
1796 - 1797: -38036
1797 - 1798: -36095
1798 - 1799: -36479
1799 - 1800: -35332
1800 - 1801: -28716
1801 - 1802: -38233
1802 - 1803: -36477
1803 - 1804: -38087
1804 - 1805: -35939
1805 - 1806: -30224
1806 - 1807: -35776
1807 - 1808: -24402
1808 - 1809: -32089
1809 - 1810: -25169
1810 - 1811: 2803
1811 - 1812: -36863
1812 - 1813: -37336
1813 - 1814: -38440
1814 - 1815: -29649
1815 - 1816: -36132
1816 - 1817: 11830
1817 - 1818: -36109
1818 - 1819: -33266
1819 - 1820: -33136
1820 - 1821: -33543
1821 - 1822: -38333
1822 - 1823: -36333
1823 - 1824: -39020
1824 - 1825: -37549
1825 - 1826: -29003
1826 - 1827: -34628
1827 - 1828: -35254
1828 - 1829: 5649
1829 - 1830: 16952
1830 - 1831: -20366
1831 - 1832: -36276
1832 - 1833: -35718
1833 - 1834: 18384
1834 - 1835: -28660
1835 - 1836: -30105
1836 - 1837: -30609
1837 - 1838: -33002
1838 - 1839: -31981
1839 - 1840: -32159
1840 - 1841: -34338
1841 - 1842: -34209
1842 - 1843: -33785
1843 - 1844: -35577
1844 - 1845: -42458
1845 - 1846: -33679
1846 - 1847: -31984
1847 - 1848: -26174
1848 - 1849: -34851
1849 - 1850: -36306
1850 - 1851: -30718
1851 - 1852: -29935
1852 - 1853: -36304
1853 - 1854: -33809
1854 - 1855: -35007
1855 - 1856: -36658
1856 - 1857: -33594
1857 - 1858: -36959
1858 - 1859: -28923
1859 - 1860: -18413
1860 - 1861: -23671
1861 - 1862: -37800
1862 - 1863: -21054
1863 - 1864: -28207
1864 - 1865: -32591
1865 - 1866: -28704
1866 - 1867: -33602
1867 - 1868: 15257
1868 - 1869: -37016
1869 - 1870: -39095
1870 - 1871: -34846
1871 - 1872: -31385
1872 - 1873: -34588
1873 - 1874: 8643
1874 - 1875: -36160
1875 - 1876: -35480
1876 - 1877: -31260
1877 - 1878: -39452
1878 - 1879: -32715
1879 - 1880: -39960
1880 - 1881: -27661
1881 - 1882: -34868
1882 - 1883: -30573
1883 - 1884: -1624
1884 - 1885: -33071
1885 - 1886: -39325
1886 - 1887: -38513
1887 - 1888: -7207
1888 - 1889: -32262
1889 - 1890: -30640
1890 - 1891: -35680
1891 - 1892: -34102
1892 - 1893: -9428
1893 - 1894: -22118
1894 - 1895: -31717
1895 - 1896: -32555
1896 - 1897: -37728
1897 - 1898: -30835
1898 - 1899: 7965
1899 - 1900: -26048
1900 - 1901: -23829
1901 - 1902: -35281
1902 - 1903: -36541
1903 - 1904: -29646
1904 - 1905: -32905
1905 - 1906: -31073
1906 - 1907: -37026
1907 - 1908: -36143
1908 - 1909: -31145
1909 - 1910: -27986
1910 - 1911: -39848
1911 - 1912: -39000
1912 - 1913: -36874
1913 - 1914: -32029
1914 - 1915: -35125
1915 - 1916: -37294
1916 - 1917: -33477
1917 - 1918: -22453
1918 - 1919: -27865
1919 - 1920: 9032
1920 - 1921: -29669
1921 - 1922: -34163
1922 - 1923: -30464
1923 - 1924: -26893
1924 - 1925: -25656
1925 - 1926: 25275
1926 - 1927: -33911
1927 - 1928: -23795
1928 - 1929: -27667
1929 - 1930: -35978
1930 - 1931: -23394
1931 - 1932: -34229
1932 - 1933: -35807
1933 - 1934: -35810
1934 - 1935: -37603
1935 - 1936: -40412
1936 - 1937: -27413
1937 - 1938: -28181
1938 - 1939: -32910
1939 - 1940: -34597
1940 - 1941: -29201
1941 - 1942: -36931
1942 - 1943: -37051
1943 - 1944: -33008
1944 - 1945: -34358
1945 - 1946: -34238
1946 - 1947: -36063
1947 - 1948: -36541
1948 - 1949: -28480
1949 - 1950: -36828
1950 - 1951: -29583
1951 - 1952: -30546
1952 - 1953: -27578
1953 - 1954: -35860
1954 - 1955: -30192
1955 - 1956: -24922
1956 - 1957: -34246
1957 - 1958: -33265
1958 - 1959: -29770
1959 - 1960: -21038
1960 - 1961: -34203
1961 - 1962: -33459
1962 - 1963: -30354
1963 - 1964: -34266
1964 - 1965: -35259
1965 - 1966: -26069
1966 - 1967: -32885
1967 - 1968: -35648
1968 - 1969: -36000
1969 - 1970: -35655
1970 - 1971: -37698
1971 - 1972: -38190
1972 - 1973: -34846
1973 - 1974: -35969
1974 - 1975: -36180
1975 - 1976: -3304
1976 - 1977: -38756
1977 - 1978: -19026
1978 - 1979: -34693
1979 - 1980: -36340
1980 - 1981: -31720
1981 - 1982: -20898
1982 - 1983: -38843
1983 - 1984: -42086
1984 - 1985: -15143
1985 - 1986: -35301
1986 - 1987: -36979
1987 - 1988: -15922
1988 - 1989: -38877
1989 - 1990: -26839
1990 - 1991: -21500
1991 - 1992: -38605
1992 - 1993: -38057
1993 - 1994: -35221
1994 - 1995: -30765
1995 - 1996: -27214
1996 - 1997: -35823
1997 - 1998: -26547
1998 - 1999: 12308
1999 - 2000: -33953
2000 - 2001: -34572
2001 - 2002: -36581
2002 - 2003: -32382
2003 - 2004: -26296
2004 - 2005: -17636
2005 - 2006: -18196
2006 - 2007: -18766
2007 - 2008: -37767
2008 - 2009: -35681
2009 - 2010: -24143
2010 - 2011: -36148
2011 - 2012: -37667
2012 - 2013: -33001
2013 - 2014: -28585
2014 - 2015: -20578
2015 - 2016: -34469
2016 - 2017: -30719
2017 - 2018: -36799
2018 - 2019: -26572
2019 - 2020: -21066
2020 - 2021: 3598
2021 - 2022: -32503
2022 - 2023: -34877
2023 - 2024: -32774
2024 - 2025: -25563
2025 - 2026: -20548
2026 - 2027: -39135
2027 - 2028: -30994
2028 - 2029: -26580
2029 - 2030: 29386
2030 - 2031: -26699
2031 - 2032: -23262
2032 - 2033: -34179
2033 - 2034: -35238
2034 - 2035: -35925
2035 - 2036: 5862
2036 - 2037: -20638
2037 - 2038: -20621
2038 - 2039: -24087
2039 - 2040: -36259
2040 - 2041: -26791
2041 - 2042: -20520
2042 - 2043: -36398
2043 - 2044: -26903
2044 - 2045: -37551
2045 - 2046: 32149
2046 - 2047: -35995
2047 - 2048: -34887
2048 - 2049: -37940
2049 - 2050: -27999
2050 - 2051: -32970
2051 - 2052: -30079
2052 - 2053: -24345
2053 - 2054: -36139
2054 - 2055: -34734
2055 - 2056: -37187
2056 - 2057: -39726
2057 - 2058: -38391
2058 - 2059: -33474
2059 - 2060: -19024
2060 - 2061: 25077
2061 - 2062: 16915
2062 - 2063: -36305
2063 - 2064: -34316
2064 - 2065: -28072
2065 - 2066: -35765
2066 - 2067: -30415
2067 - 2068: -39405
2068 - 2069: -38219
2069 - 2070: -38583
2070 - 2071: -23095
2071 - 2072: -35691
2072 - 2073: -34975
2073 - 2074: -34362
2074 - 2075: -39444
2075 - 2076: -30177
2076 - 2077: -36439
2077 - 2078: -36768
2078 - 2079: -34121
2079 - 2080: -38145
2080 - 2081: -14382
2081 - 2082: -35905
2082 - 2083: -38909
2083 - 2084: -35667
2084 - 2085: -36286
2085 - 2086: -34946
2086 - 2087: -35720
2087 - 2088: -37435
2088 - 2089: -36792
2089 - 2090: -29852
2090 - 2091: -38101
2091 - 2092: -16317
2092 - 2093: -31158
2093 - 2094: -35009
2094 - 2095: -38920
2095 - 2096: -36836
2096 - 2097: -37632
2097 - 2098: -34415
2098 - 2099: -38463
2099 - 2100: -35903
2100 - 2101: -34615
2101 - 2102: 10946
2102 - 2103: -34959
2103 - 2104: -36580
2104 - 2105: -38415
2105 - 2106: -32871
2106 - 2107: 32692
2107 - 2108: -38396
2108 - 2109: -35746
2109 - 2110: -37533
2110 - 2111: -4072
2111 - 2112: -37305
2112 - 2113: -29414
2113 - 2114: -39252
2114 - 2115: -36788
2115 - 2116: -37459
2116 - 2117: -37025
2117 - 2118: 7995
2118 - 2119: -27270
2119 - 2120: -37878
2120 - 2121: -40032
2121 - 2122: -37825
2122 - 2123: -34831
2123 - 2124: -34846
2124 - 2125: -38827
2125 - 2126: -36361
2126 - 2127: -32668
2127 - 2128: -34679
2128 - 2129: -35222
2129 - 2130: -33532
2130 - 2131: -37144
2131 - 2132: -30439
2132 - 2133: -34913
2133 - 2134: -35194
2134 - 2135: -26939
2135 - 2136: -28749
2136 - 2137: -36157
2137 - 2138: -33326
2138 - 2139: -28437
2139 - 2140: -29212
2140 - 2141: -31997
2141 - 2142: -30897
2142 - 2143: -2834
2143 - 2144: -36494
2144 - 2145: -25593
2145 - 2146: 13931
2146 - 2147: -37220
2147 - 2148: -35006
2148 - 2149: -32355
2149 - 2150: -27311
2150 - 2151: -29325
2151 - 2152: -36178
2152 - 2153: -28603
2153 - 2154: -28603
2154 - 2155: -30683
2155 - 2156: -33449
2156 - 2157: -34393
2157 - 2158: -36647
2158 - 2159: -35970
2159 - 2160: -23169
2160 - 2161: -21301
2161 - 2162: -24694
2162 - 2163: -33940
2163 - 2164: -37290
2164 - 2165: -19122
2165 - 2166: 16998
2166 - 2167: -2752
2167 - 2168: -26421
2168 - 2169: -25675
2169 - 2170: -37742
2170 - 2171: -31499
2171 - 2172: -8022
2172 - 2173: 10390
2173 - 2174: -35224
2174 - 2175: -29729
2175 - 2176: -34448
2176 - 2177: -32464
2177 - 2178: -35584
2178 - 2179: -27813
2179 - 2180: -31065
2180 - 2181: -29036
2181 - 2182: -41067
2182 - 2183: -39403
2183 - 2184: -34244
2184 - 2185: 18439
2185 - 2186: -31665
2186 - 2187: -31421
2187 - 2188: 18191
2188 - 2189: -34752
2189 - 2190: -37279
2190 - 2191: 4207
2191 - 2192: -35806
2192 - 2193: -35447
2193 - 2194: -35712
2194 - 2195: -36927
2195 - 2196: -39118
2196 - 2197: -25998
2197 - 2198: -35404
2198 - 2199: -29833
2199 - 2200: -30168
2200 - 2201: -28283
2201 - 2202: -21975
2202 - 2203: -34783
2203 - 2204: -33859
2204 - 2205: -37508
2205 - 2206: -36076
2206 - 2207: -27164
2207 - 2208: -35058
2208 - 2209: -19557
2209 - 2210: -38255
2210 - 2211: -35148
2211 - 2212: -36252
2212 - 2213: -36305
2213 - 2214: -35986
2214 - 2215: -27808
2215 - 2216: 4551
2216 - 2217: -37397
2217 - 2218: -36807
2218 - 2219: -32979
2219 - 2220: -36978
2220 - 2221: -34929
2221 - 2222: -34967
2222 - 2223: -36010
2223 - 2224: -28483
2224 - 2225: -31784
2225 - 2226: -27508
2226 - 2227: -32994
2227 - 2228: -31598
2228 - 2229: -27858
2229 - 2230: -35730
2230 - 2231: -33071
2231 - 2232: -36182
2232 - 2233: -29105
2233 - 2234: -31693
2234 - 2235: -25975
2235 - 2236: -33985
2236 - 2237: -30100
2237 - 2238: -34465
2238 - 2239: -36390
2239 - 2240: -37096
2240 - 2241: -30516
2241 - 2242: -30835
2242 - 2243: -34338
2243 - 2244: -31569
2244 - 2245: -36866
2245 - 2246: -36474
2246 - 2247: -32925
2247 - 2248: -33261
2248 - 2249: -35796
2249 - 2250: -35123
2250 - 2251: -28767
2251 - 2252: -36581
2252 - 2253: -35903
2253 - 2254: -34969
2254 - 2255: -36196
2255 - 2256: -22713
2256 - 2257: -35132
2257 - 2258: -31946
2258 - 2259: -36290
2259 - 2260: -39446
2260 - 2261: -32798
2261 - 2262: -41710
2262 - 2263: -35548
2263 - 2264: -30450
2264 - 2265: -23984
2265 - 2266: -31929
2266 - 2267: -37637
2267 - 2268: -37693
2268 - 2269: -39497
2269 - 2270: -40560
2270 - 2271: -38211
2271 - 2272: -24662
2272 - 2273: -32850
2273 - 2274: -19057
2274 - 2275: -34580
2275 - 2276: -36148
2276 - 2277: -37961
2277 - 2278: -34418
2278 - 2279: -36680
2279 - 2280: -31097
2280 - 2281: -27573
2281 - 2282: -31455
2282 - 2283: -36196
2283 - 2284: 15896
2284 - 2285: -39294
2285 - 2286: -19302
2286 - 2287: -36416
2287 - 2288: 6342
2288 - 2289: -7251
2289 - 2290: -28757
2290 - 2291: -37558
2291 - 2292: -24874
2292 - 2293: -37753
2293 - 2294: -33786
2294 - 2295: -16580
2295 - 2296: -35063
2296 - 2297: 28227
2297 - 2298: -37536
2298 - 2299: -26402
2299 - 2300: -33537
2300 - 2301: -39292
2301 - 2302: -7319
2302 - 2303: -35355
2303 - 2304: -27216
2304 - 2305: -30793
2305 - 2306: -22308
2306 - 2307: -37162
2307 - 2308: 26758
2308 - 2309: -33931
2309 - 2310: -33935
2310 - 2311: -29246
2311 - 2312: 3562
2312 - 2313: -29234
2313 - 2314: -10510
2314 - 2315: -38155
2315 - 2316: -36163
2316 - 2317: -7194
2317 - 2318: -34330
2318 - 2319: -29806
2319 - 2320: -34378
2320 - 2321: -34055
2321 - 2322: 2197
2322 - 2323: -25367
2323 - 2324: -36989
2324 - 2325: -36424
2325 - 2326: -28541
2326 - 2327: -20873
2327 - 2328: -31045
2328 - 2329: -35012
2329 - 2330: -37125
2330 - 2331: -25953
2331 - 2332: -36971
2332 - 2333: -28295
2333 - 2334: -37498
2334 - 2335: -34085
2335 - 2336: -38271
2336 - 2337: -38584
2337 - 2338: -31446
2338 - 2339: -35574
2339 - 2340: -35298
2340 - 2341: -35930
2341 - 2342: -35651
2342 - 2343: -16096
2343 - 2344: -19955
2344 - 2345: -30737
2345 - 2346: -31925
2346 - 2347: 12920
2347 - 2348: -20774
2348 - 2349: -33492
2349 - 2350: -36102
2350 - 2351: -24716
2351 - 2352: -38200
2352 - 2353: -38689
2353 - 2354: -36606
2354 - 2355: -37246
2355 - 2356: -38448
2356 - 2357: -37149
2357 - 2358: -33821
2358 - 2359: -25611
2359 - 2360: -36288
2360 - 2361: -37029
2361 - 2362: -31066
2362 - 2363: -29836
2363 - 2364: -37023
2364 - 2365: -26616
2365 - 2366: -38299
2366 - 2367: -33977
2367 - 2368: -41470
2368 - 2369: -29993
2369 - 2370: 14675
2370 - 2371: -20850
2371 - 2372: -36732
2372 - 2373: -34078
2373 - 2374: -24677
2374 - 2375: -29712
2375 - 2376: -33642
2376 - 2377: -37999
2377 - 2378: -31962
2378 - 2379: -35271
2379 - 2380: -36008
2380 - 2381: -34964
2381 - 2382: -22070
2382 - 2383: -29695
2383 - 2384: -21958
2384 - 2385: -36572
2385 - 2386: -27520
2386 - 2387: -30979
2387 - 2388: -34352
2388 - 2389: -27877
2389 - 2390: -21572
2390 - 2391: -26750
2391 - 2392: -35255
2392 - 2393: -35479
2393 - 2394: -17591
2394 - 2395: -32589
2395 - 2396: -33195
2396 - 2397: -25925
2397 - 2398: -34318
2398 - 2399: -21122
2399 - 2400: -34998
2400 - 2401: -36686
2401 - 2402: -26945
2402 - 2403: -36487
2403 - 2404: -32939
2404 - 2405: -33148
2405 - 2406: -29581
2406 - 2407: -20644
2407 - 2408: -32537
2408 - 2409: -29323
2409 - 2410: -32781
2410 - 2411: -36971
2411 - 2412: -28743
2412 - 2413: -24714
2413 - 2414: -28326
2414 - 2415: -36556
2415 - 2416: -34341
2416 - 2417: -23839
2417 - 2418: -31972
2418 - 2419: -36421
2419 - 2420: -29808
2420 - 2421: -36001
2421 - 2422: -35793
2422 - 2423: -28347
2423 - 2424: -36980
2424 - 2425: -30268
2425 - 2426: -39834
2426 - 2427: -35399
2427 - 2428: -12705
2428 - 2429: -29144
2429 - 2430: -30823
2430 - 2431: -26879
2431 - 2432: -31542
2432 - 2433: -35971
2433 - 2434: -31873
2434 - 2435: -29219
2435 - 2436: -32603
2436 - 2437: -36732
2437 - 2438: -30732
2438 - 2439: -30164
2439 - 2440: -35291
2440 - 2441: -26011
2441 - 2442: -32381
2442 - 2443: -33606
2443 - 2444: -35776
2444 - 2445: -35204
2445 - 2446: -36278
2446 - 2447: -22112
2447 - 2448: -35960
2448 - 2449: 33653
2449 - 2450: 11599
2450 - 2451: -36235
2451 - 2452: -18123
2452 - 2453: -33177
2453 - 2454: -31250
2454 - 2455: -36235
2455 - 2456: -34752
2456 - 2457: -34905
2457 - 2458: -36856
2458 - 2459: -21814
2459 - 2460: -35057
2460 - 2461: -39478
2461 - 2462: -32543
2462 - 2463: -32296
2463 - 2464: -32720
2464 - 2465: -25016
2465 - 2466: -36232
2466 - 2467: -33633
2467 - 2468: -36721
2468 - 2469: -37072
2469 - 2470: -37235
2470 - 2471: -35499
2471 - 2472: -34875
2472 - 2473: -23822
2473 - 2474: -36683
2474 - 2475: -36474
2475 - 2476: -33058
2476 - 2477: -35738
2477 - 2478: -35983
2478 - 2479: -35537
2479 - 2480: -33385
2480 - 2481: 3531
2481 - 2482: -36854
2482 - 2483: -35243
2483 - 2484: -35127
2484 - 2485: -32236
2485 - 2486: -18280
2486 - 2487: -35209
2487 - 2488: -34563
2488 - 2489: -18877
2489 - 2490: -36068
2490 - 2491: -35928
2491 - 2492: -30903
2492 - 2493: -36215
2493 - 2494: -36324
2494 - 2495: -17727
2495 - 2496: -32309
2496 - 2497: -35931
2497 - 2498: -35360
2498 - 2499: -34059
2499 - 2500: 0
2500 - 2501: -3058
2501 - 2502: -912
2502 - 2503: -1194
2503 - 2504: 1101
2504 - 2505: 7233
2505 - 2506: 3755
2506 - 2507: 12685
2507 - 2508: 15879
2508 - 2509: 19794
2509 - 2510: 18825
2510 - 2511: 44587
2511 - 2512: 5255
2512 - 2513: 13130
2513 - 2514: 10478
2514 - 2515: 9572
2515 - 2516: -3849
2516 - 2517: -1700
2517 - 2518: -1149
2518 - 2519: -1785
2519 - 2520: -4270
2520 - 2521: 63469
2521 - 2522: 1773
2522 - 2523: -618
2523 - 2524: 5048
2524 - 2525: 9527
2525 - 2526: -531
2526 - 2527: -1450
2527 - 2528: 3096
2528 - 2529: 812
2529 - 2530: -5769
2530 - 2531: 14799
2531 - 2532: -1135
2532 - 2533: 6295
2533 - 2534: -2704
2534 - 2535: -2689
2535 - 2536: 809
2536 - 2537: 32892
2537 - 2538: 3104
2538 - 2539: 1054
2539 - 2540: 3412
2540 - 2541: 5989
2541 - 2542: 9659
2542 - 2543: 326
2543 - 2544: -2733
2544 - 2545: -3799
2545 - 2546: -1676
2546 - 2547: 236
2547 - 2548: 1457
2548 - 2549: 6740
2549 - 2550: -1423
2550 - 2551: 1467
2551 - 2552: -2243
2552 - 2553: 8249
2553 - 2554: 1758
2554 - 2555: 10788
2555 - 2556: 596
2556 - 2557: -2838
2557 - 2558: 10477
2558 - 2559: 2757
2559 - 2560: -256
2560 - 2561: -5476
2561 - 2562: 1788
2562 - 2563: -3508
2563 - 2564: 10482
2564 - 2565: -484
2565 - 2566: 4933
2566 - 2567: -2654
2567 - 2568: 4240
2568 - 2569: 2302
2569 - 2570: 8091
2570 - 2571: -2639
2571 - 2572: -2185
2572 - 2573: -1039
2573 - 2574: 8885
2574 - 2575: -804
2575 - 2576: 658
2576 - 2577: 9196
2577 - 2578: -1889
2578 - 2579: 32930
2579 - 2580: -3493
2580 - 2581: -1800
2581 - 2582: 3677
2582 - 2583: -2821
2583 - 2584: 5754
2584 - 2585: 17307
2585 - 2586: -2017
2586 - 2587: -4984
2587 - 2588: 4253
2588 - 2589: -824
2589 - 2590: -1210
2590 - 2591: 5523
2591 - 2592: 672
2592 - 2593: -3584
2593 - 2594: 38331
2594 - 2595: 9057
2595 - 2596: -889
2596 - 2597: 2578
2597 - 2598: 6201
2598 - 2599: -1683
2599 - 2600: -1988
2600 - 2601: -4200
2601 - 2602: 4528
2602 - 2603: 14370
2603 - 2604: -2366
2604 - 2605: 5947
2605 - 2606: 1120
2606 - 2607: 1404
2607 - 2608: 1894
2608 - 2609: -4904
2609 - 2610: -3726
2610 - 2611: -1257
2611 - 2612: -344
2612 - 2613: -3732
2613 - 2614: 810
2614 - 2615: 1050
2615 - 2616: -3124
2616 - 2617: -1123
2617 - 2618: 6761
2618 - 2619: 14082
2619 - 2620: 6262
2620 - 2621: 6696
2621 - 2622: 40558
2622 - 2623: 612
2623 - 2624: 687
2624 - 2625: -1991
2625 - 2626: -3426
2626 - 2627: -451
2627 - 2628: -1354
2628 - 2629: -783
2629 - 2630: -2057
2630 - 2631: -4327
2631 - 2632: 2380
2632 - 2633: -252
2633 - 2634: 1609
2634 - 2635: 1434
2635 - 2636: 5458
2636 - 2637: -1362
2637 - 2638: -2967
2638 - 2639: 51253
2639 - 2640: 48533
2640 - 2641: 3733
2641 - 2642: 465
2642 - 2643: -2304
2643 - 2644: 1128
2644 - 2645: 3883
2645 - 2646: 37393
2646 - 2647: -6177
2647 - 2648: -1825
2648 - 2649: -2073
2649 - 2650: -2269
2650 - 2651: 981
2651 - 2652: 3513
2652 - 2653: -5275
2653 - 2654: -1176
2654 - 2655: -1846
2655 - 2656: 3868
2656 - 2657: -745
2657 - 2658: 2950
2658 - 2659: -3312
2659 - 2660: 1157
2660 - 2661: 15511
2661 - 2662: 15555
2662 - 2663: -118
2663 - 2664: 7983
2664 - 2665: 14061
2665 - 2666: 13805
2666 - 2667: -276
2667 - 2668: 14701
2668 - 2669: -2007
2669 - 2670: -4697
2670 - 2671: -318
2671 - 2672: -1065
2672 - 2673: -247
2673 - 2674: 1650
2674 - 2675: 1254
2675 - 2676: -933
2676 - 2677: -811
2677 - 2678: -1602
2678 - 2679: -1128
2679 - 2680: -1652
2680 - 2681: 546
2681 - 2682: -525
2682 - 2683: -28
2683 - 2684: -2398
2684 - 2685: -1137
2685 - 2686: 447
2686 - 2687: -195
2687 - 2688: -1524
2688 - 2689: 13460
2689 - 2690: 54884
2690 - 2691: 8958
2691 - 2692: 4663
2692 - 2693: -257
2693 - 2694: 8880
2694 - 2695: -526
2695 - 2696: -1163
2696 - 2697: 1384
2697 - 2698: 470
2698 - 2699: 5373
2699 - 2700: -1474
2700 - 2701: 1278
2701 - 2702: 1042
2702 - 2703: 4749
2703 - 2704: -2281
2704 - 2705: -368
2705 - 2706: 9631
2706 - 2707: 2556
2707 - 2708: 10360
2708 - 2709: 1638
2709 - 2710: -463
2710 - 2711: 7531
2711 - 2712: -1287
2712 - 2713: -2026
2713 - 2714: -3119
2714 - 2715: -2150
2715 - 2716: 1257
2716 - 2717: -3428
2717 - 2718: -350
2718 - 2719: -1984
2719 - 2720: 47
2720 - 2721: -1478
2721 - 2722: 312
2722 - 2723: 22279
2723 - 2724: 64133
2724 - 2725: 28020
2725 - 2726: 427
2726 - 2727: 3374
2727 - 2728: -4476
2728 - 2729: -1974
2729 - 2730: 47355
2730 - 2731: 14329
2731 - 2732: 847
2732 - 2733: 1391
2733 - 2734: 1242
2734 - 2735: -1768
2735 - 2736: -589
2736 - 2737: -1407
2737 - 2738: -249
2738 - 2739: -5247
2739 - 2740: 2756
2740 - 2741: -1311
2741 - 2742: 3460
2742 - 2743: 1665
2743 - 2744: -111
2744 - 2745: -71
2745 - 2746: -1459
2746 - 2747: 12805
2747 - 2748: 3751
2748 - 2749: -1983
2749 - 2750: 2692
2750 - 2751: -582
2751 - 2752: 9692
2752 - 2753: -1784
2753 - 2754: 4355
2754 - 2755: 3029
2755 - 2756: 3291
2756 - 2757: -698
2757 - 2758: 2574
2758 - 2759: -2046
2759 - 2760: -2298
2760 - 2761: -338
2761 - 2762: -723
2762 - 2763: 1253
2763 - 2764: 2087
2764 - 2765: 15322
2765 - 2766: 82332
2766 - 2767: 4259
2767 - 2768: -2191
2768 - 2769: -4147
2769 - 2770: -932
2770 - 2771: 8482
2771 - 2772: 19640
2772 - 2773: 931
2773 - 2774: 697
2774 - 2775: 2254
2775 - 2776: 6080
2776 - 2777: -2263
2777 - 2778: 12843
2778 - 2779: 6422
2779 - 2780: 813
2780 - 2781: -637
2781 - 2782: -4060
2782 - 2783: -1876
2783 - 2784: -1691
2784 - 2785: 4880
2785 - 2786: -1497
2786 - 2787: 2921
2787 - 2788: 225
2788 - 2789: 18111
2789 - 2790: 8182
2790 - 2791: 1267
2791 - 2792: 7898
2792 - 2793: -2110
2793 - 2794: 10143
2794 - 2795: 14136
2795 - 2796: -2715
2796 - 2797: 1466
2797 - 2798: 12513
2798 - 2799: -4175
2799 - 2800: -4119
2800 - 2801: -1426
2801 - 2802: -3056
2802 - 2803: -1148
2803 - 2804: -1123
2804 - 2805: 26316
2805 - 2806: -1941
2806 - 2807: -1755
2807 - 2808: 5949
2808 - 2809: 43927
2809 - 2810: 38
2810 - 2811: 4999
2811 - 2812: 10458
2812 - 2813: -301
2813 - 2814: -1956
2814 - 2815: -745
2815 - 2816: -256
2816 - 2817: -1576
2817 - 2818: 501
2818 - 2819: -1455
2819 - 2820: -1437
2820 - 2821: -2341
2821 - 2822: -4043
2822 - 2823: -2821
2823 - 2824: 1015
2824 - 2825: -579
2825 - 2826: 2097
2826 - 2827: 1091
2827 - 2828: 1731
2828 - 2829: 4182
2829 - 2830: 1040
2830 - 2831: 1087
2831 - 2832: 3649
2832 - 2833: -669
2833 - 2834: 1793
2834 - 2835: -2168
2835 - 2836: -987
2836 - 2837: -2462
2837 - 2838: -483
2838 - 2839: 40516
2839 - 2840: -971
2840 - 2841: -1903
2841 - 2842: -3625
2842 - 2843: 11239
2843 - 2844: -183
2844 - 2845: -3011
2845 - 2846: -1277
2846 - 2847: 8468
2847 - 2848: -892
2848 - 2849: 930
2849 - 2850: 3138
2850 - 2851: 3445
2851 - 2852: 53847
2852 - 2853: -1532
2853 - 2854: -2130
2854 - 2855: 1503
2855 - 2856: 529
2856 - 2857: -1675
2857 - 2858: -6471
2858 - 2859: 10385
2859 - 2860: 770
2860 - 2861: -2731
2861 - 2862: -2752
2862 - 2863: -3559
2863 - 2864: 5792
2864 - 2865: 2622
2865 - 2866: -3026
2866 - 2867: -1509
2867 - 2868: -1953
2868 - 2869: -1504
2869 - 2870: -1927
2870 - 2871: -230
2871 - 2872: 2394
2872 - 2873: -1887
2873 - 2874: -389
2874 - 2875: -3024
2875 - 2876: 24637
2876 - 2877: 4176
2877 - 2878: -853
2878 - 2879: -989
2879 - 2880: 734
2880 - 2881: -4347
2881 - 2882: -2468
2882 - 2883: 15467
2883 - 2884: 13717
2884 - 2885: -694
2885 - 2886: -1940
2886 - 2887: 262
2887 - 2888: 53642
2888 - 2889: -3873
2889 - 2890: 9848
2890 - 2891: -750
2891 - 2892: 5798
2892 - 2893: 15773
2893 - 2894: 14508
2894 - 2895: 15385
2895 - 2896: 59
2896 - 2897: -3805
2897 - 2898: -4298
2898 - 2899: 3046
2899 - 2900: 559
2900 - 2901: -1458
2901 - 2902: 4745
2902 - 2903: 244
2903 - 2904: 4359
2904 - 2905: 84
2905 - 2906: 3057
2906 - 2907: -5514
2907 - 2908: 3523
2908 - 2909: 1119
2909 - 2910: 364
2910 - 2911: 30
2911 - 2912: 7549
2912 - 2913: 64
2913 - 2914: 559
2914 - 2915: 7442
2915 - 2916: -72
2916 - 2917: 2726
2917 - 2918: 13888
2918 - 2919: 6602
2919 - 2920: 61234
2920 - 2921: 13638
2921 - 2922: -3477
2922 - 2923: -1025
2923 - 2924: -1543
2924 - 2925: -5215
2925 - 2926: -2518
2926 - 2927: -5243
2927 - 2928: 1606
2928 - 2929: 16479
2929 - 2930: 9347
2930 - 2931: -1003
2931 - 2932: 4640
2932 - 2933: 1082
2933 - 2934: -83
2934 - 2935: -4219
2935 - 2936: -1914
2936 - 2937: -152
2937 - 2938: 7920
2938 - 2939: 8294
2939 - 2940: 1407
2940 - 2941: 50
2941 - 2942: 6103
2942 - 2943: -380
2943 - 2944: 2640
2944 - 2945: 2055
2945 - 2946: 8636
2946 - 2947: -1115
2947 - 2948: -2642
2948 - 2949: 5486
2949 - 2950: -708
2950 - 2951: 3329
2951 - 2952: 13969
2952 - 2953: 137
2953 - 2954: -2803
2954 - 2955: 14021
2955 - 2956: 16065
2956 - 2957: 7667
2957 - 2958: -2204
2958 - 2959: -4010
2959 - 2960: -4889
2960 - 2961: -588
2961 - 2962: 5744
2962 - 2963: -342
2963 - 2964: 1405
2964 - 2965: 4209
2965 - 2966: -1994
2966 - 2967: -4174
2967 - 2968: 6849
2968 - 2969: 703
2969 - 2970: -3059
2970 - 2971: 9682
2971 - 2972: -1064
2972 - 2973: -722
2973 - 2974: 49685
2974 - 2975: -4092
2975 - 2976: -1359
2976 - 2977: -2962
2977 - 2978: 13187
2978 - 2979: -1049
2979 - 2980: -518
2980 - 2981: 6869
2981 - 2982: -1835
2982 - 2983: 9389
2983 - 2984: 6861
2984 - 2985: 5694
2985 - 2986: 7297
2986 - 2987: -4439
2987 - 2988: -2154
2988 - 2989: 9551
2989 - 2990: -1552
2990 - 2991: 331
2991 - 2992: -2472
2992 - 2993: 3595
2993 - 2994: 9217
2994 - 2995: 445
2995 - 2996: -92
2996 - 2997: -1357
2997 - 2998: 28757
2998 - 2999: 31099
2999 - 3000: -917
3000 - 3001: -4654
3001 - 3002: 1624
3002 - 3003: -1871
3003 - 3004: 268
3004 - 3005: -1625
3005 - 3006: -802
3006 - 3007: 976
3007 - 3008: 992
3008 - 3009: -3310
3009 - 3010: -2280
3010 - 3011: 3724
3011 - 3012: 2428
3012 - 3013: 7122
3013 - 3014: -1782
3014 - 3015: 50889
3015 - 3016: 15062
3016 - 3017: -447
3017 - 3018: 26213
3018 - 3019: 28101
3019 - 3020: 19724
3020 - 3021: 957
3021 - 3022: 2468
3022 - 3023: 1285
3023 - 3024: 6234
3024 - 3025: 11409
3025 - 3026: -1531
3026 - 3027: 3662
3027 - 3028: -2058
3028 - 3029: 6991
3029 - 3030: -2630
3030 - 3031: 2578
3031 - 3032: 67308
3032 - 3033: 3825
3033 - 3034: 3804
3034 - 3035: -2911
3035 - 3036: 427
3036 - 3037: 776
3037 - 3038: -276
3038 - 3039: 326
3039 - 3040: 1561
3040 - 3041: 12455
3041 - 3042: 10963
3042 - 3043: -1210
3043 - 3044: -1491
3044 - 3045: -2183
3045 - 3046: -4129
3046 - 3047: 121
3047 - 3048: 5611
3048 - 3049: -734
3049 - 3050: -1611
3050 - 3051: 14560
3051 - 3052: -2324
3052 - 3053: 2838
3053 - 3054: 5368
3054 - 3055: 4388
3055 - 3056: -6504
3056 - 3057: 9360
3057 - 3058: -1229
3058 - 3059: -1234
3059 - 3060: 31640
3060 - 3061: 2757
3061 - 3062: 933
3062 - 3063: 529
3063 - 3064: -5022
3064 - 3065: 6071
3065 - 3066: 66800
3066 - 3067: 997
3067 - 3068: -379
3068 - 3069: -1768
3069 - 3070: -3702
3070 - 3071: -1196
3071 - 3072: -2625
3072 - 3073: 62166
3073 - 3074: 10713
3074 - 3075: 5253
3075 - 3076: -1894
3076 - 3077: 2714
3077 - 3078: -3044
3078 - 3079: 52368
3079 - 3080: -2666
3080 - 3081: -3356
3081 - 3082: 1203
3082 - 3083: 4592
3083 - 3084: 63688
3084 - 3085: 61908
3085 - 3086: 862
3086 - 3087: 627
3087 - 3088: -2189
3088 - 3089: 5809
3089 - 3090: 19172
3090 - 3091: 4262
3091 - 3092: 46119
3092 - 3093: 24762
3093 - 3094: -2651
3094 - 3095: 2564
3095 - 3096: 51112
3096 - 3097: 13621
3097 - 3098: -1519
3098 - 3099: 46667
3099 - 3100: 28484
3100 - 3101: -2409
3101 - 3102: 139
3102 - 3103: 4198
3103 - 3104: -6044
3104 - 3105: -3298
3105 - 3106: -3312
3106 - 3107: 17476
3107 - 3108: 10465
3108 - 3109: 6431
3109 - 3110: 9181
3110 - 3111: -1033
3111 - 3112: -3654
3112 - 3113: 13536
3113 - 3114: -1613
3114 - 3115: 40155
3115 - 3116: 6987
3116 - 3117: 6828
3117 - 3118: -4507
3118 - 3119: 7591
3119 - 3120: -902
3120 - 3121: 8108
3121 - 3122: -3285
3122 - 3123: -3490
3123 - 3124: -1798
3124 - 3125: -616
3125 - 3126: 4719
3126 - 3127: 37156
3127 - 3128: 5709
3128 - 3129: 989
3129 - 3130: 765
3130 - 3131: 875
3131 - 3132: -1885
3132 - 3133: -3044
3133 - 3134: 10492
3134 - 3135: -2673
3135 - 3136: 20
3136 - 3137: -4781
3137 - 3138: 411
3138 - 3139: 865
3139 - 3140: 398
3140 - 3141: -1255
3141 - 3142: 4728
3142 - 3143: 3958
3143 - 3144: -1511
3144 - 3145: 687
3145 - 3146: -1674
3146 - 3147: -1586
3147 - 3148: -814
3148 - 3149: 2794
3149 - 3150: 11805
3150 - 3151: 13503
3151 - 3152: 16077
3152 - 3153: -5215
3153 - 3154: 322
3154 - 3155: -2083
3155 - 3156: 594
3156 - 3157: 25939
3157 - 3158: -2668
3158 - 3159: -1367
3159 - 3160: 10731
3160 - 3161: -4739
3161 - 3162: -3972
3162 - 3163: -2715
3163 - 3164: -3562
3164 - 3165: 307
3165 - 3166: -3853
3166 - 3167: -4635
3167 - 3168: 18841
3168 - 3169: 969
3169 - 3170: 562
3170 - 3171: 18904
3171 - 3172: 44173
3172 - 3173: -2214
3173 - 3174: -4105
3174 - 3175: -4818
3175 - 3176: -1393
3176 - 3177: 444
3177 - 3178: -1359
3178 - 3179: -3266
3179 - 3180: -284
3180 - 3181: -1263
3181 - 3182: -1684
3182 - 3183: 10014
3183 - 3184: 3466
3184 - 3185: -2547
3185 - 3186: -4202
3186 - 3187: 12787
3187 - 3188: 7841
3188 - 3189: 59307
3189 - 3190: 2556
3190 - 3191: -1451
3191 - 3192: 11662
3192 - 3193: 1885
3193 - 3194: -1623
3194 - 3195: 9192
3195 - 3196: 2043
3196 - 3197: 11127
3197 - 3198: 107
3198 - 3199: 354
3199 - 3200: -2150
3200 - 3201: -2887
3201 - 3202: -1539
3202 - 3203: 3536
3203 - 3204: 13305
3204 - 3205: -3265
3205 - 3206: -2526
3206 - 3207: -4524
3207 - 3208: 13524
3208 - 3209: 1157
3209 - 3210: 11137
3210 - 3211: -374
3211 - 3212: -3260
3212 - 3213: -5177
3213 - 3214: -4569
3214 - 3215: -1603
3215 - 3216: -5639
3216 - 3217: 8497
3217 - 3218: -3265
3218 - 3219: -1900
3219 - 3220: -1507
3220 - 3221: -356
3221 - 3222: -1294
3222 - 3223: 7289
3223 - 3224: 1249
3224 - 3225: 2999
3225 - 3226: -1356
3226 - 3227: 3459
3227 - 3228: 9844
3228 - 3229: -4210
3229 - 3230: 9037
3230 - 3231: 4426
3231 - 3232: 10
3232 - 3233: 12022
3233 - 3234: 14597
3234 - 3235: -10
3235 - 3236: -2629
3236 - 3237: -4425
3237 - 3238: 12874
3238 - 3239: 4105
3239 - 3240: -2792
3240 - 3241: 3367
3241 - 3242: 17159
3242 - 3243: -3386
3243 - 3244: -2620
3244 - 3245: 2534
3245 - 3246: -3364
3246 - 3247: 847
3247 - 3248: -1254
3248 - 3249: -3341
3249 - 3250: 3713
3250 - 3251: -1558
3251 - 3252: 3535
3252 - 3253: -1195
3253 - 3254: 1575
3254 - 3255: -2031
3255 - 3256: -3022
3256 - 3257: -2463
3257 - 3258: -1258
3258 - 3259: 1109
3259 - 3260: -4428
3260 - 3261: 46
3261 - 3262: -1972
3262 - 3263: 1219
3263 - 3264: -3203
3264 - 3265: -3816
3265 - 3266: 12659
3266 - 3267: 29730
3267 - 3268: 2767
3268 - 3269: -1336
3269 - 3270: -1112
3270 - 3271: 5141
3271 - 3272: 3721
3272 - 3273: 4370
3273 - 3274: -4568
3274 - 3275: 13580
3275 - 3276: 3049
3276 - 3277: -719
3277 - 3278: -1199
3278 - 3279: -4697
3279 - 3280: -3778
3280 - 3281: 1106
3281 - 3282: 9923
3282 - 3283: 23822
3283 - 3284: -132
3284 - 3285: -1766
3285 - 3286: 4779
3286 - 3287: -2696
3287 - 3288: -56
3288 - 3289: -3086
3289 - 3290: 1253
3290 - 3291: -481
3291 - 3292: 2265
3292 - 3293: 3764
3293 - 3294: 1536
3294 - 3295: -3706
3295 - 3296: 3389
3296 - 3297: -4335
3297 - 3298: -3721
3298 - 3299: -121
3299 - 3300: 27634
3300 - 3301: -4450
3301 - 3302: -1
3302 - 3303: -3608
3303 - 3304: 37427
3304 - 3305: -3843
3305 - 3306: -2368
3306 - 3307: -1159
3307 - 3308: 15470
3308 - 3309: 803
3309 - 3310: 7751
3310 - 3311: -3604
3311 - 3312: 9985
3312 - 3313: -808
3313 - 3314: -1833
3314 - 3315: -2246
3315 - 3316: -1301
3316 - 3317: 69081
3317 - 3318: -2157
3318 - 3319: -2976
3319 - 3320: -3833
3320 - 3321: -929
3321 - 3322: 2078
3322 - 3323: 9898
3323 - 3324: -185
3324 - 3325: 3365
3325 - 3326: 907
3326 - 3327: -2126
3327 - 3328: -4080
3328 - 3329: 11518
3329 - 3330: 1389
3330 - 3331: -2470
3331 - 3332: -3534
3332 - 3333: 8119
3333 - 3334: -2035
3334 - 3335: 82
3335 - 3336: -948
3336 - 3337: -2181
3337 - 3338: 8857
3338 - 3339: -676
3339 - 3340: 3106
3340 - 3341: -640
3341 - 3342: -2220
3342 - 3343: 3299
3343 - 3344: 998
3344 - 3345: 13136
3345 - 3346: -1597
3346 - 3347: 6886
3347 - 3348: -5796
3348 - 3349: -154
3349 - 3350: -168
3350 - 3351: 4874
3351 - 3352: 38098
3352 - 3353: -1056
3353 - 3354: -1556
3354 - 3355: 63312
3355 - 3356: 6756
3356 - 3357: 27593
3357 - 3358: 27906
3358 - 3359: 3513
3359 - 3360: -1476
3360 - 3361: -812
3361 - 3362: -4225
3362 - 3363: -3075
3363 - 3364: -1690
3364 - 3365: -3885
3365 - 3366: -3302
3366 - 3367: 2870
3367 - 3368: 1582
3368 - 3369: 10144
3369 - 3370: 5720
3370 - 3371: 9885
3371 - 3372: -910
3372 - 3373: 5584
3373 - 3374: 1892
3374 - 3375: 54808
3375 - 3376: 25977
3376 - 3377: 1395
3377 - 3378: 3684
3378 - 3379: 9699
3379 - 3380: -2899
3380 - 3381: -11
3381 - 3382: -4082
3382 - 3383: -2383
3383 - 3384: -1329
3384 - 3385: 46
3385 - 3386: 702
3386 - 3387: -5209
3387 - 3388: 525
3388 - 3389: -2686
3389 - 3390: -254
3390 - 3391: 7604
3391 - 3392: -301
3392 - 3393: 827
3393 - 3394: 30793
3394 - 3395: 361
3395 - 3396: 6302
3396 - 3397: -2529
3397 - 3398: -3288
3398 - 3399: 18702
3399 - 3400: 11010
3400 - 3401: -2195
3401 - 3402: -4290
3402 - 3403: -1591
3403 - 3404: -1894
3404 - 3405: -4640
3405 - 3406: -3083
3406 - 3407: 32824
3407 - 3408: 8066
3408 - 3409: 47180
3409 - 3410: -421
3410 - 3411: 26243
3411 - 3412: 12157
3412 - 3413: 1056
3413 - 3414: 30501
3414 - 3415: -1193
3415 - 3416: -1880
3416 - 3417: 60385
3417 - 3418: 583
3418 - 3419: 1234
3419 - 3420: -732
3420 - 3421: -1264
3421 - 3422: 2806
3422 - 3423: -127
3423 - 3424: 399
3424 - 3425: 13351
3425 - 3426: 4675
3426 - 3427: -492
3427 - 3428: 746
3428 - 3429: 61663
3429 - 3430: 1344
3430 - 3431: 2821
3431 - 3432: 554
3432 - 3433: 1589
3433 - 3434: 2172
3434 - 3435: -2622
3435 - 3436: 170
3436 - 3437: 12789
3437 - 3438: 13504
3438 - 3439: 1414
3439 - 3440: -2233
3440 - 3441: -1118
3441 - 3442: -2508
3442 - 3443: -387
3443 - 3444: 6085
3444 - 3445: 30032
3445 - 3446: 1920
3446 - 3447: 71
3447 - 3448: 3610
3448 - 3449: -2489
3449 - 3450: 3155
3450 - 3451: 63907
3451 - 3452: 27797
3452 - 3453: -1135
3453 - 3454: 1892
3454 - 3455: -1149
3455 - 3456: -5992
3456 - 3457: -800
3457 - 3458: 4932
3458 - 3459: -3353
3459 - 3460: -695
3460 - 3461: -3890
3461 - 3462: -235
3462 - 3463: -4825
3463 - 3464: -2124
3464 - 3465: 2671
3465 - 3466: 9373
3466 - 3467: 1165
3467 - 3468: 30625
3468 - 3469: -1845
3469 - 3470: 8118
3470 - 3471: -3281
3471 - 3472: 7623
3472 - 3473: 521
3473 - 3474: 197
3474 - 3475: -2502
3475 - 3476: 7538
3476 - 3477: -2314
3477 - 3478: 1841
3478 - 3479: -2169
3479 - 3480: -1838
3480 - 3481: 11289
3481 - 3482: 5543
3482 - 3483: 18047
3483 - 3484: 8404
3484 - 3485: 9958
3485 - 3486: 8320
3486 - 3487: -403
3487 - 3488: -376
3488 - 3489: -2996
3489 - 3490: -668
3490 - 3491: 11628
3491 - 3492: -2039
3492 - 3493: 49523
3493 - 3494: 14241
3494 - 3495: 56881
3495 - 3496: 3839
3496 - 3497: 622
3497 - 3498: 3056
3498 - 3499: 4666
3499 - 3500: 2400
3500 - 3501: -853
3501 - 3502: 70040
3502 - 3503: 16457
3503 - 3504: 12838
3504 - 3505: 4822
3505 - 3506: 15335
3506 - 3507: 44322
3507 - 3508: 2220
3508 - 3509: 7602
3509 - 3510: 7539
3510 - 3511: 2892
3511 - 3512: 914
3512 - 3513: 12879
3513 - 3514: 11849
3514 - 3515: -1421
3515 - 3516: 27737
3516 - 3517: 70007
3517 - 3518: 10548
3518 - 3519: -28
3519 - 3520: 61188
3520 - 3521: 19314
3521 - 3522: 3800
3522 - 3523: -882
3523 - 3524: -1408
3524 - 3525: -1784
3525 - 3526: -2900
3526 - 3527: 52967
3527 - 3528: -1736
3528 - 3529: 85
3529 - 3530: -1305
3530 - 3531: 1449
3531 - 3532: -1158
3532 - 3533: 766
3533 - 3534: 16748
3534 - 3535: 3123
3535 - 3536: 432
3536 - 3537: 5944
3537 - 3538: 1829
3538 - 3539: 837
3539 - 3540: -424
3540 - 3541: 4824
3541 - 3542: 34886
3542 - 3543: 2786
3543 - 3544: 52359
3544 - 3545: -2694
3545 - 3546: 7766
3546 - 3547: 5205
3547 - 3548: 4753
3548 - 3549: 1793
3549 - 3550: -1440
3550 - 3551: 136
3551 - 3552: 47242
3552 - 3553: -2114
3553 - 3554: 20
3554 - 3555: -903
3555 - 3556: 8698
3556 - 3557: 7109
3557 - 3558: 5925
3558 - 3559: 585
3559 - 3560: -366
3560 - 3561: -3368
3561 - 3562: 829
3562 - 3563: 3203
3563 - 3564: 725
3564 - 3565: 366
3565 - 3566: -1436
3566 - 3567: 7131
3567 - 3568: -174
3568 - 3569: 446
3569 - 3570: -3500
3570 - 3571: 1118
3571 - 3572: 387
3572 - 3573: -328
3573 - 3574: -7699
3574 - 3575: -201
3575 - 3576: 69176
3576 - 3577: 5820
3577 - 3578: 4606
3578 - 3579: -1822
3579 - 3580: -3585
3580 - 3581: -2401
3581 - 3582: -3327
3582 - 3583: 50070
3583 - 3584: -1200
3584 - 3585: -1299
3585 - 3586: -1055
3586 - 3587: -840
3587 - 3588: -2988
3588 - 3589: 210
3589 - 3590: 414
3590 - 3591: -2587
3591 - 3592: -2723
3592 - 3593: -4168
3593 - 3594: 8833
3594 - 3595: 26034
3595 - 3596: 14846
3596 - 3597: 3900
3597 - 3598: 67824
3598 - 3599: 6348
3599 - 3600: 2798
3600 - 3601: -428
3601 - 3602: 68015
3602 - 3603: 16205
3603 - 3604: -70
3604 - 3605: -3027
3605 - 3606: 166
3606 - 3607: -2171
3607 - 3608: 9940
3608 - 3609: -1161
3609 - 3610: -1928
3610 - 3611: 14407
3611 - 3612: 70839
3612 - 3613: -823
3613 - 3614: -2353
3614 - 3615: -1144
3615 - 3616: -2876
3616 - 3617: -3436
3617 - 3618: -2849
3618 - 3619: -2499
3619 - 3620: 4140
3620 - 3621: -664
3621 - 3622: -3049
3622 - 3623: 6034
3623 - 3624: 12111
3624 - 3625: 211
3625 - 3626: -1828
3626 - 3627: 51618
3627 - 3628: -4438
3628 - 3629: 18675
3629 - 3630: -1561
3630 - 3631: -2608
3631 - 3632: -3829
3632 - 3633: -4424
3633 - 3634: -4380
3634 - 3635: 8506
3635 - 3636: 8687
3636 - 3637: 28654
3637 - 3638: -4478
3638 - 3639: -959
3639 - 3640: -2387
3640 - 3641: 14255
3641 - 3642: -2871
3642 - 3643: -5598
3643 - 3644: -3414
3644 - 3645: 2407
3645 - 3646: -2446
3646 - 3647: -3230
3647 - 3648: -2830
3648 - 3649: -840
3649 - 3650: 9660
3650 - 3651: -3815
3651 - 3652: -2820
3652 - 3653: -2844
3653 - 3654: -4501
3654 - 3655: -1744
3655 - 3656: 2150
3656 - 3657: -1840
3657 - 3658: -420
3658 - 3659: -1807
3659 - 3660: 664
3660 - 3661: -1520
3661 - 3662: 18896
3662 - 3663: 6448
3663 - 3664: 8203
3664 - 3665: -1996
3665 - 3666: 129
3666 - 3667: 27821
3667 - 3668: 29325
3668 - 3669: -621
3669 - 3670: -4608
3670 - 3671: -3061
3671 - 3672: 15005
3672 - 3673: -3146
3673 - 3674: 333
3674 - 3675: -1232
3675 - 3676: -1370
3676 - 3677: -1866
3677 - 3678: -2280
3678 - 3679: 8794
3679 - 3680: -4734
3680 - 3681: -4722
3681 - 3682: 4513
3682 - 3683: -4367
3683 - 3684: -2772
3684 - 3685: -3570
3685 - 3686: 1729
3686 - 3687: 1196
3687 - 3688: 6652
3688 - 3689: -1056
3689 - 3690: -2960
3690 - 3691: -2455
3691 - 3692: -1124
3692 - 3693: -1882
3693 - 3694: -93
3694 - 3695: 8726
3695 - 3696: 67506
3696 - 3697: -288
3697 - 3698: -1553
3698 - 3699: -1186
3699 - 3700: -1642
3700 - 3701: -661
3701 - 3702: 4971
3702 - 3703: 5338
3703 - 3704: -6999
3704 - 3705: 3154
3705 - 3706: -1683
3706 - 3707: 4436
3707 - 3708: 3303
3708 - 3709: 811
3709 - 3710: 14013
3710 - 3711: 15029
3711 - 3712: -4029
3712 - 3713: 8215
3713 - 3714: -2115
3714 - 3715: 800
3715 - 3716: 4624
3716 - 3717: -2101
3717 - 3718: 12965
3718 - 3719: 1685
3719 - 3720: -2821
3720 - 3721: -506
3721 - 3722: -1154
3722 - 3723: -1381
3723 - 3724: 41709
3724 - 3725: -904
3725 - 3726: -636
3726 - 3727: 11341
3727 - 3728: 4709
3728 - 3729: 10557
3729 - 3730: 3405
3730 - 3731: -966
3731 - 3732: -1362
3732 - 3733: 19886
3733 - 3734: 53009
3734 - 3735: -2767
3735 - 3736: 13001
3736 - 3737: 18503
3737 - 3738: 1751
3738 - 3739: 16
3739 - 3740: -3362
3740 - 3741: -4295
3741 - 3742: -998
3742 - 3743: 416
3743 - 3744: -2418
3744 - 3745: -1140
3745 - 3746: 2071
3746 - 3747: 48599
3747 - 3748: 12570
3748 - 3749: 7300
3749 - 3750: -1535
3750 - 3751: -113
3751 - 3752: 11581
3752 - 3753: -1317
3753 - 3754: -2044
3754 - 3755: -1786
3755 - 3756: -1885
3756 - 3757: -1540
3757 - 3758: -4374
3758 - 3759: 7552
3759 - 3760: -2561
3760 - 3761: 3574
3761 - 3762: -118
3762 - 3763: -3210
3763 - 3764: -1539
3764 - 3765: -654
3765 - 3766: 17516
3766 - 3767: -3124
3767 - 3768: -2979
3768 - 3769: -5152
3769 - 3770: 12147
3770 - 3771: 39833
3771 - 3772: -4712
3772 - 3773: -3291
3773 - 3774: 65505
3774 - 3775: -957
3775 - 3776: -884
3776 - 3777: -352
3777 - 3778: 3445
3778 - 3779: -2203
3779 - 3780: 39348
3780 - 3781: 12069
3781 - 3782: 10434
3782 - 3783: -1227
3783 - 3784: 4673
3784 - 3785: 43617
3785 - 3786: 59
3786 - 3787: -902
3787 - 3788: 16833
3788 - 3789: 19216
3789 - 3790: 682
3790 - 3791: -3479
3791 - 3792: -1281
3792 - 3793: -4380
3793 - 3794: 3825
3794 - 3795: 14953
3795 - 3796: 17892
3796 - 3797: -683
3797 - 3798: -1861
3798 - 3799: 1222
3799 - 3800: 952
3800 - 3801: -2588
3801 - 3802: 454
3802 - 3803: -676
3803 - 3804: 8860
3804 - 3805: 12421
3805 - 3806: 15608
3806 - 3807: -1489
3807 - 3808: 13065
3808 - 3809: 22164
3809 - 3810: 1861
3810 - 3811: 469
3811 - 3812: 8738
3812 - 3813: -3786
3813 - 3814: -2193
3814 - 3815: -2460
3815 - 3816: 4175
3816 - 3817: 17752
3817 - 3818: -613
3818 - 3819: 6759
3819 - 3820: -2042
3820 - 3821: 12724
3821 - 3822: 12497
3822 - 3823: -1265
3823 - 3824: 845
3824 - 3825: 13718
3825 - 3826: 10497
3826 - 3827: 216
3827 - 3828: -225
3828 - 3829: 4180
3829 - 3830: 13758
3830 - 3831: 2319
3831 - 3832: 13944
3832 - 3833: -4328
3833 - 3834: 12947
3834 - 3835: 63781
3835 - 3836: 5225
3836 - 3837: 21849
3837 - 3838: -2089
3838 - 3839: -3696
3839 - 3840: -3191
3840 - 3841: 6435
3841 - 3842: -711
3842 - 3843: -2632
3843 - 3844: 6355
3844 - 3845: 509
3845 - 3846: 11340
3846 - 3847: -406
3847 - 3848: 3888
3848 - 3849: -2718
3849 - 3850: 2224
3850 - 3851: -1883
3851 - 3852: 68708
3852 - 3853: 8363
3853 - 3854: 2507
3854 - 3855: 8703
3855 - 3856: 15885
3856 - 3857: -224
3857 - 3858: 620
3858 - 3859: -1108
3859 - 3860: 58472
3860 - 3861: -3527
3861 - 3862: 644
3862 - 3863: -2660
3863 - 3864: 83
3864 - 3865: 56789
3865 - 3866: -3379
3866 - 3867: -1491
3867 - 3868: 1817
3868 - 3869: -222
3869 - 3870: -1319
3870 - 3871: -525
3871 - 3872: 4350
3872 - 3873: 13349
3873 - 3874: 15636
3874 - 3875: -7353
3875 - 3876: 11226
3876 - 3877: -30
3877 - 3878: 7930
3878 - 3879: 48574
3879 - 3880: 67337
3880 - 3881: -1353
3881 - 3882: 966
3882 - 3883: -3236
3883 - 3884: 13170
3884 - 3885: 68101
3885 - 3886: -3315
3886 - 3887: -2223
3887 - 3888: 63
3888 - 3889: 51056
3889 - 3890: 24905
3890 - 3891: -1655
3891 - 3892: -1164
3892 - 3893: -253
3893 - 3894: 2794
3894 - 3895: 5106
3895 - 3896: 2344
3896 - 3897: -1737
3897 - 3898: 811
3898 - 3899: -3507
3899 - 3900: 20635
3900 - 3901: 133
3901 - 3902: 3825
3902 - 3903: 35094
3903 - 3904: 2917
3904 - 3905: -3549
3905 - 3906: -4395
3906 - 3907: -4379
3907 - 3908: -4101
3908 - 3909: 3939
3909 - 3910: 340
3910 - 3911: -3783
3911 - 3912: 2066
3912 - 3913: -2534
3913 - 3914: 240
3914 - 3915: -637
3915 - 3916: -2066
3916 - 3917: -4860
3917 - 3918: 2239
3918 - 3919: -2883
3919 - 3920: -2585
3920 - 3921: 9845
3921 - 3922: 2630
3922 - 3923: -1195
3923 - 3924: -2956
3924 - 3925: -2042
3925 - 3926: 2975
3926 - 3927: -1717
3927 - 3928: 3089
3928 - 3929: 6507
3929 - 3930: -3668
3930 - 3931: 3172
3931 - 3932: 12687
3932 - 3933: -3805
3933 - 3934: -693
3934 - 3935: -794
3935 - 3936: -129
3936 - 3937: -2523
3937 - 3938: -1941
3938 - 3939: -1847
3939 - 3940: -2049
3940 - 3941: -2568
3941 - 3942: -2971
3942 - 3943: -3703
3943 - 3944: 4893
3944 - 3945: 102
3945 - 3946: 8261
3946 - 3947: -3364
3947 - 3948: 634
3948 - 3949: 6139
3949 - 3950: 3025
3950 - 3951: 63477
3951 - 3952: -1047
3952 - 3953: -418
3953 - 3954: -2237
3954 - 3955: -2301
3955 - 3956: -551
3956 - 3957: -3089
3957 - 3958: -2664
3958 - 3959: -6887
3959 - 3960: 9085
3960 - 3961: 11580
3961 - 3962: -579
3962 - 3963: -482
3963 - 3964: -1835
3964 - 3965: -2226
3965 - 3966: -4465
3966 - 3967: 4106
3967 - 3968: 2406
3968 - 3969: -746
3969 - 3970: -2321
3970 - 3971: 3429
3971 - 3972: 2243
3972 - 3973: 17955
3973 - 3974: -821
3974 - 3975: 3067
3975 - 3976: 6887
3976 - 3977: -2974
3977 - 3978: -1364
3978 - 3979: 30093
3979 - 3980: 5479
3980 - 3981: -2507
3981 - 3982: -502
3982 - 3983: -2800
3983 - 3984: 8306
3984 - 3985: 766
3985 - 3986: -1527
3986 - 3987: 17280
3987 - 3988: -1165
3988 - 3989: 3391
3989 - 3990: 9925
3990 - 3991: 58453
3991 - 3992: 8168
3992 - 3993: 2327
3993 - 3994: 21591
3994 - 3995: 69751
3995 - 3996: -2504
3996 - 3997: 10535
3997 - 3998: 66784
3998 - 3999: -1282
3999 - 4000: -29
4000 - 4001: 60757
4001 - 4002: 6815
4002 - 4003: -2109
4003 - 4004: -3011
4004 - 4005: 6664
4005 - 4006: 1004
4006 - 4007: 19658
4007 - 4008: -2512
4008 - 4009: -1629
4009 - 4010: 24
4010 - 4011: 4798
4011 - 4012: -1898
4012 - 4013: 5792
4013 - 4014: 7791
4014 - 4015: 4879
4015 - 4016: -2285
4016 - 4017: 8859
4017 - 4018: 7910
4018 - 4019: 16076
4019 - 4020: -1650
4020 - 4021: 3375
4021 - 4022: -1642
4022 - 4023: -1219
4023 - 4024: -2873
4024 - 4025: -4297
4025 - 4026: 12224
4026 - 4027: -3366
4027 - 4028: 59845
4028 - 4029: 3913
4029 - 4030: 431
4030 - 4031: -1881
4031 - 4032: -2540
4032 - 4033: 14671
4033 - 4034: -3696
4034 - 4035: 3725
4035 - 4036: 7115
4036 - 4037: -980
4037 - 4038: 5422
4038 - 4039: -1630
4039 - 4040: -4582
4040 - 4041: 6405
4041 - 4042: 4440
4042 - 4043: -2245
4043 - 4044: -2242
4044 - 4045: -2230
4045 - 4046: 40963
4046 - 4047: -2734
4047 - 4048: 399
4048 - 4049: 1142
4049 - 4050: -112
4050 - 4051: 48525
4051 - 4052: -1323
4052 - 4053: 10560
4053 - 4054: 6994
4054 - 4055: 1442
4055 - 4056: 15731
4056 - 4057: 14628
4057 - 4058: 783
4058 - 4059: 10837
4059 - 4060: -1086
4060 - 4061: 5299
4061 - 4062: 13443
4062 - 4063: -1616
4063 - 4064: 23981
4064 - 4065: 28284
4065 - 4066: 19558
4066 - 4067: 4708
4067 - 4068: -533
4068 - 4069: 46469
4069 - 4070: 12760
4070 - 4071: -3762
4071 - 4072: 144
4072 - 4073: -2580
4073 - 4074: 1561
4074 - 4075: -1690
4075 - 4076: 774
4076 - 4077: 21038
4077 - 4078: 10699
4078 - 4079: -2081
4079 - 4080: 5595
4080 - 4081: 32
4081 - 4082: 9194
4082 - 4083: 1936
4083 - 4084: -2380
4084 - 4085: 2505
4085 - 4086: -161
4086 - 4087: 2335
4087 - 4088: 728
4088 - 4089: -4751
4089 - 4090: 4800
4090 - 4091: 21713
4091 - 4092: 4943
4092 - 4093: 30404
4093 - 4094: -3901
4094 - 4095: -4926
4095 - 4096: -2150
4096 - 4097: -2605
4097 - 4098: 9851
4098 - 4099: 3935
4099 - 4100: 10220
4100 - 4101: 11678
4101 - 4102: 9508
4102 - 4103: 49809
4103 - 4104: 2725
4104 - 4105: 2352
4105 - 4106: 5085
4106 - 4107: -2773
4107 - 4108: -1698
4108 - 4109: 44839
4109 - 4110: 70284
4110 - 4111: 4122
4111 - 4112: 60246
4112 - 4113: 9318
4113 - 4114: -72
4114 - 4115: 8733
4115 - 4116: -3721
4116 - 4117: 2121
4117 - 4118: 51608
4118 - 4119: 954
4119 - 4120: 30250
4120 - 4121: 7225
4121 - 4122: -1199
4122 - 4123: -3110
4123 - 4124: -1292
4124 - 4125: -1732
4125 - 4126: -2832
4126 - 4127: -3223
4127 - 4128: -372
4128 - 4129: -3933
4129 - 4130: -1840
4130 - 4131: -1169
4131 - 4132: -1406
4132 - 4133: 44356
4133 - 4134: -4794
4134 - 4135: 36784
4135 - 4136: 2357
4136 - 4137: 58216
4137 - 4138: -1832
4138 - 4139: -3617
4139 - 4140: 38703
4140 - 4141: 20565
4141 - 4142: -1889
4142 - 4143: -1138
4143 - 4144: 12307
4144 - 4145: 11754
4145 - 4146: 758
4146 - 4147: 499
4147 - 4148: 48212
4148 - 4149: -2321
4149 - 4150: 1330
4150 - 4151: 665
4151 - 4152: 756
4152 - 4153: 3178
4153 - 4154: 8570
4154 - 4155: -3069
4155 - 4156: 2496
4156 - 4157: 44246
4157 - 4158: 813
4158 - 4159: -2157
4159 - 4160: -2185
4160 - 4161: -3147
4161 - 4162: 6730
4162 - 4163: -922
4163 - 4164: 44681
4164 - 4165: 415
4165 - 4166: 8355
4166 - 4167: 2169
4167 - 4168: -63
4168 - 4169: 4251
4169 - 4170: 631
4170 - 4171: 7273
4171 - 4172: 9711
4172 - 4173: -1297
4173 - 4174: 7095
4174 - 4175: -1155
4175 - 4176: -4244
4176 - 4177: -944
4177 - 4178: -4049
4178 - 4179: 7376
4179 - 4180: 18158
4180 - 4181: 248
4181 - 4182: 5773
4182 - 4183: 50536
4183 - 4184: 743
4184 - 4185: -1064
4185 - 4186: -1783
4186 - 4187: 717
4187 - 4188: 3697
4188 - 4189: 40805
4189 - 4190: 2622
4190 - 4191: 5219
4191 - 4192: 3777
4192 - 4193: -1783
4193 - 4194: 7316
4194 - 4195: -259
4195 - 4196: 6382
4196 - 4197: -722
4197 - 4198: -1640
4198 - 4199: -145
4199 - 4200: -2411
4200 - 4201: 957
4201 - 4202: -863
4202 - 4203: 32808
4203 - 4204: -6
4204 - 4205: -1660
4205 - 4206: 20419
4206 - 4207: -2336
4207 - 4208: -2727
4208 - 4209: -1813
4209 - 4210: -2243
4210 - 4211: 2295
4211 - 4212: 1251
4212 - 4213: 2741
4213 - 4214: 7961
4214 - 4215: 51857
4215 - 4216: -3633
4216 - 4217: 8514
4217 - 4218: 36874
4218 - 4219: -1287
4219 - 4220: -2730
4220 - 4221: 7962
4221 - 4222: -2451
4222 - 4223: -3838
4223 - 4224: 5093
4224 - 4225: -1014
4225 - 4226: 8911
4226 - 4227: 4846
4227 - 4228: 58250
4228 - 4229: -3523
4229 - 4230: -1193
4230 - 4231: 22236
4231 - 4232: 2919
4232 - 4233: -1857
4233 - 4234: 10969
4234 - 4235: 9792
4235 - 4236: 39126
4236 - 4237: 22166
4237 - 4238: 13780
4238 - 4239: 8326
4239 - 4240: 3456
4240 - 4241: -2849
4241 - 4242: -701
4242 - 4243: -1493
4243 - 4244: 1195
4244 - 4245: 14374
4245 - 4246: 4167
4246 - 4247: 558
4247 - 4248: -1526
4248 - 4249: 35886
4249 - 4250: -2257
4250 - 4251: 163
4251 - 4252: -3138
4252 - 4253: 17912
4253 - 4254: 14081
4254 - 4255: 1345
4255 - 4256: 13439
4256 - 4257: 64749
4257 - 4258: 1918
4258 - 4259: 3634
4259 - 4260: 11091
4260 - 4261: 6646
4261 - 4262: 7334
4262 - 4263: 8061
4263 - 4264: 4228
4264 - 4265: 18153
4265 - 4266: 56525
4266 - 4267: -4824
4267 - 4268: 5599
4268 - 4269: 9396
4269 - 4270: -2234
4270 - 4271: 17839
4271 - 4272: 18539
4272 - 4273: -3500
4273 - 4274: 7285
4274 - 4275: 10222
4275 - 4276: -181
4276 - 4277: 35493
4277 - 4278: 1865
4278 - 4279: 18803
4279 - 4280: 6299
4280 - 4281: 14819
4281 - 4282: -1586
4282 - 4283: -825
4283 - 4284: 2210
4284 - 4285: 84
4285 - 4286: 7165
4286 - 4287: 10103
4287 - 4288: 7329
4288 - 4289: 381
4289 - 4290: 71
4290 - 4291: 7994
4291 - 4292: 4598
4292 - 4293: 321
4293 - 4294: -1678
4294 - 4295: 6678
4295 - 4296: 9254
4296 - 4297: -3431
4297 - 4298: 3291
4298 - 4299: 27962
4299 - 4300: -5849
4300 - 4301: 12755
4301 - 4302: 23229
4302 - 4303: 6701
4303 - 4304: 1818
4304 - 4305: 21368
4305 - 4306: 19217
4306 - 4307: 23063
4307 - 4308: 8194
4308 - 4309: -2576
4309 - 4310: 35544
4310 - 4311: 2843
4311 - 4312: 8055
4312 - 4313: 16930
4313 - 4314: -308
4314 - 4315: 10608
4315 - 4316: 6898
4316 - 4317: -1893
4317 - 4318: -2825
4318 - 4319: 25960
4319 - 4320: -84
4320 - 4321: 15828
4321 - 4322: 7277
4322 - 4323: 67289
4323 - 4324: 49107
4324 - 4325: 154
4325 - 4326: 64742
4326 - 4327: -3757
4327 - 4328: 18744
4328 - 4329: 759
4329 - 4330: 22606
4330 - 4331: 12187
4331 - 4332: 12948
4332 - 4333: -1254
4333 - 4334: -3062
4334 - 4335: 9751
4335 - 4336: 63403
4336 - 4337: 26110
4337 - 4338: -4097
4338 - 4339: 8225
4339 - 4340: -500
4340 - 4341: 4085
4341 - 4342: -3239
4342 - 4343: 3716
4343 - 4344: -3473
4344 - 4345: 5896
4345 - 4346: -3027
4346 - 4347: -1213
4347 - 4348: -483
4348 - 4349: 5768
4349 - 4350: -1188
4350 - 4351: 3507
4351 - 4352: 7765
4352 - 4353: 38652
4353 - 4354: 9757
4354 - 4355: 13221
4355 - 4356: 10095
4356 - 4357: 544
4357 - 4358: -4304
4358 - 4359: 6645
4359 - 4360: 572
4360 - 4361: -2405
4361 - 4362: 24505
4362 - 4363: 15413
4363 - 4364: 3016
4364 - 4365: -2301
4365 - 4366: -1368
4366 - 4367: 57694
4367 - 4368: -856
4368 - 4369: 2193
4369 - 4370: -1516
4370 - 4371: 25175
4371 - 4372: 271
4372 - 4373: 3641
4373 - 4374: 2993
4374 - 4375: 1896
4375 - 4376: 52105
4376 - 4377: -2565
4377 - 4378: -6066
4378 - 4379: -1631
4379 - 4380: 16935
4380 - 4381: -2360
4381 - 4382: -1163
4382 - 4383: 27
4383 - 4384: -1369
4384 - 4385: -3062
4385 - 4386: -3958
4386 - 4387: -2816
4387 - 4388: -2632
4388 - 4389: -2942
4389 - 4390: 359
4390 - 4391: -3441
4391 - 4392: -3074
4392 - 4393: 12542
4393 - 4394: -779
4394 - 4395: 44343
4395 - 4396: 428
4396 - 4397: 1395
4397 - 4398: 3921
4398 - 4399: -2243
4399 - 4400: -2795
4400 - 4401: 905
4401 - 4402: -3970
4402 - 4403: 3118
4403 - 4404: 30799
4404 - 4405: -1397
4405 - 4406: -216
4406 - 4407: 8249
4407 - 4408: 692
4408 - 4409: 7117
4409 - 4410: 7001
4410 - 4411: 12283
4411 - 4412: -2336
4412 - 4413: 13930
4413 - 4414: 1285
4414 - 4415: -1502
4415 - 4416: -3559
4416 - 4417: 64042
4417 - 4418: -4743
4418 - 4419: 6017
4419 - 4420: 15605
4420 - 4421: 14497
4421 - 4422: 8467
4422 - 4423: 49691
4423 - 4424: 6425
4424 - 4425: 3101
4425 - 4426: -3213
4426 - 4427: 2705
4427 - 4428: 7684
4428 - 4429: -2130
4429 - 4430: -4768
4430 - 4431: 11541
4431 - 4432: 4772
4432 - 4433: 4703
4433 - 4434: -1646
4434 - 4435: 591
4435 - 4436: 893
4436 - 4437: 21374
4437 - 4438: 15136
4438 - 4439: -1682
4439 - 4440: -2505
4440 - 4441: 11652
4441 - 4442: -1340
4442 - 4443: -331
4443 - 4444: -1426
4444 - 4445: -1778
4445 - 4446: -3251
4446 - 4447: -3197
4447 - 4448: 2181
4448 - 4449: 3236
4449 - 4450: -1848
4450 - 4451: -2758
4451 - 4452: -6109
4452 - 4453: -138
4453 - 4454: -2229
4454 - 4455: 2772
4455 - 4456: 17217
4456 - 4457: 7163
4457 - 4458: -4414
4458 - 4459: 5119
4459 - 4460: 10084
4460 - 4461: 6774
4461 - 4462: 162
4462 - 4463: 8713
4463 - 4464: 1600
4464 - 4465: 6195
4465 - 4466: 67553
4466 - 4467: 7619
4467 - 4468: 288
4468 - 4469: -2182
4469 - 4470: -286
4470 - 4471: 1835
4471 - 4472: 5473
4472 - 4473: -2389
4473 - 4474: 12526
4474 - 4475: -2645
4475 - 4476: -3774
4476 - 4477: -5453
4477 - 4478: 43595
4478 - 4479: -2411
4479 - 4480: 763
4480 - 4481: -293
4481 - 4482: 18466
4482 - 4483: -510
4483 - 4484: -1905
4484 - 4485: -2534
4485 - 4486: -1281
4486 - 4487: -1018
4487 - 4488: -2813
4488 - 4489: 9285
4489 - 4490: 1546
4490 - 4491: 4873
4491 - 4492: 15561
4492 - 4493: 15827
4493 - 4494: 6737
4494 - 4495: -3962
4495 - 4496: 7963
4496 - 4497: -420
4497 - 4498: 2058
4498 - 4499: 30645
4499 - 4500: -759
4500 - 4501: 381
4501 - 4502: 2463
4502 - 4503: 297
4503 - 4504: 14818
4504 - 4505: 3104
4505 - 4506: 1298
4506 - 4507: -185
4507 - 4508: 49041
4508 - 4509: 66120
4509 - 4510: 1025
4510 - 4511: 15660
4511 - 4512: 12201
4512 - 4513: 10569
4513 - 4514: 10710
4514 - 4515: 12411
4515 - 4516: 14000
4516 - 4517: 46857
4517 - 4518: 13939
4518 - 4519: 3897
4519 - 4520: 11349
4520 - 4521: 12480
4521 - 4522: -2769
4522 - 4523: 6036
4523 - 4524: -2338
4524 - 4525: -1094
4525 - 4526: -2802
4526 - 4527: 657
4527 - 4528: 1762
4528 - 4529: -2487
4529 - 4530: -363
4530 - 4531: 40
4531 - 4532: 1618
4532 - 4533: 58181
4533 - 4534: -4192
4534 - 4535: 1006
4535 - 4536: -942
4536 - 4537: 3299
4537 - 4538: 8520
4538 - 4539: -1117
4539 - 4540: 2091
4540 - 4541: -778
4541 - 4542: -1726
4542 - 4543: 48048
4543 - 4544: -1610
4544 - 4545: 7359
4545 - 4546: 6
4546 - 4547: 66320
4547 - 4548: -881
4548 - 4549: 29127
4549 - 4550: 30849
4550 - 4551: 1538
4551 - 4552: -1624
4552 - 4553: -2303
4553 - 4554: 4477
4554 - 4555: 9453
4555 - 4556: 7985
4556 - 4557: 17000
4557 - 4558: 10375
4558 - 4559: -2143
4559 - 4560: 4768
4560 - 4561: 627
4561 - 4562: 3
4562 - 4563: 654
4563 - 4564: 339
4564 - 4565: 37120
4565 - 4566: 6080
4566 - 4567: 14103
4567 - 4568: 3750
4568 - 4569: 39860
4569 - 4570: -674
4570 - 4571: -4250
4571 - 4572: 47490
4572 - 4573: -62
4573 - 4574: -1876
4574 - 4575: -1271
4575 - 4576: 21161
4576 - 4577: -2732
4577 - 4578: 5346
4578 - 4579: 5245
4579 - 4580: 4589
4580 - 4581: -1744
4581 - 4582: -1190
4582 - 4583: 7664
4583 - 4584: 36478
4584 - 4585: 1847
4585 - 4586: -2089
4586 - 4587: 51030
4587 - 4588: -3024
4588 - 4589: -355
4589 - 4590: 13075
4590 - 4591: -3629
4591 - 4592: 5823
4592 - 4593: -3861
4593 - 4594: 15388
4594 - 4595: -2810
4595 - 4596: 44283
4596 - 4597: -1605
4597 - 4598: -1344
4598 - 4599: 234
4599 - 4600: -1275
4600 - 4601: 1293
4601 - 4602: -748
4602 - 4603: -285
4603 - 4604: -577
4604 - 4605: -2194
4605 - 4606: 2440
4606 - 4607: -2681
4607 - 4608: 45696
4608 - 4609: 2653
4609 - 4610: -2630
4610 - 4611: 61475
4611 - 4612: -365
4612 - 4613: 1201
4613 - 4614: -1173
4614 - 4615: -1100
4615 - 4616: -860
4616 - 4617: 169
4617 - 4618: -5009
4618 - 4619: -2383
4619 - 4620: 1243
4620 - 4621: 1633
4621 - 4622: 27786
4622 - 4623: -1411
4623 - 4624: -170
4624 - 4625: -2627
4625 - 4626: -809
4626 - 4627: 2041
4627 - 4628: 46969
4628 - 4629: 533
4629 - 4630: 11463
4630 - 4631: -3089
4631 - 4632: -1409
4632 - 4633: -806
4633 - 4634: -3155
4634 - 4635: -3959
4635 - 4636: -5019
4636 - 4637: -2044
4637 - 4638: -2199
4638 - 4639: -2735
4639 - 4640: -2710
4640 - 4641: -2216
4641 - 4642: 15484
4642 - 4643: 5251
4643 - 4644: -3558
4644 - 4645: -380
4645 - 4646: 6078
4646 - 4647: 3658
4647 - 4648: 9758
4648 - 4649: 2935
4649 - 4650: -1111
4650 - 4651: -1168
4651 - 4652: 5233
4652 - 4653: 276
4653 - 4654: 10120
4654 - 4655: 913
4655 - 4656: -1493
4656 - 4657: -2899
4657 - 4658: 363
4658 - 4659: -2512
4659 - 4660: -1358
4660 - 4661: 15546
4661 - 4662: 3924
4662 - 4663: -1586
4663 - 4664: 2662
4664 - 4665: -3874
4665 - 4666: -39
4666 - 4667: -3912
4667 - 4668: 290
4668 - 4669: 5977
4669 - 4670: 6936
4670 - 4671: 5362
4671 - 4672: -2804
4672 - 4673: 20427
4673 - 4674: 5548
4674 - 4675: 14568
4675 - 4676: -1925
4676 - 4677: -708
4677 - 4678: 2652
4678 - 4679: -1731
4679 - 4680: 140
4680 - 4681: -2361
4681 - 4682: 1685
4682 - 4683: 39258
4683 - 4684: 4816
4684 - 4685: -1936
4685 - 4686: -4693
4686 - 4687: 20151
4687 - 4688: 3564
4688 - 4689: 619
4689 - 4690: 761
4690 - 4691: -3944
4691 - 4692: 2205
4692 - 4693: 15524
4693 - 4694: 1
4694 - 4695: 8209
4695 - 4696: -4014
4696 - 4697: 688
4697 - 4698: 8177
4698 - 4699: 7803
4699 - 4700: 15717
4700 - 4701: -6152
4701 - 4702: 12216
4702 - 4703: -5281
4703 - 4704: -1606
4704 - 4705: 42974
4705 - 4706: -5646
4706 - 4707: -1221
4707 - 4708: 1761
4708 - 4709: -2067
4709 - 4710: -2574
4710 - 4711: 305
4711 - 4712: -36
4712 - 4713: 9397
4713 - 4714: -1231
4714 - 4715: 586
4715 - 4716: 1861
4716 - 4717: 1131
4717 - 4718: -2678
4718 - 4719: 19419
4719 - 4720: -2142
4720 - 4721: -1760
4721 - 4722: 356
4722 - 4723: -1600
4723 - 4724: -527
4724 - 4725: 442
4725 - 4726: 12980
4726 - 4727: -5933
4727 - 4728: 342
4728 - 4729: -2266
4729 - 4730: 5682
4730 - 4731: -4186
4731 - 4732: -2252
4732 - 4733: 6177
4733 - 4734: 12357
4734 - 4735: -4174
4735 - 4736: 11355
4736 - 4737: -858
4737 - 4738: 17400
4738 - 4739: 2058
4739 - 4740: 8369
4740 - 4741: 1875
4741 - 4742: -3875
4742 - 4743: 44054
4743 - 4744: 8227
4744 - 4745: 491
4745 - 4746: 1405
4746 - 4747: -1941
4747 - 4748: -868
4748 - 4749: 11572
4749 - 4750: 8126
4750 - 4751: 11611
4751 - 4752: 5844
4752 - 4753: 14293
4753 - 4754: -4046
4754 - 4755: 57583
4755 - 4756: -1208
4756 - 4757: -675
4757 - 4758: 55969
4758 - 4759: 20
4759 - 4760: 4166
4760 - 4761: 36097
4761 - 4762: 7430
4762 - 4763: -1855
4763 - 4764: -1924
4764 - 4765: -1842
4765 - 4766: 76
4766 - 4767: 129
4767 - 4768: -3608
4768 - 4769: 274
4769 - 4770: -5205
4770 - 4771: -2452
4771 - 4772: 1364
4772 - 4773: 50770
4773 - 4774: -2557
4774 - 4775: 3599
4775 - 4776: -1869
4776 - 4777: 28785
4777 - 4778: -1446
4778 - 4779: -237
4779 - 4780: -729
4780 - 4781: 69768
4781 - 4782: -4292
4782 - 4783: -4690
4783 - 4784: -185
4784 - 4785: -3330
4785 - 4786: -4969
4786 - 4787: -7173
4787 - 4788: -4355
4788 - 4789: 11179
4789 - 4790: 54263
4790 - 4791: -522
4791 - 4792: -5577
4792 - 4793: 11212
4793 - 4794: 69223
4794 - 4795: -2091
4795 - 4796: -3555
4796 - 4797: 1909
4797 - 4798: 245
4798 - 4799: 28416
4799 - 4800: -719
4800 - 4801: -2664
4801 - 4802: -4330
4802 - 4803: -1431
4803 - 4804: -1198
4804 - 4805: 3055
4805 - 4806: 51202
4806 - 4807: 5289
4807 - 4808: 2895
4808 - 4809: -2812
4809 - 4810: 28521
4810 - 4811: 109
4811 - 4812: -1713
4812 - 4813: -3543
4813 - 4814: -4256
4814 - 4815: 4620
4815 - 4816: -5009
4816 - 4817: -2592
4817 - 4818: -4910
4818 - 4819: -1280
4819 - 4820: 1541
4820 - 4821: -5024
4821 - 4822: -3779
4822 - 4823: -5025
4823 - 4824: -1846
4824 - 4825: -4013
4825 - 4826: -6168
4826 - 4827: -3254
4827 - 4828: -4511
4828 - 4829: -3094
4829 - 4830: 292
4830 - 4831: 9555
4831 - 4832: -4049
4832 - 4833: 1319
4833 - 4834: 1440
4834 - 4835: -4880
4835 - 4836: -3110
4836 - 4837: 19754
4837 - 4838: -377
4838 - 4839: 59763
4839 - 4840: -1840
4840 - 4841: -3322
4841 - 4842: 450
4842 - 4843: -1013
4843 - 4844: 234
4844 - 4845: -599
4845 - 4846: -1600
4846 - 4847: 1032
4847 - 4848: 368
4848 - 4849: -1837
4849 - 4850: -4147
4850 - 4851: -1948
4851 - 4852: 36009
4852 - 4853: 1636
4853 - 4854: -6099
4854 - 4855: -1386
4855 - 4856: -3925
4856 - 4857: -3118
4857 - 4858: -2400
4858 - 4859: -1064
4859 - 4860: -3936
4860 - 4861: -5074
4861 - 4862: -3670
4862 - 4863: -4997
4863 - 4864: 1522
4864 - 4865: 3002
4865 - 4866: -2408
4866 - 4867: 859
4867 - 4868: -7304
4868 - 4869: 26981
4869 - 4870: -2100
4870 - 4871: -1464
4871 - 4872: -4252
4872 - 4873: 1492
4873 - 4874: -4794
4874 - 4875: -1282
4875 - 4876: -2900
4876 - 4877: -1760
4877 - 4878: 41961
4878 - 4879: -1408
4879 - 4880: -5484
4880 - 4881: -83
4881 - 4882: -1149
4882 - 4883: 53743
4883 - 4884: -3804
4884 - 4885: -3369
4885 - 4886: -2407
4886 - 4887: -3460
4887 - 4888: -2763
4888 - 4889: -694
4889 - 4890: -165
4890 - 4891: -7069
4891 - 4892: -1482
4892 - 4893: -4578
4893 - 4894: -797
4894 - 4895: 274
4895 - 4896: -3104
4896 - 4897: -4134
4897 - 4898: 703
4898 - 4899: -2104
4899 - 4900: -4068
4900 - 4901: -3266
4901 - 4902: -2564
4902 - 4903: 4669
4903 - 4904: -4069
4904 - 4905: 13399
4905 - 4906: -5435
4906 - 4907: 56675
4907 - 4908: -3478
4908 - 4909: 7599
4909 - 4910: 5568
4910 - 4911: 1422
4911 - 4912: -1495
4912 - 4913: -472
4913 - 4914: -2925
4914 - 4915: -2378
4915 - 4916: 20307
4916 - 4917: 13638
4917 - 4918: -2059
4918 - 4919: 2100
4919 - 4920: -2206
4920 - 4921: -2397
4921 - 4922: -326
4922 - 4923: 66083
4923 - 4924: -1715
4924 - 4925: -3114
4925 - 4926: -2730
4926 - 4927: 12805
4927 - 4928: 19585
4928 - 4929: 48427
4929 - 4930: 728
4930 - 4931: 22780
4931 - 4932: 9782
4932 - 4933: 6128
4933 - 4934: 6350
4934 - 4935: 666
4935 - 4936: -2835
4936 - 4937: 4627
4937 - 4938: 9048
4938 - 4939: -3772
4939 - 4940: 1731
4940 - 4941: -1168
4941 - 4942: -739
4942 - 4943: 5269
4943 - 4944: 13802
4944 - 4945: -1039
4945 - 4946: 11137
4946 - 4947: 49194
4947 - 4948: 21611
4948 - 4949: 7234
4949 - 4950: -663
4950 - 4951: 967
4951 - 4952: 370
4952 - 4953: 35443
4953 - 4954: 2762
4954 - 4955: 5537
4955 - 4956: 44607
4956 - 4957: 11194
4957 - 4958: 14291
4958 - 4959: 67037
4959 - 4960: 25866
4960 - 4961: 15369
4961 - 4962: 12148
4962 - 4963: 78782
4963 - 4964: 50705
4964 - 4965: 7844
4965 - 4966: 43244
4966 - 4967: 6821
4967 - 4968: 4615
4968 - 4969: 3279
4969 - 4970: 11592
4970 - 4971: -2500
4971 - 4972: 4675
4972 - 4973: 63079
4973 - 4974: -5057
4974 - 4975: -1337
4975 - 4976: -544
4976 - 4977: -1795
4977 - 4978: 1917
4978 - 4979: 11345
4979 - 4980: -1664
4980 - 4981: -2418
4981 - 4982: 7572
4982 - 4983: -2654
4983 - 4984: 6927
4984 - 4985: -2848
4985 - 4986: -1378
4986 - 4987: 35240
4987 - 4988: 17506
4988 - 4989: 4324
4989 - 4990: 4097
4990 - 4991: 6626
4991 - 4992: -610
4992 - 4993: -2244
4993 - 4994: 10498
4994 - 4995: -1499
4995 - 4996: -4720
4996 - 4997: -799
4997 - 4998: -172
4998 - 4999: 1472
4999 - 5000: 0

Timing completed for program using OpenMP with 2 threads and 66231404 CPUs
Reading in File: 6.909000 nanoseconds
Comparisons of wiki pages: 228.477000 nanoseconds
Overall time: 235.386000 nanoseconds
