0 - 1: 32923
1 - 2: -33872
2 - 3: -36905
3 - 4: -35406
4 - 5: -35603
5 - 6: -35979
6 - 7: -38003
7 - 8: -33135
8 - 9: -38442
9 - 10: -37212
10 - 11: -31835
11 - 12: 13186
12 - 13: -33778
13 - 14: 31472
14 - 15: -39317
15 - 16: 23462
16 - 17: 18916
17 - 18: 33725
18 - 19: 7197
19 - 20: 13519
20 - 21: -29635
21 - 22: -33212
22 - 23: -34680
23 - 24: 27238
24 - 25: -38971
25 - 26: 17946
26 - 27: -33216
27 - 28: -32909
28 - 29: 7333
29 - 30: 19856
30 - 31: -32510
31 - 32: -37646
32 - 33: 7763
33 - 34: -28930
34 - 35: -34819
35 - 36: 11449
36 - 37: -36574
37 - 38: -39085
38 - 39: 21781
39 - 40: -25357
40 - 41: 25551
41 - 42: 30922
42 - 43: 33900
43 - 44: -33945
44 - 45: -33911
45 - 46: -654
46 - 47: -28370
47 - 48: -37862
48 - 49: -35876
49 - 50: -38291
50 - 51: -37577
51 - 52: -34411
52 - 53: -24431
53 - 54: -33948
54 - 55: -36749
55 - 56: -21401
56 - 57: -33758
57 - 58: -33173
58 - 59: -39807
59 - 60: -37924
60 - 61: -1579
61 - 62: -35486
62 - 63: 19366
63 - 64: -36547
64 - 65: -15061
65 - 66: -38117
66 - 67: -36615
67 - 68: -25894
68 - 69: -30138
69 - 70: -35824
70 - 71: -28419
71 - 72: -36362
72 - 73: -36600
73 - 74: -25524
74 - 75: -37236
75 - 76: -37511
76 - 77: -36256
77 - 78: 137
78 - 79: -34241
79 - 80: -24083
80 - 81: -30723
81 - 82: -41974
82 - 83: -36567
83 - 84: -37094
84 - 85: -23866
85 - 86: -33188
86 - 87: -25587
87 - 88: -38171
88 - 89: -36662
89 - 90: -35483
90 - 91: -39005
91 - 92: -1138
92 - 93: -35965
93 - 94: -23237
94 - 95: -35664
95 - 96: -26377
96 - 97: -33522
97 - 98: -30771
98 - 99: -31945
99 - 100: -30114
100 - 101: -38379
101 - 102: -33866
102 - 103: -28712
103 - 104: -29976
104 - 105: -30368
105 - 106: 744
106 - 107: -32903
107 - 108: -32464
108 - 109: -29433
109 - 110: -30931
110 - 111: -29590
111 - 112: -32101
112 - 113: -30031
113 - 114: -28850
114 - 115: -23739
115 - 116: -29443
116 - 117: -30632
117 - 118: 45180
118 - 119: -29238
119 - 120: -30189
120 - 121: -36960
121 - 122: -32591
122 - 123: -35705
123 - 124: -34353
124 - 125: -27745
125 - 126: -29488
126 - 127: -30558
127 - 128: -35183
128 - 129: -32825
129 - 130: -24943
130 - 131: -38715
131 - 132: -26130
132 - 133: -37629
133 - 134: -28412
134 - 135: -33958
135 - 136: 22350
136 - 137: -32177
137 - 138: -20237
138 - 139: -37518
139 - 140: -30415
140 - 141: -35739
141 - 142: -34704
142 - 143: -30182
143 - 144: -31862
144 - 145: -35759
145 - 146: -30841
146 - 147: -34718
147 - 148: -32339
148 - 149: 9765
149 - 150: -30471
150 - 151: -25624
151 - 152: -28440
152 - 153: -30260
153 - 154: -34084
154 - 155: -27900
155 - 156: -37811
156 - 157: -36597
157 - 158: -35782
158 - 159: -27357
159 - 160: -28782
160 - 161: -29944
161 - 162: -27684
162 - 163: -36056
163 - 164: -32761
164 - 165: -33854
165 - 166: -35216
166 - 167: -30532
167 - 168: 15956
168 - 169: -32519
169 - 170: -27244
170 - 171: -30218
171 - 172: -38490
172 - 173: -27120
173 - 174: -31148
174 - 175: -32145
175 - 176: -30161
176 - 177: -30411
177 - 178: -31375
178 - 179: -35917
179 - 180: -30071
180 - 181: -36440
181 - 182: -31650
182 - 183: -34558
183 - 184: -31955
184 - 185: -32842
185 - 186: -30930
186 - 187: -31142
187 - 188: -36648
188 - 189: -28953
189 - 190: -30897
190 - 191: -28360
191 - 192: 5637
192 - 193: -33017
193 - 194: -36762
194 - 195: -25549
195 - 196: -8864
196 - 197: -34794
197 - 198: -23474
198 - 199: -32328
199 - 200: -31990
200 - 201: -29353
201 - 202: -36141
202 - 203: -33931
203 - 204: -34620
204 - 205: -35086
205 - 206: -30572
206 - 207: 164
207 - 208: -34772
208 - 209: -29594
209 - 210: -4088
210 - 211: -28495
211 - 212: -11339
212 - 213: -20216
213 - 214: -24263
214 - 215: -34409
215 - 216: 20546
216 - 217: -36971
217 - 218: -35820
218 - 219: -16576
219 - 220: -36910
220 - 221: -34977
221 - 222: -22314
222 - 223: -35491
223 - 224: -36639
224 - 225: -28170
225 - 226: -33301
226 - 227: -34305
227 - 228: 24640
228 - 229: -35507
229 - 230: -36686
230 - 231: -33600
231 - 232: -32476
232 - 233: -36488
233 - 234: -23824
234 - 235: 22682
235 - 236: -16502
236 - 237: -36479
237 - 238: -27122
238 - 239: -25091
239 - 240: 13114
240 - 241: 9220
241 - 242: -34592
242 - 243: -34704
243 - 244: -31596
244 - 245: -6595
245 - 246: -7987
246 - 247: -9350
247 - 248: -7402
248 - 249: -7330
249 - 250: -7506
250 - 251: -7942
251 - 252: -6994
252 - 253: -9643
253 - 254: -8250
254 - 255: -7990
255 - 256: -7402
256 - 257: -8704
257 - 258: -8341
258 - 259: -35832
259 - 260: 16436
260 - 261: -26496
261 - 262: 31541
262 - 263: -37047
263 - 264: 8384
264 - 265: -36864
265 - 266: -35536
266 - 267: 12155
267 - 268: -32571
268 - 269: -33732
269 - 270: -35561
270 - 271: -31686
271 - 272: -25035
272 - 273: -36221
273 - 274: -12555
274 - 275: -36400
275 - 276: -38019
276 - 277: 22845
277 - 278: -35200
278 - 279: -41097
279 - 280: -28427
280 - 281: -30521
281 - 282: -31385
282 - 283: -29955
283 - 284: -37817
284 - 285: -29449
285 - 286: -34827
286 - 287: -31464
287 - 288: -38377
288 - 289: -29922
289 - 290: -29871
290 - 291: -24828
291 - 292: -33654
292 - 293: -20142
293 - 294: -29737
294 - 295: -32330
295 - 296: -29895
296 - 297: -38203
297 - 298: -39935
298 - 299: -18460
299 - 300: -34434
300 - 301: -35455
301 - 302: 45178
302 - 303: -25912
303 - 304: -31674
304 - 305: -32771
305 - 306: -27515
306 - 307: -35341
307 - 308: -36674
308 - 309: -35773
309 - 310: -35580
310 - 311: -34431
311 - 312: -32688
312 - 313: -37176
313 - 314: -34026
314 - 315: -37736
315 - 316: -28734
316 - 317: -29259
317 - 318: -31870
318 - 319: -35593
319 - 320: -34108
320 - 321: -29549
321 - 322: -31794
322 - 323: -38599
323 - 324: -31269
324 - 325: -35865
325 - 326: -36303
326 - 327: -20058
327 - 328: -29366
328 - 329: -33415
329 - 330: -29165
330 - 331: -32196
331 - 332: -36697
332 - 333: -36659
333 - 334: -39912
334 - 335: -34446
335 - 336: -38276
336 - 337: -38051
337 - 338: -35650
338 - 339: -36319
339 - 340: -26594
340 - 341: 1769
341 - 342: -35398
342 - 343: -29971
343 - 344: -35855
344 - 345: -24590
345 - 346: -35523
346 - 347: -35556
347 - 348: -34161
348 - 349: -39873
349 - 350: -34070
350 - 351: -31125
351 - 352: 3844
352 - 353: -38992
353 - 354: 21570
354 - 355: -35360
355 - 356: -24275
356 - 357: -34306
357 - 358: -32584
358 - 359: -34008
359 - 360: -32579
360 - 361: -36063
361 - 362: -36841
362 - 363: -37993
363 - 364: -39345
364 - 365: -30316
365 - 366: -36717
366 - 367: -36377
367 - 368: -38621
368 - 369: -28940
369 - 370: -38656
370 - 371: -35582
371 - 372: -33963
372 - 373: -26312
373 - 374: -20628
374 - 375: -35705
375 - 376: -35629
376 - 377: -39208
377 - 378: -29841
378 - 379: -32994
379 - 380: -32777
380 - 381: -37011
381 - 382: -36701
382 - 383: -36397
383 - 384: -32858
384 - 385: -36065
385 - 386: -28606
386 - 387: -33742
387 - 388: -33404
388 - 389: -32631
389 - 390: -27553
390 - 391: -27083
391 - 392: -33288
392 - 393: -34252
393 - 394: -20406
394 - 395: -36016
395 - 396: -35280
396 - 397: -25924
397 - 398: -31413
398 - 399: -36645
399 - 400: -34746
400 - 401: -32955
401 - 402: -36776
402 - 403: -33825
403 - 404: -29350
404 - 405: -28282
405 - 406: 10709
406 - 407: -38279
407 - 408: -39695
408 - 409: 7768
409 - 410: -30388
410 - 411: -32798
411 - 412: -38226
412 - 413: -36913
413 - 414: -38823
414 - 415: -37822
415 - 416: 35909
416 - 417: -36972
417 - 418: -25586
418 - 419: -38921
419 - 420: -27485
420 - 421: -30242
421 - 422: -5259
422 - 423: -25371
423 - 424: -32293
424 - 425: -26949
425 - 426: -30583
426 - 427: 29984
427 - 428: -35021
428 - 429: -23408
429 - 430: 25452
430 - 431: -35028
431 - 432: -28676
432 - 433: 27640
433 - 434: -37075
434 - 435: -32410
435 - 436: -36888
436 - 437: -35812
437 - 438: -35920
438 - 439: -35537
439 - 440: -16255
440 - 441: 4494
441 - 442: -34740
442 - 443: 9835
443 - 444: -37018
444 - 445: -39160
445 - 446: -37225
446 - 447: -37908
447 - 448: -40083
448 - 449: -34767
449 - 450: -20809
450 - 451: -36928
451 - 452: -36265
452 - 453: -5586
453 - 454: -36170
454 - 455: -35894
455 - 456: 2706
456 - 457: -36835
457 - 458: -20974
458 - 459: -36124
459 - 460: -36915
460 - 461: -22759
461 - 462: -35518
462 - 463: -36168
463 - 464: -31836
464 - 465: -36737
465 - 466: -27093
466 - 467: -38054
467 - 468: -28184
468 - 469: -37445
469 - 470: -12583
470 - 471: -7121
471 - 472: -34160
472 - 473: -31644
473 - 474: -34659
474 - 475: -21866
475 - 476: 10080
476 - 477: -37402
477 - 478: -36403
478 - 479: -33684
479 - 480: -37976
480 - 481: -36778
481 - 482: -35079
482 - 483: -20554
483 - 484: -35071
484 - 485: -15319
485 - 486: -29897
486 - 487: -32402
487 - 488: -35223
488 - 489: -29025
489 - 490: -17207
490 - 491: -36004
491 - 492: -36091
492 - 493: -27779
493 - 494: -33713
494 - 495: -28332
495 - 496: -35899
496 - 497: -35497
497 - 498: -27708
498 - 499: 786
499 - 500: -34337
500 - 501: -34242
501 - 502: -39162
502 - 503: -38613
503 - 504: -16275
504 - 505: -18347
505 - 506: -21741
506 - 507: -39983
507 - 508: -23747
508 - 509: -37686
509 - 510: -30075
510 - 511: -36982
511 - 512: -33624
512 - 513: 25206
513 - 514: -31892
514 - 515: -35666
515 - 516: -33687
516 - 517: -36971
517 - 518: -33614
518 - 519: -35570
519 - 520: -35094
520 - 521: -37770
521 - 522: -35226
522 - 523: -38114
523 - 524: -39511
524 - 525: -28304
525 - 526: -37836
526 - 527: -25058
527 - 528: -35216
528 - 529: -33604
529 - 530: -34233
530 - 531: -35264
531 - 532: -35934
532 - 533: -34130
533 - 534: -33970
534 - 535: -33013
535 - 536: -26463
536 - 537: -32591
537 - 538: -35541
538 - 539: -36498
539 - 540: -35289
540 - 541: -34451
541 - 542: -36648
542 - 543: -35923
543 - 544: -34488
544 - 545: -36050
545 - 546: -36177
546 - 547: -35716
547 - 548: -34684
548 - 549: -33463
549 - 550: -36258
550 - 551: -34111
551 - 552: -34709
552 - 553: -34654
553 - 554: -25473
554 - 555: -30643
555 - 556: -28458
556 - 557: -29443
557 - 558: -35063
558 - 559: 1315
559 - 560: -23398
560 - 561: -23291
561 - 562: -24278
562 - 563: -23583
563 - 564: -29539
564 - 565: -35745
565 - 566: -36447
566 - 567: -37757
567 - 568: -36370
568 - 569: -33336
569 - 570: -17240
570 - 571: -30562
571 - 572: -29463
572 - 573: -19986
573 - 574: -35897
574 - 575: -33284
575 - 576: -34418
576 - 577: -33299
577 - 578: -34812
578 - 579: -38161
579 - 580: -37859
580 - 581: 29025
581 - 582: 34022
582 - 583: -35713
583 - 584: -28753
584 - 585: -38807
585 - 586: 312
586 - 587: -32908
587 - 588: -26619
588 - 589: -37638
589 - 590: -39987
590 - 591: -39924
591 - 592: -38498
592 - 593: -36886
593 - 594: -38688
594 - 595: -38261
595 - 596: -38196
596 - 597: -35722
597 - 598: -37282
598 - 599: -32228
599 - 600: -34464
600 - 601: -33143
601 - 602: -31690
602 - 603: -36159
603 - 604: -38059
604 - 605: 19862
605 - 606: -19492
606 - 607: 10381
607 - 608: -41628
608 - 609: -36991
609 - 610: -34285
610 - 611: 33768
611 - 612: -37157
612 - 613: -35249
613 - 614: -36167
614 - 615: -36439
615 - 616: -28643
616 - 617: -34176
617 - 618: -23471
618 - 619: -33608
619 - 620: -30322
620 - 621: -36564
621 - 622: -31716
622 - 623: 25498
623 - 624: -36965
624 - 625: 0
625 - 626: -2516
626 - 627: 4943
627 - 628: 7543
628 - 629: 13957
629 - 630: -842
630 - 631: 1134
631 - 632: 4955
632 - 633: -1502
633 - 634: -1299
634 - 635: 9104
635 - 636: 68319
636 - 637: 596
637 - 638: 796
638 - 639: -6850
639 - 640: 66618
640 - 641: -5899
641 - 642: 17156
642 - 643: -2573
643 - 644: -69
644 - 645: 9736
645 - 646: 12755
646 - 647: 253
647 - 648: -1401
648 - 649: -2788
649 - 650: -2798
650 - 651: 4895
651 - 652: 12570
652 - 653: 12099
653 - 654: -405
654 - 655: -1004
655 - 656: -1348
656 - 657: -3956
657 - 658: 1162
658 - 659: -1245
659 - 660: 582
660 - 661: 7155
661 - 662: -987
662 - 663: 66089
663 - 664: 10945
664 - 665: -2606
665 - 666: 153
666 - 667: 7573
667 - 668: -1466
668 - 669: -2067
669 - 670: 2298
670 - 671: -804
671 - 672: -304
672 - 673: 6038
673 - 674: -1470
674 - 675: -2697
675 - 676: 319
676 - 677: -1501
677 - 678: -763
678 - 679: 7399
679 - 680: -1554
680 - 681: 1445
681 - 682: -1565
682 - 683: -2041
683 - 684: -1941
684 - 685: 691
685 - 686: 6685
686 - 687: 11334
687 - 688: 3303
688 - 689: 7652
689 - 690: 3908
690 - 691: 7301
691 - 692: 1284
692 - 693: -1719
693 - 694: 625
694 - 695: 8794
695 - 696: -1370
696 - 697: 42613
697 - 698: -587
698 - 699: 2271
699 - 700: -1822
700 - 701: 13627
701 - 702: -815
702 - 703: 9051
703 - 704: -2163
704 - 705: 4902
705 - 706: -664
706 - 707: 1091
707 - 708: 12786
708 - 709: -687
709 - 710: -545
710 - 711: 16722
711 - 712: 17548
712 - 713: -2814
713 - 714: 33542
714 - 715: 19413
715 - 716: 3964
716 - 717: 60724
717 - 718: 4452
718 - 719: 6162
719 - 720: -1548
720 - 721: -2814
721 - 722: 1109
722 - 723: 3998
723 - 724: 4268
724 - 725: 1315
725 - 726: -312
726 - 727: 3644
727 - 728: -1167
728 - 729: 750
729 - 730: 2
730 - 731: -884
731 - 732: 1126
732 - 733: 19218
733 - 734: 5097
734 - 735: -663
735 - 736: 1785
736 - 737: 1294
737 - 738: -1709
738 - 739: -1911
739 - 740: 14146
740 - 741: 9673
741 - 742: -1666
742 - 743: 4542
743 - 744: 125
744 - 745: 1995
745 - 746: 16301
746 - 747: -2463
747 - 748: 4488
748 - 749: -797
749 - 750: 4084
750 - 751: 7848
751 - 752: 1285
752 - 753: 2806
753 - 754: 350
754 - 755: 556
755 - 756: -839
756 - 757: 4843
757 - 758: 8760
758 - 759: -2577
759 - 760: 7724
760 - 761: 9478
761 - 762: -1995
762 - 763: -1489
763 - 764: -840
764 - 765: -3910
765 - 766: -3244
766 - 767: 1773
767 - 768: 25616
768 - 769: 5290
769 - 770: -1213
770 - 771: 2257
771 - 772: -3568
772 - 773: -857
773 - 774: -2472
774 - 775: -2797
775 - 776: -3947
776 - 777: 10
777 - 778: -860
778 - 779: -1413
779 - 780: -828
780 - 781: -3669
781 - 782: 51312
782 - 783: -2324
783 - 784: -1531
784 - 785: 9609
785 - 786: 865
786 - 787: 68316
787 - 788: 2649
788 - 789: 2028
789 - 790: 136
790 - 791: 10449
791 - 792: 3620
792 - 793: 1335
793 - 794: 910
794 - 795: 1821
795 - 796: 25674
796 - 797: -942
797 - 798: -1700
798 - 799: 2345
799 - 800: -3041
800 - 801: -2896
801 - 802: 5332
802 - 803: 15321
803 - 804: 7842
804 - 805: 7682
805 - 806: 11003
806 - 807: 66515
807 - 808: -2775
808 - 809: -2375
809 - 810: -480
810 - 811: -1884
811 - 812: 11820
812 - 813: -3202
813 - 814: 1193
814 - 815: -1287
815 - 816: 9463
816 - 817: 1690
817 - 818: 1006
818 - 819: 5664
819 - 820: 7621
820 - 821: 3750
821 - 822: -1051
822 - 823: 15
823 - 824: 68786
824 - 825: 7586
825 - 826: 3688
826 - 827: 5214
827 - 828: -1158
828 - 829: 51082
829 - 830: 17068
830 - 831: -2009
831 - 832: -1047
832 - 833: 1541
833 - 834: 7280
834 - 835: 1768
835 - 836: -1315
836 - 837: -351
837 - 838: 60410
838 - 839: -4117
839 - 840: -521
840 - 841: -1042
841 - 842: 5855
842 - 843: 1985
843 - 844: 28583
844 - 845: -1945
845 - 846: 1106
846 - 847: -3257
847 - 848: -1977
848 - 849: 32082
849 - 850: 37669
850 - 851: 979
851 - 852: -1296
852 - 853: -2426
853 - 854: -1670
854 - 855: -1520
855 - 856: 6073
856 - 857: 544
857 - 858: -1898
858 - 859: -2656
859 - 860: 14989
860 - 861: 196
861 - 862: -926
862 - 863: -2062
863 - 864: 35218
864 - 865: 13072
865 - 866: -2166
866 - 867: -2721
867 - 868: 27823
868 - 869: 701
869 - 870: 4699
870 - 871: 349
871 - 872: 2652
872 - 873: 6769
873 - 874: -3702
874 - 875: -636
875 - 876: 1582
876 - 877: 5397
877 - 878: 7712
878 - 879: 3899
879 - 880: 63037
880 - 881: 13516
881 - 882: 4357
882 - 883: 10458
883 - 884: -2304
884 - 885: 18113
885 - 886: -489
886 - 887: -1129
887 - 888: 20075
888 - 889: -1519
889 - 890: -3631
890 - 891: 4840
891 - 892: -6226
892 - 893: 5658
893 - 894: 811
894 - 895: -1739
895 - 896: 7924
896 - 897: 14460
897 - 898: 12698
898 - 899: -2031
899 - 900: -2370
900 - 901: -914
901 - 902: -6748
902 - 903: 100
903 - 904: 15610
904 - 905: 35342
905 - 906: -1395
906 - 907: 7587
907 - 908: -1396
908 - 909: 20116
909 - 910: 65
910 - 911: 19487
911 - 912: 2591
912 - 913: 1808
913 - 914: -2802
914 - 915: -2614
915 - 916: 4603
916 - 917: 12288
917 - 918: 229
918 - 919: -2153
919 - 920: -1849
920 - 921: 149
921 - 922: -1916
922 - 923: -1388
923 - 924: 1148
924 - 925: 6104
925 - 926: 43133
926 - 927: -2362
927 - 928: 8852
928 - 929: 62483
929 - 930: 65732
930 - 931: -1974
931 - 932: -1009
932 - 933: 54787
933 - 934: 21668
934 - 935: 45207
935 - 936: -1415
936 - 937: -1418
937 - 938: -2197
938 - 939: -588
939 - 940: 2313
940 - 941: 7188
941 - 942: 12430
942 - 943: 5762
943 - 944: 1466
944 - 945: 4214
945 - 946: -1741
946 - 947: -243
947 - 948: 2597
948 - 949: -1159
949 - 950: -1122
950 - 951: 16092
951 - 952: -605
952 - 953: 10107
953 - 954: 8553
954 - 955: 40690
955 - 956: -123
956 - 957: -810
957 - 958: -1715
958 - 959: -1096
959 - 960: 57655
960 - 961: 7857
961 - 962: 8400
962 - 963: 7684
963 - 964: -653
964 - 965: 2043
965 - 966: 42389
966 - 967: -1210
967 - 968: 723
968 - 969: -2204
969 - 970: 4183
970 - 971: -3368
971 - 972: -3747
972 - 973: -3829
973 - 974: -1042
974 - 975: -2137
975 - 976: -2344
976 - 977: 2369
977 - 978: 60869
978 - 979: 30476
979 - 980: 13828
980 - 981: 24942
981 - 982: -5167
982 - 983: -3605
983 - 984: 49447
984 - 985: 63740
985 - 986: 647
986 - 987: 16621
987 - 988: -1796
988 - 989: -3392
989 - 990: 24649
990 - 991: 9488
991 - 992: 702
992 - 993: 1742
993 - 994: 4143
994 - 995: 66620
995 - 996: 55596
996 - 997: 15260
997 - 998: -2390
998 - 999: 1126
999 - 1000: 6961
1000 - 1001: 866
1001 - 1002: 2966
1002 - 1003: 8074
1003 - 1004: -690
1004 - 1005: 3813
1005 - 1006: -2787
1006 - 1007: 342
1007 - 1008: 12777
1008 - 1009: -1476
1009 - 1010: 1937
1010 - 1011: 11788
1011 - 1012: 14055
1012 - 1013: 1882
1013 - 1014: 5297
1014 - 1015: 30106
1015 - 1016: 56015
1016 - 1017: 4409
1017 - 1018: 15554
1018 - 1019: -1658
1019 - 1020: 36055
1020 - 1021: -1327
1021 - 1022: -2086
1022 - 1023: -338
1023 - 1024: 6649
1024 - 1025: -3016
1025 - 1026: 7306
1026 - 1027: 11422
1027 - 1028: 9963
1028 - 1029: 1399
1029 - 1030: 12407
1030 - 1031: -6063
1031 - 1032: -840
1032 - 1033: 295
1033 - 1034: 1569
1034 - 1035: -3197
1035 - 1036: 2374
1036 - 1037: 1969
1037 - 1038: 9322
1038 - 1039: 1206
1039 - 1040: 36606
1040 - 1041: 73
1041 - 1042: 15273
1042 - 1043: 13420
1043 - 1044: 17272
1044 - 1045: -670
1045 - 1046: -2374
1046 - 1047: -1759
1047 - 1048: 43303
1048 - 1049: 4154
1049 - 1050: 11594
1050 - 1051: -1560
1051 - 1052: 44086
1052 - 1053: -3768
1053 - 1054: -259
1054 - 1055: 13930
1055 - 1056: -2131
1056 - 1057: -5456
1057 - 1058: -4717
1058 - 1059: -1545
1059 - 1060: 4672
1060 - 1061: -3996
1061 - 1062: -2175
1062 - 1063: -550
1063 - 1064: -3249
1064 - 1065: -2112
1065 - 1066: -1509
1066 - 1067: -1613
1067 - 1068: -747
1068 - 1069: -1113
1069 - 1070: -3253
1070 - 1071: -3932
1071 - 1072: 1269
1072 - 1073: 3790
1073 - 1074: 7744
1074 - 1075: -3165
1075 - 1076: -4456
1076 - 1077: -1703
1077 - 1078: -91
1078 - 1079: -2447
1079 - 1080: 5832
1080 - 1081: -3167
1081 - 1082: -937
1082 - 1083: -2325
1083 - 1084: -4319
1084 - 1085: -5177
1085 - 1086: -3276
1086 - 1087: -4204
1087 - 1088: -3260
1088 - 1089: -2741
1089 - 1090: -3585
1090 - 1091: -1811
1091 - 1092: -3411
1092 - 1093: -2084
1093 - 1094: 4358
1094 - 1095: 5116
1095 - 1096: 17488
1096 - 1097: -1152
1097 - 1098: -1933
1098 - 1099: -1427
1099 - 1100: -2504
1100 - 1101: 8239
1101 - 1102: 63770
1102 - 1103: 3738
1103 - 1104: -721
1104 - 1105: 43546
1105 - 1106: 11437
1106 - 1107: -3476
1107 - 1108: 4331
1108 - 1109: -1953
1109 - 1110: 18547
1110 - 1111: 4980
1111 - 1112: 311
1112 - 1113: -1795
1113 - 1114: 451
1114 - 1115: 9351
1115 - 1116: 12386
1116 - 1117: 687
1117 - 1118: 6464
1118 - 1119: 8222
1119 - 1120: 42441
1120 - 1121: 286
1121 - 1122: 8569
1122 - 1123: -608
1123 - 1124: 9174
1124 - 1125: 68632
1125 - 1126: 14456
1126 - 1127: 8187
1127 - 1128: -140
1128 - 1129: 12544
1129 - 1130: 110
1130 - 1131: 3171
1131 - 1132: 5119
1132 - 1133: 4855
1133 - 1134: 4971
1134 - 1135: 6051
1135 - 1136: 6072
1136 - 1137: 5566
1137 - 1138: -1947
1138 - 1139: 2143
1139 - 1140: -2270
1140 - 1141: 544
1141 - 1142: 3477
1142 - 1143: 10281
1143 - 1144: -6318
1144 - 1145: -6063
1145 - 1146: 9827
1146 - 1147: 12058
1147 - 1148: 11600
1148 - 1149: 3083
1149 - 1150: 13396
1150 - 1151: 9783
1151 - 1152: -1174
1152 - 1153: -2090
1153 - 1154: 2264
1154 - 1155: -2165
1155 - 1156: 32206
1156 - 1157: -2238
1157 - 1158: -1192
1158 - 1159: -1663
1159 - 1160: 42613
1160 - 1161: -1200
1161 - 1162: -2931
1162 - 1163: 3214
1163 - 1164: 9333
1164 - 1165: -1573
1165 - 1166: 1606
1166 - 1167: -3248
1167 - 1168: 9411
1168 - 1169: 14179
1169 - 1170: 7949
1170 - 1171: 38844
1171 - 1172: -3368
1172 - 1173: -5848
1173 - 1174: 536
1174 - 1175: 1064
1175 - 1176: 2152
1176 - 1177: 9754
1177 - 1178: 5246
1178 - 1179: 116
1179 - 1180: 44656
1180 - 1181: 3721
1181 - 1182: -1506
1182 - 1183: -945
1183 - 1184: 4482
1184 - 1185: 1280
1185 - 1186: 4563
1186 - 1187: 4479
1187 - 1188: 136
1188 - 1189: 7748
1189 - 1190: 70607
1190 - 1191: 1906
1191 - 1192: 7810
1192 - 1193: 12459
1193 - 1194: 13984
1194 - 1195: -833
1195 - 1196: 835
1196 - 1197: 7743
1197 - 1198: -2577
1198 - 1199: 2761
1199 - 1200: -55
1200 - 1201: -1128
1201 - 1202: 42648
1202 - 1203: 55440
1203 - 1204: 2153
1204 - 1205: -2666
1205 - 1206: -1581
1206 - 1207: -1252
1207 - 1208: 7489
1208 - 1209: 2892
1209 - 1210: 1254
1210 - 1211: -2014
1211 - 1212: -169
1212 - 1213: 42729
1213 - 1214: -280
1214 - 1215: -9309
1215 - 1216: 4488
1216 - 1217: 3062
1217 - 1218: -3395
1218 - 1219: 1265
1219 - 1220: -4146
1220 - 1221: 2192
1221 - 1222: -959
1222 - 1223: 15677
1223 - 1224: 32321
1224 - 1225: 7828
1225 - 1226: 68261
1226 - 1227: -3176
1227 - 1228: 9463
1228 - 1229: 3684
1229 - 1230: 35702
1230 - 1231: 9657
1231 - 1232: 2969
1232 - 1233: 11577
1233 - 1234: 10672
1234 - 1235: 8575
1235 - 1236: 3131
1236 - 1237: 5
1237 - 1238: -1805
1238 - 1239: 1340
1239 - 1240: 37966
1240 - 1241: 907
1241 - 1242: 38032
1242 - 1243: 1370
1243 - 1244: 10254
1244 - 1245: 11086
1245 - 1246: -1283
1246 - 1247: 12921
1247 - 1248: -133
1248 - 1249: 6305
1249 - 1250: 0
1250 - 1251: -788
1251 - 1252: 3236
1252 - 1253: -2387
1253 - 1254: -438
1254 - 1255: 5777
1255 - 1256: 3200
1256 - 1257: -210
1257 - 1258: 8524
1258 - 1259: 2600
1259 - 1260: 482
1260 - 1261: 68884
1261 - 1262: 3932
1262 - 1263: -1881
1263 - 1264: -215
1264 - 1265: 13994
1265 - 1266: 29
1266 - 1267: 3132
1267 - 1268: 1100
1268 - 1269: 32846
1269 - 1270: -1386
1270 - 1271: -666
1271 - 1272: -2114
1272 - 1273: -2433
1273 - 1274: -4623
1274 - 1275: 2042
1275 - 1276: 3207
1276 - 1277: 6474
1277 - 1278: -422
1278 - 1279: 4626
1279 - 1280: -1970
1280 - 1281: -3342
1281 - 1282: 4135
1282 - 1283: 13452
1283 - 1284: -5668
1284 - 1285: 9101
1285 - 1286: 5346
1286 - 1287: -4942
1287 - 1288: 14796
1288 - 1289: -8099
1289 - 1290: 60677
1290 - 1291: 4930
1291 - 1292: -28
1292 - 1293: -4132
1293 - 1294: 5020
1294 - 1295: 1234
1295 - 1296: 1362
1296 - 1297: 9911
1297 - 1298: -563
1298 - 1299: 2159
1299 - 1300: 48777
1300 - 1301: 11535
1301 - 1302: 1035
1302 - 1303: -2521
1303 - 1304: -1769
1304 - 1305: -2287
1305 - 1306: 336
1306 - 1307: 636
1307 - 1308: 3884
1308 - 1309: 71
1309 - 1310: 3244
1310 - 1311: 63380
1311 - 1312: 2656
1312 - 1313: 7816
1313 - 1314: -789
1314 - 1315: -3493
1315 - 1316: -2276
1316 - 1317: -699
1317 - 1318: 157
1318 - 1319: 7075
1319 - 1320: 5943
1320 - 1321: 1086
1321 - 1322: 23542
1322 - 1323: 2407
1323 - 1324: -742
1324 - 1325: -1911
1325 - 1326: -601
1326 - 1327: 67846
1327 - 1328: 4741
1328 - 1329: 103
1329 - 1330: 333
1330 - 1331: 915
1331 - 1332: 5290
1332 - 1333: 2878
1333 - 1334: -1614
1334 - 1335: 94
1335 - 1336: 469
1336 - 1337: 1928
1337 - 1338: 3972
1338 - 1339: -2845
1339 - 1340: 1271
1340 - 1341: 1384
1341 - 1342: 942
1342 - 1343: -3102
1343 - 1344: -1330
1344 - 1345: 21494
1345 - 1346: 790
1346 - 1347: 5703
1347 - 1348: 18610
1348 - 1349: -1532
1349 - 1350: -5038
1350 - 1351: 5278
1351 - 1352: -399
1352 - 1353: 867
1353 - 1354: 2495
1354 - 1355: -986
1355 - 1356: 7
1356 - 1357: 1620
1357 - 1358: 13220
1358 - 1359: -2417
1359 - 1360: 66052
1360 - 1361: 9373
1361 - 1362: -1684
1362 - 1363: -154
1363 - 1364: 729
1364 - 1365: 6575
1365 - 1366: 17880
1366 - 1367: -418
1367 - 1368: 6823
1368 - 1369: -7408
1369 - 1370: -2715
1370 - 1371: -2778
1371 - 1372: 61597
1372 - 1373: -4166
1373 - 1374: -927
1374 - 1375: 14710
1375 - 1376: 4720
1376 - 1377: 5545
1377 - 1378: 1293
1378 - 1379: -2239
1379 - 1380: -1436
1380 - 1381: -3324
1381 - 1382: 1847
1382 - 1383: 8363
1383 - 1384: 46939
1384 - 1385: -1460
1385 - 1386: 8408
1386 - 1387: -2403
1387 - 1388: -2214
1388 - 1389: -3155
1389 - 1390: -534
1390 - 1391: -519
1391 - 1392: 25279
1392 - 1393: -1775
1393 - 1394: 66552
1394 - 1395: -829
1395 - 1396: 3008
1396 - 1397: 4824
1397 - 1398: -1843
1398 - 1399: -1957
1399 - 1400: -552
1400 - 1401: 83060
1401 - 1402: -2528
1402 - 1403: 8400
1403 - 1404: -2466
1404 - 1405: 2954
1405 - 1406: 4052
1406 - 1407: -2299
1407 - 1408: 12814
1408 - 1409: 4885
1409 - 1410: -1301
1410 - 1411: 10362
1411 - 1412: 8045
1412 - 1413: 467
1413 - 1414: 29558
1414 - 1415: 5534
1415 - 1416: 11218
1416 - 1417: 52307
1417 - 1418: -2020
1418 - 1419: -3301
1419 - 1420: 8374
1420 - 1421: 3987
1421 - 1422: 8062
1422 - 1423: 4011
1423 - 1424: 7569
1424 - 1425: -1908
1425 - 1426: -751
1426 - 1427: 41700
1427 - 1428: 2586
1428 - 1429: 2035
1429 - 1430: 10125
1430 - 1431: 11507
1431 - 1432: 4196
1432 - 1433: 9120
1433 - 1434: 3163
1434 - 1435: 48788
1435 - 1436: 4077
1436 - 1437: -1086
1437 - 1438: 7602
1438 - 1439: 44789
1439 - 1440: 1684
1440 - 1441: 3730
1441 - 1442: 6366
1442 - 1443: 8338
1443 - 1444: 3857
1444 - 1445: -592
1445 - 1446: 10765
1446 - 1447: 4279
1447 - 1448: 14578
1448 - 1449: 9742
1449 - 1450: -4191
1450 - 1451: -1022
1451 - 1452: 15415
1452 - 1453: 28483
1453 - 1454: 17568
1454 - 1455: -2310
1455 - 1456: 2215
1456 - 1457: 67084
1457 - 1458: 569
1458 - 1459: -2417
1459 - 1460: -1096
1460 - 1461: 3014
1461 - 1462: 5851
1462 - 1463: 16415
1463 - 1464: -705
1464 - 1465: 10551
1465 - 1466: -1634
1466 - 1467: 19183
1467 - 1468: 335
1468 - 1469: -345
1469 - 1470: 436
1470 - 1471: 2026
1471 - 1472: 5716
1472 - 1473: 15502
1473 - 1474: 9384
1474 - 1475: -1198
1475 - 1476: 9106
1476 - 1477: 12933
1477 - 1478: 14346
1478 - 1479: -757
1479 - 1480: 140
1480 - 1481: 2533
1481 - 1482: 5211
1482 - 1483: 4441
1483 - 1484: 4205
1484 - 1485: 5971
1485 - 1486: -58
1486 - 1487: 2879
1487 - 1488: 60317
1488 - 1489: 11273
1489 - 1490: 7443
1490 - 1491: 19050
1491 - 1492: -2805
1492 - 1493: 7021
1493 - 1494: -220
1494 - 1495: -1896
1495 - 1496: 1194
1496 - 1497: 954
1497 - 1498: 620
1498 - 1499: 2537
1499 - 1500: 7608
1500 - 1501: 1828
1501 - 1502: 597
1502 - 1503: 5635
1503 - 1504: -302
1504 - 1505: -1796
1505 - 1506: -2975
1506 - 1507: -437
1507 - 1508: -520
1508 - 1509: 1282
1509 - 1510: 6141
1510 - 1511: -4289
1511 - 1512: 3161
1512 - 1513: -98
1513 - 1514: -1590
1514 - 1515: -2017
1515 - 1516: 6618
1516 - 1517: -463
1517 - 1518: 14884
1518 - 1519: -1510
1519 - 1520: -2288
1520 - 1521: 2378
1521 - 1522: 64797
1522 - 1523: 33612
1523 - 1524: 5407
1524 - 1525: 1137
1525 - 1526: 1836
1526 - 1527: -3465
1527 - 1528: 5859
1528 - 1529: 10312
1529 - 1530: -1323
1530 - 1531: -413
1531 - 1532: 678
1532 - 1533: 3855
1533 - 1534: 14702
1534 - 1535: 5927
1535 - 1536: 12820
1536 - 1537: 8632
1537 - 1538: -575
1538 - 1539: -720
1539 - 1540: -1451
1540 - 1541: 10438
1541 - 1542: 11110
1542 - 1543: -1264
1543 - 1544: 5146
1544 - 1545: 1833
1545 - 1546: 5297
1546 - 1547: 1827
1547 - 1548: 13110
1548 - 1549: 8538
1549 - 1550: 1235
1550 - 1551: 14844
1551 - 1552: -2193
1552 - 1553: 4085
1553 - 1554: -3113
1554 - 1555: 517
1555 - 1556: 1891
1556 - 1557: 12098
1557 - 1558: 2180
1558 - 1559: 37043
1559 - 1560: -861
1560 - 1561: -2544
1561 - 1562: -1054
1562 - 1563: -1165
1563 - 1564: 9645
1564 - 1565: 2309
1565 - 1566: 346
1566 - 1567: 7971
1567 - 1568: -1947
1568 - 1569: 26988
1569 - 1570: 17600
1570 - 1571: 12401
1571 - 1572: 11222
1572 - 1573: 3307
1573 - 1574: -3463
1574 - 1575: 656
1575 - 1576: 4555
1576 - 1577: 33472
1577 - 1578: -1863
1578 - 1579: -2247
1579 - 1580: 4347
1580 - 1581: 14114
1581 - 1582: 5150
1582 - 1583: -1097
1583 - 1584: 6626
1584 - 1585: -205
1585 - 1586: 5989
1586 - 1587: -2807
1587 - 1588: -1111
1588 - 1589: 15128
1589 - 1590: 1155
1590 - 1591: 3974
1591 - 1592: -1926
1592 - 1593: -2982
1593 - 1594: 5001
1594 - 1595: 5766
1595 - 1596: 1149
1596 - 1597: -1621
1597 - 1598: -693
1598 - 1599: 1824
1599 - 1600: 671
1600 - 1601: 4707
1601 - 1602: 31
1602 - 1603: -6904
1603 - 1604: 6668
1604 - 1605: -1796
1605 - 1606: 5211
1606 - 1607: 16212
1607 - 1608: -2108
1608 - 1609: 17824
1609 - 1610: 61843
1610 - 1611: 19414
1611 - 1612: 15577
1612 - 1613: 13150
1613 - 1614: -1405
1614 - 1615: -1321
1615 - 1616: 1184
1616 - 1617: -4099
1617 - 1618: 20073
1618 - 1619: -1341
1619 - 1620: 723
1620 - 1621: 1825
1621 - 1622: -1087
1622 - 1623: 37536
1623 - 1624: -1353
1624 - 1625: 2361
1625 - 1626: -382
1626 - 1627: 52519
1627 - 1628: -1108
1628 - 1629: 5631
1629 - 1630: -5099
1630 - 1631: -2167
1631 - 1632: 349
1632 - 1633: 8000
1633 - 1634: 336
1634 - 1635: -148
1635 - 1636: 527
1636 - 1637: 9549
1637 - 1638: -1473
1638 - 1639: 7597
1639 - 1640: 7507
1640 - 1641: 3510
1641 - 1642: 18722
1642 - 1643: 1151
1643 - 1644: 9708
1644 - 1645: -586
1645 - 1646: 15755
1646 - 1647: -2117
1647 - 1648: 284
1648 - 1649: 42
1649 - 1650: 20573
1650 - 1651: 13951
1651 - 1652: 1688
1652 - 1653: 4870
1653 - 1654: -1831
1654 - 1655: -2926
1655 - 1656: 833
1656 - 1657: 9750
1657 - 1658: 22453
1658 - 1659: 41950
1659 - 1660: 2352
1660 - 1661: -808
1661 - 1662: 4092
1662 - 1663: 1600
1663 - 1664: 2866
1664 - 1665: 6574
1665 - 1666: -1917
1666 - 1667: -1070
1667 - 1668: 704
1668 - 1669: 3726
1669 - 1670: 6635
1670 - 1671: 4217
1671 - 1672: 5743
1672 - 1673: 5062
1673 - 1674: -1167
1674 - 1675: 7490
1675 - 1676: 2041
1676 - 1677: 6415
1677 - 1678: 44889
1678 - 1679: -1171
1679 - 1680: 1578
1680 - 1681: -2429
1681 - 1682: 1425
1682 - 1683: 3787
1683 - 1684: 1317
1684 - 1685: 1213
1685 - 1686: -299
1686 - 1687: 6034
1687 - 1688: 2800
1688 - 1689: -409
1689 - 1690: 8370
1690 - 1691: -2385
1691 - 1692: 6457
1692 - 1693: -2592
1693 - 1694: -1280
1694 - 1695: 8667
1695 - 1696: 9167
1696 - 1697: 15912
1697 - 1698: 2045
1698 - 1699: 3688
1699 - 1700: -1023
1700 - 1701: 2986
1701 - 1702: -1067
1702 - 1703: -1563
1703 - 1704: 25000
1704 - 1705: 5166
1705 - 1706: -3852
1706 - 1707: 15461
1707 - 1708: 6764
1708 - 1709: 1258
1709 - 1710: 541
1710 - 1711: 6086
1711 - 1712: 302
1712 - 1713: -177
1713 - 1714: -875
1714 - 1715: 16534
1715 - 1716: 2028
1716 - 1717: 8584
1717 - 1718: 7403
1718 - 1719: 4699
1719 - 1720: -1528
1720 - 1721: -1473
1721 - 1722: 11772
1722 - 1723: -311
1723 - 1724: -66
1724 - 1725: -3082
1725 - 1726: -996
1726 - 1727: -1804
1727 - 1728: 5333
1728 - 1729: -60
1729 - 1730: 14003
1730 - 1731: 1080
1731 - 1732: 387
1732 - 1733: 1314
1733 - 1734: 1875
1734 - 1735: 4810
1735 - 1736: 5408
1736 - 1737: 9685
1737 - 1738: 5332
1738 - 1739: -1906
1739 - 1740: 4165
1740 - 1741: 49290
1741 - 1742: 4395
1742 - 1743: 9639
1743 - 1744: 3242
1744 - 1745: 19428
1745 - 1746: 6989
1746 - 1747: -1898
1747 - 1748: 5808
1748 - 1749: 9410
1749 - 1750: 9360
1750 - 1751: 8601
1751 - 1752: 967
1752 - 1753: 5615
1753 - 1754: 4466
1754 - 1755: 4468
1755 - 1756: 3205
1756 - 1757: -3075
1757 - 1758: -1153
1758 - 1759: -3813
1759 - 1760: 1652
1760 - 1761: 10411
1761 - 1762: -1485
1762 - 1763: -740
1763 - 1764: -1549
1764 - 1765: -401
1765 - 1766: -2558
1766 - 1767: 5342
1767 - 1768: -162
1768 - 1769: 4046
1769 - 1770: -96
1770 - 1771: 11061
1771 - 1772: 1894
1772 - 1773: 19531
1773 - 1774: 662
1774 - 1775: -686
1775 - 1776: 334
1776 - 1777: -2848
1777 - 1778: 1561
1778 - 1779: 12927
1779 - 1780: 3131
1780 - 1781: 223
1781 - 1782: -1126
1782 - 1783: 47625
1783 - 1784: -1048
1784 - 1785: -694
1785 - 1786: 3123
1786 - 1787: 22818
1787 - 1788: -3543
1788 - 1789: 58705
1789 - 1790: -3842
1790 - 1791: 44868
1791 - 1792: 5318
1792 - 1793: 11426
1793 - 1794: 7913
1794 - 1795: 8690
1795 - 1796: 8965
1796 - 1797: -2763
1797 - 1798: -822
1798 - 1799: -1206
1799 - 1800: -59
1800 - 1801: 6557
1801 - 1802: -2960
1802 - 1803: -1204
1803 - 1804: -2814
1804 - 1805: -666
1805 - 1806: 5049
1806 - 1807: -503
1807 - 1808: 10871
1808 - 1809: 3184
1809 - 1810: 10104
1810 - 1811: 38076
1811 - 1812: -1590
1812 - 1813: -2063
1813 - 1814: -3167
1814 - 1815: 5624
1815 - 1816: -859
1816 - 1817: 47103
1817 - 1818: -836
1818 - 1819: 2007
1819 - 1820: 2137
1820 - 1821: 1730
1821 - 1822: -3060
1822 - 1823: -1060
1823 - 1824: -3747
1824 - 1825: -2276
1825 - 1826: 6270
1826 - 1827: 645
1827 - 1828: 19
1828 - 1829: 40922
1829 - 1830: 52225
1830 - 1831: 14907
1831 - 1832: -1003
1832 - 1833: -445
1833 - 1834: 53657
1834 - 1835: 6613
1835 - 1836: 5168
1836 - 1837: 4664
1837 - 1838: 2271
1838 - 1839: 3292
1839 - 1840: 3114
1840 - 1841: 935
1841 - 1842: 1064
1842 - 1843: 1488
1843 - 1844: -304
1844 - 1845: -7185
1845 - 1846: 1594
1846 - 1847: 3289
1847 - 1848: 9099
1848 - 1849: 422
1849 - 1850: -1033
1850 - 1851: 4555
1851 - 1852: 5338
1852 - 1853: -1031
1853 - 1854: 1464
1854 - 1855: 266
1855 - 1856: -1385
1856 - 1857: 1679
1857 - 1858: -1686
1858 - 1859: 6350
1859 - 1860: 16860
1860 - 1861: 11602
1861 - 1862: -2527
1862 - 1863: 14219
1863 - 1864: 7066
1864 - 1865: 2682
1865 - 1866: 6569
1866 - 1867: 1671
1867 - 1868: 50530
1868 - 1869: -1743
1869 - 1870: -3822
1870 - 1871: 427
1871 - 1872: 3888
1872 - 1873: 685
1873 - 1874: 43916
1874 - 1875: 0
1875 - 1876: 680
1876 - 1877: 4900
1877 - 1878: -3292
1878 - 1879: 3445
1879 - 1880: -3800
1880 - 1881: 8499
1881 - 1882: 1292
1882 - 1883: 5587
1883 - 1884: 34536
1884 - 1885: 3089
1885 - 1886: -3165
1886 - 1887: -2353
1887 - 1888: 28953
1888 - 1889: 3898
1889 - 1890: 5520
1890 - 1891: 480
1891 - 1892: 2058
1892 - 1893: 26732
1893 - 1894: 14042
1894 - 1895: 4443
1895 - 1896: 3605
1896 - 1897: -1568
1897 - 1898: 5325
1898 - 1899: 44125
1899 - 1900: 10112
1900 - 1901: 12331
1901 - 1902: 879
1902 - 1903: -381
1903 - 1904: 6514
1904 - 1905: 3255
1905 - 1906: 5087
1906 - 1907: -866
1907 - 1908: 17
1908 - 1909: 5015
1909 - 1910: 8174
1910 - 1911: -3688
1911 - 1912: -2840
1912 - 1913: -714
1913 - 1914: 4131
1914 - 1915: 1035
1915 - 1916: -1134
1916 - 1917: 2683
1917 - 1918: 13707
1918 - 1919: 8295
1919 - 1920: 45192
1920 - 1921: 6491
1921 - 1922: 1997
1922 - 1923: 5696
1923 - 1924: 9267
1924 - 1925: 10504
1925 - 1926: 61435
1926 - 1927: 2249
1927 - 1928: 12365
1928 - 1929: 8493
1929 - 1930: 182
1930 - 1931: 12766
1931 - 1932: 1931
1932 - 1933: 353
1933 - 1934: 350
1934 - 1935: -1443
1935 - 1936: -4252
1936 - 1937: 8747
1937 - 1938: 7979
1938 - 1939: 3250
1939 - 1940: 1563
1940 - 1941: 6959
1941 - 1942: -771
1942 - 1943: -891
1943 - 1944: 3152
1944 - 1945: 1802
1945 - 1946: 1922
1946 - 1947: 97
1947 - 1948: -381
1948 - 1949: 7680
1949 - 1950: -668
1950 - 1951: 6577
1951 - 1952: 5614
1952 - 1953: 8582
1953 - 1954: 300
1954 - 1955: 5968
1955 - 1956: 11238
1956 - 1957: 1914
1957 - 1958: 2895
1958 - 1959: 6390
1959 - 1960: 15122
1960 - 1961: 1957
1961 - 1962: 2701
1962 - 1963: 5806
1963 - 1964: 1894
1964 - 1965: 901
1965 - 1966: 10091
1966 - 1967: 3275
1967 - 1968: 512
1968 - 1969: 160
1969 - 1970: 505
1970 - 1971: -1538
1971 - 1972: -2030
1972 - 1973: 1314
1973 - 1974: 191
1974 - 1975: -20
1975 - 1976: 32856
1976 - 1977: -2596
1977 - 1978: 17134
1978 - 1979: 1467
1979 - 1980: -180
1980 - 1981: 4440
1981 - 1982: 15262
1982 - 1983: -2683
1983 - 1984: -5926
1984 - 1985: 21017
1985 - 1986: 859
1986 - 1987: -819
1987 - 1988: 20238
1988 - 1989: -2717
1989 - 1990: 9321
1990 - 1991: 14660
1991 - 1992: -2445
1992 - 1993: -1897
1993 - 1994: 939
1994 - 1995: 5395
1995 - 1996: 8946
1996 - 1997: 337
1997 - 1998: 9613
1998 - 1999: 48468
1999 - 2000: 2207
2000 - 2001: 1588
2001 - 2002: -421
2002 - 2003: 3778
2003 - 2004: 9864
2004 - 2005: 18524
2005 - 2006: 17964
2006 - 2007: 17394
2007 - 2008: -1607
2008 - 2009: 479
2009 - 2010: 12017
2010 - 2011: 12
2011 - 2012: -1507
2012 - 2013: 3159
2013 - 2014: 7575
2014 - 2015: 15582
2015 - 2016: 1691
2016 - 2017: 5441
2017 - 2018: -639
2018 - 2019: 9588
2019 - 2020: 15094
2020 - 2021: 39758
2021 - 2022: 3657
2022 - 2023: 1283
2023 - 2024: 3386
2024 - 2025: 10597
2025 - 2026: 15612
2026 - 2027: -2975
2027 - 2028: 5166
2028 - 2029: 9580
2029 - 2030: 65546
2030 - 2031: 9461
2031 - 2032: 12898
2032 - 2033: 1981
2033 - 2034: 922
2034 - 2035: 235
2035 - 2036: 42022
2036 - 2037: 15522
2037 - 2038: 15539
2038 - 2039: 12073
2039 - 2040: -99
2040 - 2041: 9369
2041 - 2042: 15640
2042 - 2043: -238
2043 - 2044: 9257
2044 - 2045: -1391
2045 - 2046: 68309
2046 - 2047: 165
2047 - 2048: 1273
2048 - 2049: -1780
2049 - 2050: 8161
2050 - 2051: 3190
2051 - 2052: 6081
2052 - 2053: 11815
2053 - 2054: 21
2054 - 2055: 1426
2055 - 2056: -1027
2056 - 2057: -3566
2057 - 2058: -2231
2058 - 2059: 2686
2059 - 2060: 17136
2060 - 2061: 61237
2061 - 2062: 53075
2062 - 2063: -145
2063 - 2064: 1844
2064 - 2065: 8088
2065 - 2066: 395
2066 - 2067: 5745
2067 - 2068: -3245
2068 - 2069: -2059
2069 - 2070: -2423
2070 - 2071: 13065
2071 - 2072: 469
2072 - 2073: 1185
2073 - 2074: 1798
2074 - 2075: -3284
2075 - 2076: 5983
2076 - 2077: -279
2077 - 2078: -608
2078 - 2079: 2039
2079 - 2080: -1985
2080 - 2081: 21778
2081 - 2082: 255
2082 - 2083: -2749
2083 - 2084: 493
2084 - 2085: -126
2085 - 2086: 1214
2086 - 2087: 440
2087 - 2088: -1275
2088 - 2089: -632
2089 - 2090: 6308
2090 - 2091: -1941
2091 - 2092: 19843
2092 - 2093: 5002
2093 - 2094: 1151
2094 - 2095: -2760
2095 - 2096: -676
2096 - 2097: -1472
2097 - 2098: 1745
2098 - 2099: -2303
2099 - 2100: 257
2100 - 2101: 1545
2101 - 2102: 47106
2102 - 2103: 1201
2103 - 2104: -420
2104 - 2105: -2255
2105 - 2106: 3289
2106 - 2107: 68852
2107 - 2108: -2236
2108 - 2109: 414
2109 - 2110: -1373
2110 - 2111: 32088
2111 - 2112: -1145
2112 - 2113: 6746
2113 - 2114: -3092
2114 - 2115: -628
2115 - 2116: -1299
2116 - 2117: -865
2117 - 2118: 44155
2118 - 2119: 8890
2119 - 2120: -1718
2120 - 2121: -3872
2121 - 2122: -1665
2122 - 2123: 1329
2123 - 2124: 1314
2124 - 2125: -2667
2125 - 2126: -201
2126 - 2127: 3492
2127 - 2128: 1481
2128 - 2129: 938
2129 - 2130: 2628
2130 - 2131: -984
2131 - 2132: 5721
2132 - 2133: 1247
2133 - 2134: 966
2134 - 2135: 9221
2135 - 2136: 7411
2136 - 2137: 3
2137 - 2138: 2834
2138 - 2139: 7723
2139 - 2140: 6948
2140 - 2141: 4163
2141 - 2142: 5263
2142 - 2143: 33326
2143 - 2144: -334
2144 - 2145: 10567
2145 - 2146: 50091
2146 - 2147: -1060
2147 - 2148: 1154
2148 - 2149: 3805
2149 - 2150: 8849
2150 - 2151: 6835
2151 - 2152: -18
2152 - 2153: 7557
2153 - 2154: 7557
2154 - 2155: 5477
2155 - 2156: 2711
2156 - 2157: 1767
2157 - 2158: -487
2158 - 2159: 190
2159 - 2160: 12991
2160 - 2161: 14859
2161 - 2162: 11466
2162 - 2163: 2220
2163 - 2164: -1130
2164 - 2165: 17038
2165 - 2166: 53158
2166 - 2167: 33408
2167 - 2168: 9739
2168 - 2169: 10485
2169 - 2170: -1582
2170 - 2171: 4661
2171 - 2172: 28138
2172 - 2173: 46550
2173 - 2174: 936
2174 - 2175: 6431
2175 - 2176: 1712
2176 - 2177: 3696
2177 - 2178: 576
2178 - 2179: 8347
2179 - 2180: 5095
2180 - 2181: 7124
2181 - 2182: -4907
2182 - 2183: -3243
2183 - 2184: 1916
2184 - 2185: 54599
2185 - 2186: 4495
2186 - 2187: 4739
2187 - 2188: 54351
2188 - 2189: 1408
2189 - 2190: -1119
2190 - 2191: 40367
2191 - 2192: 354
2192 - 2193: 713
2193 - 2194: 448
2194 - 2195: -767
2195 - 2196: -2958
2196 - 2197: 10162
2197 - 2198: 756
2198 - 2199: 6327
2199 - 2200: 5992
2200 - 2201: 7877
2201 - 2202: 14185
2202 - 2203: 1377
2203 - 2204: 2301
2204 - 2205: -1348
2205 - 2206: 84
2206 - 2207: 8996
2207 - 2208: 1102
2208 - 2209: 16603
2209 - 2210: -2095
2210 - 2211: 1012
2211 - 2212: -92
2212 - 2213: -145
2213 - 2214: 174
2214 - 2215: 8352
2215 - 2216: 40711
2216 - 2217: -1237
2217 - 2218: -647
2218 - 2219: 3181
2219 - 2220: -818
2220 - 2221: 1231
2221 - 2222: 1193
2222 - 2223: 150
2223 - 2224: 7677
2224 - 2225: 4376
2225 - 2226: 8652
2226 - 2227: 3166
2227 - 2228: 4562
2228 - 2229: 8302
2229 - 2230: 430
2230 - 2231: 3089
2231 - 2232: -22
2232 - 2233: 7055
2233 - 2234: 4467
2234 - 2235: 10185
2235 - 2236: 2175
2236 - 2237: 6060
2237 - 2238: 1695
2238 - 2239: -230
2239 - 2240: -936
2240 - 2241: 5644
2241 - 2242: 5325
2242 - 2243: 1822
2243 - 2244: 4591
2244 - 2245: -706
2245 - 2246: -314
2246 - 2247: 3235
2247 - 2248: 2899
2248 - 2249: 364
2249 - 2250: 1037
2250 - 2251: 7393
2251 - 2252: -421
2252 - 2253: 257
2253 - 2254: 1191
2254 - 2255: -36
2255 - 2256: 13447
2256 - 2257: 1028
2257 - 2258: 4214
2258 - 2259: -130
2259 - 2260: -3286
2260 - 2261: 3362
2261 - 2262: -5550
2262 - 2263: 612
2263 - 2264: 5710
2264 - 2265: 12176
2265 - 2266: 4231
2266 - 2267: -1477
2267 - 2268: -1533
2268 - 2269: -3337
2269 - 2270: -4400
2270 - 2271: -2051
2271 - 2272: 11498
2272 - 2273: 3310
2273 - 2274: 17103
2274 - 2275: 1580
2275 - 2276: 12
2276 - 2277: -1801
2277 - 2278: 1742
2278 - 2279: -520
2279 - 2280: 5063
2280 - 2281: 8587
2281 - 2282: 4705
2282 - 2283: -36
2283 - 2284: 52056
2284 - 2285: -3134
2285 - 2286: 16858
2286 - 2287: -256
2287 - 2288: 42502
2288 - 2289: 28909
2289 - 2290: 7403
2290 - 2291: -1398
2291 - 2292: 11286
2292 - 2293: -1593
2293 - 2294: 2374
2294 - 2295: 19580
2295 - 2296: 1097
2296 - 2297: 64387
2297 - 2298: -1376
2298 - 2299: 9758
2299 - 2300: 2623
2300 - 2301: -3132
2301 - 2302: 28841
2302 - 2303: 805
2303 - 2304: 8944
2304 - 2305: 5367
2305 - 2306: 13852
2306 - 2307: -1002
2307 - 2308: 62918
2308 - 2309: 2229
2309 - 2310: 2225
2310 - 2311: 6914
2311 - 2312: 39722
2312 - 2313: 6926
2313 - 2314: 25650
2314 - 2315: -1995
2315 - 2316: -3
2316 - 2317: 28966
2317 - 2318: 1830
2318 - 2319: 6354
2319 - 2320: 1782
2320 - 2321: 2105
2321 - 2322: 38357
2322 - 2323: 10793
2323 - 2324: -829
2324 - 2325: -264
2325 - 2326: 7619
2326 - 2327: 15287
2327 - 2328: 5115
2328 - 2329: 1148
2329 - 2330: -965
2330 - 2331: 10207
2331 - 2332: -811
2332 - 2333: 7865
2333 - 2334: -1338
2334 - 2335: 2075
2335 - 2336: -2111
2336 - 2337: -2424
2337 - 2338: 4714
2338 - 2339: 586
2339 - 2340: 862
2340 - 2341: 230
2341 - 2342: 509
2342 - 2343: 20064
2343 - 2344: 16205
2344 - 2345: 5423
2345 - 2346: 4235
2346 - 2347: 49080
2347 - 2348: 15386
2348 - 2349: 2668
2349 - 2350: 58
2350 - 2351: 11444
2351 - 2352: -2040
2352 - 2353: -2529
2353 - 2354: -446
2354 - 2355: -1086
2355 - 2356: -2288
2356 - 2357: -989
2357 - 2358: 2339
2358 - 2359: 10549
2359 - 2360: -128
2360 - 2361: -869
2361 - 2362: 5094
2362 - 2363: 6324
2363 - 2364: -863
2364 - 2365: 9544
2365 - 2366: -2139
2366 - 2367: 2183
2367 - 2368: -5310
2368 - 2369: 6167
2369 - 2370: 50835
2370 - 2371: 15310
2371 - 2372: -572
2372 - 2373: 2082
2373 - 2374: 11483
2374 - 2375: 6448
2375 - 2376: 2518
2376 - 2377: -1839
2377 - 2378: 4198
2378 - 2379: 889
2379 - 2380: 152
2380 - 2381: 1196
2381 - 2382: 14090
2382 - 2383: 6465
2383 - 2384: 14202
2384 - 2385: -412
2385 - 2386: 8640
2386 - 2387: 5181
2387 - 2388: 1808
2388 - 2389: 8283
2389 - 2390: 14588
2390 - 2391: 9410
2391 - 2392: 905
2392 - 2393: 681
2393 - 2394: 18569
2394 - 2395: 3571
2395 - 2396: 2965
2396 - 2397: 10235
2397 - 2398: 1842
2398 - 2399: 15038
2399 - 2400: 1162
2400 - 2401: -526
2401 - 2402: 9215
2402 - 2403: -327
2403 - 2404: 3221
2404 - 2405: 3012
2405 - 2406: 6579
2406 - 2407: 15516
2407 - 2408: 3623
2408 - 2409: 6837
2409 - 2410: 3379
2410 - 2411: -811
2411 - 2412: 7417
2412 - 2413: 11446
2413 - 2414: 7834
2414 - 2415: -396
2415 - 2416: 1819
2416 - 2417: 12321
2417 - 2418: 4188
2418 - 2419: -261
2419 - 2420: 6352
2420 - 2421: 159
2421 - 2422: 367
2422 - 2423: 7813
2423 - 2424: -820
2424 - 2425: 5892
2425 - 2426: -3674
2426 - 2427: 761
2427 - 2428: 23455
2428 - 2429: 7016
2429 - 2430: 5337
2430 - 2431: 9281
2431 - 2432: 4618
2432 - 2433: 189
2433 - 2434: 4287
2434 - 2435: 6941
2435 - 2436: 3557
2436 - 2437: -572
2437 - 2438: 5428
2438 - 2439: 5996
2439 - 2440: 869
2440 - 2441: 10149
2441 - 2442: 3779
2442 - 2443: 2554
2443 - 2444: 384
2444 - 2445: 956
2445 - 2446: -118
2446 - 2447: 14048
2447 - 2448: 200
2448 - 2449: 69813
2449 - 2450: 47759
2450 - 2451: -75
2451 - 2452: 18037
2452 - 2453: 2983
2453 - 2454: 4910
2454 - 2455: -75
2455 - 2456: 1408
2456 - 2457: 1255
2457 - 2458: -696
2458 - 2459: 14346
2459 - 2460: 1103
2460 - 2461: -3318
2461 - 2462: 3617
2462 - 2463: 3864
2463 - 2464: 3440
2464 - 2465: 11144
2465 - 2466: -72
2466 - 2467: 2527
2467 - 2468: -561
2468 - 2469: -912
2469 - 2470: -1075
2470 - 2471: 661
2471 - 2472: 1285
2472 - 2473: 12338
2473 - 2474: -523
2474 - 2475: -314
2475 - 2476: 3102
2476 - 2477: 422
2477 - 2478: 177
2478 - 2479: 623
2479 - 2480: 2775
2480 - 2481: 39691
2481 - 2482: -694
2482 - 2483: 917
2483 - 2484: 1033
2484 - 2485: 3924
2485 - 2486: 17880
2486 - 2487: 951
2487 - 2488: 1597
2488 - 2489: 17283
2489 - 2490: 92
2490 - 2491: 232
2491 - 2492: 5257
2492 - 2493: -55
2493 - 2494: -164
2494 - 2495: 18433
2495 - 2496: 3851
2496 - 2497: 229
2497 - 2498: 800
2498 - 2499: 2101
2499 - 2500: 0
2500 - 2501: -3058
2501 - 2502: -912
2502 - 2503: -1194
2503 - 2504: 1101
2504 - 2505: 7233
2505 - 2506: 3755
2506 - 2507: 12685
2507 - 2508: 15879
2508 - 2509: 19794
2509 - 2510: 18825
2510 - 2511: 44587
2511 - 2512: 5255
2512 - 2513: 13130
2513 - 2514: 10478
2514 - 2515: 9572
2515 - 2516: -3849
2516 - 2517: -1700
2517 - 2518: -1149
2518 - 2519: -1785
2519 - 2520: -4270
2520 - 2521: 63469
2521 - 2522: 1773
2522 - 2523: -618
2523 - 2524: 5048
2524 - 2525: 9527
2525 - 2526: -531
2526 - 2527: -1450
2527 - 2528: 3096
2528 - 2529: 812
2529 - 2530: -5769
2530 - 2531: 14799
2531 - 2532: -1135
2532 - 2533: 6295
2533 - 2534: -2704
2534 - 2535: -2689
2535 - 2536: 809
2536 - 2537: 32892
2537 - 2538: 3104
2538 - 2539: 1054
2539 - 2540: 3412
2540 - 2541: 5989
2541 - 2542: 9659
2542 - 2543: 326
2543 - 2544: -2733
2544 - 2545: -3799
2545 - 2546: -1676
2546 - 2547: 236
2547 - 2548: 1457
2548 - 2549: 6740
2549 - 2550: -1423
2550 - 2551: 1467
2551 - 2552: -2243
2552 - 2553: 8249
2553 - 2554: 1758
2554 - 2555: 10788
2555 - 2556: 596
2556 - 2557: -2838
2557 - 2558: 10477
2558 - 2559: 2757
2559 - 2560: -256
2560 - 2561: -5476
2561 - 2562: 1788
2562 - 2563: -3508
2563 - 2564: 10482
2564 - 2565: -484
2565 - 2566: 4933
2566 - 2567: -2654
2567 - 2568: 4240
2568 - 2569: 2302
2569 - 2570: 8091
2570 - 2571: -2639
2571 - 2572: -2185
2572 - 2573: -1039
2573 - 2574: 8885
2574 - 2575: -804
2575 - 2576: 658
2576 - 2577: 9196
2577 - 2578: -1889
2578 - 2579: 32930
2579 - 2580: -3493
2580 - 2581: -1800
2581 - 2582: 3677
2582 - 2583: -2821
2583 - 2584: 5754
2584 - 2585: 17307
2585 - 2586: -2017
2586 - 2587: -4984
2587 - 2588: 4253
2588 - 2589: -824
2589 - 2590: -1210
2590 - 2591: 5523
2591 - 2592: 672
2592 - 2593: -3584
2593 - 2594: 38331
2594 - 2595: 9057
2595 - 2596: -889
2596 - 2597: 2578
2597 - 2598: 6201
2598 - 2599: -1683
2599 - 2600: -1988
2600 - 2601: -4200
2601 - 2602: 4528
2602 - 2603: 14370
2603 - 2604: -2366
2604 - 2605: 5947
2605 - 2606: 1120
2606 - 2607: 1404
2607 - 2608: 1894
2608 - 2609: -4904
2609 - 2610: -3726
2610 - 2611: -1257
2611 - 2612: -344
2612 - 2613: -3732
2613 - 2614: 810
2614 - 2615: 1050
2615 - 2616: -3124
2616 - 2617: -1123
2617 - 2618: 6761
2618 - 2619: 14082
2619 - 2620: 6262
2620 - 2621: 6696
2621 - 2622: 40558
2622 - 2623: 612
2623 - 2624: 687
2624 - 2625: -1991
2625 - 2626: -3426
2626 - 2627: -451
2627 - 2628: -1354
2628 - 2629: -783
2629 - 2630: -2057
2630 - 2631: -4327
2631 - 2632: 2380
2632 - 2633: -252
2633 - 2634: 1609
2634 - 2635: 1434
2635 - 2636: 5458
2636 - 2637: -1362
2637 - 2638: -2967
2638 - 2639: 51253
2639 - 2640: 48533
2640 - 2641: 3733
2641 - 2642: 465
2642 - 2643: -2304
2643 - 2644: 1128
2644 - 2645: 3883
2645 - 2646: 37393
2646 - 2647: -6177
2647 - 2648: -1825
2648 - 2649: -2073
2649 - 2650: -2269
2650 - 2651: 981
2651 - 2652: 3513
2652 - 2653: -5275
2653 - 2654: -1176
2654 - 2655: -1846
2655 - 2656: 3868
2656 - 2657: -745
2657 - 2658: 2950
2658 - 2659: -3312
2659 - 2660: 1157
2660 - 2661: 15511
2661 - 2662: 15555
2662 - 2663: -118
2663 - 2664: 7983
2664 - 2665: 14061
2665 - 2666: 13805
2666 - 2667: -276
2667 - 2668: 14701
2668 - 2669: -2007
2669 - 2670: -4697
2670 - 2671: -318
2671 - 2672: -1065
2672 - 2673: -247
2673 - 2674: 1650
2674 - 2675: 1254
2675 - 2676: -933
2676 - 2677: -811
2677 - 2678: -1602
2678 - 2679: -1128
2679 - 2680: -1652
2680 - 2681: 546
2681 - 2682: -525
2682 - 2683: -28
2683 - 2684: -2398
2684 - 2685: -1137
2685 - 2686: 447
2686 - 2687: -195
2687 - 2688: -1524
2688 - 2689: 13460
2689 - 2690: 54884
2690 - 2691: 8958
2691 - 2692: 4663
2692 - 2693: -257
2693 - 2694: 8880
2694 - 2695: -526
2695 - 2696: -1163
2696 - 2697: 1384
2697 - 2698: 470
2698 - 2699: 5373
2699 - 2700: -1474
2700 - 2701: 1278
2701 - 2702: 1042
2702 - 2703: 4749
2703 - 2704: -2281
2704 - 2705: -368
2705 - 2706: 9631
2706 - 2707: 2556
2707 - 2708: 10360
2708 - 2709: 1638
2709 - 2710: -463
2710 - 2711: 7531
2711 - 2712: -1287
2712 - 2713: -2026
2713 - 2714: -3119
2714 - 2715: -2150
2715 - 2716: 1257
2716 - 2717: -3428
2717 - 2718: -350
2718 - 2719: -1984
2719 - 2720: 47
2720 - 2721: -1478
2721 - 2722: 312
2722 - 2723: 22279
2723 - 2724: 64133
2724 - 2725: 28020
2725 - 2726: 427
2726 - 2727: 3374
2727 - 2728: -4476
2728 - 2729: -1974
2729 - 2730: 47355
2730 - 2731: 14329
2731 - 2732: 847
2732 - 2733: 1391
2733 - 2734: 1242
2734 - 2735: -1768
2735 - 2736: -589
2736 - 2737: -1407
2737 - 2738: -249
2738 - 2739: -5247
2739 - 2740: 2756
2740 - 2741: -1311
2741 - 2742: 3460
2742 - 2743: 1665
2743 - 2744: -111
2744 - 2745: -71
2745 - 2746: -1459
2746 - 2747: 12805
2747 - 2748: 3751
2748 - 2749: -1983
2749 - 2750: 2692
2750 - 2751: -582
2751 - 2752: 9692
2752 - 2753: -1784
2753 - 2754: 4355
2754 - 2755: 3029
2755 - 2756: 3291
2756 - 2757: -698
2757 - 2758: 2574
2758 - 2759: -2046
2759 - 2760: -2298
2760 - 2761: -338
2761 - 2762: -723
2762 - 2763: 1253
2763 - 2764: 2087
2764 - 2765: 15322
2765 - 2766: 82332
2766 - 2767: 4259
2767 - 2768: -2191
2768 - 2769: -4147
2769 - 2770: -932
2770 - 2771: 8482
2771 - 2772: 19640
2772 - 2773: 931
2773 - 2774: 697
2774 - 2775: 2254
2775 - 2776: 6080
2776 - 2777: -2263
2777 - 2778: 12843
2778 - 2779: 6422
2779 - 2780: 813
2780 - 2781: -637
2781 - 2782: -4060
2782 - 2783: -1876
2783 - 2784: -1691
2784 - 2785: 4880
2785 - 2786: -1497
2786 - 2787: 2921
2787 - 2788: 225
2788 - 2789: 18111
2789 - 2790: 8182
2790 - 2791: 1267
2791 - 2792: 7898
2792 - 2793: -2110
2793 - 2794: 10143
2794 - 2795: 14136
2795 - 2796: -2715
2796 - 2797: 1466
2797 - 2798: 12513
2798 - 2799: -4175
2799 - 2800: -4119
2800 - 2801: -1426
2801 - 2802: -3056
2802 - 2803: -1148
2803 - 2804: -1123
2804 - 2805: 26316
2805 - 2806: -1941
2806 - 2807: -1755
2807 - 2808: 5949
2808 - 2809: 43927
2809 - 2810: 38
2810 - 2811: 4999
2811 - 2812: 10458
2812 - 2813: -301
2813 - 2814: -1956
2814 - 2815: -745
2815 - 2816: -256
2816 - 2817: -1576
2817 - 2818: 501
2818 - 2819: -1455
2819 - 2820: -1437
2820 - 2821: -2341
2821 - 2822: -4043
2822 - 2823: -2821
2823 - 2824: 1015
2824 - 2825: -579
2825 - 2826: 2097
2826 - 2827: 1091
2827 - 2828: 1731
2828 - 2829: 4182
2829 - 2830: 1040
2830 - 2831: 1087
2831 - 2832: 3649
2832 - 2833: -669
2833 - 2834: 1793
2834 - 2835: -2168
2835 - 2836: -987
2836 - 2837: -2462
2837 - 2838: -483
2838 - 2839: 40516
2839 - 2840: -971
2840 - 2841: -1903
2841 - 2842: -3625
2842 - 2843: 11239
2843 - 2844: -183
2844 - 2845: -3011
2845 - 2846: -1277
2846 - 2847: 8468
2847 - 2848: -892
2848 - 2849: 930
2849 - 2850: 3138
2850 - 2851: 3445
2851 - 2852: 53847
2852 - 2853: -1532
2853 - 2854: -2130
2854 - 2855: 1503
2855 - 2856: 529
2856 - 2857: -1675
2857 - 2858: -6471
2858 - 2859: 10385
2859 - 2860: 770
2860 - 2861: -2731
2861 - 2862: -2752
2862 - 2863: -3559
2863 - 2864: 5792
2864 - 2865: 2622
2865 - 2866: -3026
2866 - 2867: -1509
2867 - 2868: -1953
2868 - 2869: -1504
2869 - 2870: -1927
2870 - 2871: -230
2871 - 2872: 2394
2872 - 2873: -1887
2873 - 2874: -389
2874 - 2875: -3024
2875 - 2876: 24637
2876 - 2877: 4176
2877 - 2878: -853
2878 - 2879: -989
2879 - 2880: 734
2880 - 2881: -4347
2881 - 2882: -2468
2882 - 2883: 15467
2883 - 2884: 13717
2884 - 2885: -694
2885 - 2886: -1940
2886 - 2887: 262
2887 - 2888: 53642
2888 - 2889: -3873
2889 - 2890: 9848
2890 - 2891: -750
2891 - 2892: 5798
2892 - 2893: 15773
2893 - 2894: 14508
2894 - 2895: 15385
2895 - 2896: 59
2896 - 2897: -3805
2897 - 2898: -4298
2898 - 2899: 3046
2899 - 2900: 559
2900 - 2901: -1458
2901 - 2902: 4745
2902 - 2903: 244
2903 - 2904: 4359
2904 - 2905: 84
2905 - 2906: 3057
2906 - 2907: -5514
2907 - 2908: 3523
2908 - 2909: 1119
2909 - 2910: 364
2910 - 2911: 30
2911 - 2912: 7549
2912 - 2913: 64
2913 - 2914: 559
2914 - 2915: 7442
2915 - 2916: -72
2916 - 2917: 2726
2917 - 2918: 13888
2918 - 2919: 6602
2919 - 2920: 61234
2920 - 2921: 13638
2921 - 2922: -3477
2922 - 2923: -1025
2923 - 2924: -1543
2924 - 2925: -5215
2925 - 2926: -2518
2926 - 2927: -5243
2927 - 2928: 1606
2928 - 2929: 16479
2929 - 2930: 9347
2930 - 2931: -1003
2931 - 2932: 4640
2932 - 2933: 1082
2933 - 2934: -83
2934 - 2935: -4219
2935 - 2936: -1914
2936 - 2937: -152
2937 - 2938: 7920
2938 - 2939: 8294
2939 - 2940: 1407
2940 - 2941: 50
2941 - 2942: 6103
2942 - 2943: -380
2943 - 2944: 2640
2944 - 2945: 2055
2945 - 2946: 8636
2946 - 2947: -1115
2947 - 2948: -2642
2948 - 2949: 5486
2949 - 2950: -708
2950 - 2951: 3329
2951 - 2952: 13969
2952 - 2953: 137
2953 - 2954: -2803
2954 - 2955: 14021
2955 - 2956: 16065
2956 - 2957: 7667
2957 - 2958: -2204
2958 - 2959: -4010
2959 - 2960: -4889
2960 - 2961: -588
2961 - 2962: 5744
2962 - 2963: -342
2963 - 2964: 1405
2964 - 2965: 4209
2965 - 2966: -1994
2966 - 2967: -4174
2967 - 2968: 6849
2968 - 2969: 703
2969 - 2970: -3059
2970 - 2971: 9682
2971 - 2972: -1064
2972 - 2973: -722
2973 - 2974: 49685
2974 - 2975: -4092
2975 - 2976: -1359
2976 - 2977: -2962
2977 - 2978: 13187
2978 - 2979: -1049
2979 - 2980: -518
2980 - 2981: 6869
2981 - 2982: -1835
2982 - 2983: 9389
2983 - 2984: 6861
2984 - 2985: 5694
2985 - 2986: 7297
2986 - 2987: -4439
2987 - 2988: -2154
2988 - 2989: 9551
2989 - 2990: -1552
2990 - 2991: 331
2991 - 2992: -2472
2992 - 2993: 3595
2993 - 2994: 9217
2994 - 2995: 445
2995 - 2996: -92
2996 - 2997: -1357
2997 - 2998: 28757
2998 - 2999: 31099
2999 - 3000: -917
3000 - 3001: -4654
3001 - 3002: 1624
3002 - 3003: -1871
3003 - 3004: 268
3004 - 3005: -1625
3005 - 3006: -802
3006 - 3007: 976
3007 - 3008: 992
3008 - 3009: -3310
3009 - 3010: -2280
3010 - 3011: 3724
3011 - 3012: 2428
3012 - 3013: 7122
3013 - 3014: -1782
3014 - 3015: 50889
3015 - 3016: 15062
3016 - 3017: -447
3017 - 3018: 26213
3018 - 3019: 28101
3019 - 3020: 19724
3020 - 3021: 957
3021 - 3022: 2468
3022 - 3023: 1285
3023 - 3024: 6234
3024 - 3025: 11409
3025 - 3026: -1531
3026 - 3027: 3662
3027 - 3028: -2058
3028 - 3029: 6991
3029 - 3030: -2630
3030 - 3031: 2578
3031 - 3032: 67308
3032 - 3033: 3825
3033 - 3034: 3804
3034 - 3035: -2911
3035 - 3036: 427
3036 - 3037: 776
3037 - 3038: -276
3038 - 3039: 326
3039 - 3040: 1561
3040 - 3041: 12455
3041 - 3042: 10963
3042 - 3043: -1210
3043 - 3044: -1491
3044 - 3045: -2183
3045 - 3046: -4129
3046 - 3047: 121
3047 - 3048: 5611
3048 - 3049: -734
3049 - 3050: -1611
3050 - 3051: 14560
3051 - 3052: -2324
3052 - 3053: 2838
3053 - 3054: 5368
3054 - 3055: 4388
3055 - 3056: -6504
3056 - 3057: 9360
3057 - 3058: -1229
3058 - 3059: -1234
3059 - 3060: 31640
3060 - 3061: 2757
3061 - 3062: 933
3062 - 3063: 529
3063 - 3064: -5022
3064 - 3065: 6071
3065 - 3066: 66800
3066 - 3067: 997
3067 - 3068: -379
3068 - 3069: -1768
3069 - 3070: -3702
3070 - 3071: -1196
3071 - 3072: -2625
3072 - 3073: 62166
3073 - 3074: 10713
3074 - 3075: 5253
3075 - 3076: -1894
3076 - 3077: 2714
3077 - 3078: -3044
3078 - 3079: 52368
3079 - 3080: -2666
3080 - 3081: -3356
3081 - 3082: 1203
3082 - 3083: 4592
3083 - 3084: 63688
3084 - 3085: 61908
3085 - 3086: 862
3086 - 3087: 627
3087 - 3088: -2189
3088 - 3089: 5809
3089 - 3090: 19172
3090 - 3091: 4262
3091 - 3092: 46119
3092 - 3093: 24762
3093 - 3094: -2651
3094 - 3095: 2564
3095 - 3096: 51112
3096 - 3097: 13621
3097 - 3098: -1519
3098 - 3099: 46667
3099 - 3100: 28484
3100 - 3101: -2409
3101 - 3102: 139
3102 - 3103: 4198
3103 - 3104: -6044
3104 - 3105: -3298
3105 - 3106: -3312
3106 - 3107: 17476
3107 - 3108: 10465
3108 - 3109: 6431
3109 - 3110: 9181
3110 - 3111: -1033
3111 - 3112: -3654
3112 - 3113: 13536
3113 - 3114: -1613
3114 - 3115: 40155
3115 - 3116: 6987
3116 - 3117: 6828
3117 - 3118: -4507
3118 - 3119: 7591
3119 - 3120: -902
3120 - 3121: 8108
3121 - 3122: -3285
3122 - 3123: -3490
3123 - 3124: -1798
3124 - 3125: 0
3125 - 3126: 5335
3126 - 3127: 37772
3127 - 3128: 6325
3128 - 3129: 1605
3129 - 3130: 1381
3130 - 3131: 1491
3131 - 3132: -1269
3132 - 3133: -2428
3133 - 3134: 11108
3134 - 3135: -2057
3135 - 3136: 636
3136 - 3137: -4165
3137 - 3138: 1027
3138 - 3139: 1481
3139 - 3140: 1014
3140 - 3141: -639
3141 - 3142: 5344
3142 - 3143: 4574
3143 - 3144: -895
3144 - 3145: 1303
3145 - 3146: -1058
3146 - 3147: -970
3147 - 3148: -198
3148 - 3149: 3410
3149 - 3150: 12421
3150 - 3151: 14119
3151 - 3152: 16693
3152 - 3153: -4599
3153 - 3154: 938
3154 - 3155: -1467
3155 - 3156: 1210
3156 - 3157: 26555
3157 - 3158: -2052
3158 - 3159: -751
3159 - 3160: 11347
3160 - 3161: -4123
3161 - 3162: -3356
3162 - 3163: -2099
3163 - 3164: -2946
3164 - 3165: 923
3165 - 3166: -3237
3166 - 3167: -4019
3167 - 3168: 19457
3168 - 3169: 1585
3169 - 3170: 1178
3170 - 3171: 19520
3171 - 3172: 44789
3172 - 3173: -1598
3173 - 3174: -3489
3174 - 3175: -4202
3175 - 3176: -777
3176 - 3177: 1060
3177 - 3178: -743
3178 - 3179: -2650
3179 - 3180: 332
3180 - 3181: -647
3181 - 3182: -1068
3182 - 3183: 10630
3183 - 3184: 4082
3184 - 3185: -1931
3185 - 3186: -3586
3186 - 3187: 13403
3187 - 3188: 8457
3188 - 3189: 59923
3189 - 3190: 3172
3190 - 3191: -835
3191 - 3192: 12278
3192 - 3193: 2501
3193 - 3194: -1007
3194 - 3195: 9808
3195 - 3196: 2659
3196 - 3197: 11743
3197 - 3198: 723
3198 - 3199: 970
3199 - 3200: -1534
3200 - 3201: -2271
3201 - 3202: -923
3202 - 3203: 4152
3203 - 3204: 13921
3204 - 3205: -2649
3205 - 3206: -1910
3206 - 3207: -3908
3207 - 3208: 14140
3208 - 3209: 1773
3209 - 3210: 11753
3210 - 3211: 242
3211 - 3212: -2644
3212 - 3213: -4561
3213 - 3214: -3953
3214 - 3215: -987
3215 - 3216: -5023
3216 - 3217: 9113
3217 - 3218: -2649
3218 - 3219: -1284
3219 - 3220: -891
3220 - 3221: 260
3221 - 3222: -678
3222 - 3223: 7905
3223 - 3224: 1865
3224 - 3225: 3615
3225 - 3226: -740
3226 - 3227: 4075
3227 - 3228: 10460
3228 - 3229: -3594
3229 - 3230: 9653
3230 - 3231: 5042
3231 - 3232: 626
3232 - 3233: 12638
3233 - 3234: 15213
3234 - 3235: 606
3235 - 3236: -2013
3236 - 3237: -3809
3237 - 3238: 13490
3238 - 3239: 4721
3239 - 3240: -2176
3240 - 3241: 3983
3241 - 3242: 17775
3242 - 3243: -2770
3243 - 3244: -2004
3244 - 3245: 3150
3245 - 3246: -2748
3246 - 3247: 1463
3247 - 3248: -638
3248 - 3249: -2725
3249 - 3250: 4329
3250 - 3251: -942
3251 - 3252: 4151
3252 - 3253: -579
3253 - 3254: 2191
3254 - 3255: -1415
3255 - 3256: -2406
3256 - 3257: -1847
3257 - 3258: -642
3258 - 3259: 1725
3259 - 3260: -3812
3260 - 3261: 662
3261 - 3262: -1356
3262 - 3263: 1835
3263 - 3264: -2587
3264 - 3265: -3200
3265 - 3266: 13275
3266 - 3267: 30346
3267 - 3268: 3383
3268 - 3269: -720
3269 - 3270: -496
3270 - 3271: 5757
3271 - 3272: 4337
3272 - 3273: 4986
3273 - 3274: -3952
3274 - 3275: 14196
3275 - 3276: 3665
3276 - 3277: -103
3277 - 3278: -583
3278 - 3279: -4081
3279 - 3280: -3162
3280 - 3281: 1722
3281 - 3282: 10539
3282 - 3283: 24438
3283 - 3284: 484
3284 - 3285: -1150
3285 - 3286: 5395
3286 - 3287: -2080
3287 - 3288: 560
3288 - 3289: -2470
3289 - 3290: 1869
3290 - 3291: 135
3291 - 3292: 2881
3292 - 3293: 4380
3293 - 3294: 2152
3294 - 3295: -3090
3295 - 3296: 4005
3296 - 3297: -3719
3297 - 3298: -3105
3298 - 3299: 495
3299 - 3300: 28250
3300 - 3301: -3834
3301 - 3302: 615
3302 - 3303: -2992
3303 - 3304: 38043
3304 - 3305: -3227
3305 - 3306: -1752
3306 - 3307: -543
3307 - 3308: 16086
3308 - 3309: 1419
3309 - 3310: 8367
3310 - 3311: -2988
3311 - 3312: 10601
3312 - 3313: -192
3313 - 3314: -1217
3314 - 3315: -1630
3315 - 3316: -685
3316 - 3317: 69697
3317 - 3318: -1541
3318 - 3319: -2360
3319 - 3320: -3217
3320 - 3321: -313
3321 - 3322: 2694
3322 - 3323: 10514
3323 - 3324: 431
3324 - 3325: 3981
3325 - 3326: 1523
3326 - 3327: -1510
3327 - 3328: -3464
3328 - 3329: 12134
3329 - 3330: 2005
3330 - 3331: -1854
3331 - 3332: -2918
3332 - 3333: 8735
3333 - 3334: -1419
3334 - 3335: 698
3335 - 3336: -332
3336 - 3337: -1565
3337 - 3338: 9473
3338 - 3339: -60
3339 - 3340: 3722
3340 - 3341: -24
3341 - 3342: -1604
3342 - 3343: 3915
3343 - 3344: 1614
3344 - 3345: 13752
3345 - 3346: -981
3346 - 3347: 7502
3347 - 3348: -5180
3348 - 3349: 462
3349 - 3350: 448
3350 - 3351: 5490
3351 - 3352: 38714
3352 - 3353: -440
3353 - 3354: -940
3354 - 3355: 63928
3355 - 3356: 7372
3356 - 3357: 28209
3357 - 3358: 28522
3358 - 3359: 4129
3359 - 3360: -860
3360 - 3361: -196
3361 - 3362: -3609
3362 - 3363: -2459
3363 - 3364: -1074
3364 - 3365: -3269
3365 - 3366: -2686
3366 - 3367: 3486
3367 - 3368: 2198
3368 - 3369: 10760
3369 - 3370: 6336
3370 - 3371: 10501
3371 - 3372: -294
3372 - 3373: 6200
3373 - 3374: 2508
3374 - 3375: 55424
3375 - 3376: 26593
3376 - 3377: 2011
3377 - 3378: 4300
3378 - 3379: 10315
3379 - 3380: -2283
3380 - 3381: 605
3381 - 3382: -3466
3382 - 3383: -1767
3383 - 3384: -713
3384 - 3385: 662
3385 - 3386: 1318
3386 - 3387: -4593
3387 - 3388: 1141
3388 - 3389: -2070
3389 - 3390: 362
3390 - 3391: 8220
3391 - 3392: 315
3392 - 3393: 1443
3393 - 3394: 31409
3394 - 3395: 977
3395 - 3396: 6918
3396 - 3397: -1913
3397 - 3398: -2672
3398 - 3399: 19318
3399 - 3400: 11626
3400 - 3401: -1579
3401 - 3402: -3674
3402 - 3403: -975
3403 - 3404: -1278
3404 - 3405: -4024
3405 - 3406: -2467
3406 - 3407: 33440
3407 - 3408: 8682
3408 - 3409: 47796
3409 - 3410: 195
3410 - 3411: 26859
3411 - 3412: 12773
3412 - 3413: 1672
3413 - 3414: 31117
3414 - 3415: -577
3415 - 3416: -1264
3416 - 3417: 61001
3417 - 3418: 1199
3418 - 3419: 1850
3419 - 3420: -116
3420 - 3421: -648
3421 - 3422: 3422
3422 - 3423: 489
3423 - 3424: 1015
3424 - 3425: 13967
3425 - 3426: 5291
3426 - 3427: 124
3427 - 3428: 1362
3428 - 3429: 62279
3429 - 3430: 1960
3430 - 3431: 3437
3431 - 3432: 1170
3432 - 3433: 2205
3433 - 3434: 2788
3434 - 3435: -2006
3435 - 3436: 786
3436 - 3437: 13405
3437 - 3438: 14120
3438 - 3439: 2030
3439 - 3440: -1617
3440 - 3441: -502
3441 - 3442: -1892
3442 - 3443: 229
3443 - 3444: 6701
3444 - 3445: 30648
3445 - 3446: 2536
3446 - 3447: 687
3447 - 3448: 4226
3448 - 3449: -1873
3449 - 3450: 3771
3450 - 3451: 64523
3451 - 3452: 28413
3452 - 3453: -519
3453 - 3454: 2508
3454 - 3455: -533
3455 - 3456: -5376
3456 - 3457: -184
3457 - 3458: 5548
3458 - 3459: -2737
3459 - 3460: -79
3460 - 3461: -3274
3461 - 3462: 381
3462 - 3463: -4209
3463 - 3464: -1508
3464 - 3465: 3287
3465 - 3466: 9989
3466 - 3467: 1781
3467 - 3468: 31241
3468 - 3469: -1229
3469 - 3470: 8734
3470 - 3471: -2665
3471 - 3472: 8239
3472 - 3473: 1137
3473 - 3474: 813
3474 - 3475: -1886
3475 - 3476: 8154
3476 - 3477: -1698
3477 - 3478: 2457
3478 - 3479: -1553
3479 - 3480: -1222
3480 - 3481: 11905
3481 - 3482: 6159
3482 - 3483: 18663
3483 - 3484: 9020
3484 - 3485: 10574
3485 - 3486: 8936
3486 - 3487: 213
3487 - 3488: 240
3488 - 3489: -2380
3489 - 3490: -52
3490 - 3491: 12244
3491 - 3492: -1423
3492 - 3493: 50139
3493 - 3494: 14857
3494 - 3495: 57497
3495 - 3496: 4455
3496 - 3497: 1238
3497 - 3498: 3672
3498 - 3499: 5282
3499 - 3500: 3016
3500 - 3501: -237
3501 - 3502: 70656
3502 - 3503: 17073
3503 - 3504: 13454
3504 - 3505: 5438
3505 - 3506: 15951
3506 - 3507: 44938
3507 - 3508: 2836
3508 - 3509: 8218
3509 - 3510: 8155
3510 - 3511: 3508
3511 - 3512: 1530
3512 - 3513: 13495
3513 - 3514: 12465
3514 - 3515: -805
3515 - 3516: 28353
3516 - 3517: 70623
3517 - 3518: 11164
3518 - 3519: 588
3519 - 3520: 61804
3520 - 3521: 19930
3521 - 3522: 4416
3522 - 3523: -266
3523 - 3524: -792
3524 - 3525: -1168
3525 - 3526: -2284
3526 - 3527: 53583
3527 - 3528: -1120
3528 - 3529: 701
3529 - 3530: -689
3530 - 3531: 2065
3531 - 3532: -542
3532 - 3533: 1382
3533 - 3534: 17364
3534 - 3535: 3739
3535 - 3536: 1048
3536 - 3537: 6560
3537 - 3538: 2445
3538 - 3539: 1453
3539 - 3540: 192
3540 - 3541: 5440
3541 - 3542: 35502
3542 - 3543: 3402
3543 - 3544: 52975
3544 - 3545: -2078
3545 - 3546: 8382
3546 - 3547: 5821
3547 - 3548: 5369
3548 - 3549: 2409
3549 - 3550: -824
3550 - 3551: 752
3551 - 3552: 47858
3552 - 3553: -1498
3553 - 3554: 636
3554 - 3555: -287
3555 - 3556: 9314
3556 - 3557: 7725
3557 - 3558: 6541
3558 - 3559: 1201
3559 - 3560: 250
3560 - 3561: -2752
3561 - 3562: 1445
3562 - 3563: 3819
3563 - 3564: 1341
3564 - 3565: 982
3565 - 3566: -820
3566 - 3567: 7747
3567 - 3568: 442
3568 - 3569: 1062
3569 - 3570: -2884
3570 - 3571: 1734
3571 - 3572: 1003
3572 - 3573: 288
3573 - 3574: -7083
3574 - 3575: 415
3575 - 3576: 69792
3576 - 3577: 6436
3577 - 3578: 5222
3578 - 3579: -1206
3579 - 3580: -2969
3580 - 3581: -1785
3581 - 3582: -2711
3582 - 3583: 50686
3583 - 3584: -584
3584 - 3585: -683
3585 - 3586: -439
3586 - 3587: -224
3587 - 3588: -2372
3588 - 3589: 826
3589 - 3590: 1030
3590 - 3591: -1971
3591 - 3592: -2107
3592 - 3593: -3552
3593 - 3594: 9449
3594 - 3595: 26650
3595 - 3596: 15462
3596 - 3597: 4516
3597 - 3598: 68440
3598 - 3599: 6964
3599 - 3600: 3414
3600 - 3601: 188
3601 - 3602: 68631
3602 - 3603: 16821
3603 - 3604: 546
3604 - 3605: -2411
3605 - 3606: 782
3606 - 3607: -1555
3607 - 3608: 10556
3608 - 3609: -545
3609 - 3610: -1312
3610 - 3611: 15023
3611 - 3612: 71455
3612 - 3613: -207
3613 - 3614: -1737
3614 - 3615: -528
3615 - 3616: -2260
3616 - 3617: -2820
3617 - 3618: -2233
3618 - 3619: -1883
3619 - 3620: 4756
3620 - 3621: -48
3621 - 3622: -2433
3622 - 3623: 6650
3623 - 3624: 12727
3624 - 3625: 827
3625 - 3626: -1212
3626 - 3627: 52234
3627 - 3628: -3822
3628 - 3629: 19291
3629 - 3630: -945
3630 - 3631: -1992
3631 - 3632: -3213
3632 - 3633: -3808
3633 - 3634: -3764
3634 - 3635: 9122
3635 - 3636: 9303
3636 - 3637: 29270
3637 - 3638: -3862
3638 - 3639: -343
3639 - 3640: -1771
3640 - 3641: 14871
3641 - 3642: -2255
3642 - 3643: -4982
3643 - 3644: -2798
3644 - 3645: 3023
3645 - 3646: -1830
3646 - 3647: -2614
3647 - 3648: -2214
3648 - 3649: -224
3649 - 3650: 10276
3650 - 3651: -3199
3651 - 3652: -2204
3652 - 3653: -2228
3653 - 3654: -3885
3654 - 3655: -1128
3655 - 3656: 2766
3656 - 3657: -1224
3657 - 3658: 196
3658 - 3659: -1191
3659 - 3660: 1280
3660 - 3661: -904
3661 - 3662: 19512
3662 - 3663: 7064
3663 - 3664: 8819
3664 - 3665: -1380
3665 - 3666: 745
3666 - 3667: 28437
3667 - 3668: 29941
3668 - 3669: -5
3669 - 3670: -3992
3670 - 3671: -2445
3671 - 3672: 15621
3672 - 3673: -2530
3673 - 3674: 949
3674 - 3675: -616
3675 - 3676: -754
3676 - 3677: -1250
3677 - 3678: -1664
3678 - 3679: 9410
3679 - 3680: -4118
3680 - 3681: -4106
3681 - 3682: 5129
3682 - 3683: -3751
3683 - 3684: -2156
3684 - 3685: -2954
3685 - 3686: 2345
3686 - 3687: 1812
3687 - 3688: 7268
3688 - 3689: -440
3689 - 3690: -2344
3690 - 3691: -1839
3691 - 3692: -508
3692 - 3693: -1266
3693 - 3694: 523
3694 - 3695: 9342
3695 - 3696: 68122
3696 - 3697: 328
3697 - 3698: -937
3698 - 3699: -570
3699 - 3700: -1026
3700 - 3701: -45
3701 - 3702: 5587
3702 - 3703: 5954
3703 - 3704: -6383
3704 - 3705: 3770
3705 - 3706: -1067
3706 - 3707: 5052
3707 - 3708: 3919
3708 - 3709: 1427
3709 - 3710: 14629
3710 - 3711: 15645
3711 - 3712: -3413
3712 - 3713: 8831
3713 - 3714: -1499
3714 - 3715: 1416
3715 - 3716: 5240
3716 - 3717: -1485
3717 - 3718: 13581
3718 - 3719: 2301
3719 - 3720: -2205
3720 - 3721: 110
3721 - 3722: -538
3722 - 3723: -765
3723 - 3724: 42325
3724 - 3725: -288
3725 - 3726: -20
3726 - 3727: 11957
3727 - 3728: 5325
3728 - 3729: 11173
3729 - 3730: 4021
3730 - 3731: -350
3731 - 3732: -746
3732 - 3733: 20502
3733 - 3734: 53625
3734 - 3735: -2151
3735 - 3736: 13617
3736 - 3737: 19119
3737 - 3738: 2367
3738 - 3739: 632
3739 - 3740: -2746
3740 - 3741: -3679
3741 - 3742: -382
3742 - 3743: 1032
3743 - 3744: -1802
3744 - 3745: -524
3745 - 3746: 2687
3746 - 3747: 49215
3747 - 3748: 13186
3748 - 3749: 7916
3749 - 3750: 0
3750 - 3751: 1422
3751 - 3752: 13116
3752 - 3753: 218
3753 - 3754: -509
3754 - 3755: -251
3755 - 3756: -350
3756 - 3757: -5
3757 - 3758: -2839
3758 - 3759: 9087
3759 - 3760: -1026
3760 - 3761: 5109
3761 - 3762: 1417
3762 - 3763: -1675
3763 - 3764: -4
3764 - 3765: 881
3765 - 3766: 19051
3766 - 3767: -1589
3767 - 3768: -1444
3768 - 3769: -3617
3769 - 3770: 13682
3770 - 3771: 41368
3771 - 3772: -3177
3772 - 3773: -1756
3773 - 3774: 67040
3774 - 3775: 578
3775 - 3776: 651
3776 - 3777: 1183
3777 - 3778: 4980
3778 - 3779: -668
3779 - 3780: 40883
3780 - 3781: 13604
3781 - 3782: 11969
3782 - 3783: 308
3783 - 3784: 6208
3784 - 3785: 45152
3785 - 3786: 1594
3786 - 3787: 633
3787 - 3788: 18368
3788 - 3789: 20751
3789 - 3790: 2217
3790 - 3791: -1944
3791 - 3792: 254
3792 - 3793: -2845
3793 - 3794: 5360
3794 - 3795: 16488
3795 - 3796: 19427
3796 - 3797: 852
3797 - 3798: -326
3798 - 3799: 2757
3799 - 3800: 2487
3800 - 3801: -1053
3801 - 3802: 1989
3802 - 3803: 859
3803 - 3804: 10395
3804 - 3805: 13956
3805 - 3806: 17143
3806 - 3807: 46
3807 - 3808: 14600
3808 - 3809: 23699
3809 - 3810: 3396
3810 - 3811: 2004
3811 - 3812: 10273
3812 - 3813: -2251
3813 - 3814: -658
3814 - 3815: -925
3815 - 3816: 5710
3816 - 3817: 19287
3817 - 3818: 922
3818 - 3819: 8294
3819 - 3820: -507
3820 - 3821: 14259
3821 - 3822: 14032
3822 - 3823: 270
3823 - 3824: 2380
3824 - 3825: 15253
3825 - 3826: 12032
3826 - 3827: 1751
3827 - 3828: 1310
3828 - 3829: 5715
3829 - 3830: 15293
3830 - 3831: 3854
3831 - 3832: 15479
3832 - 3833: -2793
3833 - 3834: 14482
3834 - 3835: 65316
3835 - 3836: 6760
3836 - 3837: 23384
3837 - 3838: -554
3838 - 3839: -2161
3839 - 3840: -1656
3840 - 3841: 7970
3841 - 3842: 824
3842 - 3843: -1097
3843 - 3844: 7890
3844 - 3845: 2044
3845 - 3846: 12875
3846 - 3847: 1129
3847 - 3848: 5423
3848 - 3849: -1183
3849 - 3850: 3759
3850 - 3851: -348
3851 - 3852: 70243
3852 - 3853: 9898
3853 - 3854: 4042
3854 - 3855: 10238
3855 - 3856: 17420
3856 - 3857: 1311
3857 - 3858: 2155
3858 - 3859: 427
3859 - 3860: 60007
3860 - 3861: -1992
3861 - 3862: 2179
3862 - 3863: -1125
3863 - 3864: 1618
3864 - 3865: 58324
3865 - 3866: -1844
3866 - 3867: 44
3867 - 3868: 3352
3868 - 3869: 1313
3869 - 3870: 216
3870 - 3871: 1010
3871 - 3872: 5885
3872 - 3873: 14884
3873 - 3874: 17171
3874 - 3875: -5818
3875 - 3876: 12761
3876 - 3877: 1505
3877 - 3878: 9465
3878 - 3879: 50109
3879 - 3880: 68872
3880 - 3881: 182
3881 - 3882: 2501
3882 - 3883: -1701
3883 - 3884: 14705
3884 - 3885: 69636
3885 - 3886: -1780
3886 - 3887: -688
3887 - 3888: 1598
3888 - 3889: 52591
3889 - 3890: 26440
3890 - 3891: -120
3891 - 3892: 371
3892 - 3893: 1282
3893 - 3894: 4329
3894 - 3895: 6641
3895 - 3896: 3879
3896 - 3897: -202
3897 - 3898: 2346
3898 - 3899: -1972
3899 - 3900: 22170
3900 - 3901: 1668
3901 - 3902: 5360
3902 - 3903: 36629
3903 - 3904: 4452
3904 - 3905: -2014
3905 - 3906: -2860
3906 - 3907: -2844
3907 - 3908: -2566
3908 - 3909: 5474
3909 - 3910: 1875
3910 - 3911: -2248
3911 - 3912: 3601
3912 - 3913: -999
3913 - 3914: 1775
3914 - 3915: 898
3915 - 3916: -531
3916 - 3917: -3325
3917 - 3918: 3774
3918 - 3919: -1348
3919 - 3920: -1050
3920 - 3921: 11380
3921 - 3922: 4165
3922 - 3923: 340
3923 - 3924: -1421
3924 - 3925: -507
3925 - 3926: 4510
3926 - 3927: -182
3927 - 3928: 4624
3928 - 3929: 8042
3929 - 3930: -2133
3930 - 3931: 4707
3931 - 3932: 14222
3932 - 3933: -2270
3933 - 3934: 842
3934 - 3935: 741
3935 - 3936: 1406
3936 - 3937: -988
3937 - 3938: -406
3938 - 3939: -312
3939 - 3940: -514
3940 - 3941: -1033
3941 - 3942: -1436
3942 - 3943: -2168
3943 - 3944: 6428
3944 - 3945: 1637
3945 - 3946: 9796
3946 - 3947: -1829
3947 - 3948: 2169
3948 - 3949: 7674
3949 - 3950: 4560
3950 - 3951: 65012
3951 - 3952: 488
3952 - 3953: 1117
3953 - 3954: -702
3954 - 3955: -766
3955 - 3956: 984
3956 - 3957: -1554
3957 - 3958: -1129
3958 - 3959: -5352
3959 - 3960: 10620
3960 - 3961: 13115
3961 - 3962: 956
3962 - 3963: 1053
3963 - 3964: -300
3964 - 3965: -691
3965 - 3966: -2930
3966 - 3967: 5641
3967 - 3968: 3941
3968 - 3969: 789
3969 - 3970: -786
3970 - 3971: 4964
3971 - 3972: 3778
3972 - 3973: 19490
3973 - 3974: 714
3974 - 3975: 4602
3975 - 3976: 8422
3976 - 3977: -1439
3977 - 3978: 171
3978 - 3979: 31628
3979 - 3980: 7014
3980 - 3981: -972
3981 - 3982: 1033
3982 - 3983: -1265
3983 - 3984: 9841
3984 - 3985: 2301
3985 - 3986: 8
3986 - 3987: 18815
3987 - 3988: 370
3988 - 3989: 4926
3989 - 3990: 11460
3990 - 3991: 59988
3991 - 3992: 9703
3992 - 3993: 3862
3993 - 3994: 23126
3994 - 3995: 71286
3995 - 3996: -969
3996 - 3997: 12070
3997 - 3998: 68319
3998 - 3999: 253
3999 - 4000: 1506
4000 - 4001: 62292
4001 - 4002: 8350
4002 - 4003: -574
4003 - 4004: -1476
4004 - 4005: 8199
4005 - 4006: 2539
4006 - 4007: 21193
4007 - 4008: -977
4008 - 4009: -94
4009 - 4010: 1559
4010 - 4011: 6333
4011 - 4012: -363
4012 - 4013: 7327
4013 - 4014: 9326
4014 - 4015: 6414
4015 - 4016: -750
4016 - 4017: 10394
4017 - 4018: 9445
4018 - 4019: 17611
4019 - 4020: -115
4020 - 4021: 4910
4021 - 4022: -107
4022 - 4023: 316
4023 - 4024: -1338
4024 - 4025: -2762
4025 - 4026: 13759
4026 - 4027: -1831
4027 - 4028: 61380
4028 - 4029: 5448
4029 - 4030: 1966
4030 - 4031: -346
4031 - 4032: -1005
4032 - 4033: 16206
4033 - 4034: -2161
4034 - 4035: 5260
4035 - 4036: 8650
4036 - 4037: 555
4037 - 4038: 6957
4038 - 4039: -95
4039 - 4040: -3047
4040 - 4041: 7940
4041 - 4042: 5975
4042 - 4043: -710
4043 - 4044: -707
4044 - 4045: -695
4045 - 4046: 42498
4046 - 4047: -1199
4047 - 4048: 1934
4048 - 4049: 2677
4049 - 4050: 1423
4050 - 4051: 50060
4051 - 4052: 212
4052 - 4053: 12095
4053 - 4054: 8529
4054 - 4055: 2977
4055 - 4056: 17266
4056 - 4057: 16163
4057 - 4058: 2318
4058 - 4059: 12372
4059 - 4060: 449
4060 - 4061: 6834
4061 - 4062: 14978
4062 - 4063: -81
4063 - 4064: 25516
4064 - 4065: 29819
4065 - 4066: 21093
4066 - 4067: 6243
4067 - 4068: 1002
4068 - 4069: 48004
4069 - 4070: 14295
4070 - 4071: -2227
4071 - 4072: 1679
4072 - 4073: -1045
4073 - 4074: 3096
4074 - 4075: -155
4075 - 4076: 2309
4076 - 4077: 22573
4077 - 4078: 12234
4078 - 4079: -546
4079 - 4080: 7130
4080 - 4081: 1567
4081 - 4082: 10729
4082 - 4083: 3471
4083 - 4084: -845
4084 - 4085: 4040
4085 - 4086: 1374
4086 - 4087: 3870
4087 - 4088: 2263
4088 - 4089: -3216
4089 - 4090: 6335
4090 - 4091: 23248
4091 - 4092: 6478
4092 - 4093: 31939
4093 - 4094: -2366
4094 - 4095: -3391
4095 - 4096: -615
4096 - 4097: -1070
4097 - 4098: 11386
4098 - 4099: 5470
4099 - 4100: 11755
4100 - 4101: 13213
4101 - 4102: 11043
4102 - 4103: 51344
4103 - 4104: 4260
4104 - 4105: 3887
4105 - 4106: 6620
4106 - 4107: -1238
4107 - 4108: -163
4108 - 4109: 46374
4109 - 4110: 71819
4110 - 4111: 5657
4111 - 4112: 61781
4112 - 4113: 10853
4113 - 4114: 1463
4114 - 4115: 10268
4115 - 4116: -2186
4116 - 4117: 3656
4117 - 4118: 53143
4118 - 4119: 2489
4119 - 4120: 31785
4120 - 4121: 8760
4121 - 4122: 336
4122 - 4123: -1575
4123 - 4124: 243
4124 - 4125: -197
4125 - 4126: -1297
4126 - 4127: -1688
4127 - 4128: 1163
4128 - 4129: -2398
4129 - 4130: -305
4130 - 4131: 366
4131 - 4132: 129
4132 - 4133: 45891
4133 - 4134: -3259
4134 - 4135: 38319
4135 - 4136: 3892
4136 - 4137: 59751
4137 - 4138: -297
4138 - 4139: -2082
4139 - 4140: 40238
4140 - 4141: 22100
4141 - 4142: -354
4142 - 4143: 397
4143 - 4144: 13842
4144 - 4145: 13289
4145 - 4146: 2293
4146 - 4147: 2034
4147 - 4148: 49747
4148 - 4149: -786
4149 - 4150: 2865
4150 - 4151: 2200
4151 - 4152: 2291
4152 - 4153: 4713
4153 - 4154: 10105
4154 - 4155: -1534
4155 - 4156: 4031
4156 - 4157: 45781
4157 - 4158: 2348
4158 - 4159: -622
4159 - 4160: -650
4160 - 4161: -1612
4161 - 4162: 8265
4162 - 4163: 613
4163 - 4164: 46216
4164 - 4165: 1950
4165 - 4166: 9890
4166 - 4167: 3704
4167 - 4168: 1472
4168 - 4169: 5786
4169 - 4170: 2166
4170 - 4171: 8808
4171 - 4172: 11246
4172 - 4173: 238
4173 - 4174: 8630
4174 - 4175: 380
4175 - 4176: -2709
4176 - 4177: 591
4177 - 4178: -2514
4178 - 4179: 8911
4179 - 4180: 19693
4180 - 4181: 1783
4181 - 4182: 7308
4182 - 4183: 52071
4183 - 4184: 2278
4184 - 4185: 471
4185 - 4186: -248
4186 - 4187: 2252
4187 - 4188: 5232
4188 - 4189: 42340
4189 - 4190: 4157
4190 - 4191: 6754
4191 - 4192: 5312
4192 - 4193: -248
4193 - 4194: 8851
4194 - 4195: 1276
4195 - 4196: 7917
4196 - 4197: 813
4197 - 4198: -105
4198 - 4199: 1390
4199 - 4200: -876
4200 - 4201: 2492
4201 - 4202: 672
4202 - 4203: 34343
4203 - 4204: 1529
4204 - 4205: -125
4205 - 4206: 21954
4206 - 4207: -801
4207 - 4208: -1192
4208 - 4209: -278
4209 - 4210: -708
4210 - 4211: 3830
4211 - 4212: 2786
4212 - 4213: 4276
4213 - 4214: 9496
4214 - 4215: 53392
4215 - 4216: -2098
4216 - 4217: 10049
4217 - 4218: 38409
4218 - 4219: 248
4219 - 4220: -1195
4220 - 4221: 9497
4221 - 4222: -916
4222 - 4223: -2303
4223 - 4224: 6628
4224 - 4225: 521
4225 - 4226: 10446
4226 - 4227: 6381
4227 - 4228: 59785
4228 - 4229: -1988
4229 - 4230: 342
4230 - 4231: 23771
4231 - 4232: 4454
4232 - 4233: -322
4233 - 4234: 12504
4234 - 4235: 11327
4235 - 4236: 40661
4236 - 4237: 23701
4237 - 4238: 15315
4238 - 4239: 9861
4239 - 4240: 4991
4240 - 4241: -1314
4241 - 4242: 834
4242 - 4243: 42
4243 - 4244: 2730
4244 - 4245: 15909
4245 - 4246: 5702
4246 - 4247: 2093
4247 - 4248: 9
4248 - 4249: 37421
4249 - 4250: -722
4250 - 4251: 1698
4251 - 4252: -1603
4252 - 4253: 19447
4253 - 4254: 15616
4254 - 4255: 2880
4255 - 4256: 14974
4256 - 4257: 66284
4257 - 4258: 3453
4258 - 4259: 5169
4259 - 4260: 12626
4260 - 4261: 8181
4261 - 4262: 8869
4262 - 4263: 9596
4263 - 4264: 5763
4264 - 4265: 19688
4265 - 4266: 58060
4266 - 4267: -3289
4267 - 4268: 7134
4268 - 4269: 10931
4269 - 4270: -699
4270 - 4271: 19374
4271 - 4272: 20074
4272 - 4273: -1965
4273 - 4274: 8820
4274 - 4275: 11757
4275 - 4276: 1354
4276 - 4277: 37028
4277 - 4278: 3400
4278 - 4279: 20338
4279 - 4280: 7834
4280 - 4281: 16354
4281 - 4282: -51
4282 - 4283: 710
4283 - 4284: 3745
4284 - 4285: 1619
4285 - 4286: 8700
4286 - 4287: 11638
4287 - 4288: 8864
4288 - 4289: 1916
4289 - 4290: 1606
4290 - 4291: 9529
4291 - 4292: 6133
4292 - 4293: 1856
4293 - 4294: -143
4294 - 4295: 8213
4295 - 4296: 10789
4296 - 4297: -1896
4297 - 4298: 4826
4298 - 4299: 29497
4299 - 4300: -4314
4300 - 4301: 14290
4301 - 4302: 24764
4302 - 4303: 8236
4303 - 4304: 3353
4304 - 4305: 22903
4305 - 4306: 20752
4306 - 4307: 24598
4307 - 4308: 9729
4308 - 4309: -1041
4309 - 4310: 37079
4310 - 4311: 4378
4311 - 4312: 9590
4312 - 4313: 18465
4313 - 4314: 1227
4314 - 4315: 12143
4315 - 4316: 8433
4316 - 4317: -358
4317 - 4318: -1290
4318 - 4319: 27495
4319 - 4320: 1451
4320 - 4321: 17363
4321 - 4322: 8812
4322 - 4323: 68824
4323 - 4324: 50642
4324 - 4325: 1689
4325 - 4326: 66277
4326 - 4327: -2222
4327 - 4328: 20279
4328 - 4329: 2294
4329 - 4330: 24141
4330 - 4331: 13722
4331 - 4332: 14483
4332 - 4333: 281
4333 - 4334: -1527
4334 - 4335: 11286
4335 - 4336: 64938
4336 - 4337: 27645
4337 - 4338: -2562
4338 - 4339: 9760
4339 - 4340: 1035
4340 - 4341: 5620
4341 - 4342: -1704
4342 - 4343: 5251
4343 - 4344: -1938
4344 - 4345: 7431
4345 - 4346: -1492
4346 - 4347: 322
4347 - 4348: 1052
4348 - 4349: 7303
4349 - 4350: 347
4350 - 4351: 5042
4351 - 4352: 9300
4352 - 4353: 40187
4353 - 4354: 11292
4354 - 4355: 14756
4355 - 4356: 11630
4356 - 4357: 2079
4357 - 4358: -2769
4358 - 4359: 8180
4359 - 4360: 2107
4360 - 4361: -870
4361 - 4362: 26040
4362 - 4363: 16948
4363 - 4364: 4551
4364 - 4365: -766
4365 - 4366: 167
4366 - 4367: 59229
4367 - 4368: 679
4368 - 4369: 3728
4369 - 4370: 19
4370 - 4371: 26710
4371 - 4372: 1806
4372 - 4373: 5176
4373 - 4374: 4528
4374 - 4375: 0
4375 - 4376: 50209
4376 - 4377: -4461
4377 - 4378: -7962
4378 - 4379: -3527
4379 - 4380: 15039
4380 - 4381: -4256
4381 - 4382: -3059
4382 - 4383: -1869
4383 - 4384: -3265
4384 - 4385: -4958
4385 - 4386: -5854
4386 - 4387: -4712
4387 - 4388: -4528
4388 - 4389: -4838
4389 - 4390: -1537
4390 - 4391: -5337
4391 - 4392: -4970
4392 - 4393: 10646
4393 - 4394: -2675
4394 - 4395: 42447
4395 - 4396: -1468
4396 - 4397: -501
4397 - 4398: 2025
4398 - 4399: -4139
4399 - 4400: -4691
4400 - 4401: -991
4401 - 4402: -5866
4402 - 4403: 1222
4403 - 4404: 28903
4404 - 4405: -3293
4405 - 4406: -2112
4406 - 4407: 6353
4407 - 4408: -1204
4408 - 4409: 5221
4409 - 4410: 5105
4410 - 4411: 10387
4411 - 4412: -4232
4412 - 4413: 12034
4413 - 4414: -611
4414 - 4415: -3398
4415 - 4416: -5455
4416 - 4417: 62146
4417 - 4418: -6639
4418 - 4419: 4121
4419 - 4420: 13709
4420 - 4421: 12601
4421 - 4422: 6571
4422 - 4423: 47795
4423 - 4424: 4529
4424 - 4425: 1205
4425 - 4426: -5109
4426 - 4427: 809
4427 - 4428: 5788
4428 - 4429: -4026
4429 - 4430: -6664
4430 - 4431: 9645
4431 - 4432: 2876
4432 - 4433: 2807
4433 - 4434: -3542
4434 - 4435: -1305
4435 - 4436: -1003
4436 - 4437: 19478
4437 - 4438: 13240
4438 - 4439: -3578
4439 - 4440: -4401
4440 - 4441: 9756
4441 - 4442: -3236
4442 - 4443: -2227
4443 - 4444: -3322
4444 - 4445: -3674
4445 - 4446: -5147
4446 - 4447: -5093
4447 - 4448: 285
4448 - 4449: 1340
4449 - 4450: -3744
4450 - 4451: -4654
4451 - 4452: -8005
4452 - 4453: -2034
4453 - 4454: -4125
4454 - 4455: 876
4455 - 4456: 15321
4456 - 4457: 5267
4457 - 4458: -6310
4458 - 4459: 3223
4459 - 4460: 8188
4460 - 4461: 4878
4461 - 4462: -1734
4462 - 4463: 6817
4463 - 4464: -296
4464 - 4465: 4299
4465 - 4466: 65657
4466 - 4467: 5723
4467 - 4468: -1608
4468 - 4469: -4078
4469 - 4470: -2182
4470 - 4471: -61
4471 - 4472: 3577
4472 - 4473: -4285
4473 - 4474: 10630
4474 - 4475: -4541
4475 - 4476: -5670
4476 - 4477: -7349
4477 - 4478: 41699
4478 - 4479: -4307
4479 - 4480: -1133
4480 - 4481: -2189
4481 - 4482: 16570
4482 - 4483: -2406
4483 - 4484: -3801
4484 - 4485: -4430
4485 - 4486: -3177
4486 - 4487: -2914
4487 - 4488: -4709
4488 - 4489: 7389
4489 - 4490: -350
4490 - 4491: 2977
4491 - 4492: 13665
4492 - 4493: 13931
4493 - 4494: 4841
4494 - 4495: -5858
4495 - 4496: 6067
4496 - 4497: -2316
4497 - 4498: 162
4498 - 4499: 28749
4499 - 4500: -2655
4500 - 4501: -1515
4501 - 4502: 567
4502 - 4503: -1599
4503 - 4504: 12922
4504 - 4505: 1208
4505 - 4506: -598
4506 - 4507: -2081
4507 - 4508: 47145
4508 - 4509: 64224
4509 - 4510: -871
4510 - 4511: 13764
4511 - 4512: 10305
4512 - 4513: 8673
4513 - 4514: 8814
4514 - 4515: 10515
4515 - 4516: 12104
4516 - 4517: 44961
4517 - 4518: 12043
4518 - 4519: 2001
4519 - 4520: 9453
4520 - 4521: 10584
4521 - 4522: -4665
4522 - 4523: 4140
4523 - 4524: -4234
4524 - 4525: -2990
4525 - 4526: -4698
4526 - 4527: -1239
4527 - 4528: -134
4528 - 4529: -4383
4529 - 4530: -2259
4530 - 4531: -1856
4531 - 4532: -278
4532 - 4533: 56285
4533 - 4534: -6088
4534 - 4535: -890
4535 - 4536: -2838
4536 - 4537: 1403
4537 - 4538: 6624
4538 - 4539: -3013
4539 - 4540: 195
4540 - 4541: -2674
4541 - 4542: -3622
4542 - 4543: 46152
4543 - 4544: -3506
4544 - 4545: 5463
4545 - 4546: -1890
4546 - 4547: 64424
4547 - 4548: -2777
4548 - 4549: 27231
4549 - 4550: 28953
4550 - 4551: -358
4551 - 4552: -3520
4552 - 4553: -4199
4553 - 4554: 2581
4554 - 4555: 7557
4555 - 4556: 6089
4556 - 4557: 15104
4557 - 4558: 8479
4558 - 4559: -4039
4559 - 4560: 2872
4560 - 4561: -1269
4561 - 4562: -1893
4562 - 4563: -1242
4563 - 4564: -1557
4564 - 4565: 35224
4565 - 4566: 4184
4566 - 4567: 12207
4567 - 4568: 1854
4568 - 4569: 37964
4569 - 4570: -2570
4570 - 4571: -6146
4571 - 4572: 45594
4572 - 4573: -1958
4573 - 4574: -3772
4574 - 4575: -3167
4575 - 4576: 19265
4576 - 4577: -4628
4577 - 4578: 3450
4578 - 4579: 3349
4579 - 4580: 2693
4580 - 4581: -3640
4581 - 4582: -3086
4582 - 4583: 5768
4583 - 4584: 34582
4584 - 4585: -49
4585 - 4586: -3985
4586 - 4587: 49134
4587 - 4588: -4920
4588 - 4589: -2251
4589 - 4590: 11179
4590 - 4591: -5525
4591 - 4592: 3927
4592 - 4593: -5757
4593 - 4594: 13492
4594 - 4595: -4706
4595 - 4596: 42387
4596 - 4597: -3501
4597 - 4598: -3240
4598 - 4599: -1662
4599 - 4600: -3171
4600 - 4601: -603
4601 - 4602: -2644
4602 - 4603: -2181
4603 - 4604: -2473
4604 - 4605: -4090
4605 - 4606: 544
4606 - 4607: -4577
4607 - 4608: 43800
4608 - 4609: 757
4609 - 4610: -4526
4610 - 4611: 59579
4611 - 4612: -2261
4612 - 4613: -695
4613 - 4614: -3069
4614 - 4615: -2996
4615 - 4616: -2756
4616 - 4617: -1727
4617 - 4618: -6905
4618 - 4619: -4279
4619 - 4620: -653
4620 - 4621: -263
4621 - 4622: 25890
4622 - 4623: -3307
4623 - 4624: -2066
4624 - 4625: -4523
4625 - 4626: -2705
4626 - 4627: 145
4627 - 4628: 45073
4628 - 4629: -1363
4629 - 4630: 9567
4630 - 4631: -4985
4631 - 4632: -3305
4632 - 4633: -2702
4633 - 4634: -5051
4634 - 4635: -5855
4635 - 4636: -6915
4636 - 4637: -3940
4637 - 4638: -4095
4638 - 4639: -4631
4639 - 4640: -4606
4640 - 4641: -4112
4641 - 4642: 13588
4642 - 4643: 3355
4643 - 4644: -5454
4644 - 4645: -2276
4645 - 4646: 4182
4646 - 4647: 1762
4647 - 4648: 7862
4648 - 4649: 1039
4649 - 4650: -3007
4650 - 4651: -3064
4651 - 4652: 3337
4652 - 4653: -1620
4653 - 4654: 8224
4654 - 4655: -983
4655 - 4656: -3389
4656 - 4657: -4795
4657 - 4658: -1533
4658 - 4659: -4408
4659 - 4660: -3254
4660 - 4661: 13650
4661 - 4662: 2028
4662 - 4663: -3482
4663 - 4664: 766
4664 - 4665: -5770
4665 - 4666: -1935
4666 - 4667: -5808
4667 - 4668: -1606
4668 - 4669: 4081
4669 - 4670: 5040
4670 - 4671: 3466
4671 - 4672: -4700
4672 - 4673: 18531
4673 - 4674: 3652
4674 - 4675: 12672
4675 - 4676: -3821
4676 - 4677: -2604
4677 - 4678: 756
4678 - 4679: -3627
4679 - 4680: -1756
4680 - 4681: -4257
4681 - 4682: -211
4682 - 4683: 37362
4683 - 4684: 2920
4684 - 4685: -3832
4685 - 4686: -6589
4686 - 4687: 18255
4687 - 4688: 1668
4688 - 4689: -1277
4689 - 4690: -1135
4690 - 4691: -5840
4691 - 4692: 309
4692 - 4693: 13628
4693 - 4694: -1895
4694 - 4695: 6313
4695 - 4696: -5910
4696 - 4697: -1208
4697 - 4698: 6281
4698 - 4699: 5907
4699 - 4700: 13821
4700 - 4701: -8048
4701 - 4702: 10320
4702 - 4703: -7177
4703 - 4704: -3502
4704 - 4705: 41078
4705 - 4706: -7542
4706 - 4707: -3117
4707 - 4708: -135
4708 - 4709: -3963
4709 - 4710: -4470
4710 - 4711: -1591
4711 - 4712: -1932
4712 - 4713: 7501
4713 - 4714: -3127
4714 - 4715: -1310
4715 - 4716: -35
4716 - 4717: -765
4717 - 4718: -4574
4718 - 4719: 17523
4719 - 4720: -4038
4720 - 4721: -3656
4721 - 4722: -1540
4722 - 4723: -3496
4723 - 4724: -2423
4724 - 4725: -1454
4725 - 4726: 11084
4726 - 4727: -7829
4727 - 4728: -1554
4728 - 4729: -4162
4729 - 4730: 3786
4730 - 4731: -6082
4731 - 4732: -4148
4732 - 4733: 4281
4733 - 4734: 10461
4734 - 4735: -6070
4735 - 4736: 9459
4736 - 4737: -2754
4737 - 4738: 15504
4738 - 4739: 162
4739 - 4740: 6473
4740 - 4741: -21
4741 - 4742: -5771
4742 - 4743: 42158
4743 - 4744: 6331
4744 - 4745: -1405
4745 - 4746: -491
4746 - 4747: -3837
4747 - 4748: -2764
4748 - 4749: 9676
4749 - 4750: 6230
4750 - 4751: 9715
4751 - 4752: 3948
4752 - 4753: 12397
4753 - 4754: -5942
4754 - 4755: 55687
4755 - 4756: -3104
4756 - 4757: -2571
4757 - 4758: 54073
4758 - 4759: -1876
4759 - 4760: 2270
4760 - 4761: 34201
4761 - 4762: 5534
4762 - 4763: -3751
4763 - 4764: -3820
4764 - 4765: -3738
4765 - 4766: -1820
4766 - 4767: -1767
4767 - 4768: -5504
4768 - 4769: -1622
4769 - 4770: -7101
4770 - 4771: -4348
4771 - 4772: -532
4772 - 4773: 48874
4773 - 4774: -4453
4774 - 4775: 1703
4775 - 4776: -3765
4776 - 4777: 26889
4777 - 4778: -3342
4778 - 4779: -2133
4779 - 4780: -2625
4780 - 4781: 67872
4781 - 4782: -6188
4782 - 4783: -6586
4783 - 4784: -2081
4784 - 4785: -5226
4785 - 4786: -6865
4786 - 4787: -9069
4787 - 4788: -6251
4788 - 4789: 9283
4789 - 4790: 52367
4790 - 4791: -2418
4791 - 4792: -7473
4792 - 4793: 9316
4793 - 4794: 67327
4794 - 4795: -3987
4795 - 4796: -5451
4796 - 4797: 13
4797 - 4798: -1651
4798 - 4799: 26520
4799 - 4800: -2615
4800 - 4801: -4560
4801 - 4802: -6226
4802 - 4803: -3327
4803 - 4804: -3094
4804 - 4805: 1159
4805 - 4806: 49306
4806 - 4807: 3393
4807 - 4808: 999
4808 - 4809: -4708
4809 - 4810: 26625
4810 - 4811: -1787
4811 - 4812: -3609
4812 - 4813: -5439
4813 - 4814: -6152
4814 - 4815: 2724
4815 - 4816: -6905
4816 - 4817: -4488
4817 - 4818: -6806
4818 - 4819: -3176
4819 - 4820: -355
4820 - 4821: -6920
4821 - 4822: -5675
4822 - 4823: -6921
4823 - 4824: -3742
4824 - 4825: -5909
4825 - 4826: -8064
4826 - 4827: -5150
4827 - 4828: -6407
4828 - 4829: -4990
4829 - 4830: -1604
4830 - 4831: 7659
4831 - 4832: -5945
4832 - 4833: -577
4833 - 4834: -456
4834 - 4835: -6776
4835 - 4836: -5006
4836 - 4837: 17858
4837 - 4838: -2273
4838 - 4839: 57867
4839 - 4840: -3736
4840 - 4841: -5218
4841 - 4842: -1446
4842 - 4843: -2909
4843 - 4844: -1662
4844 - 4845: -2495
4845 - 4846: -3496
4846 - 4847: -864
4847 - 4848: -1528
4848 - 4849: -3733
4849 - 4850: -6043
4850 - 4851: -3844
4851 - 4852: 34113
4852 - 4853: -260
4853 - 4854: -7995
4854 - 4855: -3282
4855 - 4856: -5821
4856 - 4857: -5014
4857 - 4858: -4296
4858 - 4859: -2960
4859 - 4860: -5832
4860 - 4861: -6970
4861 - 4862: -5566
4862 - 4863: -6893
4863 - 4864: -374
4864 - 4865: 1106
4865 - 4866: -4304
4866 - 4867: -1037
4867 - 4868: -9200
4868 - 4869: 25085
4869 - 4870: -3996
4870 - 4871: -3360
4871 - 4872: -6148
4872 - 4873: -404
4873 - 4874: -6690
4874 - 4875: -3178
4875 - 4876: -4796
4876 - 4877: -3656
4877 - 4878: 40065
4878 - 4879: -3304
4879 - 4880: -7380
4880 - 4881: -1979
4881 - 4882: -3045
4882 - 4883: 51847
4883 - 4884: -5700
4884 - 4885: -5265
4885 - 4886: -4303
4886 - 4887: -5356
4887 - 4888: -4659
4888 - 4889: -2590
4889 - 4890: -2061
4890 - 4891: -8965
4891 - 4892: -3378
4892 - 4893: -6474
4893 - 4894: -2693
4894 - 4895: -1622
4895 - 4896: -5000
4896 - 4897: -6030
4897 - 4898: -1193
4898 - 4899: -4000
4899 - 4900: -5964
4900 - 4901: -5162
4901 - 4902: -4460
4902 - 4903: 2773
4903 - 4904: -5965
4904 - 4905: 11503
4905 - 4906: -7331
4906 - 4907: 54779
4907 - 4908: -5374
4908 - 4909: 5703
4909 - 4910: 3672
4910 - 4911: -474
4911 - 4912: -3391
4912 - 4913: -2368
4913 - 4914: -4821
4914 - 4915: -4274
4915 - 4916: 18411
4916 - 4917: 11742
4917 - 4918: -3955
4918 - 4919: 204
4919 - 4920: -4102
4920 - 4921: -4293
4921 - 4922: -2222
4922 - 4923: 64187
4923 - 4924: -3611
4924 - 4925: -5010
4925 - 4926: -4626
4926 - 4927: 10909
4927 - 4928: 17689
4928 - 4929: 46531
4929 - 4930: -1168
4930 - 4931: 20884
4931 - 4932: 7886
4932 - 4933: 4232
4933 - 4934: 4454
4934 - 4935: -1230
4935 - 4936: -4731
4936 - 4937: 2731
4937 - 4938: 7152
4938 - 4939: -5668
4939 - 4940: -165
4940 - 4941: -3064
4941 - 4942: -2635
4942 - 4943: 3373
4943 - 4944: 11906
4944 - 4945: -2935
4945 - 4946: 9241
4946 - 4947: 47298
4947 - 4948: 19715
4948 - 4949: 5338
4949 - 4950: -2559
4950 - 4951: -929
4951 - 4952: -1526
4952 - 4953: 33547
4953 - 4954: 866
4954 - 4955: 3641
4955 - 4956: 42711
4956 - 4957: 9298
4957 - 4958: 12395
4958 - 4959: 65141
4959 - 4960: 23970
4960 - 4961: 13473
4961 - 4962: 10252
4962 - 4963: 76886
4963 - 4964: 48809
4964 - 4965: 5948
4965 - 4966: 41348
4966 - 4967: 4925
4967 - 4968: 2719
4968 - 4969: 1383
4969 - 4970: 9696
4970 - 4971: -4396
4971 - 4972: 2779
4972 - 4973: 61183
4973 - 4974: -6953
4974 - 4975: -3233
4975 - 4976: -2440
4976 - 4977: -3691
4977 - 4978: 21
4978 - 4979: 9449
4979 - 4980: -3560
4980 - 4981: -4314
4981 - 4982: 5676
4982 - 4983: -4550
4983 - 4984: 5031
4984 - 4985: -4744
4985 - 4986: -3274
4986 - 4987: 33344
4987 - 4988: 15610
4988 - 4989: 2428
4989 - 4990: 2201
4990 - 4991: 4730
4991 - 4992: -2506
4992 - 4993: -4140
4993 - 4994: 8602
4994 - 4995: -3395
4995 - 4996: -6616
4996 - 4997: -2695
4997 - 4998: -2068
4998 - 4999: -424
4999 - 5000: 0

Timing completed for program using OpenMP with 8 threads and 2061118568 CPUs
Reading in File: 136.357000 nanoseconds
Comparisons of wiki pages: 67.104000 nanoseconds
Overall time: 203.461000 nanoseconds
