0 - 1: 32923
1 - 2: -33872
2 - 3: -36905
3 - 4: -35406
4 - 5: -35603
5 - 6: -35979
6 - 7: -38003
7 - 8: -33135
8 - 9: -38442
9 - 10: -37212
10 - 11: -31835
11 - 12: 13186
12 - 13: -33778
13 - 14: 31472
14 - 15: -39317
15 - 16: 23462
16 - 17: 18916
17 - 18: 33725
18 - 19: 7197
19 - 20: 13519
20 - 21: -29635
21 - 22: -33212
22 - 23: -34680
23 - 24: 27238
24 - 25: -38971
25 - 26: 17946
26 - 27: -33216
27 - 28: -32909
28 - 29: 7333
29 - 30: 19856
30 - 31: -32510
31 - 32: -37646
32 - 33: 7763
33 - 34: -28930
34 - 35: -34819
35 - 36: 11449
36 - 37: -36574
37 - 38: -39085
38 - 39: 21781
39 - 40: -25357
40 - 41: 25551
41 - 42: 30922
42 - 43: 33900
43 - 44: -33945
44 - 45: -33911
45 - 46: -654
46 - 47: -28370
47 - 48: -37862
48 - 49: -35876
49 - 50: -38291
50 - 51: -37577
51 - 52: -34411
52 - 53: -24431
53 - 54: -33948
54 - 55: -36749
55 - 56: -21401
56 - 57: -33758
57 - 58: -33173
58 - 59: -39807
59 - 60: -37924
60 - 61: -1579
61 - 62: -35486
62 - 63: 19366
63 - 64: -36547
64 - 65: -15061
65 - 66: -38117
66 - 67: -36615
67 - 68: -25894
68 - 69: -30138
69 - 70: -35824
70 - 71: -28419
71 - 72: -36362
72 - 73: -36600
73 - 74: -25524
74 - 75: -37236
75 - 76: -37511
76 - 77: -36256
77 - 78: 137
78 - 79: -34241
79 - 80: -24083
80 - 81: -30723
81 - 82: -41974
82 - 83: -36567
83 - 84: -37094
84 - 85: -23866
85 - 86: -33188
86 - 87: -25587
87 - 88: -38171
88 - 89: -36662
89 - 90: -35483
90 - 91: -39005
91 - 92: -1138
92 - 93: -35965
93 - 94: -23237
94 - 95: -35664
95 - 96: -26377
96 - 97: -33522
97 - 98: -30771
98 - 99: -31945
99 - 100: -30114
100 - 101: -38379
101 - 102: -33866
102 - 103: -28712
103 - 104: -29976
104 - 105: -30368
105 - 106: 744
106 - 107: -32903
107 - 108: -32464
108 - 109: -29433
109 - 110: -30931
110 - 111: -29590
111 - 112: -32101
112 - 113: -30031
113 - 114: -28850
114 - 115: -23739
115 - 116: -29443
116 - 117: -30632
117 - 118: 45180
118 - 119: -29238
119 - 120: -30189
120 - 121: -36960
121 - 122: -32591
122 - 123: -35705
123 - 124: -34353
124 - 125: -27745
125 - 126: -29488
126 - 127: -30558
127 - 128: -35183
128 - 129: -32825
129 - 130: -24943
130 - 131: -38715
131 - 132: -26130
132 - 133: -37629
133 - 134: -28412
134 - 135: -33958
135 - 136: 22350
136 - 137: -32177
137 - 138: -20237
138 - 139: -37518
139 - 140: -30415
140 - 141: -35739
141 - 142: -34704
142 - 143: -30182
143 - 144: -31862
144 - 145: -35759
145 - 146: -30841
146 - 147: -34718
147 - 148: -32339
148 - 149: 9765
149 - 150: -30471
150 - 151: -25624
151 - 152: -28440
152 - 153: -30260
153 - 154: -34084
154 - 155: -27900
155 - 156: -37811
156 - 157: -36597
157 - 158: -35782
158 - 159: -27357
159 - 160: -28782
160 - 161: -29944
161 - 162: -27684
162 - 163: -36056
163 - 164: -32761
164 - 165: -33854
165 - 166: 0
166 - 167: 4684
167 - 168: 51172
168 - 169: 2697
169 - 170: 7972
170 - 171: 4998
171 - 172: -3274
172 - 173: 8096
173 - 174: 4068
174 - 175: 3071
175 - 176: 5055
176 - 177: 4805
177 - 178: 3841
178 - 179: -701
179 - 180: 5145
180 - 181: -1224
181 - 182: 3566
182 - 183: 658
183 - 184: 3261
184 - 185: 2374
185 - 186: 4286
186 - 187: 4074
187 - 188: -1432
188 - 189: 6263
189 - 190: 4319
190 - 191: 6856
191 - 192: 40853
192 - 193: 2199
193 - 194: -1546
194 - 195: 9667
195 - 196: 26352
196 - 197: 422
197 - 198: 11742
198 - 199: 2888
199 - 200: 3226
200 - 201: 5863
201 - 202: -925
202 - 203: 1285
203 - 204: 596
204 - 205: 130
205 - 206: 4644
206 - 207: 35380
207 - 208: 444
208 - 209: 5622
209 - 210: 31128
210 - 211: 6721
211 - 212: 23877
212 - 213: 15000
213 - 214: 10953
214 - 215: 807
215 - 216: 55762
216 - 217: -1755
217 - 218: -604
218 - 219: 18640
219 - 220: -1694
220 - 221: 239
221 - 222: 12902
222 - 223: -275
223 - 224: -1423
224 - 225: 7046
225 - 226: 1915
226 - 227: 911
227 - 228: 59856
228 - 229: -291
229 - 230: -1470
230 - 231: 1616
231 - 232: 2740
232 - 233: -1272
233 - 234: 11392
234 - 235: 57898
235 - 236: 18714
236 - 237: -1263
237 - 238: 8094
238 - 239: 10125
239 - 240: 48330
240 - 241: 44436
241 - 242: 624
242 - 243: 512
243 - 244: 3620
244 - 245: 28621
245 - 246: 27229
246 - 247: 25866
247 - 248: 27814
248 - 249: 27886
249 - 250: 27710
250 - 251: 27274
251 - 252: 28222
252 - 253: 25573
253 - 254: 26966
254 - 255: 27226
255 - 256: 27814
256 - 257: 26512
257 - 258: 26875
258 - 259: -616
259 - 260: 51652
260 - 261: 8720
261 - 262: 66757
262 - 263: -1831
263 - 264: 43600
264 - 265: -1648
265 - 266: -320
266 - 267: 47371
267 - 268: 2645
268 - 269: 1484
269 - 270: -345
270 - 271: 3530
271 - 272: 10181
272 - 273: -1005
273 - 274: 22661
274 - 275: -1184
275 - 276: -2803
276 - 277: 58061
277 - 278: 16
278 - 279: -5881
279 - 280: 6789
280 - 281: 4695
281 - 282: 3831
282 - 283: 5261
283 - 284: -2601
284 - 285: 5767
285 - 286: 389
286 - 287: 3752
287 - 288: -3161
288 - 289: 5294
289 - 290: 5345
290 - 291: 10388
291 - 292: 1562
292 - 293: 15074
293 - 294: 5479
294 - 295: 2886
295 - 296: 5321
296 - 297: -2987
297 - 298: -4719
298 - 299: 16756
299 - 300: 782
300 - 301: -239
301 - 302: 80394
302 - 303: 9304
303 - 304: 3542
304 - 305: 2445
305 - 306: 7701
306 - 307: -125
307 - 308: -1458
308 - 309: -557
309 - 310: -364
310 - 311: 785
311 - 312: 2528
312 - 313: -1960
313 - 314: 1190
314 - 315: -2520
315 - 316: 6482
316 - 317: 5957
317 - 318: 3346
318 - 319: -377
319 - 320: 1108
320 - 321: 5667
321 - 322: 3422
322 - 323: -3383
323 - 324: 3947
324 - 325: -649
325 - 326: -1087
326 - 327: 15158
327 - 328: 5850
328 - 329: 1801
329 - 330: 6051
330 - 331: 3020
331 - 332: 134217728
332 - 333: 38
333 - 334: -3215
334 - 335: 2251
335 - 336: -1579
336 - 337: -1354
337 - 338: 1047
338 - 339: 378
339 - 340: 10103
340 - 341: 38466
341 - 342: 1299
342 - 343: 6726
343 - 344: 842
344 - 345: 12107
345 - 346: 1174
346 - 347: 1141
347 - 348: 2536
348 - 349: -3176
349 - 350: 2627
350 - 351: 5572
351 - 352: 40541
352 - 353: -2295
353 - 354: 58267
354 - 355: 1337
355 - 356: 12422
356 - 357: 2391
357 - 358: 4113
358 - 359: 2689
359 - 360: 4118
360 - 361: 634
361 - 362: -144
362 - 363: -1296
363 - 364: -2648
364 - 365: 6381
365 - 366: -20
366 - 367: 320
367 - 368: -1924
368 - 369: 7757
369 - 370: -1959
370 - 371: 1115
371 - 372: 2734
372 - 373: 10385
373 - 374: 16069
374 - 375: 992
375 - 376: 1068
376 - 377: -2511
377 - 378: 6856
378 - 379: 3703
379 - 380: 3920
380 - 381: -314
381 - 382: -4
382 - 383: 300
383 - 384: 3839
384 - 385: 632
385 - 386: 8091
386 - 387: 2955
387 - 388: 3293
388 - 389: 4066
389 - 390: 9144
390 - 391: 9614
391 - 392: 3409
392 - 393: 2445
393 - 394: 16291
394 - 395: 681
395 - 396: 1417
396 - 397: 10773
397 - 398: 5284
398 - 399: 52
399 - 400: 1951
400 - 401: 3742
401 - 402: -79
402 - 403: 2872
403 - 404: 7347
404 - 405: 8415
405 - 406: 47406
406 - 407: -1582
407 - 408: -2998
408 - 409: 44465
409 - 410: 6309
410 - 411: 3899
411 - 412: -1529
412 - 413: -216
413 - 414: -2126
414 - 415: -1125
415 - 416: 72606
416 - 417: -275
417 - 418: 11111
418 - 419: -2224
419 - 420: 9212
420 - 421: 6455
421 - 422: 31438
422 - 423: 11326
423 - 424: 4404
424 - 425: 9748
425 - 426: 6114
426 - 427: 66681
427 - 428: 1676
428 - 429: 13289
429 - 430: 62149
430 - 431: 1669
431 - 432: 8021
432 - 433: 64337
433 - 434: -378
434 - 435: 4287
435 - 436: -191
436 - 437: 885
437 - 438: 777
438 - 439: 1160
439 - 440: 20442
440 - 441: 41191
441 - 442: 1957
442 - 443: 46532
443 - 444: -321
444 - 445: -2463
445 - 446: -528
446 - 447: -1211
447 - 448: -3386
448 - 449: 1930
449 - 450: 15888
450 - 451: -231
451 - 452: 432
452 - 453: 31111
453 - 454: 527
454 - 455: 803
455 - 456: 39403
456 - 457: -138
457 - 458: 15723
458 - 459: 573
459 - 460: -218
460 - 461: 13938
461 - 462: 1179
462 - 463: 529
463 - 464: 4861
464 - 465: -40
465 - 466: 9604
466 - 467: -1357
467 - 468: 8513
468 - 469: -748
469 - 470: 24114
470 - 471: 29576
471 - 472: 2537
472 - 473: 5053
473 - 474: 2038
474 - 475: 14831
475 - 476: 46777
476 - 477: -705
477 - 478: 294
478 - 479: 3013
479 - 480: -1279
480 - 481: -81
481 - 482: 1618
482 - 483: 16143
483 - 484: 1626
484 - 485: 21378
485 - 486: 6800
486 - 487: 4295
487 - 488: 1474
488 - 489: 7672
489 - 490: 19490
490 - 491: 693
491 - 492: 606
492 - 493: 8918
493 - 494: 2984
494 - 495: 8365
495 - 496: 798
496 - 497: 1200
497 - 498: 0
498 - 499: 28494
499 - 500: -6629
500 - 501: -6534
501 - 502: -11454
502 - 503: -10905
503 - 504: 11433
504 - 505: 9361
505 - 506: 5967
506 - 507: -12275
507 - 508: 3961
508 - 509: -9978
509 - 510: -2367
510 - 511: -9274
511 - 512: -5916
512 - 513: 52914
513 - 514: -4184
514 - 515: -7958
515 - 516: -5979
516 - 517: -9263
517 - 518: -5906
518 - 519: -7862
519 - 520: -7386
520 - 521: -10062
521 - 522: -7518
522 - 523: -10406
523 - 524: -11803
524 - 525: -596
525 - 526: -10128
526 - 527: 2650
527 - 528: -7508
528 - 529: -5896
529 - 530: -6525
530 - 531: -7556
531 - 532: -8226
532 - 533: -6422
533 - 534: -6262
534 - 535: -5305
535 - 536: 1245
536 - 537: -4883
537 - 538: -7833
538 - 539: -8790
539 - 540: -7581
540 - 541: -6743
541 - 542: -8940
542 - 543: -8215
543 - 544: -6780
544 - 545: -8342
545 - 546: -8469
546 - 547: -8008
547 - 548: -6976
548 - 549: -5755
549 - 550: -8550
550 - 551: -6403
551 - 552: -7001
552 - 553: -6946
553 - 554: 2235
554 - 555: -2935
555 - 556: -750
556 - 557: -1735
557 - 558: -7355
558 - 559: 29023
559 - 560: 4310
560 - 561: 4417
561 - 562: 3430
562 - 563: 4125
563 - 564: -1831
564 - 565: -8037
565 - 566: -8739
566 - 567: -10049
567 - 568: -8662
568 - 569: -5628
569 - 570: 10468
570 - 571: -2854
571 - 572: -1755
572 - 573: 7722
573 - 574: -8189
574 - 575: -5576
575 - 576: -6710
576 - 577: -5591
577 - 578: -7104
578 - 579: -10453
579 - 580: -10151
580 - 581: 56733
581 - 582: 61730
582 - 583: -8005
583 - 584: -1045
584 - 585: -11099
585 - 586: 28020
586 - 587: -5200
587 - 588: 1089
588 - 589: -9930
589 - 590: -12279
590 - 591: -12216
591 - 592: -10790
592 - 593: -9178
593 - 594: -10980
594 - 595: -10553
595 - 596: -10488
596 - 597: -8014
597 - 598: -9574
598 - 599: -4520
599 - 600: -6756
600 - 601: -5435
601 - 602: -3982
602 - 603: -8451
603 - 604: -10351
604 - 605: 47570
605 - 606: 8216
606 - 607: 38089
607 - 608: -13920
608 - 609: -9283
609 - 610: -6577
610 - 611: 61476
611 - 612: -9449
612 - 613: -7541
613 - 614: -8459
614 - 615: -8731
615 - 616: -935
616 - 617: -6468
617 - 618: 4237
618 - 619: -5900
619 - 620: -2614
620 - 621: -8856
621 - 622: -4008
622 - 623: 53206
623 - 624: -9257
624 - 625: -7425
625 - 626: -9941
626 - 627: -2482
627 - 628: 118
628 - 629: 6532
629 - 630: -8267
630 - 631: -6291
631 - 632: -2470
632 - 633: -8927
633 - 634: -8724
634 - 635: 1679
635 - 636: 60894
636 - 637: -6829
637 - 638: -6629
638 - 639: -14275
639 - 640: 59193
640 - 641: -13324
641 - 642: 9731
642 - 643: -9998
643 - 644: -7494
644 - 645: 2311
645 - 646: 5330
646 - 647: -7172
647 - 648: -8826
648 - 649: -10213
649 - 650: -10223
650 - 651: -2530
651 - 652: 5145
652 - 653: 4674
653 - 654: -7830
654 - 655: -8429
655 - 656: -8773
656 - 657: -11381
657 - 658: -6263
658 - 659: -8670
659 - 660: -6843
660 - 661: -270
661 - 662: -8412
662 - 663: 58664
663 - 664: 0
664 - 665: -13551
665 - 666: -10792
666 - 667: -3372
667 - 668: -12411
668 - 669: -13012
669 - 670: -8647
670 - 671: -11749
671 - 672: -11249
672 - 673: -4907
673 - 674: -12415
674 - 675: -13642
675 - 676: -10626
676 - 677: -12446
677 - 678: -11708
678 - 679: -3546
679 - 680: -12499
680 - 681: -9500
681 - 682: -12510
682 - 683: -12986
683 - 684: -12886
684 - 685: -10254
685 - 686: -4260
686 - 687: 389
687 - 688: -7642
688 - 689: -3293
689 - 690: -7037
690 - 691: -3644
691 - 692: -9661
692 - 693: -12664
693 - 694: -10320
694 - 695: -2151
695 - 696: -12315
696 - 697: 31668
697 - 698: -11532
698 - 699: -8674
699 - 700: -12767
700 - 701: 2682
701 - 702: -11760
702 - 703: -1894
703 - 704: -13108
704 - 705: -6043
705 - 706: -11609
706 - 707: -9854
707 - 708: 1841
708 - 709: -11632
709 - 710: -11490
710 - 711: 5777
711 - 712: 6603
712 - 713: -13759
713 - 714: 22597
714 - 715: 8468
715 - 716: -6981
716 - 717: 49779
717 - 718: -6493
718 - 719: -4783
719 - 720: -12493
720 - 721: -13759
721 - 722: -9836
722 - 723: -6947
723 - 724: -6677
724 - 725: -9630
725 - 726: -11257
726 - 727: -7301
727 - 728: -12112
728 - 729: -10195
729 - 730: -10943
730 - 731: -11829
731 - 732: -9819
732 - 733: 8273
733 - 734: -5848
734 - 735: -11608
735 - 736: -9160
736 - 737: -9651
737 - 738: -12654
738 - 739: -12856
739 - 740: 3201
740 - 741: -1272
741 - 742: -12611
742 - 743: -6403
743 - 744: -10820
744 - 745: -8950
745 - 746: 5356
746 - 747: -13408
747 - 748: -6457
748 - 749: -11742
749 - 750: -6861
750 - 751: -3097
751 - 752: -9660
752 - 753: -8139
753 - 754: -10595
754 - 755: -10389
755 - 756: -11784
756 - 757: -6102
757 - 758: -2185
758 - 759: -13522
759 - 760: -3221
760 - 761: -1467
761 - 762: -12940
762 - 763: -12434
763 - 764: -11785
764 - 765: -14855
765 - 766: -14189
766 - 767: -9172
767 - 768: 14671
768 - 769: -5655
769 - 770: -12158
770 - 771: -8688
771 - 772: -14513
772 - 773: -11802
773 - 774: -13417
774 - 775: -13742
775 - 776: -14892
776 - 777: -10935
777 - 778: -11805
778 - 779: -12358
779 - 780: -11773
780 - 781: -14614
781 - 782: 40367
782 - 783: -13269
783 - 784: -12476
784 - 785: -1336
785 - 786: -10080
786 - 787: 57371
787 - 788: -8296
788 - 789: -8917
789 - 790: -10809
790 - 791: -496
791 - 792: -7325
792 - 793: -9610
793 - 794: -10035
794 - 795: -9124
795 - 796: 14729
796 - 797: -11887
797 - 798: -12645
798 - 799: -8600
799 - 800: -13986
800 - 801: -13841
801 - 802: -5613
802 - 803: 4376
803 - 804: -3103
804 - 805: -3263
805 - 806: 58
806 - 807: 55570
807 - 808: -13720
808 - 809: -13320
809 - 810: -11425
810 - 811: -12829
811 - 812: 875
812 - 813: -14147
813 - 814: -9752
814 - 815: -12232
815 - 816: -1482
816 - 817: -9255
817 - 818: -9939
818 - 819: -5281
819 - 820: -3324
820 - 821: -7195
821 - 822: -11996
822 - 823: -10930
823 - 824: 57841
824 - 825: -3359
825 - 826: -7257
826 - 827: -5731
827 - 828: -12103
828 - 829: 40137
829 - 830: 0
830 - 831: -19077
831 - 832: -18115
832 - 833: -15527
833 - 834: -9788
834 - 835: -15300
835 - 836: -18383
836 - 837: -17419
837 - 838: 43342
838 - 839: -21185
839 - 840: -17589
840 - 841: -18110
841 - 842: -11213
842 - 843: -15083
843 - 844: 11515
844 - 845: -19013
845 - 846: -15962
846 - 847: -20325
847 - 848: -19045
848 - 849: 15014
849 - 850: 20601
850 - 851: -16089
851 - 852: -18364
852 - 853: -19494
853 - 854: -18738
854 - 855: -18588
855 - 856: -10995
856 - 857: -16524
857 - 858: -18966
858 - 859: -19724
859 - 860: -2079
860 - 861: -16872
861 - 862: -17994
862 - 863: -19130
863 - 864: 18150
864 - 865: -3996
865 - 866: -19234
866 - 867: -19789
867 - 868: 10755
868 - 869: -16367
869 - 870: -12369
870 - 871: -16719
871 - 872: -14416
872 - 873: -10299
873 - 874: -20770
874 - 875: -17704
875 - 876: -15486
876 - 877: -11671
877 - 878: -9356
878 - 879: -13169
879 - 880: 45969
880 - 881: -3552
881 - 882: -12711
882 - 883: -6610
883 - 884: -19372
884 - 885: 1045
885 - 886: -17557
886 - 887: -18197
887 - 888: 3007
888 - 889: -18587
889 - 890: -20699
890 - 891: -12228
891 - 892: -23294
892 - 893: -11410
893 - 894: -16257
894 - 895: -18807
895 - 896: -9144
896 - 897: -2608
897 - 898: -4370
898 - 899: -19099
899 - 900: -19438
900 - 901: -17982
901 - 902: -23816
902 - 903: -16968
903 - 904: -1458
904 - 905: 18274
905 - 906: -18463
906 - 907: -9481
907 - 908: -18464
908 - 909: 3048
909 - 910: -17003
910 - 911: 2419
911 - 912: -14477
912 - 913: -15260
913 - 914: -19870
914 - 915: -19682
915 - 916: -12465
916 - 917: -4780
917 - 918: -16839
918 - 919: -19221
919 - 920: -18917
920 - 921: -16919
921 - 922: -18984
922 - 923: -18456
923 - 924: -15920
924 - 925: -10964
925 - 926: 26065
926 - 927: -19430
927 - 928: -8216
928 - 929: 45415
929 - 930: 48664
930 - 931: -19042
931 - 932: -18077
932 - 933: 37719
933 - 934: 4600
934 - 935: 28139
935 - 936: -18483
936 - 937: -18486
937 - 938: -19265
938 - 939: -17656
939 - 940: -14755
940 - 941: -9880
941 - 942: -4638
942 - 943: -11306
943 - 944: -15602
944 - 945: -12854
945 - 946: -18809
946 - 947: -17311
947 - 948: -14471
948 - 949: -18227
949 - 950: -18190
950 - 951: -976
951 - 952: -17673
952 - 953: -6961
953 - 954: -8515
954 - 955: 23622
955 - 956: -17191
956 - 957: -17878
957 - 958: -18783
958 - 959: -18164
959 - 960: 40587
960 - 961: -9211
961 - 962: -8668
962 - 963: -9384
963 - 964: -17721
964 - 965: -15025
965 - 966: 25321
966 - 967: -18278
967 - 968: -16345
968 - 969: -19272
969 - 970: -12885
970 - 971: -20436
971 - 972: -20815
972 - 973: -20897
973 - 974: -18110
974 - 975: -19205
975 - 976: -19412
976 - 977: -14699
977 - 978: 43801
978 - 979: 13408
979 - 980: -3240
980 - 981: 7874
981 - 982: -22235
982 - 983: -20673
983 - 984: 32379
984 - 985: 46672
985 - 986: -16421
986 - 987: -447
987 - 988: -18864
988 - 989: -20460
989 - 990: 7581
990 - 991: -7580
991 - 992: -16366
992 - 993: -15326
993 - 994: -12925
994 - 995: 49552
995 - 996: 0
996 - 997: 0
997 - 998: 0
998 - 999: 0
999 - 1000: 0

Timing completed for program using OpenMP with 6 threads and -1250464663 CPUs
Reading in File: 1.114000 nanoseconds
Comparisons of wiki pages: 57.168000 nanoseconds
Overall time: 58.282000 nanoseconds
