0 - 1: 32923
1 - 2: -33872
2 - 3: -36905
3 - 4: -35406
4 - 5: -35603
5 - 6: -35979
6 - 7: -38003
7 - 8: -33135
8 - 9: -38442
9 - 10: -37212
10 - 11: -31835
11 - 12: 13186
12 - 13: -33778
13 - 14: 31472
14 - 15: -39317
15 - 16: 23462
16 - 17: 18916
17 - 18: 33725
18 - 19: 7197
19 - 20: 13519
20 - 21: -29635
21 - 22: -33212
22 - 23: -34680
23 - 24: 27238
24 - 25: -38971
25 - 26: 17946
26 - 27: -33216
27 - 28: -32909
28 - 29: 7333
29 - 30: 19856
30 - 31: -32510
31 - 32: -37646
32 - 33: 7763
33 - 34: -28930
34 - 35: -34819
35 - 36: 11449
36 - 37: -36574
37 - 38: -39085
38 - 39: 21781
39 - 40: -25357
40 - 41: 25551
41 - 42: 30922
42 - 43: 33900
43 - 44: -33945
44 - 45: -33911
45 - 46: -654
46 - 47: -28370
47 - 48: -37862
48 - 49: -35876
49 - 50: -38291
50 - 51: -37577
51 - 52: -34411
52 - 53: -24431
53 - 54: -33948
54 - 55: -36749
55 - 56: -21401
56 - 57: -33758
57 - 58: -33173
58 - 59: -39807
59 - 60: -37924
60 - 61: -1579
61 - 62: -35486
62 - 63: 19366
63 - 64: -36547
64 - 65: -15061
65 - 66: -38117
66 - 67: -36615
67 - 68: -25894
68 - 69: -30138
69 - 70: -35824
70 - 71: -28419
71 - 72: -36362
72 - 73: -36600
73 - 74: -25524
74 - 75: -37236
75 - 76: -37511
76 - 77: -36256
77 - 78: 137
78 - 79: -34241
79 - 80: -24083
80 - 81: -30723
81 - 82: -41974
82 - 83: -36567
83 - 84: -37094
84 - 85: -23866
85 - 86: -33188
86 - 87: -25587
87 - 88: -38171
88 - 89: -36662
89 - 90: -35483
90 - 91: -39005
91 - 92: -1138
92 - 93: -35965
93 - 94: -23237
94 - 95: -35664
95 - 96: -26377
96 - 97: -33522
97 - 98: -30771
98 - 99: -31945
99 - 100: -30114
100 - 101: -38379
101 - 102: -33866
102 - 103: -28712
103 - 104: -29976
104 - 105: -30368
105 - 106: 744
106 - 107: -32903
107 - 108: -32464
108 - 109: -29433
109 - 110: -30931
110 - 111: -29590
111 - 112: -32101
112 - 113: -30031
113 - 114: -28850
114 - 115: -23739
115 - 116: -29443
116 - 117: -30632
117 - 118: 45180
118 - 119: -29238
119 - 120: -30189
120 - 121: -36960
121 - 122: -32591
122 - 123: -35705
123 - 124: -34353
124 - 125: -27745
125 - 126: -29488
126 - 127: -30558
127 - 128: -35183
128 - 129: -32825
129 - 130: -24943
130 - 131: -38715
131 - 132: -26130
132 - 133: -37629
133 - 134: -28412
134 - 135: -33958
135 - 136: 22350
136 - 137: -32177
137 - 138: -20237
138 - 139: -37518
139 - 140: -30415
140 - 141: -35739
141 - 142: -34704
142 - 143: -30182
143 - 144: -31862
144 - 145: -35759
145 - 146: -30841
146 - 147: -34718
147 - 148: -32339
148 - 149: 9765
149 - 150: -30471
150 - 151: -25624
151 - 152: -28440
152 - 153: -30260
153 - 154: -34084
154 - 155: -27900
155 - 156: -37811
156 - 157: -36597
157 - 158: -35782
158 - 159: -27357
159 - 160: -28782
160 - 161: -29944
161 - 162: -27684
162 - 163: -36056
163 - 164: -32761
164 - 165: -33854
165 - 166: -35216
166 - 167: -30532
167 - 168: 15956
168 - 169: -32519
169 - 170: -27244
170 - 171: -30218
171 - 172: -38490
172 - 173: -27120
173 - 174: -31148
174 - 175: -32145
175 - 176: -30161
176 - 177: -30411
177 - 178: -31375
178 - 179: -35917
179 - 180: -30071
180 - 181: -36440
181 - 182: -31650
182 - 183: -34558
183 - 184: -31955
184 - 185: -32842
185 - 186: -30930
186 - 187: -31142
187 - 188: -36648
188 - 189: -28953
189 - 190: -30897
190 - 191: -28360
191 - 192: 5637
192 - 193: -33017
193 - 194: -36762
194 - 195: -25549
195 - 196: -8864
196 - 197: -34794
197 - 198: -23474
198 - 199: -32328
199 - 200: -31990
200 - 201: -29353
201 - 202: -36141
202 - 203: -33931
203 - 204: -34620
204 - 205: -35086
205 - 206: -30572
206 - 207: 164
207 - 208: -34772
208 - 209: -29594
209 - 210: -4088
210 - 211: -28495
211 - 212: -11339
212 - 213: -20216
213 - 214: -24263
214 - 215: -34409
215 - 216: 20546
216 - 217: -36971
217 - 218: -35820
218 - 219: -16576
219 - 220: -36910
220 - 221: -34977
221 - 222: -22314
222 - 223: -35491
223 - 224: -36639
224 - 225: -28170
225 - 226: -33301
226 - 227: -34305
227 - 228: 24640
228 - 229: -35507
229 - 230: -36686
230 - 231: -33600
231 - 232: -32476
232 - 233: -36488
233 - 234: -23824
234 - 235: 22682
235 - 236: -16502
236 - 237: -36479
237 - 238: -27122
238 - 239: -25091
239 - 240: 13114
240 - 241: 9220
241 - 242: -34592
242 - 243: -34704
243 - 244: -31596
244 - 245: -6595
245 - 246: -7987
246 - 247: -9350
247 - 248: -7402
248 - 249: -7330
249 - 250: -7506
250 - 251: -7942
251 - 252: -6994
252 - 253: -9643
253 - 254: -8250
254 - 255: -7990
255 - 256: -7402
256 - 257: -8704
257 - 258: -8341
258 - 259: -35832
259 - 260: 16436
260 - 261: -26496
261 - 262: 31541
262 - 263: -37047
263 - 264: 8384
264 - 265: -36864
265 - 266: -35536
266 - 267: 12155
267 - 268: -32571
268 - 269: -33732
269 - 270: -35561
270 - 271: -31686
271 - 272: -25035
272 - 273: -36221
273 - 274: -12555
274 - 275: -36400
275 - 276: -38019
276 - 277: 22845
277 - 278: -35200
278 - 279: -41097
279 - 280: -28427
280 - 281: -30521
281 - 282: -31385
282 - 283: -29955
283 - 284: -37817
284 - 285: -29449
285 - 286: -34827
286 - 287: -31464
287 - 288: -38377
288 - 289: -29922
289 - 290: -29871
290 - 291: -24828
291 - 292: -33654
292 - 293: -20142
293 - 294: -29737
294 - 295: -32330
295 - 296: -29895
296 - 297: -38203
297 - 298: -39935
298 - 299: -18460
299 - 300: -34434
300 - 301: -35455
301 - 302: 45178
302 - 303: -25912
303 - 304: -31674
304 - 305: -32771
305 - 306: -27515
306 - 307: -35341
307 - 308: -36674
308 - 309: -35773
309 - 310: -35580
310 - 311: -34431
311 - 312: -32688
312 - 313: -37176
313 - 314: -34026
314 - 315: -37736
315 - 316: -28734
316 - 317: -29259
317 - 318: -31870
318 - 319: -35593
319 - 320: -34108
320 - 321: -29549
321 - 322: -31794
322 - 323: -38599
323 - 324: -31269
324 - 325: -35865
325 - 326: -36303
326 - 327: -20058
327 - 328: -29366
328 - 329: -33415
329 - 330: -29165
330 - 331: -32196
331 - 332: -36697
332 - 333: -36659
333 - 334: -39912
334 - 335: -34446
335 - 336: -38276
336 - 337: -38051
337 - 338: -35650
338 - 339: -36319
339 - 340: -26594
340 - 341: 1769
341 - 342: -35398
342 - 343: -29971
343 - 344: -35855
344 - 345: -24590
345 - 346: -35523
346 - 347: -35556
347 - 348: -34161
348 - 349: -39873
349 - 350: -34070
350 - 351: -31125
351 - 352: 3844
352 - 353: -38992
353 - 354: 21570
354 - 355: -35360
355 - 356: -24275
356 - 357: -34306
357 - 358: -32584
358 - 359: -34008
359 - 360: -32579
360 - 361: -36063
361 - 362: -36841
362 - 363: -37993
363 - 364: -39345
364 - 365: -30316
365 - 366: -36717
366 - 367: -36377
367 - 368: -38621
368 - 369: -28940
369 - 370: -38656
370 - 371: -35582
371 - 372: -33963
372 - 373: -26312
373 - 374: -20628
374 - 375: -35705
375 - 376: -35629
376 - 377: -39208
377 - 378: -29841
378 - 379: -32994
379 - 380: -32777
380 - 381: -37011
381 - 382: -36701
382 - 383: -36397
383 - 384: -32858
384 - 385: -36065
385 - 386: -28606
386 - 387: -33742
387 - 388: -33404
388 - 389: -32631
389 - 390: -27553
390 - 391: -27083
391 - 392: -33288
392 - 393: -34252
393 - 394: -20406
394 - 395: -36016
395 - 396: -35280
396 - 397: -25924
397 - 398: -31413
398 - 399: -36645
399 - 400: -34746
400 - 401: -32955
401 - 402: -36776
402 - 403: -33825
403 - 404: -29350
404 - 405: -28282
405 - 406: 10709
406 - 407: -38279
407 - 408: -39695
408 - 409: 7768
409 - 410: -30388
410 - 411: -32798
411 - 412: -38226
412 - 413: -36913
413 - 414: -38823
414 - 415: -37822
415 - 416: 35909
416 - 417: -36972
417 - 418: -25586
418 - 419: -38921
419 - 420: -27485
420 - 421: -30242
421 - 422: -5259
422 - 423: -25371
423 - 424: -32293
424 - 425: -26949
425 - 426: -30583
426 - 427: 29984
427 - 428: -35021
428 - 429: -23408
429 - 430: 25452
430 - 431: -35028
431 - 432: -28676
432 - 433: 27640
433 - 434: -37075
434 - 435: -32410
435 - 436: -36888
436 - 437: -35812
437 - 438: -35920
438 - 439: -35537
439 - 440: -16255
440 - 441: 4494
441 - 442: -34740
442 - 443: 9835
443 - 444: -37018
444 - 445: -39160
445 - 446: -37225
446 - 447: -37908
447 - 448: -40083
448 - 449: -34767
449 - 450: -20809
450 - 451: -36928
451 - 452: -36265
452 - 453: -5586
453 - 454: -36170
454 - 455: -35894
455 - 456: 2706
456 - 457: -36835
457 - 458: -20974
458 - 459: -36124
459 - 460: -36915
460 - 461: -22759
461 - 462: -35518
462 - 463: -36168
463 - 464: -31836
464 - 465: -36737
465 - 466: -27093
466 - 467: -38054
467 - 468: -28184
468 - 469: -37445
469 - 470: -12583
470 - 471: -7121
471 - 472: -34160
472 - 473: -31644
473 - 474: -34659
474 - 475: -21866
475 - 476: 10080
476 - 477: -37402
477 - 478: -36403
478 - 479: -33684
479 - 480: -37976
480 - 481: -36778
481 - 482: -35079
482 - 483: -20554
483 - 484: -35071
484 - 485: -15319
485 - 486: -29897
486 - 487: -32402
487 - 488: -35223
488 - 489: -29025
489 - 490: -17207
490 - 491: -36004
491 - 492: -36091
492 - 493: -27779
493 - 494: -33713
494 - 495: -28332
495 - 496: -35899
496 - 497: -35497
497 - 498: -27708
498 - 499: 786
499 - 500: -34337
500 - 501: -34242
501 - 502: -39162
502 - 503: -38613
503 - 504: -16275
504 - 505: -18347
505 - 506: -21741
506 - 507: -39983
507 - 508: -23747
508 - 509: -37686
509 - 510: -30075
510 - 511: -36982
511 - 512: -33624
512 - 513: 25206
513 - 514: -31892
514 - 515: -35666
515 - 516: -33687
516 - 517: -36971
517 - 518: -33614
518 - 519: -35570
519 - 520: -35094
520 - 521: -37770
521 - 522: -35226
522 - 523: -38114
523 - 524: -39511
524 - 525: -28304
525 - 526: -37836
526 - 527: -25058
527 - 528: -35216
528 - 529: -33604
529 - 530: -34233
530 - 531: -35264
531 - 532: -35934
532 - 533: -34130
533 - 534: -33970
534 - 535: -33013
535 - 536: -26463
536 - 537: -32591
537 - 538: -35541
538 - 539: -36498
539 - 540: -35289
540 - 541: -34451
541 - 542: -36648
542 - 543: -35923
543 - 544: -34488
544 - 545: -36050
545 - 546: -36177
546 - 547: -35716
547 - 548: -34684
548 - 549: -33463
549 - 550: -36258
550 - 551: -34111
551 - 552: -34709
552 - 553: -34654
553 - 554: -25473
554 - 555: -30643
555 - 556: -28458
556 - 557: -29443
557 - 558: -35063
558 - 559: 1315
559 - 560: -23398
560 - 561: -23291
561 - 562: -24278
562 - 563: -23583
563 - 564: -29539
564 - 565: -35745
565 - 566: -36447
566 - 567: -37757
567 - 568: -36370
568 - 569: -33336
569 - 570: -17240
570 - 571: -30562
571 - 572: -29463
572 - 573: -19986
573 - 574: -35897
574 - 575: -33284
575 - 576: -34418
576 - 577: -33299
577 - 578: -34812
578 - 579: -38161
579 - 580: -37859
580 - 581: 29025
581 - 582: 34022
582 - 583: -35713
583 - 584: -28753
584 - 585: -38807
585 - 586: 312
586 - 587: -32908
587 - 588: -26619
588 - 589: -37638
589 - 590: -39987
590 - 591: -39924
591 - 592: -38498
592 - 593: -36886
593 - 594: -38688
594 - 595: -38261
595 - 596: -38196
596 - 597: -35722
597 - 598: -37282
598 - 599: -32228
599 - 600: -34464
600 - 601: -33143
601 - 602: -31690
602 - 603: -36159
603 - 604: -38059
604 - 605: 19862
605 - 606: -19492
606 - 607: 10381
607 - 608: -41628
608 - 609: -36991
609 - 610: -34285
610 - 611: 33768
611 - 612: -37157
612 - 613: -35249
613 - 614: -36167
614 - 615: -36439
615 - 616: -28643
616 - 617: -34176
617 - 618: -23471
618 - 619: -33608
619 - 620: -30322
620 - 621: -36564
621 - 622: -31716
622 - 623: 25498
623 - 624: -36965
624 - 625: -35133
625 - 626: -37649
626 - 627: -30190
627 - 628: -27590
628 - 629: -21176
629 - 630: -35975
630 - 631: -33999
631 - 632: -30178
632 - 633: -36635
633 - 634: -36432
634 - 635: -26029
635 - 636: 33186
636 - 637: -34537
637 - 638: -34337
638 - 639: -41983
639 - 640: 31485
640 - 641: -41032
641 - 642: -17977
642 - 643: -37706
643 - 644: -35202
644 - 645: -25397
645 - 646: -22378
646 - 647: -34880
647 - 648: -36534
648 - 649: -37921
649 - 650: -37931
650 - 651: -30238
651 - 652: -22563
652 - 653: -23034
653 - 654: -35538
654 - 655: -36137
655 - 656: -36481
656 - 657: -39089
657 - 658: -33971
658 - 659: -36378
659 - 660: -34551
660 - 661: -27978
661 - 662: -36120
662 - 663: 30956
663 - 664: -24188
664 - 665: -37739
665 - 666: -34980
666 - 667: -27560
667 - 668: -36599
668 - 669: -37200
669 - 670: -32835
670 - 671: -35937
671 - 672: -35437
672 - 673: -29095
673 - 674: -36603
674 - 675: -37830
675 - 676: -34814
676 - 677: -36634
677 - 678: -35896
678 - 679: -27734
679 - 680: -36687
680 - 681: -33688
681 - 682: -36698
682 - 683: -37174
683 - 684: -37074
684 - 685: -34442
685 - 686: -28448
686 - 687: -23799
687 - 688: -31830
688 - 689: -27481
689 - 690: -31225
690 - 691: -27832
691 - 692: -33849
692 - 693: -36852
693 - 694: -34508
694 - 695: -26339
695 - 696: -36503
696 - 697: 7480
697 - 698: -35720
698 - 699: -32862
699 - 700: -36955
700 - 701: -21506
701 - 702: -35948
702 - 703: -26082
703 - 704: -37296
704 - 705: -30231
705 - 706: -35797
706 - 707: -34042
707 - 708: -22347
708 - 709: -35820
709 - 710: -35678
710 - 711: -18411
711 - 712: -17585
712 - 713: -37947
713 - 714: -1591
714 - 715: -15720
715 - 716: -31169
716 - 717: 25591
717 - 718: -30681
718 - 719: -28971
719 - 720: -36681
720 - 721: -37947
721 - 722: -34024
722 - 723: -31135
723 - 724: -30865
724 - 725: -33818
725 - 726: -35445
726 - 727: -31489
727 - 728: -36300
728 - 729: -34383
729 - 730: -35131
730 - 731: -36017
731 - 732: -34007
732 - 733: -15915
733 - 734: -30036
734 - 735: -35796
735 - 736: -33348
736 - 737: -33839
737 - 738: -36842
738 - 739: -37044
739 - 740: -20987
740 - 741: -25460
741 - 742: -36799
742 - 743: -30591
743 - 744: -35008
744 - 745: -33138
745 - 746: -18832
746 - 747: -37596
747 - 748: -30645
748 - 749: -35930
749 - 750: -31049
750 - 751: -27285
751 - 752: -33848
752 - 753: -32327
753 - 754: -34783
754 - 755: -34577
755 - 756: -35972
756 - 757: -30290
757 - 758: -26373
758 - 759: -37710
759 - 760: -27409
760 - 761: -25655
761 - 762: -37128
762 - 763: -36622
763 - 764: -35973
764 - 765: -39043
765 - 766: -38377
766 - 767: -33360
767 - 768: -9517
768 - 769: -29843
769 - 770: -36346
770 - 771: -32876
771 - 772: -38701
772 - 773: -35990
773 - 774: -37605
774 - 775: -37930
775 - 776: -39080
776 - 777: -35123
777 - 778: -35993
778 - 779: -36546
779 - 780: -35961
780 - 781: -38802
781 - 782: 16179
782 - 783: -37457
783 - 784: -36664
784 - 785: -25524
785 - 786: -34268
786 - 787: 33183
787 - 788: -32484
788 - 789: -33105
789 - 790: -34997
790 - 791: -24684
791 - 792: -31513
792 - 793: -33798
793 - 794: -34223
794 - 795: -33312
795 - 796: -9459
796 - 797: -36075
797 - 798: -36833
798 - 799: -32788
799 - 800: -38174
800 - 801: -38029
801 - 802: -29801
802 - 803: -19812
803 - 804: -27291
804 - 805: -27451
805 - 806: -24130
806 - 807: 31382
807 - 808: -37908
808 - 809: -37508
809 - 810: -35613
810 - 811: -37017
811 - 812: -23313
812 - 813: -38335
813 - 814: -33940
814 - 815: -36420
815 - 816: -25670
816 - 817: -33443
817 - 818: -34127
818 - 819: -29469
819 - 820: -27512
820 - 821: -31383
821 - 822: -36184
822 - 823: -35118
823 - 824: 33653
824 - 825: -27547
825 - 826: -31445
826 - 827: -29919
827 - 828: -36291
828 - 829: 15949
829 - 830: -18065
830 - 831: -37142
831 - 832: -36180
832 - 833: 0
833 - 834: 5739
834 - 835: 227
835 - 836: -2856
836 - 837: -1892
837 - 838: 58869
838 - 839: -5658
839 - 840: -2062
840 - 841: -2583
841 - 842: 4314
842 - 843: 444
843 - 844: 27042
844 - 845: -3486
845 - 846: -435
846 - 847: -4798
847 - 848: -3518
848 - 849: 30541
849 - 850: 36128
850 - 851: -562
851 - 852: -2837
852 - 853: -3967
853 - 854: -3211
854 - 855: -3061
855 - 856: 4532
856 - 857: -997
857 - 858: -3439
858 - 859: -4197
859 - 860: 13448
860 - 861: -1345
861 - 862: -2467
862 - 863: -3603
863 - 864: 33677
864 - 865: 11531
865 - 866: -3707
866 - 867: -4262
867 - 868: 26282
868 - 869: -840
869 - 870: 3158
870 - 871: -1192
871 - 872: 1111
872 - 873: 5228
873 - 874: -5243
874 - 875: -2177
875 - 876: 41
876 - 877: 3856
877 - 878: 6171
878 - 879: 2358
879 - 880: 61496
880 - 881: 11975
881 - 882: 2816
882 - 883: 8917
883 - 884: -3845
884 - 885: 16572
885 - 886: -2030
886 - 887: -2670
887 - 888: 18534
888 - 889: -3060
889 - 890: -5172
890 - 891: 3299
891 - 892: -7767
892 - 893: 4117
893 - 894: -730
894 - 895: -3280
895 - 896: 6383
896 - 897: 12919
897 - 898: 11157
898 - 899: -3572
899 - 900: -3911
900 - 901: -2455
901 - 902: -8289
902 - 903: -1441
903 - 904: 14069
904 - 905: 33801
905 - 906: -2936
906 - 907: 6046
907 - 908: -2937
908 - 909: 18575
909 - 910: -1476
910 - 911: 17946
911 - 912: 1050
912 - 913: 267
913 - 914: -4343
914 - 915: -4155
915 - 916: 3062
916 - 917: 10747
917 - 918: -1312
918 - 919: -3694
919 - 920: -3390
920 - 921: -1392
921 - 922: -3457
922 - 923: -2929
923 - 924: -393
924 - 925: 4563
925 - 926: 41592
926 - 927: -3903
927 - 928: 7311
928 - 929: 60942
929 - 930: 64191
930 - 931: -3515
931 - 932: -2550
932 - 933: 53246
933 - 934: 20127
934 - 935: 43666
935 - 936: -2956
936 - 937: -2959
937 - 938: -3738
938 - 939: -2129
939 - 940: 772
940 - 941: 5647
941 - 942: 10889
942 - 943: 4221
943 - 944: -75
944 - 945: 2673
945 - 946: -3282
946 - 947: -1784
947 - 948: 1056
948 - 949: -2700
949 - 950: -2663
950 - 951: 14551
951 - 952: -2146
952 - 953: 8566
953 - 954: 7012
954 - 955: 39149
955 - 956: -1664
956 - 957: -2351
957 - 958: -3256
958 - 959: -2637
959 - 960: 56114
960 - 961: 6316
961 - 962: 6859
962 - 963: 6143
963 - 964: -2194
964 - 965: 502
965 - 966: 40848
966 - 967: -2751
967 - 968: -818
968 - 969: -3745
969 - 970: 2642
970 - 971: -4909
971 - 972: -5288
972 - 973: -5370
973 - 974: -2583
974 - 975: -3678
975 - 976: -3885
976 - 977: 828
977 - 978: 59328
978 - 979: 28935
979 - 980: 12287
980 - 981: 23401
981 - 982: -6708
982 - 983: -5146
983 - 984: 47906
984 - 985: 62199
985 - 986: -894
986 - 987: 15080
987 - 988: -3337
988 - 989: -4933
989 - 990: 23108
990 - 991: 7947
991 - 992: -839
992 - 993: 201
993 - 994: 2602
994 - 995: 65079
995 - 996: 54055
996 - 997: 13719
997 - 998: -3931
998 - 999: -415
999 - 1000: 5420
1000 - 1001: -675
1001 - 1002: 1425
1002 - 1003: 6533
1003 - 1004: -2231
1004 - 1005: 2272
1005 - 1006: -4328
1006 - 1007: -1199
1007 - 1008: 11236
1008 - 1009: -3017
1009 - 1010: 396
1010 - 1011: 10247
1011 - 1012: 12514
1012 - 1013: 341
1013 - 1014: 3756
1014 - 1015: 28565
1015 - 1016: 54474
1016 - 1017: 2868
1017 - 1018: 14013
1018 - 1019: -3199
1019 - 1020: 34514
1020 - 1021: -2868
1021 - 1022: -3627
1022 - 1023: -1879
1023 - 1024: 5108
1024 - 1025: -4557
1025 - 1026: 5765
1026 - 1027: 9881
1027 - 1028: 8422
1028 - 1029: -142
1029 - 1030: 10866
1030 - 1031: -7604
1031 - 1032: -2381
1032 - 1033: -1246
1033 - 1034: 28
1034 - 1035: -4738
1035 - 1036: 833
1036 - 1037: 428
1037 - 1038: 7781
1038 - 1039: -335
1039 - 1040: 35065
1040 - 1041: -1468
1041 - 1042: 13732
1042 - 1043: 11879
1043 - 1044: 15731
1044 - 1045: -2211
1045 - 1046: -3915
1046 - 1047: -3300
1047 - 1048: 41762
1048 - 1049: 2613
1049 - 1050: 10053
1050 - 1051: -3101
1051 - 1052: 42545
1052 - 1053: -5309
1053 - 1054: -1800
1054 - 1055: 12389
1055 - 1056: -3672
1056 - 1057: -6997
1057 - 1058: -6258
1058 - 1059: -3086
1059 - 1060: 3131
1060 - 1061: -5537
1061 - 1062: -3716
1062 - 1063: -2091
1063 - 1064: -4790
1064 - 1065: -3653
1065 - 1066: -3050
1066 - 1067: -3154
1067 - 1068: -2288
1068 - 1069: -2654
1069 - 1070: -4794
1070 - 1071: -5473
1071 - 1072: -272
1072 - 1073: 2249
1073 - 1074: 6203
1074 - 1075: -4706
1075 - 1076: -5997
1076 - 1077: -3244
1077 - 1078: -1632
1078 - 1079: -3988
1079 - 1080: 4291
1080 - 1081: -4708
1081 - 1082: -2478
1082 - 1083: -3866
1083 - 1084: -5860
1084 - 1085: -6718
1085 - 1086: -4817
1086 - 1087: -5745
1087 - 1088: -4801
1088 - 1089: -4282
1089 - 1090: -5126
1090 - 1091: -3352
1091 - 1092: -4952
1092 - 1093: -3625
1093 - 1094: 2817
1094 - 1095: 3575
1095 - 1096: 15947
1096 - 1097: -2693
1097 - 1098: -3474
1098 - 1099: -2968
1099 - 1100: -4045
1100 - 1101: 6698
1101 - 1102: 62229
1102 - 1103: 2197
1103 - 1104: -2262
1104 - 1105: 42005
1105 - 1106: 9896
1106 - 1107: -5017
1107 - 1108: 2790
1108 - 1109: -3494
1109 - 1110: 17006
1110 - 1111: 3439
1111 - 1112: -1230
1112 - 1113: -3336
1113 - 1114: -1090
1114 - 1115: 7810
1115 - 1116: 10845
1116 - 1117: -854
1117 - 1118: 4923
1118 - 1119: 6681
1119 - 1120: 40900
1120 - 1121: -1255
1121 - 1122: 7028
1122 - 1123: -2149
1123 - 1124: 7633
1124 - 1125: 67091
1125 - 1126: 12915
1126 - 1127: 6646
1127 - 1128: -1681
1128 - 1129: 11003
1129 - 1130: -1431
1130 - 1131: 1630
1131 - 1132: 3578
1132 - 1133: 3314
1133 - 1134: 3430
1134 - 1135: 4510
1135 - 1136: 4531
1136 - 1137: 4025
1137 - 1138: -3488
1138 - 1139: 602
1139 - 1140: -3811
1140 - 1141: -997
1141 - 1142: 1936
1142 - 1143: 8740
1143 - 1144: -7859
1144 - 1145: -7604
1145 - 1146: 8286
1146 - 1147: 10517
1147 - 1148: 10059
1148 - 1149: 1542
1149 - 1150: 11855
1150 - 1151: 8242
1151 - 1152: -2715
1152 - 1153: -3631
1153 - 1154: 723
1154 - 1155: -3706
1155 - 1156: 30665
1156 - 1157: -3779
1157 - 1158: -2733
1158 - 1159: -3204
1159 - 1160: 41072
1160 - 1161: -2741
1161 - 1162: -4472
1162 - 1163: 1673
1163 - 1164: 7792
1164 - 1165: -3114
1165 - 1166: 65
1166 - 1167: -4789
1167 - 1168: 7870
1168 - 1169: 12638
1169 - 1170: 6408
1170 - 1171: 37303
1171 - 1172: -4909
1172 - 1173: -7389
1173 - 1174: -1005
1174 - 1175: -477
1175 - 1176: 611
1176 - 1177: 8213
1177 - 1178: 3705
1178 - 1179: -1425
1179 - 1180: 43115
1180 - 1181: 2180
1181 - 1182: -3047
1182 - 1183: -2486
1183 - 1184: 2941
1184 - 1185: -261
1185 - 1186: 3022
1186 - 1187: 2938
1187 - 1188: -1405
1188 - 1189: 6207
1189 - 1190: 69066
1190 - 1191: 365
1191 - 1192: 6269
1192 - 1193: 10918
1193 - 1194: 12443
1194 - 1195: -2374
1195 - 1196: -706
1196 - 1197: 6202
1197 - 1198: -4118
1198 - 1199: 1220
1199 - 1200: -1596
1200 - 1201: -2669
1201 - 1202: 41107
1202 - 1203: 53899
1203 - 1204: 612
1204 - 1205: -4207
1205 - 1206: -3122
1206 - 1207: -2793
1207 - 1208: 5948
1208 - 1209: 1351
1209 - 1210: -287
1210 - 1211: -3555
1211 - 1212: -1710
1212 - 1213: 41188
1213 - 1214: -1821
1214 - 1215: -10850
1215 - 1216: 2947
1216 - 1217: 1521
1217 - 1218: -4936
1218 - 1219: -276
1219 - 1220: -5687
1220 - 1221: 651
1221 - 1222: -2500
1222 - 1223: 14136
1223 - 1224: 30780
1224 - 1225: 6287
1225 - 1226: 66720
1226 - 1227: -4717
1227 - 1228: 7922
1228 - 1229: 2143
1229 - 1230: 34161
1230 - 1231: 8116
1231 - 1232: 1428
1232 - 1233: 10036
1233 - 1234: 9131
1234 - 1235: 7034
1235 - 1236: 1590
1236 - 1237: -1536
1237 - 1238: -3346
1238 - 1239: -201
1239 - 1240: 36425
1240 - 1241: -634
1241 - 1242: 36491
1242 - 1243: -171
1243 - 1244: 8713
1244 - 1245: 9545
1245 - 1246: -2824
1246 - 1247: 11380
1247 - 1248: -1674
1248 - 1249: 4764
1249 - 1250: -1681
1250 - 1251: -2469
1251 - 1252: 1555
1252 - 1253: -4068
1253 - 1254: -2119
1254 - 1255: 4096
1255 - 1256: 1519
1256 - 1257: -1891
1257 - 1258: 6843
1258 - 1259: 919
1259 - 1260: -1199
1260 - 1261: 67203
1261 - 1262: 2251
1262 - 1263: -3562
1263 - 1264: -1896
1264 - 1265: 12313
1265 - 1266: -1652
1266 - 1267: 1451
1267 - 1268: -581
1268 - 1269: 31165
1269 - 1270: -3067
1270 - 1271: -2347
1271 - 1272: -3795
1272 - 1273: -4114
1273 - 1274: -6304
1274 - 1275: 361
1275 - 1276: 1526
1276 - 1277: 4793
1277 - 1278: -2103
1278 - 1279: 2945
1279 - 1280: -3651
1280 - 1281: -5023
1281 - 1282: 2454
1282 - 1283: 11771
1283 - 1284: -7349
1284 - 1285: 7420
1285 - 1286: 3665
1286 - 1287: -6623
1287 - 1288: 13115
1288 - 1289: -9780
1289 - 1290: 58996
1290 - 1291: 3249
1291 - 1292: -1709
1292 - 1293: -5813
1293 - 1294: 3339
1294 - 1295: -447
1295 - 1296: -319
1296 - 1297: 8230
1297 - 1298: -2244
1298 - 1299: 478
1299 - 1300: 47096
1300 - 1301: 9854
1301 - 1302: -646
1302 - 1303: -4202
1303 - 1304: -3450
1304 - 1305: -3968
1305 - 1306: -1345
1306 - 1307: -1045
1307 - 1308: 2203
1308 - 1309: -1610
1309 - 1310: 1563
1310 - 1311: 61699
1311 - 1312: 975
1312 - 1313: 6135
1313 - 1314: -2470
1314 - 1315: -5174
1315 - 1316: -3957
1316 - 1317: -2380
1317 - 1318: -1524
1318 - 1319: 5394
1319 - 1320: 4262
1320 - 1321: -595
1321 - 1322: 21861
1322 - 1323: 726
1323 - 1324: -2423
1324 - 1325: -3592
1325 - 1326: -2282
1326 - 1327: 66165
1327 - 1328: 3060
1328 - 1329: -1578
1329 - 1330: -1348
1330 - 1331: -766
1331 - 1332: 3609
1332 - 1333: 1197
1333 - 1334: -3295
1334 - 1335: -1587
1335 - 1336: -1212
1336 - 1337: 247
1337 - 1338: 2291
1338 - 1339: -4526
1339 - 1340: -410
1340 - 1341: -297
1341 - 1342: -739
1342 - 1343: -4783
1343 - 1344: -3011
1344 - 1345: 19813
1345 - 1346: -891
1346 - 1347: 4022
1347 - 1348: 16929
1348 - 1349: -3213
1349 - 1350: -6719
1350 - 1351: 3597
1351 - 1352: -2080
1352 - 1353: -814
1353 - 1354: 814
1354 - 1355: -2667
1355 - 1356: -1674
1356 - 1357: -61
1357 - 1358: 11539
1358 - 1359: -4098
1359 - 1360: 64371
1360 - 1361: 7692
1361 - 1362: -3365
1362 - 1363: -1835
1363 - 1364: -952
1364 - 1365: 4894
1365 - 1366: 16199
1366 - 1367: -2099
1367 - 1368: 5142
1368 - 1369: -9089
1369 - 1370: -4396
1370 - 1371: -4459
1371 - 1372: 59916
1372 - 1373: -5847
1373 - 1374: -2608
1374 - 1375: 13029
1375 - 1376: 3039
1376 - 1377: 3864
1377 - 1378: -388
1378 - 1379: -3920
1379 - 1380: -3117
1380 - 1381: -5005
1381 - 1382: 166
1382 - 1383: 6682
1383 - 1384: 45258
1384 - 1385: -3141
1385 - 1386: 6727
1386 - 1387: -4084
1387 - 1388: -3895
1388 - 1389: -4836
1389 - 1390: -2215
1390 - 1391: -2200
1391 - 1392: 23598
1392 - 1393: -3456
1393 - 1394: 64871
1394 - 1395: -2510
1395 - 1396: 1327
1396 - 1397: 3143
1397 - 1398: -3524
1398 - 1399: -3638
1399 - 1400: -2233
1400 - 1401: 81379
1401 - 1402: -4209
1402 - 1403: 6719
1403 - 1404: -4147
1404 - 1405: 1273
1405 - 1406: 2371
1406 - 1407: -3980
1407 - 1408: 11133
1408 - 1409: 3204
1409 - 1410: -2982
1410 - 1411: 8681
1411 - 1412: 6364
1412 - 1413: -1214
1413 - 1414: 27877
1414 - 1415: 3853
1415 - 1416: 9537
1416 - 1417: 50626
1417 - 1418: -3701
1418 - 1419: -4982
1419 - 1420: 6693
1420 - 1421: 2306
1421 - 1422: 6381
1422 - 1423: 2330
1423 - 1424: 5888
1424 - 1425: -3589
1425 - 1426: -2432
1426 - 1427: 40019
1427 - 1428: 905
1428 - 1429: 354
1429 - 1430: 8444
1430 - 1431: 9826
1431 - 1432: 2515
1432 - 1433: 7439
1433 - 1434: 1482
1434 - 1435: 47107
1435 - 1436: 2396
1436 - 1437: -2767
1437 - 1438: 5921
1438 - 1439: 43108
1439 - 1440: 3
1440 - 1441: 2049
1441 - 1442: 4685
1442 - 1443: 6657
1443 - 1444: 2176
1444 - 1445: -2273
1445 - 1446: 9084
1446 - 1447: 2598
1447 - 1448: 12897
1448 - 1449: 8061
1449 - 1450: -5872
1450 - 1451: -2703
1451 - 1452: 13734
1452 - 1453: 26802
1453 - 1454: 15887
1454 - 1455: -3991
1455 - 1456: 534
1456 - 1457: 65403
1457 - 1458: -1112
1458 - 1459: -4098
1459 - 1460: -2777
1460 - 1461: 1333
1461 - 1462: 4170
1462 - 1463: 14734
1463 - 1464: -2386
1464 - 1465: 8870
1465 - 1466: -3315
1466 - 1467: 17502
1467 - 1468: -1346
1468 - 1469: -2026
1469 - 1470: -1245
1470 - 1471: 345
1471 - 1472: 4035
1472 - 1473: 13821
1473 - 1474: 7703
1474 - 1475: -2879
1475 - 1476: 7425
1476 - 1477: 11252
1477 - 1478: 12665
1478 - 1479: -2438
1479 - 1480: -1541
1480 - 1481: 852
1481 - 1482: 3530
1482 - 1483: 2760
1483 - 1484: 2524
1484 - 1485: 4290
1485 - 1486: -1739
1486 - 1487: 1198
1487 - 1488: 58636
1488 - 1489: 9592
1489 - 1490: 5762
1490 - 1491: 17369
1491 - 1492: -4486
1492 - 1493: 5340
1493 - 1494: -1901
1494 - 1495: -3577
1495 - 1496: -487
1496 - 1497: -727
1497 - 1498: -1061
1498 - 1499: 856
1499 - 1500: 5927
1500 - 1501: 147
1501 - 1502: -1084
1502 - 1503: 3954
1503 - 1504: -1983
1504 - 1505: -3477
1505 - 1506: -4656
1506 - 1507: -2118
1507 - 1508: -2201
1508 - 1509: -399
1509 - 1510: 4460
1510 - 1511: -5970
1511 - 1512: 1480
1512 - 1513: -1779
1513 - 1514: -3271
1514 - 1515: -3698
1515 - 1516: 4937
1516 - 1517: -2144
1517 - 1518: 13203
1518 - 1519: -3191
1519 - 1520: -3969
1520 - 1521: 697
1521 - 1522: 63116
1522 - 1523: 31931
1523 - 1524: 3726
1524 - 1525: -544
1525 - 1526: 155
1526 - 1527: -5146
1527 - 1528: 4178
1528 - 1529: 8631
1529 - 1530: -3004
1530 - 1531: -2094
1531 - 1532: -1003
1532 - 1533: 2174
1533 - 1534: 13021
1534 - 1535: 4246
1535 - 1536: 11139
1536 - 1537: 6951
1537 - 1538: -2256
1538 - 1539: -2401
1539 - 1540: -3132
1540 - 1541: 8757
1541 - 1542: 9429
1542 - 1543: -2945
1543 - 1544: 3465
1544 - 1545: 152
1545 - 1546: 3616
1546 - 1547: 146
1547 - 1548: 11429
1548 - 1549: 6857
1549 - 1550: -446
1550 - 1551: 13163
1551 - 1552: -3874
1552 - 1553: 2404
1553 - 1554: -4794
1554 - 1555: -1164
1555 - 1556: 210
1556 - 1557: 10417
1557 - 1558: 499
1558 - 1559: 35362
1559 - 1560: -2542
1560 - 1561: -4225
1561 - 1562: -2735
1562 - 1563: -2846
1563 - 1564: 7964
1564 - 1565: 628
1565 - 1566: -1335
1566 - 1567: 6290
1567 - 1568: -3628
1568 - 1569: 25307
1569 - 1570: 15919
1570 - 1571: 10720
1571 - 1572: 9541
1572 - 1573: 1626
1573 - 1574: -5144
1574 - 1575: -1025
1575 - 1576: 2874
1576 - 1577: 31791
1577 - 1578: -3544
1578 - 1579: -3928
1579 - 1580: 2666
1580 - 1581: 12433
1581 - 1582: 3469
1582 - 1583: -2778
1583 - 1584: 4945
1584 - 1585: -1886
1585 - 1586: 4308
1586 - 1587: -4488
1587 - 1588: -2792
1588 - 1589: 13447
1589 - 1590: -526
1590 - 1591: 2293
1591 - 1592: -3607
1592 - 1593: -4663
1593 - 1594: 3320
1594 - 1595: 4085
1595 - 1596: -532
1596 - 1597: -3302
1597 - 1598: -2374
1598 - 1599: 143
1599 - 1600: -1010
1600 - 1601: 3026
1601 - 1602: -1650
1602 - 1603: -8585
1603 - 1604: 4987
1604 - 1605: -3477
1605 - 1606: 3530
1606 - 1607: 14531
1607 - 1608: -3789
1608 - 1609: 16143
1609 - 1610: 60162
1610 - 1611: 17733
1611 - 1612: 13896
1612 - 1613: 11469
1613 - 1614: -3086
1614 - 1615: -3002
1615 - 1616: -497
1616 - 1617: -5780
1617 - 1618: 18392
1618 - 1619: -3022
1619 - 1620: -958
1620 - 1621: 144
1621 - 1622: -2768
1622 - 1623: 35855
1623 - 1624: -3034
1624 - 1625: 680
1625 - 1626: -2063
1626 - 1627: 50838
1627 - 1628: -2789
1628 - 1629: 3950
1629 - 1630: -6780
1630 - 1631: -3848
1631 - 1632: -1332
1632 - 1633: 6319
1633 - 1634: -1345
1634 - 1635: -1829
1635 - 1636: -1154
1636 - 1637: 7868
1637 - 1638: -3154
1638 - 1639: 5916
1639 - 1640: 5826
1640 - 1641: 1829
1641 - 1642: 17041
1642 - 1643: -530
1643 - 1644: 8027
1644 - 1645: -2267
1645 - 1646: 14074
1646 - 1647: -3798
1647 - 1648: -1397
1648 - 1649: -1639
1649 - 1650: 18892
1650 - 1651: 12270
1651 - 1652: 7
1652 - 1653: 3189
1653 - 1654: -3512
1654 - 1655: -4607
1655 - 1656: -848
1656 - 1657: 8069
1657 - 1658: 20772
1658 - 1659: 40269
1659 - 1660: 671
1660 - 1661: -2489
1661 - 1662: 2411
1662 - 1663: -81
1663 - 1664: 1185
1664 - 1665: 4893
1665 - 1666: 0
1666 - 1667: 847
1667 - 1668: 2621
1668 - 1669: 5643
1669 - 1670: 8552
1670 - 1671: 6134
1671 - 1672: 7660
1672 - 1673: 6979
1673 - 1674: 750
1674 - 1675: 9407
1675 - 1676: 3958
1676 - 1677: 8332
1677 - 1678: 46806
1678 - 1679: 746
1679 - 1680: 3495
1680 - 1681: -512
1681 - 1682: 3342
1682 - 1683: 5704
1683 - 1684: 3234
1684 - 1685: 3130
1685 - 1686: 1618
1686 - 1687: 7951
1687 - 1688: 4717
1688 - 1689: 1508
1689 - 1690: 10287
1690 - 1691: -468
1691 - 1692: 8374
1692 - 1693: -675
1693 - 1694: 637
1694 - 1695: 10584
1695 - 1696: 11084
1696 - 1697: 17829
1697 - 1698: 3962
1698 - 1699: 5605
1699 - 1700: 894
1700 - 1701: 4903
1701 - 1702: 850
1702 - 1703: 354
1703 - 1704: 26917
1704 - 1705: 7083
1705 - 1706: -1935
1706 - 1707: 17378
1707 - 1708: 8681
1708 - 1709: 3175
1709 - 1710: 2458
1710 - 1711: 8003
1711 - 1712: 2219
1712 - 1713: 1740
1713 - 1714: 1042
1714 - 1715: 18451
1715 - 1716: 3945
1716 - 1717: 10501
1717 - 1718: 9320
1718 - 1719: 6616
1719 - 1720: 389
1720 - 1721: 444
1721 - 1722: 13689
1722 - 1723: 1606
1723 - 1724: 1851
1724 - 1725: -1165
1725 - 1726: 921
1726 - 1727: 113
1727 - 1728: 7250
1728 - 1729: 1857
1729 - 1730: 15920
1730 - 1731: 2997
1731 - 1732: 2304
1732 - 1733: 3231
1733 - 1734: 3792
1734 - 1735: 6727
1735 - 1736: 7325
1736 - 1737: 11602
1737 - 1738: 7249
1738 - 1739: 11
1739 - 1740: 6082
1740 - 1741: 51207
1741 - 1742: 6312
1742 - 1743: 11556
1743 - 1744: 5159
1744 - 1745: 21345
1745 - 1746: 8906
1746 - 1747: 19
1747 - 1748: 7725
1748 - 1749: 11327
1749 - 1750: 11277
1750 - 1751: 10518
1751 - 1752: 2884
1752 - 1753: 7532
1753 - 1754: 6383
1754 - 1755: 6385
1755 - 1756: 5122
1756 - 1757: -1158
1757 - 1758: 764
1758 - 1759: -1896
1759 - 1760: 3569
1760 - 1761: 12328
1761 - 1762: 432
1762 - 1763: 1177
1763 - 1764: 368
1764 - 1765: 1516
1765 - 1766: -641
1766 - 1767: 7259
1767 - 1768: 1755
1768 - 1769: 5963
1769 - 1770: 1821
1770 - 1771: 12978
1771 - 1772: 3811
1772 - 1773: 21448
1773 - 1774: 2579
1774 - 1775: 1231
1775 - 1776: 2251
1776 - 1777: -931
1777 - 1778: 3478
1778 - 1779: 14844
1779 - 1780: 5048
1780 - 1781: 2140
1781 - 1782: 791
1782 - 1783: 49542
1783 - 1784: 869
1784 - 1785: 1223
1785 - 1786: 5040
1786 - 1787: 24735
1787 - 1788: -1626
1788 - 1789: 60622
1789 - 1790: -1925
1790 - 1791: 46785
1791 - 1792: 7235
1792 - 1793: 13343
1793 - 1794: 9830
1794 - 1795: 10607
1795 - 1796: 10882
1796 - 1797: -846
1797 - 1798: 1095
1798 - 1799: 711
1799 - 1800: 1858
1800 - 1801: 8474
1801 - 1802: -1043
1802 - 1803: 713
1803 - 1804: -897
1804 - 1805: 1251
1805 - 1806: 6966
1806 - 1807: 1414
1807 - 1808: 12788
1808 - 1809: 5101
1809 - 1810: 12021
1810 - 1811: 39993
1811 - 1812: 327
1812 - 1813: -146
1813 - 1814: -1250
1814 - 1815: 7541
1815 - 1816: 1058
1816 - 1817: 49020
1817 - 1818: 1081
1818 - 1819: 3924
1819 - 1820: 4054
1820 - 1821: 3647
1821 - 1822: -1143
1822 - 1823: 857
1823 - 1824: -1830
1824 - 1825: -359
1825 - 1826: 8187
1826 - 1827: 2562
1827 - 1828: 1936
1828 - 1829: 42839
1829 - 1830: 54142
1830 - 1831: 16824
1831 - 1832: 914
1832 - 1833: 1472
1833 - 1834: 55574
1834 - 1835: 8530
1835 - 1836: 7085
1836 - 1837: 6581
1837 - 1838: 4188
1838 - 1839: 5209
1839 - 1840: 5031
1840 - 1841: 2852
1841 - 1842: 2981
1842 - 1843: 3405
1843 - 1844: 1613
1844 - 1845: -5268
1845 - 1846: 3511
1846 - 1847: 5206
1847 - 1848: 11016
1848 - 1849: 2339
1849 - 1850: 884
1850 - 1851: 6472
1851 - 1852: 7255
1852 - 1853: 886
1853 - 1854: 3381
1854 - 1855: 2183
1855 - 1856: 532
1856 - 1857: 3596
1857 - 1858: 231
1858 - 1859: 8267
1859 - 1860: 18777
1860 - 1861: 13519
1861 - 1862: -610
1862 - 1863: 16136
1863 - 1864: 8983
1864 - 1865: 4599
1865 - 1866: 8486
1866 - 1867: 3588
1867 - 1868: 52447
1868 - 1869: 174
1869 - 1870: -1905
1870 - 1871: 2344
1871 - 1872: 5805
1872 - 1873: 2602
1873 - 1874: 45833
1874 - 1875: 1030
1875 - 1876: 1710
1876 - 1877: 5930
1877 - 1878: -2262
1878 - 1879: 4475
1879 - 1880: -2770
1880 - 1881: 9529
1881 - 1882: 2322
1882 - 1883: 6617
1883 - 1884: 35566
1884 - 1885: 4119
1885 - 1886: -2135
1886 - 1887: -1323
1887 - 1888: 29983
1888 - 1889: 4928
1889 - 1890: 6550
1890 - 1891: 1510
1891 - 1892: 3088
1892 - 1893: 27762
1893 - 1894: 15072
1894 - 1895: 5473
1895 - 1896: 4635
1896 - 1897: -538
1897 - 1898: 6355
1898 - 1899: 45155
1899 - 1900: 11142
1900 - 1901: 13361
1901 - 1902: 1909
1902 - 1903: 649
1903 - 1904: 7544
1904 - 1905: 4285
1905 - 1906: 6117
1906 - 1907: 164
1907 - 1908: 1047
1908 - 1909: 6045
1909 - 1910: 9204
1910 - 1911: -2658
1911 - 1912: -1810
1912 - 1913: 316
1913 - 1914: 5161
1914 - 1915: 2065
1915 - 1916: -104
1916 - 1917: 3713
1917 - 1918: 14737
1918 - 1919: 9325
1919 - 1920: 46222
1920 - 1921: 7521
1921 - 1922: 3027
1922 - 1923: 6726
1923 - 1924: 10297
1924 - 1925: 11534
1925 - 1926: 62465
1926 - 1927: 3279
1927 - 1928: 13395
1928 - 1929: 9523
1929 - 1930: 1212
1930 - 1931: 13796
1931 - 1932: 2961
1932 - 1933: 1383
1933 - 1934: 1380
1934 - 1935: -413
1935 - 1936: -3222
1936 - 1937: 9777
1937 - 1938: 9009
1938 - 1939: 4280
1939 - 1940: 2593
1940 - 1941: 7989
1941 - 1942: 259
1942 - 1943: 139
1943 - 1944: 4182
1944 - 1945: 2832
1945 - 1946: 2952
1946 - 1947: 1127
1947 - 1948: 649
1948 - 1949: 8710
1949 - 1950: 362
1950 - 1951: 7607
1951 - 1952: 6644
1952 - 1953: 9612
1953 - 1954: 1330
1954 - 1955: 6998
1955 - 1956: 12268
1956 - 1957: 2944
1957 - 1958: 3925
1958 - 1959: 7420
1959 - 1960: 16152
1960 - 1961: 2987
1961 - 1962: 3731
1962 - 1963: 6836
1963 - 1964: 2924
1964 - 1965: 1931
1965 - 1966: 11121
1966 - 1967: 4305
1967 - 1968: 1542
1968 - 1969: 1190
1969 - 1970: 1535
1970 - 1971: -508
1971 - 1972: -1000
1972 - 1973: 2344
1973 - 1974: 1221
1974 - 1975: 1010
1975 - 1976: 33886
1976 - 1977: -1566
1977 - 1978: 18164
1978 - 1979: 2497
1979 - 1980: 850
1980 - 1981: 5470
1981 - 1982: 16292
1982 - 1983: -1653
1983 - 1984: -4896
1984 - 1985: 22047
1985 - 1986: 1889
1986 - 1987: 211
1987 - 1988: 21268
1988 - 1989: -1687
1989 - 1990: 10351
1990 - 1991: 15690
1991 - 1992: -1415
1992 - 1993: -867
1993 - 1994: 1969
1994 - 1995: 6425
1995 - 1996: 9976
1996 - 1997: 1367
1997 - 1998: 10643
1998 - 1999: 49498
1999 - 2000: 3237
2000 - 2001: 2618
2001 - 2002: 609
2002 - 2003: 4808
2003 - 2004: 10894
2004 - 2005: 19554
2005 - 2006: 18994
2006 - 2007: 18424
2007 - 2008: -577
2008 - 2009: 1509
2009 - 2010: 13047
2010 - 2011: 1042
2011 - 2012: -477
2012 - 2013: 4189
2013 - 2014: 8605
2014 - 2015: 16612
2015 - 2016: 2721
2016 - 2017: 6471
2017 - 2018: 391
2018 - 2019: 10618
2019 - 2020: 16124
2020 - 2021: 40788
2021 - 2022: 4687
2022 - 2023: 2313
2023 - 2024: 4416
2024 - 2025: 11627
2025 - 2026: 16642
2026 - 2027: -1945
2027 - 2028: 6196
2028 - 2029: 10610
2029 - 2030: 66576
2030 - 2031: 10491
2031 - 2032: 13928
2032 - 2033: 3011
2033 - 2034: 1952
2034 - 2035: 1265
2035 - 2036: 43052
2036 - 2037: 16552
2037 - 2038: 16569
2038 - 2039: 13103
2039 - 2040: 931
2040 - 2041: 10399
2041 - 2042: 16670
2042 - 2043: 792
2043 - 2044: 10287
2044 - 2045: -361
2045 - 2046: 69339
2046 - 2047: 1195
2047 - 2048: 2303
2048 - 2049: -750
2049 - 2050: 9191
2050 - 2051: 4220
2051 - 2052: 7111
2052 - 2053: 12845
2053 - 2054: 1051
2054 - 2055: 2456
2055 - 2056: 3
2056 - 2057: -2536
2057 - 2058: -1201
2058 - 2059: 3716
2059 - 2060: 18166
2060 - 2061: 62267
2061 - 2062: 54105
2062 - 2063: 885
2063 - 2064: 2874
2064 - 2065: 9118
2065 - 2066: 1425
2066 - 2067: 6775
2067 - 2068: -2215
2068 - 2069: -1029
2069 - 2070: -1393
2070 - 2071: 14095
2071 - 2072: 1499
2072 - 2073: 2215
2073 - 2074: 2828
2074 - 2075: -2254
2075 - 2076: 7013
2076 - 2077: 751
2077 - 2078: 422
2078 - 2079: 3069
2079 - 2080: -955
2080 - 2081: 22808
2081 - 2082: 1285
2082 - 2083: -1719
2083 - 2084: 1523
2084 - 2085: 904
2085 - 2086: 2244
2086 - 2087: 1470
2087 - 2088: -245
2088 - 2089: 398
2089 - 2090: 7338
2090 - 2091: -911
2091 - 2092: 20873
2092 - 2093: 6032
2093 - 2094: 2181
2094 - 2095: -1730
2095 - 2096: 354
2096 - 2097: -442
2097 - 2098: 2775
2098 - 2099: -1273
2099 - 2100: 1287
2100 - 2101: 2575
2101 - 2102: 48136
2102 - 2103: 2231
2103 - 2104: 610
2104 - 2105: -1225
2105 - 2106: 4319
2106 - 2107: 69882
2107 - 2108: -1206
2108 - 2109: 1444
2109 - 2110: -343
2110 - 2111: 33118
2111 - 2112: -115
2112 - 2113: 7776
2113 - 2114: -2062
2114 - 2115: 402
2115 - 2116: -269
2116 - 2117: 165
2117 - 2118: 45185
2118 - 2119: 9920
2119 - 2120: -688
2120 - 2121: -2842
2121 - 2122: -635
2122 - 2123: 2359
2123 - 2124: 2344
2124 - 2125: -1637
2125 - 2126: 829
2126 - 2127: 4522
2127 - 2128: 2511
2128 - 2129: 1968
2129 - 2130: 3658
2130 - 2131: 46
2131 - 2132: 6751
2132 - 2133: 2277
2133 - 2134: 1996
2134 - 2135: 10251
2135 - 2136: 8441
2136 - 2137: 1033
2137 - 2138: 3864
2138 - 2139: 8753
2139 - 2140: 7978
2140 - 2141: 5193
2141 - 2142: 6293
2142 - 2143: 34356
2143 - 2144: 696
2144 - 2145: 11597
2145 - 2146: 51121
2146 - 2147: -30
2147 - 2148: 2184
2148 - 2149: 4835
2149 - 2150: 9879
2150 - 2151: 7865
2151 - 2152: 1012
2152 - 2153: 8587
2153 - 2154: 8587
2154 - 2155: 6507
2155 - 2156: 3741
2156 - 2157: 2797
2157 - 2158: 543
2158 - 2159: 1220
2159 - 2160: 14021
2160 - 2161: 15889
2161 - 2162: 12496
2162 - 2163: 3250
2163 - 2164: -100
2164 - 2165: 18068
2165 - 2166: 54188
2166 - 2167: 34438
2167 - 2168: 10769
2168 - 2169: 11515
2169 - 2170: -552
2170 - 2171: 5691
2171 - 2172: 29168
2172 - 2173: 47580
2173 - 2174: 1966
2174 - 2175: 7461
2175 - 2176: 2742
2176 - 2177: 4726
2177 - 2178: 1606
2178 - 2179: 9377
2179 - 2180: 6125
2180 - 2181: 8154
2181 - 2182: -3877
2182 - 2183: -2213
2183 - 2184: 2946
2184 - 2185: 55629
2185 - 2186: 5525
2186 - 2187: 5769
2187 - 2188: 55381
2188 - 2189: 2438
2189 - 2190: -89
2190 - 2191: 41397
2191 - 2192: 1384
2192 - 2193: 1743
2193 - 2194: 1478
2194 - 2195: 263
2195 - 2196: -1928
2196 - 2197: 11192
2197 - 2198: 1786
2198 - 2199: 7357
2199 - 2200: 7022
2200 - 2201: 8907
2201 - 2202: 15215
2202 - 2203: 2407
2203 - 2204: 3331
2204 - 2205: -318
2205 - 2206: 1114
2206 - 2207: 10026
2207 - 2208: 2132
2208 - 2209: 17633
2209 - 2210: -1065
2210 - 2211: 2042
2211 - 2212: 938
2212 - 2213: 885
2213 - 2214: 1204
2214 - 2215: 9382
2215 - 2216: 41741
2216 - 2217: -207
2217 - 2218: 383
2218 - 2219: 4211
2219 - 2220: 212
2220 - 2221: 2261
2221 - 2222: 2223
2222 - 2223: 1180
2223 - 2224: 8707
2224 - 2225: 5406
2225 - 2226: 9682
2226 - 2227: 4196
2227 - 2228: 5592
2228 - 2229: 9332
2229 - 2230: 1460
2230 - 2231: 4119
2231 - 2232: 1008
2232 - 2233: 8085
2233 - 2234: 5497
2234 - 2235: 11215
2235 - 2236: 3205
2236 - 2237: 7090
2237 - 2238: 2725
2238 - 2239: 800
2239 - 2240: 94
2240 - 2241: 6674
2241 - 2242: 6355
2242 - 2243: 2852
2243 - 2244: 5621
2244 - 2245: 324
2245 - 2246: 716
2246 - 2247: 4265
2247 - 2248: 3929
2248 - 2249: 1394
2249 - 2250: 2067
2250 - 2251: 8423
2251 - 2252: 609
2252 - 2253: 1287
2253 - 2254: 2221
2254 - 2255: 994
2255 - 2256: 14477
2256 - 2257: 2058
2257 - 2258: 5244
2258 - 2259: 900
2259 - 2260: -2256
2260 - 2261: 4392
2261 - 2262: -4520
2262 - 2263: 1642
2263 - 2264: 6740
2264 - 2265: 13206
2265 - 2266: 5261
2266 - 2267: -447
2267 - 2268: -503
2268 - 2269: -2307
2269 - 2270: -3370
2270 - 2271: -1021
2271 - 2272: 12528
2272 - 2273: 4340
2273 - 2274: 18133
2274 - 2275: 2610
2275 - 2276: 1042
2276 - 2277: -771
2277 - 2278: 2772
2278 - 2279: 510
2279 - 2280: 6093
2280 - 2281: 9617
2281 - 2282: 5735
2282 - 2283: 994
2283 - 2284: 53086
2284 - 2285: -2104
2285 - 2286: 17888
2286 - 2287: 774
2287 - 2288: 43532
2288 - 2289: 29939
2289 - 2290: 8433
2290 - 2291: -368
2291 - 2292: 12316
2292 - 2293: -563
2293 - 2294: 3404
2294 - 2295: 20610
2295 - 2296: 2127
2296 - 2297: 65417
2297 - 2298: -346
2298 - 2299: 10788
2299 - 2300: 3653
2300 - 2301: -2102
2301 - 2302: 29871
2302 - 2303: 1835
2303 - 2304: 9974
2304 - 2305: 6397
2305 - 2306: 14882
2306 - 2307: 28
2307 - 2308: 63948
2308 - 2309: 3259
2309 - 2310: 3255
2310 - 2311: 7944
2311 - 2312: 40752
2312 - 2313: 7956
2313 - 2314: 26680
2314 - 2315: -965
2315 - 2316: 1027
2316 - 2317: 29996
2317 - 2318: 2860
2318 - 2319: 7384
2319 - 2320: 2812
2320 - 2321: 3135
2321 - 2322: 39387
2322 - 2323: 11823
2323 - 2324: 201
2324 - 2325: 766
2325 - 2326: 8649
2326 - 2327: 16317
2327 - 2328: 6145
2328 - 2329: 2178
2329 - 2330: 65
2330 - 2331: 11237
2331 - 2332: 219
2332 - 2333: 8895
2333 - 2334: -308
2334 - 2335: 3105
2335 - 2336: -1081
2336 - 2337: -1394
2337 - 2338: 5744
2338 - 2339: 1616
2339 - 2340: 1892
2340 - 2341: 1260
2341 - 2342: 1539
2342 - 2343: 21094
2343 - 2344: 17235
2344 - 2345: 6453
2345 - 2346: 5265
2346 - 2347: 50110
2347 - 2348: 16416
2348 - 2349: 3698
2349 - 2350: 1088
2350 - 2351: 12474
2351 - 2352: -1010
2352 - 2353: -1499
2353 - 2354: 584
2354 - 2355: -56
2355 - 2356: -1258
2356 - 2357: 41
2357 - 2358: 3369
2358 - 2359: 11579
2359 - 2360: 902
2360 - 2361: 161
2361 - 2362: 6124
2362 - 2363: 7354
2363 - 2364: 167
2364 - 2365: 10574
2365 - 2366: -1109
2366 - 2367: 3213
2367 - 2368: -4280
2368 - 2369: 7197
2369 - 2370: 51865
2370 - 2371: 16340
2371 - 2372: 458
2372 - 2373: 3112
2373 - 2374: 12513
2374 - 2375: 7478
2375 - 2376: 3548
2376 - 2377: -809
2377 - 2378: 5228
2378 - 2379: 1919
2379 - 2380: 1182
2380 - 2381: 2226
2381 - 2382: 15120
2382 - 2383: 7495
2383 - 2384: 15232
2384 - 2385: 618
2385 - 2386: 9670
2386 - 2387: 6211
2387 - 2388: 2838
2388 - 2389: 9313
2389 - 2390: 15618
2390 - 2391: 10440
2391 - 2392: 1935
2392 - 2393: 1711
2393 - 2394: 19599
2394 - 2395: 4601
2395 - 2396: 3995
2396 - 2397: 11265
2397 - 2398: 2872
2398 - 2399: 16068
2399 - 2400: 2192
2400 - 2401: 504
2401 - 2402: 10245
2402 - 2403: 703
2403 - 2404: 4251
2404 - 2405: 4042
2405 - 2406: 7609
2406 - 2407: 16546
2407 - 2408: 4653
2408 - 2409: 7867
2409 - 2410: 4409
2410 - 2411: 219
2411 - 2412: 8447
2412 - 2413: 12476
2413 - 2414: 8864
2414 - 2415: 634
2415 - 2416: 2849
2416 - 2417: 13351
2417 - 2418: 5218
2418 - 2419: 769
2419 - 2420: 7382
2420 - 2421: 1189
2421 - 2422: 1397
2422 - 2423: 8843
2423 - 2424: 210
2424 - 2425: 6922
2425 - 2426: -2644
2426 - 2427: 1791
2427 - 2428: 24485
2428 - 2429: 8046
2429 - 2430: 6367
2430 - 2431: 10311
2431 - 2432: 5648
2432 - 2433: 1219
2433 - 2434: 5317
2434 - 2435: 7971
2435 - 2436: 4587
2436 - 2437: 458
2437 - 2438: 6458
2438 - 2439: 7026
2439 - 2440: 1899
2440 - 2441: 11179
2441 - 2442: 4809
2442 - 2443: 3584
2443 - 2444: 1414
2444 - 2445: 1986
2445 - 2446: 912
2446 - 2447: 15078
2447 - 2448: 1230
2448 - 2449: 70843
2449 - 2450: 48789
2450 - 2451: 955
2451 - 2452: 19067
2452 - 2453: 4013
2453 - 2454: 5940
2454 - 2455: 955
2455 - 2456: 2438
2456 - 2457: 2285
2457 - 2458: 334
2458 - 2459: 15376
2459 - 2460: 2133
2460 - 2461: -2288
2461 - 2462: 4647
2462 - 2463: 4894
2463 - 2464: 4470
2464 - 2465: 12174
2465 - 2466: 958
2466 - 2467: 3557
2467 - 2468: 469
2468 - 2469: 118
2469 - 2470: -45
2470 - 2471: 1691
2471 - 2472: 2315
2472 - 2473: 13368
2473 - 2474: 507
2474 - 2475: 716
2475 - 2476: 4132
2476 - 2477: 1452
2477 - 2478: 1207
2478 - 2479: 1653
2479 - 2480: 3805
2480 - 2481: 40721
2481 - 2482: 336
2482 - 2483: 1947
2483 - 2484: 2063
2484 - 2485: 4954
2485 - 2486: 18910
2486 - 2487: 1981
2487 - 2488: 2627
2488 - 2489: 18313
2489 - 2490: 1122
2490 - 2491: 1262
2491 - 2492: 6287
2492 - 2493: 975
2493 - 2494: 866
2494 - 2495: 19463
2495 - 2496: 4881
2496 - 2497: 1259
2497 - 2498: 1830
2498 - 2499: 0
2499 - 2500: -604
2500 - 2501: -3662
2501 - 2502: -1516
2502 - 2503: -1798
2503 - 2504: 497
2504 - 2505: 6629
2505 - 2506: 3151
2506 - 2507: 12081
2507 - 2508: 15275
2508 - 2509: 19190
2509 - 2510: 18221
2510 - 2511: 43983
2511 - 2512: 4651
2512 - 2513: 12526
2513 - 2514: 9874
2514 - 2515: 8968
2515 - 2516: -4453
2516 - 2517: -2304
2517 - 2518: -1753
2518 - 2519: -2389
2519 - 2520: -4874
2520 - 2521: 62865
2521 - 2522: 1169
2522 - 2523: -1222
2523 - 2524: 4444
2524 - 2525: 8923
2525 - 2526: -1135
2526 - 2527: -2054
2527 - 2528: 2492
2528 - 2529: 208
2529 - 2530: -6373
2530 - 2531: 14195
2531 - 2532: -1739
2532 - 2533: 5691
2533 - 2534: -3308
2534 - 2535: -3293
2535 - 2536: 205
2536 - 2537: 32288
2537 - 2538: 2500
2538 - 2539: 450
2539 - 2540: 2808
2540 - 2541: 5385
2541 - 2542: 9055
2542 - 2543: -278
2543 - 2544: -3337
2544 - 2545: -4403
2545 - 2546: -2280
2546 - 2547: -368
2547 - 2548: 853
2548 - 2549: 6136
2549 - 2550: -2027
2550 - 2551: 863
2551 - 2552: -2847
2552 - 2553: 7645
2553 - 2554: 1154
2554 - 2555: 10184
2555 - 2556: -8
2556 - 2557: -3442
2557 - 2558: 9873
2558 - 2559: 2153
2559 - 2560: -860
2560 - 2561: -6080
2561 - 2562: 1184
2562 - 2563: -4112
2563 - 2564: 9878
2564 - 2565: -1088
2565 - 2566: 4329
2566 - 2567: -3258
2567 - 2568: 3636
2568 - 2569: 1698
2569 - 2570: 7487
2570 - 2571: -3243
2571 - 2572: -2789
2572 - 2573: -1643
2573 - 2574: 8281
2574 - 2575: -1408
2575 - 2576: 54
2576 - 2577: 8592
2577 - 2578: -2493
2578 - 2579: 32326
2579 - 2580: -4097
2580 - 2581: -2404
2581 - 2582: 3073
2582 - 2583: -3425
2583 - 2584: 5150
2584 - 2585: 16703
2585 - 2586: -2621
2586 - 2587: -5588
2587 - 2588: 3649
2588 - 2589: -1428
2589 - 2590: -1814
2590 - 2591: 4919
2591 - 2592: 68
2592 - 2593: -4188
2593 - 2594: 37727
2594 - 2595: 8453
2595 - 2596: -1493
2596 - 2597: 1974
2597 - 2598: 5597
2598 - 2599: -2287
2599 - 2600: -2592
2600 - 2601: -4804
2601 - 2602: 3924
2602 - 2603: 13766
2603 - 2604: -2970
2604 - 2605: 5343
2605 - 2606: 516
2606 - 2607: 800
2607 - 2608: 1290
2608 - 2609: -5508
2609 - 2610: -4330
2610 - 2611: -1861
2611 - 2612: -948
2612 - 2613: -4336
2613 - 2614: 206
2614 - 2615: 446
2615 - 2616: -3728
2616 - 2617: -1727
2617 - 2618: 6157
2618 - 2619: 13478
2619 - 2620: 5658
2620 - 2621: 6092
2621 - 2622: 39954
2622 - 2623: 8
2623 - 2624: 83
2624 - 2625: -2595
2625 - 2626: -4030
2626 - 2627: -1055
2627 - 2628: -1958
2628 - 2629: -1387
2629 - 2630: -2661
2630 - 2631: -4931
2631 - 2632: 1776
2632 - 2633: -856
2633 - 2634: 1005
2634 - 2635: 830
2635 - 2636: 4854
2636 - 2637: -1966
2637 - 2638: -3571
2638 - 2639: 50649
2639 - 2640: 47929
2640 - 2641: 3129
2641 - 2642: -139
2642 - 2643: -2908
2643 - 2644: 524
2644 - 2645: 3279
2645 - 2646: 36789
2646 - 2647: -6781
2647 - 2648: -2429
2648 - 2649: -2677
2649 - 2650: -2873
2650 - 2651: 377
2651 - 2652: 2909
2652 - 2653: -5879
2653 - 2654: -1780
2654 - 2655: -2450
2655 - 2656: 3264
2656 - 2657: -1349
2657 - 2658: 2346
2658 - 2659: -3916
2659 - 2660: 553
2660 - 2661: 14907
2661 - 2662: 14951
2662 - 2663: -722
2663 - 2664: 7379
2664 - 2665: 13457
2665 - 2666: 13201
2666 - 2667: -880
2667 - 2668: 14097
2668 - 2669: -2611
2669 - 2670: -5301
2670 - 2671: -922
2671 - 2672: -1669
2672 - 2673: -851
2673 - 2674: 1046
2674 - 2675: 650
2675 - 2676: -1537
2676 - 2677: -1415
2677 - 2678: -2206
2678 - 2679: -1732
2679 - 2680: -2256
2680 - 2681: -58
2681 - 2682: -1129
2682 - 2683: -632
2683 - 2684: -3002
2684 - 2685: -1741
2685 - 2686: -157
2686 - 2687: -799
2687 - 2688: -2128
2688 - 2689: 12856
2689 - 2690: 54280
2690 - 2691: 8354
2691 - 2692: 4059
2692 - 2693: -861
2693 - 2694: 8276
2694 - 2695: -1130
2695 - 2696: -1767
2696 - 2697: 780
2697 - 2698: -134
2698 - 2699: 4769
2699 - 2700: -2078
2700 - 2701: 674
2701 - 2702: 438
2702 - 2703: 4145
2703 - 2704: -2885
2704 - 2705: -972
2705 - 2706: 9027
2706 - 2707: 1952
2707 - 2708: 9756
2708 - 2709: 1034
2709 - 2710: -1067
2710 - 2711: 6927
2711 - 2712: -1891
2712 - 2713: -2630
2713 - 2714: -3723
2714 - 2715: -2754
2715 - 2716: 653
2716 - 2717: -4032
2717 - 2718: -954
2718 - 2719: -2588
2719 - 2720: -557
2720 - 2721: -2082
2721 - 2722: -292
2722 - 2723: 21675
2723 - 2724: 63529
2724 - 2725: 27416
2725 - 2726: -177
2726 - 2727: 2770
2727 - 2728: -5080
2728 - 2729: -2578
2729 - 2730: 46751
2730 - 2731: 13725
2731 - 2732: 243
2732 - 2733: 787
2733 - 2734: 638
2734 - 2735: -2372
2735 - 2736: -1193
2736 - 2737: -2011
2737 - 2738: -853
2738 - 2739: -5851
2739 - 2740: 2152
2740 - 2741: -1915
2741 - 2742: 2856
2742 - 2743: 1061
2743 - 2744: -715
2744 - 2745: -675
2745 - 2746: -2063
2746 - 2747: 12201
2747 - 2748: 3147
2748 - 2749: -2587
2749 - 2750: 2088
2750 - 2751: -1186
2751 - 2752: 9088
2752 - 2753: -2388
2753 - 2754: 3751
2754 - 2755: 2425
2755 - 2756: 2687
2756 - 2757: -1302
2757 - 2758: 1970
2758 - 2759: -2650
2759 - 2760: -2902
2760 - 2761: -942
2761 - 2762: -1327
2762 - 2763: 649
2763 - 2764: 1483
2764 - 2765: 14718
2765 - 2766: 81728
2766 - 2767: 3655
2767 - 2768: -2795
2768 - 2769: -4751
2769 - 2770: -1536
2770 - 2771: 7878
2771 - 2772: 19036
2772 - 2773: 327
2773 - 2774: 93
2774 - 2775: 1650
2775 - 2776: 5476
2776 - 2777: -2867
2777 - 2778: 12239
2778 - 2779: 5818
2779 - 2780: 209
2780 - 2781: -1241
2781 - 2782: -4664
2782 - 2783: -2480
2783 - 2784: -2295
2784 - 2785: 4276
2785 - 2786: -2101
2786 - 2787: 2317
2787 - 2788: -379
2788 - 2789: 17507
2789 - 2790: 7578
2790 - 2791: 663
2791 - 2792: 7294
2792 - 2793: -2714
2793 - 2794: 9539
2794 - 2795: 13532
2795 - 2796: -3319
2796 - 2797: 862
2797 - 2798: 11909
2798 - 2799: -4779
2799 - 2800: -4723
2800 - 2801: -2030
2801 - 2802: -3660
2802 - 2803: -1752
2803 - 2804: -1727
2804 - 2805: 25712
2805 - 2806: -2545
2806 - 2807: -2359
2807 - 2808: 5345
2808 - 2809: 43323
2809 - 2810: -566
2810 - 2811: 4395
2811 - 2812: 9854
2812 - 2813: -905
2813 - 2814: -2560
2814 - 2815: -1349
2815 - 2816: -860
2816 - 2817: -2180
2817 - 2818: -103
2818 - 2819: -2059
2819 - 2820: -2041
2820 - 2821: -2945
2821 - 2822: -4647
2822 - 2823: -3425
2823 - 2824: 411
2824 - 2825: -1183
2825 - 2826: 1493
2826 - 2827: 487
2827 - 2828: 1127
2828 - 2829: 3578
2829 - 2830: 436
2830 - 2831: 483
2831 - 2832: 3045
2832 - 2833: -1273
2833 - 2834: 1189
2834 - 2835: -2772
2835 - 2836: -1591
2836 - 2837: -3066
2837 - 2838: -1087
2838 - 2839: 39912
2839 - 2840: -1575
2840 - 2841: -2507
2841 - 2842: -4229
2842 - 2843: 10635
2843 - 2844: -787
2844 - 2845: -3615
2845 - 2846: -1881
2846 - 2847: 7864
2847 - 2848: -1496
2848 - 2849: 326
2849 - 2850: 2534
2850 - 2851: 2841
2851 - 2852: 53243
2852 - 2853: -2136
2853 - 2854: -2734
2854 - 2855: 899
2855 - 2856: -75
2856 - 2857: -2279
2857 - 2858: -7075
2858 - 2859: 9781
2859 - 2860: 166
2860 - 2861: -3335
2861 - 2862: -3356
2862 - 2863: -4163
2863 - 2864: 5188
2864 - 2865: 2018
2865 - 2866: -3630
2866 - 2867: -2113
2867 - 2868: -2557
2868 - 2869: -2108
2869 - 2870: -2531
2870 - 2871: -834
2871 - 2872: 1790
2872 - 2873: -2491
2873 - 2874: -993
2874 - 2875: -3628
2875 - 2876: 24033
2876 - 2877: 3572
2877 - 2878: -1457
2878 - 2879: -1593
2879 - 2880: 130
2880 - 2881: -4951
2881 - 2882: -3072
2882 - 2883: 14863
2883 - 2884: 13113
2884 - 2885: -1298
2885 - 2886: -2544
2886 - 2887: -342
2887 - 2888: 53038
2888 - 2889: -4477
2889 - 2890: 9244
2890 - 2891: -1354
2891 - 2892: 5194
2892 - 2893: 15169
2893 - 2894: 13904
2894 - 2895: 14781
2895 - 2896: -545
2896 - 2897: -4409
2897 - 2898: -4902
2898 - 2899: 2442
2899 - 2900: -45
2900 - 2901: -2062
2901 - 2902: 4141
2902 - 2903: -360
2903 - 2904: 3755
2904 - 2905: -520
2905 - 2906: 2453
2906 - 2907: -6118
2907 - 2908: 2919
2908 - 2909: 515
2909 - 2910: -240
2910 - 2911: -574
2911 - 2912: 6945
2912 - 2913: -540
2913 - 2914: -45
2914 - 2915: 6838
2915 - 2916: -676
2916 - 2917: 2122
2917 - 2918: 13284
2918 - 2919: 5998
2919 - 2920: 60630
2920 - 2921: 13034
2921 - 2922: -4081
2922 - 2923: -1629
2923 - 2924: -2147
2924 - 2925: -5819
2925 - 2926: -3122
2926 - 2927: -5847
2927 - 2928: 1002
2928 - 2929: 15875
2929 - 2930: 8743
2930 - 2931: -1607
2931 - 2932: 4036
2932 - 2933: 478
2933 - 2934: -687
2934 - 2935: -4823
2935 - 2936: -2518
2936 - 2937: -756
2937 - 2938: 7316
2938 - 2939: 7690
2939 - 2940: 803
2940 - 2941: -554
2941 - 2942: 5499
2942 - 2943: -984
2943 - 2944: 2036
2944 - 2945: 1451
2945 - 2946: 8032
2946 - 2947: -1719
2947 - 2948: -3246
2948 - 2949: 4882
2949 - 2950: -1312
2950 - 2951: 2725
2951 - 2952: 13365
2952 - 2953: -467
2953 - 2954: -3407
2954 - 2955: 13417
2955 - 2956: 15461
2956 - 2957: 7063
2957 - 2958: -2808
2958 - 2959: -4614
2959 - 2960: -5493
2960 - 2961: -1192
2961 - 2962: 5140
2962 - 2963: -946
2963 - 2964: 801
2964 - 2965: 3605
2965 - 2966: -2598
2966 - 2967: -4778
2967 - 2968: 6245
2968 - 2969: 99
2969 - 2970: -3663
2970 - 2971: 9078
2971 - 2972: -1668
2972 - 2973: -1326
2973 - 2974: 49081
2974 - 2975: -4696
2975 - 2976: -1963
2976 - 2977: -3566
2977 - 2978: 12583
2978 - 2979: -1653
2979 - 2980: -1122
2980 - 2981: 6265
2981 - 2982: -2439
2982 - 2983: 8785
2983 - 2984: 6257
2984 - 2985: 5090
2985 - 2986: 6693
2986 - 2987: -5043
2987 - 2988: -2758
2988 - 2989: 8947
2989 - 2990: -2156
2990 - 2991: -273
2991 - 2992: -3076
2992 - 2993: 2991
2993 - 2994: 8613
2994 - 2995: -159
2995 - 2996: -696
2996 - 2997: -1961
2997 - 2998: 28153
2998 - 2999: 30495
2999 - 3000: -1521
3000 - 3001: -5258
3001 - 3002: 1020
3002 - 3003: -2475
3003 - 3004: -336
3004 - 3005: -2229
3005 - 3006: -1406
3006 - 3007: 372
3007 - 3008: 388
3008 - 3009: -3914
3009 - 3010: -2884
3010 - 3011: 3120
3011 - 3012: 1824
3012 - 3013: 6518
3013 - 3014: -2386
3014 - 3015: 50285
3015 - 3016: 14458
3016 - 3017: -1051
3017 - 3018: 25609
3018 - 3019: 27497
3019 - 3020: 19120
3020 - 3021: 353
3021 - 3022: 1864
3022 - 3023: 681
3023 - 3024: 5630
3024 - 3025: 10805
3025 - 3026: -2135
3026 - 3027: 3058
3027 - 3028: -2662
3028 - 3029: 6387
3029 - 3030: -3234
3030 - 3031: 1974
3031 - 3032: 66704
3032 - 3033: 3221
3033 - 3034: 3200
3034 - 3035: -3515
3035 - 3036: -177
3036 - 3037: 172
3037 - 3038: -880
3038 - 3039: -278
3039 - 3040: 957
3040 - 3041: 11851
3041 - 3042: 10359
3042 - 3043: -1814
3043 - 3044: -2095
3044 - 3045: -2787
3045 - 3046: -4733
3046 - 3047: -483
3047 - 3048: 5007
3048 - 3049: -1338
3049 - 3050: -2215
3050 - 3051: 13956
3051 - 3052: -2928
3052 - 3053: 2234
3053 - 3054: 4764
3054 - 3055: 3784
3055 - 3056: -7108
3056 - 3057: 8756
3057 - 3058: -1833
3058 - 3059: -1838
3059 - 3060: 31036
3060 - 3061: 2153
3061 - 3062: 329
3062 - 3063: -75
3063 - 3064: -5626
3064 - 3065: 5467
3065 - 3066: 66196
3066 - 3067: 393
3067 - 3068: -983
3068 - 3069: -2372
3069 - 3070: -4306
3070 - 3071: -1800
3071 - 3072: -3229
3072 - 3073: 61562
3073 - 3074: 10109
3074 - 3075: 4649
3075 - 3076: -2498
3076 - 3077: 2110
3077 - 3078: -3648
3078 - 3079: 51764
3079 - 3080: -3270
3080 - 3081: -3960
3081 - 3082: 599
3082 - 3083: 3988
3083 - 3084: 63084
3084 - 3085: 61304
3085 - 3086: 258
3086 - 3087: 23
3087 - 3088: -2793
3088 - 3089: 5205
3089 - 3090: 18568
3090 - 3091: 3658
3091 - 3092: 45515
3092 - 3093: 24158
3093 - 3094: -3255
3094 - 3095: 1960
3095 - 3096: 50508
3096 - 3097: 13017
3097 - 3098: -2123
3098 - 3099: 46063
3099 - 3100: 27880
3100 - 3101: -3013
3101 - 3102: -465
3102 - 3103: 3594
3103 - 3104: -6648
3104 - 3105: -3902
3105 - 3106: -3916
3106 - 3107: 16872
3107 - 3108: 9861
3108 - 3109: 5827
3109 - 3110: 8577
3110 - 3111: -1637
3111 - 3112: -4258
3112 - 3113: 12932
3113 - 3114: -2217
3114 - 3115: 39551
3115 - 3116: 6383
3116 - 3117: 6224
3117 - 3118: -5111
3118 - 3119: 6987
3119 - 3120: -1506
3120 - 3121: 7504
3121 - 3122: -3889
3122 - 3123: -4094
3123 - 3124: -2402
3124 - 3125: -1220
3125 - 3126: 4115
3126 - 3127: 36552
3127 - 3128: 5105
3128 - 3129: 385
3129 - 3130: 161
3130 - 3131: 271
3131 - 3132: -2489
3132 - 3133: -3648
3133 - 3134: 9888
3134 - 3135: -3277
3135 - 3136: -584
3136 - 3137: -5385
3137 - 3138: -193
3138 - 3139: 261
3139 - 3140: -206
3140 - 3141: -1859
3141 - 3142: 4124
3142 - 3143: 3354
3143 - 3144: -2115
3144 - 3145: 83
3145 - 3146: -2278
3146 - 3147: -2190
3147 - 3148: -1418
3148 - 3149: 2190
3149 - 3150: 11201
3150 - 3151: 12899
3151 - 3152: 15473
3152 - 3153: -5819
3153 - 3154: -282
3154 - 3155: -2687
3155 - 3156: -10
3156 - 3157: 25335
3157 - 3158: -3272
3158 - 3159: -1971
3159 - 3160: 10127
3160 - 3161: -5343
3161 - 3162: -4576
3162 - 3163: -3319
3163 - 3164: -4166
3164 - 3165: -297
3165 - 3166: -4457
3166 - 3167: -5239
3167 - 3168: 18237
3168 - 3169: 365
3169 - 3170: -42
3170 - 3171: 18300
3171 - 3172: 43569
3172 - 3173: -2818
3173 - 3174: -4709
3174 - 3175: -5422
3175 - 3176: -1997
3176 - 3177: -160
3177 - 3178: -1963
3178 - 3179: -3870
3179 - 3180: -888
3180 - 3181: -1867
3181 - 3182: -2288
3182 - 3183: 9410
3183 - 3184: 2862
3184 - 3185: -3151
3185 - 3186: -4806
3186 - 3187: 12183
3187 - 3188: 7237
3188 - 3189: 58703
3189 - 3190: 1952
3190 - 3191: -2055
3191 - 3192: 11058
3192 - 3193: 1281
3193 - 3194: -2227
3194 - 3195: 8588
3195 - 3196: 1439
3196 - 3197: 10523
3197 - 3198: -497
3198 - 3199: -250
3199 - 3200: -2754
3200 - 3201: -3491
3201 - 3202: -2143
3202 - 3203: 2932
3203 - 3204: 12701
3204 - 3205: -3869
3205 - 3206: -3130
3206 - 3207: -5128
3207 - 3208: 12920
3208 - 3209: 553
3209 - 3210: 10533
3210 - 3211: -978
3211 - 3212: -3864
3212 - 3213: -5781
3213 - 3214: -5173
3214 - 3215: -2207
3215 - 3216: -6243
3216 - 3217: 7893
3217 - 3218: -3869
3218 - 3219: -2504
3219 - 3220: -2111
3220 - 3221: -960
3221 - 3222: -1898
3222 - 3223: 6685
3223 - 3224: 645
3224 - 3225: 2395
3225 - 3226: -1960
3226 - 3227: 2855
3227 - 3228: 9240
3228 - 3229: -4814
3229 - 3230: 8433
3230 - 3231: 3822
3231 - 3232: -594
3232 - 3233: 11418
3233 - 3234: 13993
3234 - 3235: -614
3235 - 3236: -3233
3236 - 3237: -5029
3237 - 3238: 12270
3238 - 3239: 3501
3239 - 3240: -3396
3240 - 3241: 2763
3241 - 3242: 16555
3242 - 3243: -3990
3243 - 3244: -3224
3244 - 3245: 1930
3245 - 3246: -3968
3246 - 3247: 243
3247 - 3248: -1858
3248 - 3249: -3945
3249 - 3250: 3109
3250 - 3251: -2162
3251 - 3252: 2931
3252 - 3253: -1799
3253 - 3254: 971
3254 - 3255: -2635
3255 - 3256: -3626
3256 - 3257: -3067
3257 - 3258: -1862
3258 - 3259: 505
3259 - 3260: -5032
3260 - 3261: -558
3261 - 3262: -2576
3262 - 3263: 615
3263 - 3264: -3807
3264 - 3265: -4420
3265 - 3266: 12055
3266 - 3267: 29126
3267 - 3268: 2163
3268 - 3269: -1940
3269 - 3270: -1716
3270 - 3271: 4537
3271 - 3272: 3117
3272 - 3273: 3766
3273 - 3274: -5172
3274 - 3275: 12976
3275 - 3276: 2445
3276 - 3277: -1323
3277 - 3278: -1803
3278 - 3279: -5301
3279 - 3280: -4382
3280 - 3281: 502
3281 - 3282: 9319
3282 - 3283: 23218
3283 - 3284: -736
3284 - 3285: -2370
3285 - 3286: 4175
3286 - 3287: -3300
3287 - 3288: -660
3288 - 3289: -3690
3289 - 3290: 649
3290 - 3291: -1085
3291 - 3292: 1661
3292 - 3293: 3160
3293 - 3294: 932
3294 - 3295: -4310
3295 - 3296: 2785
3296 - 3297: -4939
3297 - 3298: -4325
3298 - 3299: -725
3299 - 3300: 27030
3300 - 3301: -5054
3301 - 3302: -605
3302 - 3303: -4212
3303 - 3304: 36823
3304 - 3305: -4447
3305 - 3306: -2972
3306 - 3307: -1763
3307 - 3308: 14866
3308 - 3309: 199
3309 - 3310: 7147
3310 - 3311: -4208
3311 - 3312: 9381
3312 - 3313: -1412
3313 - 3314: -2437
3314 - 3315: -2850
3315 - 3316: -1905
3316 - 3317: 68477
3317 - 3318: -2761
3318 - 3319: -3580
3319 - 3320: -4437
3320 - 3321: -1533
3321 - 3322: 1474
3322 - 3323: 9294
3323 - 3324: -789
3324 - 3325: 2761
3325 - 3326: 303
3326 - 3327: -2730
3327 - 3328: -4684
3328 - 3329: 10914
3329 - 3330: 785
3330 - 3331: -3074
3331 - 3332: 0
3332 - 3333: 11653
3333 - 3334: 1499
3334 - 3335: 3616
3335 - 3336: 2586
3336 - 3337: 1353
3337 - 3338: 12391
3338 - 3339: 2858
3339 - 3340: 6640
3340 - 3341: 2894
3341 - 3342: 1314
3342 - 3343: 6833
3343 - 3344: 4532
3344 - 3345: 16670
3345 - 3346: 1937
3346 - 3347: 10420
3347 - 3348: -2262
3348 - 3349: 3380
3349 - 3350: 3366
3350 - 3351: 8408
3351 - 3352: 41632
3352 - 3353: 2478
3353 - 3354: 1978
3354 - 3355: 66846
3355 - 3356: 10290
3356 - 3357: 31127
3357 - 3358: 31440
3358 - 3359: 7047
3359 - 3360: 2058
3360 - 3361: 2722
3361 - 3362: -691
3362 - 3363: 459
3363 - 3364: 1844
3364 - 3365: -351
3365 - 3366: 232
3366 - 3367: 6404
3367 - 3368: 5116
3368 - 3369: 13678
3369 - 3370: 9254
3370 - 3371: 13419
3371 - 3372: 2624
3372 - 3373: 9118
3373 - 3374: 5426
3374 - 3375: 58342
3375 - 3376: 29511
3376 - 3377: 4929
3377 - 3378: 7218
3378 - 3379: 13233
3379 - 3380: 635
3380 - 3381: 3523
3381 - 3382: -548
3382 - 3383: 1151
3383 - 3384: 2205
3384 - 3385: 3580
3385 - 3386: 4236
3386 - 3387: -1675
3387 - 3388: 4059
3388 - 3389: 848
3389 - 3390: 3280
3390 - 3391: 11138
3391 - 3392: 3233
3392 - 3393: 4361
3393 - 3394: 34327
3394 - 3395: 3895
3395 - 3396: 9836
3396 - 3397: 1005
3397 - 3398: 246
3398 - 3399: 22236
3399 - 3400: 14544
3400 - 3401: 1339
3401 - 3402: -756
3402 - 3403: 1943
3403 - 3404: 1640
3404 - 3405: -1106
3405 - 3406: 451
3406 - 3407: 36358
3407 - 3408: 11600
3408 - 3409: 50714
3409 - 3410: 3113
3410 - 3411: 29777
3411 - 3412: 15691
3412 - 3413: 4590
3413 - 3414: 34035
3414 - 3415: 2341
3415 - 3416: 1654
3416 - 3417: 63919
3417 - 3418: 4117
3418 - 3419: 4768
3419 - 3420: 2802
3420 - 3421: 2270
3421 - 3422: 6340
3422 - 3423: 3407
3423 - 3424: 3933
3424 - 3425: 16885
3425 - 3426: 8209
3426 - 3427: 3042
3427 - 3428: 4280
3428 - 3429: 65197
3429 - 3430: 4878
3430 - 3431: 6355
3431 - 3432: 4088
3432 - 3433: 5123
3433 - 3434: 5706
3434 - 3435: 912
3435 - 3436: 3704
3436 - 3437: 16323
3437 - 3438: 17038
3438 - 3439: 4948
3439 - 3440: 1301
3440 - 3441: 2416
3441 - 3442: 1026
3442 - 3443: 3147
3443 - 3444: 9619
3444 - 3445: 33566
3445 - 3446: 5454
3446 - 3447: 3605
3447 - 3448: 7144
3448 - 3449: 1045
3449 - 3450: 6689
3450 - 3451: 67441
3451 - 3452: 31331
3452 - 3453: 2399
3453 - 3454: 5426
3454 - 3455: 2385
3455 - 3456: -2458
3456 - 3457: 2734
3457 - 3458: 8466
3458 - 3459: 181
3459 - 3460: 2839
3460 - 3461: -356
3461 - 3462: 3299
3462 - 3463: -1291
3463 - 3464: 1410
3464 - 3465: 6205
3465 - 3466: 12907
3466 - 3467: 4699
3467 - 3468: 34159
3468 - 3469: 1689
3469 - 3470: 11652
3470 - 3471: 253
3471 - 3472: 11157
3472 - 3473: 4055
3473 - 3474: 3731
3474 - 3475: 1032
3475 - 3476: 11072
3476 - 3477: 1220
3477 - 3478: 5375
3478 - 3479: 1365
3479 - 3480: 1696
3480 - 3481: 14823
3481 - 3482: 9077
3482 - 3483: 21581
3483 - 3484: 11938
3484 - 3485: 13492
3485 - 3486: 11854
3486 - 3487: 3131
3487 - 3488: 3158
3488 - 3489: 538
3489 - 3490: 2866
3490 - 3491: 15162
3491 - 3492: 1495
3492 - 3493: 53057
3493 - 3494: 17775
3494 - 3495: 60415
3495 - 3496: 7373
3496 - 3497: 4156
3497 - 3498: 6590
3498 - 3499: 8200
3499 - 3500: 5934
3500 - 3501: 2681
3501 - 3502: 73574
3502 - 3503: 19991
3503 - 3504: 16372
3504 - 3505: 8356
3505 - 3506: 18869
3506 - 3507: 47856
3507 - 3508: 5754
3508 - 3509: 11136
3509 - 3510: 11073
3510 - 3511: 6426
3511 - 3512: 4448
3512 - 3513: 16413
3513 - 3514: 15383
3514 - 3515: 2113
3515 - 3516: 31271
3516 - 3517: 73541
3517 - 3518: 14082
3518 - 3519: 3506
3519 - 3520: 64722
3520 - 3521: 22848
3521 - 3522: 7334
3522 - 3523: 2652
3523 - 3524: 2126
3524 - 3525: 1750
3525 - 3526: 634
3526 - 3527: 56501
3527 - 3528: 1798
3528 - 3529: 3619
3529 - 3530: 2229
3530 - 3531: 4983
3531 - 3532: 2376
3532 - 3533: 4300
3533 - 3534: 20282
3534 - 3535: 6657
3535 - 3536: 3966
3536 - 3537: 9478
3537 - 3538: 5363
3538 - 3539: 4371
3539 - 3540: 3110
3540 - 3541: 8358
3541 - 3542: 38420
3542 - 3543: 6320
3543 - 3544: 55893
3544 - 3545: 840
3545 - 3546: 11300
3546 - 3547: 8739
3547 - 3548: 8287
3548 - 3549: 5327
3549 - 3550: 2094
3550 - 3551: 3670
3551 - 3552: 50776
3552 - 3553: 1420
3553 - 3554: 3554
3554 - 3555: 2631
3555 - 3556: 12232
3556 - 3557: 10643
3557 - 3558: 9459
3558 - 3559: 4119
3559 - 3560: 3168
3560 - 3561: 166
3561 - 3562: 4363
3562 - 3563: 6737
3563 - 3564: 4259
3564 - 3565: 3900
3565 - 3566: 2098
3566 - 3567: 10665
3567 - 3568: 3360
3568 - 3569: 3980
3569 - 3570: 34
3570 - 3571: 4652
3571 - 3572: 3921
3572 - 3573: 3206
3573 - 3574: -4165
3574 - 3575: 3333
3575 - 3576: 72710
3576 - 3577: 9354
3577 - 3578: 8140
3578 - 3579: 1712
3579 - 3580: -51
3580 - 3581: 1133
3581 - 3582: 207
3582 - 3583: 53604
3583 - 3584: 2334
3584 - 3585: 2235
3585 - 3586: 2479
3586 - 3587: 2694
3587 - 3588: 546
3588 - 3589: 3744
3589 - 3590: 3948
3590 - 3591: 947
3591 - 3592: 811
3592 - 3593: -634
3593 - 3594: 12367
3594 - 3595: 29568
3595 - 3596: 18380
3596 - 3597: 7434
3597 - 3598: 71358
3598 - 3599: 9882
3599 - 3600: 6332
3600 - 3601: 3106
3601 - 3602: 71549
3602 - 3603: 19739
3603 - 3604: 3464
3604 - 3605: 507
3605 - 3606: 3700
3606 - 3607: 1363
3607 - 3608: 13474
3608 - 3609: 2373
3609 - 3610: 1606
3610 - 3611: 17941
3611 - 3612: 74373
3612 - 3613: 2711
3613 - 3614: 1181
3614 - 3615: 2390
3615 - 3616: 658
3616 - 3617: 98
3617 - 3618: 685
3618 - 3619: 1035
3619 - 3620: 7674
3620 - 3621: 2870
3621 - 3622: 485
3622 - 3623: 9568
3623 - 3624: 15645
3624 - 3625: 3745
3625 - 3626: 1706
3626 - 3627: 55152
3627 - 3628: -904
3628 - 3629: 22209
3629 - 3630: 1973
3630 - 3631: 926
3631 - 3632: -295
3632 - 3633: -890
3633 - 3634: -846
3634 - 3635: 12040
3635 - 3636: 12221
3636 - 3637: 32188
3637 - 3638: -944
3638 - 3639: 2575
3639 - 3640: 1147
3640 - 3641: 17789
3641 - 3642: 663
3642 - 3643: -2064
3643 - 3644: 120
3644 - 3645: 5941
3645 - 3646: 1088
3646 - 3647: 304
3647 - 3648: 704
3648 - 3649: 2694
3649 - 3650: 13194
3650 - 3651: -281
3651 - 3652: 714
3652 - 3653: 690
3653 - 3654: -967
3654 - 3655: 1790
3655 - 3656: 5684
3656 - 3657: 1694
3657 - 3658: 3114
3658 - 3659: 1727
3659 - 3660: 4198
3660 - 3661: 2014
3661 - 3662: 22430
3662 - 3663: 9982
3663 - 3664: 11737
3664 - 3665: 1538
3665 - 3666: 3663
3666 - 3667: 31355
3667 - 3668: 32859
3668 - 3669: 2913
3669 - 3670: -1074
3670 - 3671: 473
3671 - 3672: 18539
3672 - 3673: 388
3673 - 3674: 3867
3674 - 3675: 2302
3675 - 3676: 2164
3676 - 3677: 1668
3677 - 3678: 1254
3678 - 3679: 12328
3679 - 3680: -1200
3680 - 3681: -1188
3681 - 3682: 8047
3682 - 3683: -833
3683 - 3684: 762
3684 - 3685: -36
3685 - 3686: 5263
3686 - 3687: 4730
3687 - 3688: 10186
3688 - 3689: 2478
3689 - 3690: 574
3690 - 3691: 1079
3691 - 3692: 2410
3692 - 3693: 1652
3693 - 3694: 3441
3694 - 3695: 12260
3695 - 3696: 71040
3696 - 3697: 3246
3697 - 3698: 1981
3698 - 3699: 2348
3699 - 3700: 1892
3700 - 3701: 2873
3701 - 3702: 8505
3702 - 3703: 8872
3703 - 3704: -3465
3704 - 3705: 6688
3705 - 3706: 1851
3706 - 3707: 7970
3707 - 3708: 6837
3708 - 3709: 4345
3709 - 3710: 17547
3710 - 3711: 18563
3711 - 3712: -495
3712 - 3713: 11749
3713 - 3714: 1419
3714 - 3715: 4334
3715 - 3716: 8158
3716 - 3717: 1433
3717 - 3718: 16499
3718 - 3719: 5219
3719 - 3720: 713
3720 - 3721: 3028
3721 - 3722: 2380
3722 - 3723: 2153
3723 - 3724: 45243
3724 - 3725: 2630
3725 - 3726: 2898
3726 - 3727: 14875
3727 - 3728: 8243
3728 - 3729: 14091
3729 - 3730: 6939
3730 - 3731: 2568
3731 - 3732: 2172
3732 - 3733: 23420
3733 - 3734: 56543
3734 - 3735: 767
3735 - 3736: 16535
3736 - 3737: 22037
3737 - 3738: 5285
3738 - 3739: 3550
3739 - 3740: 172
3740 - 3741: -761
3741 - 3742: 2536
3742 - 3743: 3950
3743 - 3744: 1116
3744 - 3745: 2394
3745 - 3746: 5605
3746 - 3747: 52133
3747 - 3748: 16104
3748 - 3749: 10834
3749 - 3750: 1999
3750 - 3751: 3421
3751 - 3752: 15115
3752 - 3753: 2217
3753 - 3754: 1490
3754 - 3755: 1748
3755 - 3756: 1649
3756 - 3757: 1994
3757 - 3758: -840
3758 - 3759: 11086
3759 - 3760: 973
3760 - 3761: 7108
3761 - 3762: 3416
3762 - 3763: 324
3763 - 3764: 1995
3764 - 3765: 2880
3765 - 3766: 21050
3766 - 3767: 410
3767 - 3768: 555
3768 - 3769: -1618
3769 - 3770: 15681
3770 - 3771: 43367
3771 - 3772: -1178
3772 - 3773: 243
3773 - 3774: 69039
3774 - 3775: 2577
3775 - 3776: 2650
3776 - 3777: 3182
3777 - 3778: 6979
3778 - 3779: 1331
3779 - 3780: 42882
3780 - 3781: 15603
3781 - 3782: 13968
3782 - 3783: 2307
3783 - 3784: 8207
3784 - 3785: 47151
3785 - 3786: 3593
3786 - 3787: 2632
3787 - 3788: 20367
3788 - 3789: 22750
3789 - 3790: 4216
3790 - 3791: 55
3791 - 3792: 2253
3792 - 3793: -846
3793 - 3794: 7359
3794 - 3795: 18487
3795 - 3796: 21426
3796 - 3797: 2851
3797 - 3798: 1673
3798 - 3799: 4756
3799 - 3800: 4486
3800 - 3801: 946
3801 - 3802: 3988
3802 - 3803: 2858
3803 - 3804: 12394
3804 - 3805: 15955
3805 - 3806: 19142
3806 - 3807: 2045
3807 - 3808: 16599
3808 - 3809: 25698
3809 - 3810: 5395
3810 - 3811: 4003
3811 - 3812: 12272
3812 - 3813: -252
3813 - 3814: 1341
3814 - 3815: 1074
3815 - 3816: 7709
3816 - 3817: 21286
3817 - 3818: 2921
3818 - 3819: 10293
3819 - 3820: 1492
3820 - 3821: 16258
3821 - 3822: 16031
3822 - 3823: 2269
3823 - 3824: 4379
3824 - 3825: 17252
3825 - 3826: 14031
3826 - 3827: 3750
3827 - 3828: 3309
3828 - 3829: 7714
3829 - 3830: 17292
3830 - 3831: 5853
3831 - 3832: 17478
3832 - 3833: -794
3833 - 3834: 16481
3834 - 3835: 67315
3835 - 3836: 8759
3836 - 3837: 25383
3837 - 3838: 1445
3838 - 3839: -162
3839 - 3840: 343
3840 - 3841: 9969
3841 - 3842: 2823
3842 - 3843: 902
3843 - 3844: 9889
3844 - 3845: 4043
3845 - 3846: 14874
3846 - 3847: 3128
3847 - 3848: 7422
3848 - 3849: 816
3849 - 3850: 5758
3850 - 3851: 1651
3851 - 3852: 72242
3852 - 3853: 11897
3853 - 3854: 6041
3854 - 3855: 12237
3855 - 3856: 19419
3856 - 3857: 3310
3857 - 3858: 4154
3858 - 3859: 2426
3859 - 3860: 62006
3860 - 3861: 7
3861 - 3862: 4178
3862 - 3863: 874
3863 - 3864: 3617
3864 - 3865: 60323
3865 - 3866: 155
3866 - 3867: 2043
3867 - 3868: 5351
3868 - 3869: 3312
3869 - 3870: 2215
3870 - 3871: 3009
3871 - 3872: 7884
3872 - 3873: 16883
3873 - 3874: 19170
3874 - 3875: -3819
3875 - 3876: 14760
3876 - 3877: 3504
3877 - 3878: 11464
3878 - 3879: 52108
3879 - 3880: 70871
3880 - 3881: 2181
3881 - 3882: 4500
3882 - 3883: 298
3883 - 3884: 16704
3884 - 3885: 71635
3885 - 3886: 219
3886 - 3887: 1311
3887 - 3888: 3597
3888 - 3889: 54590
3889 - 3890: 28439
3890 - 3891: 1879
3891 - 3892: 2370
3892 - 3893: 3281
3893 - 3894: 6328
3894 - 3895: 8640
3895 - 3896: 5878
3896 - 3897: 1797
3897 - 3898: 4345
3898 - 3899: 27
3899 - 3900: 24169
3900 - 3901: 3667
3901 - 3902: 7359
3902 - 3903: 38628
3903 - 3904: 6451
3904 - 3905: -15
3905 - 3906: -861
3906 - 3907: -845
3907 - 3908: -567
3908 - 3909: 7473
3909 - 3910: 3874
3910 - 3911: -249
3911 - 3912: 5600
3912 - 3913: 1000
3913 - 3914: 3774
3914 - 3915: 2897
3915 - 3916: 1468
3916 - 3917: -1326
3917 - 3918: 5773
3918 - 3919: 651
3919 - 3920: 949
3920 - 3921: 13379
3921 - 3922: 6164
3922 - 3923: 2339
3923 - 3924: 578
3924 - 3925: 1492
3925 - 3926: 6509
3926 - 3927: 1817
3927 - 3928: 6623
3928 - 3929: 10041
3929 - 3930: -134
3930 - 3931: 6706
3931 - 3932: 16221
3932 - 3933: -271
3933 - 3934: 2841
3934 - 3935: 2740
3935 - 3936: 3405
3936 - 3937: 1011
3937 - 3938: 1593
3938 - 3939: 1687
3939 - 3940: 1485
3940 - 3941: 966
3941 - 3942: 563
3942 - 3943: -169
3943 - 3944: 8427
3944 - 3945: 3636
3945 - 3946: 11795
3946 - 3947: 170
3947 - 3948: 4168
3948 - 3949: 9673
3949 - 3950: 6559
3950 - 3951: 67011
3951 - 3952: 2487
3952 - 3953: 3116
3953 - 3954: 1297
3954 - 3955: 1233
3955 - 3956: 2983
3956 - 3957: 445
3957 - 3958: 870
3958 - 3959: -3353
3959 - 3960: 12619
3960 - 3961: 15114
3961 - 3962: 2955
3962 - 3963: 3052
3963 - 3964: 1699
3964 - 3965: 1308
3965 - 3966: -931
3966 - 3967: 7640
3967 - 3968: 5940
3968 - 3969: 2788
3969 - 3970: 1213
3970 - 3971: 6963
3971 - 3972: 5777
3972 - 3973: 21489
3973 - 3974: 2713
3974 - 3975: 6601
3975 - 3976: 10421
3976 - 3977: 560
3977 - 3978: 2170
3978 - 3979: 33627
3979 - 3980: 9013
3980 - 3981: 1027
3981 - 3982: 3032
3982 - 3983: 734
3983 - 3984: 11840
3984 - 3985: 4300
3985 - 3986: 2007
3986 - 3987: 20814
3987 - 3988: 2369
3988 - 3989: 6925
3989 - 3990: 13459
3990 - 3991: 61987
3991 - 3992: 11702
3992 - 3993: 5861
3993 - 3994: 25125
3994 - 3995: 73285
3995 - 3996: 1030
3996 - 3997: 14069
3997 - 3998: 70318
3998 - 3999: 2252
3999 - 4000: 3505
4000 - 4001: 64291
4001 - 4002: 10349
4002 - 4003: 1425
4003 - 4004: 523
4004 - 4005: 10198
4005 - 4006: 4538
4006 - 4007: 23192
4007 - 4008: 1022
4008 - 4009: 1905
4009 - 4010: 3558
4010 - 4011: 8332
4011 - 4012: 1636
4012 - 4013: 9326
4013 - 4014: 11325
4014 - 4015: 8413
4015 - 4016: 1249
4016 - 4017: 12393
4017 - 4018: 11444
4018 - 4019: 19610
4019 - 4020: 1884
4020 - 4021: 6909
4021 - 4022: 1892
4022 - 4023: 2315
4023 - 4024: 661
4024 - 4025: -763
4025 - 4026: 15758
4026 - 4027: 168
4027 - 4028: 63379
4028 - 4029: 7447
4029 - 4030: 3965
4030 - 4031: 1653
4031 - 4032: 994
4032 - 4033: 18205
4033 - 4034: -162
4034 - 4035: 7259
4035 - 4036: 10649
4036 - 4037: 2554
4037 - 4038: 8956
4038 - 4039: 1904
4039 - 4040: -1048
4040 - 4041: 9939
4041 - 4042: 7974
4042 - 4043: 1289
4043 - 4044: 1292
4044 - 4045: 1304
4045 - 4046: 44497
4046 - 4047: 800
4047 - 4048: 3933
4048 - 4049: 4676
4049 - 4050: 3422
4050 - 4051: 52059
4051 - 4052: 2211
4052 - 4053: 14094
4053 - 4054: 10528
4054 - 4055: 4976
4055 - 4056: 19265
4056 - 4057: 18162
4057 - 4058: 4317
4058 - 4059: 14371
4059 - 4060: 2448
4060 - 4061: 8833
4061 - 4062: 16977
4062 - 4063: 1918
4063 - 4064: 27515
4064 - 4065: 31818
4065 - 4066: 23092
4066 - 4067: 8242
4067 - 4068: 3001
4068 - 4069: 50003
4069 - 4070: 16294
4070 - 4071: -228
4071 - 4072: 3678
4072 - 4073: 954
4073 - 4074: 5095
4074 - 4075: 1844
4075 - 4076: 4308
4076 - 4077: 24572
4077 - 4078: 14233
4078 - 4079: 1453
4079 - 4080: 9129
4080 - 4081: 3566
4081 - 4082: 12728
4082 - 4083: 5470
4083 - 4084: 1154
4084 - 4085: 6039
4085 - 4086: 3373
4086 - 4087: 5869
4087 - 4088: 4262
4088 - 4089: -1217
4089 - 4090: 8334
4090 - 4091: 25247
4091 - 4092: 8477
4092 - 4093: 33938
4093 - 4094: -367
4094 - 4095: -1392
4095 - 4096: 1384
4096 - 4097: 929
4097 - 4098: 13385
4098 - 4099: 7469
4099 - 4100: 13754
4100 - 4101: 15212
4101 - 4102: 13042
4102 - 4103: 53343
4103 - 4104: 6259
4104 - 4105: 5886
4105 - 4106: 8619
4106 - 4107: 761
4107 - 4108: 1836
4108 - 4109: 48373
4109 - 4110: 73818
4110 - 4111: 7656
4111 - 4112: 63780
4112 - 4113: 12852
4113 - 4114: 3462
4114 - 4115: 12267
4115 - 4116: -187
4116 - 4117: 5655
4117 - 4118: 55142
4118 - 4119: 4488
4119 - 4120: 33784
4120 - 4121: 10759
4121 - 4122: 2335
4122 - 4123: 424
4123 - 4124: 2242
4124 - 4125: 1802
4125 - 4126: 702
4126 - 4127: 311
4127 - 4128: 3162
4128 - 4129: -399
4129 - 4130: 1694
4130 - 4131: 2365
4131 - 4132: 2128
4132 - 4133: 47890
4133 - 4134: -1260
4134 - 4135: 40318
4135 - 4136: 5891
4136 - 4137: 61750
4137 - 4138: 1702
4138 - 4139: -83
4139 - 4140: 42237
4140 - 4141: 24099
4141 - 4142: 1645
4142 - 4143: 2396
4143 - 4144: 15841
4144 - 4145: 15288
4145 - 4146: 4292
4146 - 4147: 4033
4147 - 4148: 51746
4148 - 4149: 1213
4149 - 4150: 4864
4150 - 4151: 4199
4151 - 4152: 4290
4152 - 4153: 6712
4153 - 4154: 12104
4154 - 4155: 465
4155 - 4156: 6030
4156 - 4157: 47780
4157 - 4158: 4347
4158 - 4159: 1377
4159 - 4160: 1349
4160 - 4161: 387
4161 - 4162: 10264
4162 - 4163: 2612
4163 - 4164: 48215
4164 - 4165: 0
4165 - 4166: 7940
4166 - 4167: 1754
4167 - 4168: -478
4168 - 4169: 3836
4169 - 4170: 216
4170 - 4171: 6858
4171 - 4172: 9296
4172 - 4173: -1712
4173 - 4174: 6680
4174 - 4175: -1570
4175 - 4176: -4659
4176 - 4177: -1359
4177 - 4178: -4464
4178 - 4179: 6961
4179 - 4180: 17743
4180 - 4181: -167
4181 - 4182: 5358
4182 - 4183: 50121
4183 - 4184: 328
4184 - 4185: -1479
4185 - 4186: -2198
4186 - 4187: 302
4187 - 4188: 3282
4188 - 4189: 40390
4189 - 4190: 2207
4190 - 4191: 4804
4191 - 4192: 3362
4192 - 4193: -2198
4193 - 4194: 6901
4194 - 4195: -674
4195 - 4196: 5967
4196 - 4197: -1137
4197 - 4198: -2055
4198 - 4199: -560
4199 - 4200: -2826
4200 - 4201: 542
4201 - 4202: -1278
4202 - 4203: 32393
4203 - 4204: -421
4204 - 4205: -2075
4205 - 4206: 20004
4206 - 4207: -2751
4207 - 4208: -3142
4208 - 4209: -2228
4209 - 4210: -2658
4210 - 4211: 1880
4211 - 4212: 836
4212 - 4213: 2326
4213 - 4214: 7546
4214 - 4215: 51442
4215 - 4216: -4048
4216 - 4217: 8099
4217 - 4218: 36459
4218 - 4219: -1702
4219 - 4220: -3145
4220 - 4221: 7547
4221 - 4222: -2866
4222 - 4223: -4253
4223 - 4224: 4678
4224 - 4225: -1429
4225 - 4226: 8496
4226 - 4227: 4431
4227 - 4228: 57835
4228 - 4229: -3938
4229 - 4230: -1608
4230 - 4231: 21821
4231 - 4232: 2504
4232 - 4233: -2272
4233 - 4234: 10554
4234 - 4235: 9377
4235 - 4236: 38711
4236 - 4237: 21751
4237 - 4238: 13365
4238 - 4239: 7911
4239 - 4240: 3041
4240 - 4241: -3264
4241 - 4242: -1116
4242 - 4243: -1908
4243 - 4244: 780
4244 - 4245: 13959
4245 - 4246: 3752
4246 - 4247: 143
4247 - 4248: -1941
4248 - 4249: 35471
4249 - 4250: -2672
4250 - 4251: -252
4251 - 4252: -3553
4252 - 4253: 17497
4253 - 4254: 13666
4254 - 4255: 930
4255 - 4256: 13024
4256 - 4257: 64334
4257 - 4258: 1503
4258 - 4259: 3219
4259 - 4260: 10676
4260 - 4261: 6231
4261 - 4262: 6919
4262 - 4263: 7646
4263 - 4264: 3813
4264 - 4265: 17738
4265 - 4266: 56110
4266 - 4267: -5239
4267 - 4268: 5184
4268 - 4269: 8981
4269 - 4270: -2649
4270 - 4271: 17424
4271 - 4272: 18124
4272 - 4273: -3915
4273 - 4274: 6870
4274 - 4275: 9807
4275 - 4276: -596
4276 - 4277: 35078
4277 - 4278: 1450
4278 - 4279: 18388
4279 - 4280: 5884
4280 - 4281: 14404
4281 - 4282: -2001
4282 - 4283: -1240
4283 - 4284: 1795
4284 - 4285: -331
4285 - 4286: 6750
4286 - 4287: 9688
4287 - 4288: 6914
4288 - 4289: -34
4289 - 4290: -344
4290 - 4291: 7579
4291 - 4292: 4183
4292 - 4293: -94
4293 - 4294: -2093
4294 - 4295: 6263
4295 - 4296: 8839
4296 - 4297: -3846
4297 - 4298: 2876
4298 - 4299: 27547
4299 - 4300: -6264
4300 - 4301: 12340
4301 - 4302: 22814
4302 - 4303: 6286
4303 - 4304: 1403
4304 - 4305: 20953
4305 - 4306: 18802
4306 - 4307: 22648
4307 - 4308: 7779
4308 - 4309: -2991
4309 - 4310: 35129
4310 - 4311: 2428
4311 - 4312: 7640
4312 - 4313: 16515
4313 - 4314: -723
4314 - 4315: 10193
4315 - 4316: 6483
4316 - 4317: -2308
4317 - 4318: -3240
4318 - 4319: 25545
4319 - 4320: -499
4320 - 4321: 15413
4321 - 4322: 6862
4322 - 4323: 66874
4323 - 4324: 48692
4324 - 4325: -261
4325 - 4326: 64327
4326 - 4327: -4172
4327 - 4328: 18329
4328 - 4329: 344
4329 - 4330: 22191
4330 - 4331: 11772
4331 - 4332: 12533
4332 - 4333: -1669
4333 - 4334: -3477
4334 - 4335: 9336
4335 - 4336: 62988
4336 - 4337: 25695
4337 - 4338: -4512
4338 - 4339: 7810
4339 - 4340: -915
4340 - 4341: 3670
4341 - 4342: -3654
4342 - 4343: 3301
4343 - 4344: -3888
4344 - 4345: 5481
4345 - 4346: -3442
4346 - 4347: -1628
4347 - 4348: -898
4348 - 4349: 5353
4349 - 4350: -1603
4350 - 4351: 3092
4351 - 4352: 7350
4352 - 4353: 38237
4353 - 4354: 9342
4354 - 4355: 12806
4355 - 4356: 9680
4356 - 4357: 129
4357 - 4358: -4719
4358 - 4359: 6230
4359 - 4360: 157
4360 - 4361: -2820
4361 - 4362: 24090
4362 - 4363: 14998
4363 - 4364: 2601
4364 - 4365: -2716
4365 - 4366: -1783
4366 - 4367: 57279
4367 - 4368: -1271
4368 - 4369: 1778
4369 - 4370: -1931
4370 - 4371: 24760
4371 - 4372: -144
4372 - 4373: 3226
4373 - 4374: 2578
4374 - 4375: 1481
4375 - 4376: 51690
4376 - 4377: -2980
4377 - 4378: -6481
4378 - 4379: -2046
4379 - 4380: 16520
4380 - 4381: -2775
4381 - 4382: -1578
4382 - 4383: -388
4383 - 4384: -1784
4384 - 4385: -3477
4385 - 4386: -4373
4386 - 4387: -3231
4387 - 4388: -3047
4388 - 4389: -3357
4389 - 4390: -56
4390 - 4391: -3856
4391 - 4392: -3489
4392 - 4393: 12127
4393 - 4394: -1194
4394 - 4395: 43928
4395 - 4396: 13
4396 - 4397: 980
4397 - 4398: 3506
4398 - 4399: -2658
4399 - 4400: -3210
4400 - 4401: 490
4401 - 4402: -4385
4402 - 4403: 2703
4403 - 4404: 30384
4404 - 4405: -1812
4405 - 4406: -631
4406 - 4407: 7834
4407 - 4408: 277
4408 - 4409: 6702
4409 - 4410: 6586
4410 - 4411: 11868
4411 - 4412: -2751
4412 - 4413: 13515
4413 - 4414: 870
4414 - 4415: -1917
4415 - 4416: -3974
4416 - 4417: 63627
4417 - 4418: -5158
4418 - 4419: 5602
4419 - 4420: 15190
4420 - 4421: 14082
4421 - 4422: 8052
4422 - 4423: 49276
4423 - 4424: 6010
4424 - 4425: 2686
4425 - 4426: -3628
4426 - 4427: 2290
4427 - 4428: 7269
4428 - 4429: -2545
4429 - 4430: -5183
4430 - 4431: 11126
4431 - 4432: 4357
4432 - 4433: 4288
4433 - 4434: -2061
4434 - 4435: 176
4435 - 4436: 478
4436 - 4437: 20959
4437 - 4438: 14721
4438 - 4439: -2097
4439 - 4440: -2920
4440 - 4441: 11237
4441 - 4442: -1755
4442 - 4443: -746
4443 - 4444: -1841
4444 - 4445: -2193
4445 - 4446: -3666
4446 - 4447: -3612
4447 - 4448: 1766
4448 - 4449: 2821
4449 - 4450: -2263
4450 - 4451: -3173
4451 - 4452: -6524
4452 - 4453: -553
4453 - 4454: -2644
4454 - 4455: 2357
4455 - 4456: 16802
4456 - 4457: 6748
4457 - 4458: -4829
4458 - 4459: 4704
4459 - 4460: 9669
4460 - 4461: 6359
4461 - 4462: -253
4462 - 4463: 8298
4463 - 4464: 1185
4464 - 4465: 5780
4465 - 4466: 67138
4466 - 4467: 7204
4467 - 4468: -127
4468 - 4469: -2597
4469 - 4470: -701
4470 - 4471: 1420
4471 - 4472: 5058
4472 - 4473: -2804
4473 - 4474: 12111
4474 - 4475: -3060
4475 - 4476: -4189
4476 - 4477: -5868
4477 - 4478: 43180
4478 - 4479: -2826
4479 - 4480: 348
4480 - 4481: -708
4481 - 4482: 18051
4482 - 4483: -925
4483 - 4484: -2320
4484 - 4485: -2949
4485 - 4486: -1696
4486 - 4487: -1433
4487 - 4488: -3228
4488 - 4489: 8870
4489 - 4490: 1131
4490 - 4491: 4458
4491 - 4492: 15146
4492 - 4493: 15412
4493 - 4494: 6322
4494 - 4495: -4377
4495 - 4496: 7548
4496 - 4497: -835
4497 - 4498: 1643
4498 - 4499: 30230
4499 - 4500: -1174
4500 - 4501: -34
4501 - 4502: 2048
4502 - 4503: -118
4503 - 4504: 14403
4504 - 4505: 2689
4505 - 4506: 883
4506 - 4507: -600
4507 - 4508: 48626
4508 - 4509: 65705
4509 - 4510: 610
4510 - 4511: 15245
4511 - 4512: 11786
4512 - 4513: 10154
4513 - 4514: 10295
4514 - 4515: 11996
4515 - 4516: 13585
4516 - 4517: 46442
4517 - 4518: 13524
4518 - 4519: 3482
4519 - 4520: 10934
4520 - 4521: 12065
4521 - 4522: -3184
4522 - 4523: 5621
4523 - 4524: -2753
4524 - 4525: -1509
4525 - 4526: -3217
4526 - 4527: 242
4527 - 4528: 1347
4528 - 4529: -2902
4529 - 4530: -778
4530 - 4531: -375
4531 - 4532: 1203
4532 - 4533: 57766
4533 - 4534: -4607
4534 - 4535: 591
4535 - 4536: -1357
4536 - 4537: 2884
4537 - 4538: 8105
4538 - 4539: -1532
4539 - 4540: 1676
4540 - 4541: -1193
4541 - 4542: -2141
4542 - 4543: 47633
4543 - 4544: -2025
4544 - 4545: 6944
4545 - 4546: -409
4546 - 4547: 65905
4547 - 4548: -1296
4548 - 4549: 28712
4549 - 4550: 30434
4550 - 4551: 1123
4551 - 4552: -2039
4552 - 4553: -2718
4553 - 4554: 4062
4554 - 4555: 9038
4555 - 4556: 7570
4556 - 4557: 16585
4557 - 4558: 9960
4558 - 4559: -2558
4559 - 4560: 4353
4560 - 4561: 212
4561 - 4562: -412
4562 - 4563: 239
4563 - 4564: -76
4564 - 4565: 36705
4565 - 4566: 5665
4566 - 4567: 13688
4567 - 4568: 3335
4568 - 4569: 39445
4569 - 4570: -1089
4570 - 4571: -4665
4571 - 4572: 47075
4572 - 4573: -477
4573 - 4574: -2291
4574 - 4575: -1686
4575 - 4576: 20746
4576 - 4577: -3147
4577 - 4578: 4931
4578 - 4579: 4830
4579 - 4580: 4174
4580 - 4581: -2159
4581 - 4582: -1605
4582 - 4583: 7249
4583 - 4584: 36063
4584 - 4585: 1432
4585 - 4586: -2504
4586 - 4587: 50615
4587 - 4588: -3439
4588 - 4589: -770
4589 - 4590: 12660
4590 - 4591: -4044
4591 - 4592: 5408
4592 - 4593: -4276
4593 - 4594: 14973
4594 - 4595: -3225
4595 - 4596: 43868
4596 - 4597: -2020
4597 - 4598: -1759
4598 - 4599: -181
4599 - 4600: -1690
4600 - 4601: 878
4601 - 4602: -1163
4602 - 4603: -700
4603 - 4604: -992
4604 - 4605: -2609
4605 - 4606: 2025
4606 - 4607: -3096
4607 - 4608: 45281
4608 - 4609: 2238
4609 - 4610: -3045
4610 - 4611: 61060
4611 - 4612: -780
4612 - 4613: 786
4613 - 4614: -1588
4614 - 4615: -1515
4615 - 4616: -1275
4616 - 4617: -246
4617 - 4618: -5424
4618 - 4619: -2798
4619 - 4620: 828
4620 - 4621: 1218
4621 - 4622: 27371
4622 - 4623: -1826
4623 - 4624: -585
4624 - 4625: -3042
4625 - 4626: -1224
4626 - 4627: 1626
4627 - 4628: 46554
4628 - 4629: 118
4629 - 4630: 11048
4630 - 4631: -3504
4631 - 4632: -1824
4632 - 4633: -1221
4633 - 4634: -3570
4634 - 4635: -4374
4635 - 4636: -5434
4636 - 4637: -2459
4637 - 4638: -2614
4638 - 4639: -3150
4639 - 4640: -3125
4640 - 4641: -2631
4641 - 4642: 15069
4642 - 4643: 4836
4643 - 4644: -3973
4644 - 4645: -795
4645 - 4646: 5663
4646 - 4647: 3243
4647 - 4648: 9343
4648 - 4649: 2520
4649 - 4650: -1526
4650 - 4651: -1583
4651 - 4652: 4818
4652 - 4653: -139
4653 - 4654: 9705
4654 - 4655: 498
4655 - 4656: -1908
4656 - 4657: -3314
4657 - 4658: -52
4658 - 4659: -2927
4659 - 4660: -1773
4660 - 4661: 15131
4661 - 4662: 3509
4662 - 4663: -2001
4663 - 4664: 2247
4664 - 4665: -4289
4665 - 4666: -454
4666 - 4667: -4327
4667 - 4668: -125
4668 - 4669: 5562
4669 - 4670: 6521
4670 - 4671: 4947
4671 - 4672: -3219
4672 - 4673: 20012
4673 - 4674: 5133
4674 - 4675: 14153
4675 - 4676: -2340
4676 - 4677: -1123
4677 - 4678: 2237
4678 - 4679: -2146
4679 - 4680: -275
4680 - 4681: -2776
4681 - 4682: 1270
4682 - 4683: 38843
4683 - 4684: 4401
4684 - 4685: -2351
4685 - 4686: -5108
4686 - 4687: 19736
4687 - 4688: 3149
4688 - 4689: 204
4689 - 4690: 346
4690 - 4691: -4359
4691 - 4692: 1790
4692 - 4693: 15109
4693 - 4694: -414
4694 - 4695: 7794
4695 - 4696: -4429
4696 - 4697: 273
4697 - 4698: 7762
4698 - 4699: 7388
4699 - 4700: 15302
4700 - 4701: -6567
4701 - 4702: 11801
4702 - 4703: -5696
4703 - 4704: -2021
4704 - 4705: 42559
4705 - 4706: -6061
4706 - 4707: -1636
4707 - 4708: 1346
4708 - 4709: -2482
4709 - 4710: -2989
4710 - 4711: -110
4711 - 4712: -451
4712 - 4713: 8982
4713 - 4714: -1646
4714 - 4715: 171
4715 - 4716: 1446
4716 - 4717: 716
4717 - 4718: -3093
4718 - 4719: 19004
4719 - 4720: -2557
4720 - 4721: -2175
4721 - 4722: -59
4722 - 4723: -2015
4723 - 4724: -942
4724 - 4725: 27
4725 - 4726: 12565
4726 - 4727: -6348
4727 - 4728: -73
4728 - 4729: -2681
4729 - 4730: 5267
4730 - 4731: -4601
4731 - 4732: -2667
4732 - 4733: 5762
4733 - 4734: 11942
4734 - 4735: -4589
4735 - 4736: 10940
4736 - 4737: -1273
4737 - 4738: 16985
4738 - 4739: 1643
4739 - 4740: 7954
4740 - 4741: 1460
4741 - 4742: -4290
4742 - 4743: 43639
4743 - 4744: 7812
4744 - 4745: 76
4745 - 4746: 990
4746 - 4747: -2356
4747 - 4748: -1283
4748 - 4749: 11157
4749 - 4750: 7711
4750 - 4751: 11196
4751 - 4752: 5429
4752 - 4753: 13878
4753 - 4754: -4461
4754 - 4755: 57168
4755 - 4756: -1623
4756 - 4757: -1090
4757 - 4758: 55554
4758 - 4759: -395
4759 - 4760: 3751
4760 - 4761: 35682
4761 - 4762: 7015
4762 - 4763: -2270
4763 - 4764: -2339
4764 - 4765: -2257
4765 - 4766: -339
4766 - 4767: -286
4767 - 4768: -4023
4768 - 4769: -141
4769 - 4770: -5620
4770 - 4771: -2867
4771 - 4772: 949
4772 - 4773: 50355
4773 - 4774: -2972
4774 - 4775: 3184
4775 - 4776: -2284
4776 - 4777: 28370
4777 - 4778: -1861
4778 - 4779: -652
4779 - 4780: -1144
4780 - 4781: 69353
4781 - 4782: -4707
4782 - 4783: -5105
4783 - 4784: -600
4784 - 4785: -3745
4785 - 4786: -5384
4786 - 4787: -7588
4787 - 4788: -4770
4788 - 4789: 10764
4789 - 4790: 53848
4790 - 4791: -937
4791 - 4792: -5992
4792 - 4793: 10797
4793 - 4794: 68808
4794 - 4795: -2506
4795 - 4796: -3970
4796 - 4797: 1494
4797 - 4798: -170
4798 - 4799: 28001
4799 - 4800: -1134
4800 - 4801: -3079
4801 - 4802: -4745
4802 - 4803: -1846
4803 - 4804: -1613
4804 - 4805: 2640
4805 - 4806: 50787
4806 - 4807: 4874
4807 - 4808: 2480
4808 - 4809: -3227
4809 - 4810: 28106
4810 - 4811: -306
4811 - 4812: -2128
4812 - 4813: -3958
4813 - 4814: -4671
4814 - 4815: 4205
4815 - 4816: -5424
4816 - 4817: -3007
4817 - 4818: -5325
4818 - 4819: -1695
4819 - 4820: 1126
4820 - 4821: -5439
4821 - 4822: -4194
4822 - 4823: -5440
4823 - 4824: -2261
4824 - 4825: -4428
4825 - 4826: -6583
4826 - 4827: -3669
4827 - 4828: -4926
4828 - 4829: -3509
4829 - 4830: -123
4830 - 4831: 9140
4831 - 4832: -4464
4832 - 4833: 904
4833 - 4834: 1025
4834 - 4835: -5295
4835 - 4836: -3525
4836 - 4837: 19339
4837 - 4838: -792
4838 - 4839: 59348
4839 - 4840: -2255
4840 - 4841: -3737
4841 - 4842: 35
4842 - 4843: -1428
4843 - 4844: -181
4844 - 4845: -1014
4845 - 4846: -2015
4846 - 4847: 617
4847 - 4848: -47
4848 - 4849: -2252
4849 - 4850: -4562
4850 - 4851: -2363
4851 - 4852: 35594
4852 - 4853: 1221
4853 - 4854: -6514
4854 - 4855: -1801
4855 - 4856: -4340
4856 - 4857: -3533
4857 - 4858: -2815
4858 - 4859: -1479
4859 - 4860: -4351
4860 - 4861: -5489
4861 - 4862: -4085
4862 - 4863: -5412
4863 - 4864: 1107
4864 - 4865: 2587
4865 - 4866: -2823
4866 - 4867: 444
4867 - 4868: -7719
4868 - 4869: 26566
4869 - 4870: -2515
4870 - 4871: -1879
4871 - 4872: -4667
4872 - 4873: 1077
4873 - 4874: -5209
4874 - 4875: -1697
4875 - 4876: -3315
4876 - 4877: -2175
4877 - 4878: 41546
4878 - 4879: -1823
4879 - 4880: -5899
4880 - 4881: -498
4881 - 4882: -1564
4882 - 4883: 53328
4883 - 4884: -4219
4884 - 4885: -3784
4885 - 4886: -2822
4886 - 4887: -3875
4887 - 4888: -3178
4888 - 4889: -1109
4889 - 4890: -580
4890 - 4891: -7484
4891 - 4892: -1897
4892 - 4893: -4993
4893 - 4894: -1212
4894 - 4895: -141
4895 - 4896: -3519
4896 - 4897: -4549
4897 - 4898: 288
4898 - 4899: -2519
4899 - 4900: -4483
4900 - 4901: -3681
4901 - 4902: -2979
4902 - 4903: 4254
4903 - 4904: -4484
4904 - 4905: 12984
4905 - 4906: -5850
4906 - 4907: 56260
4907 - 4908: -3893
4908 - 4909: 7184
4909 - 4910: 5153
4910 - 4911: 1007
4911 - 4912: -1910
4912 - 4913: -887
4913 - 4914: -3340
4914 - 4915: -2793
4915 - 4916: 19892
4916 - 4917: 13223
4917 - 4918: -2474
4918 - 4919: 1685
4919 - 4920: -2621
4920 - 4921: -2812
4921 - 4922: -741
4922 - 4923: 65668
4923 - 4924: -2130
4924 - 4925: -3529
4925 - 4926: -3145
4926 - 4927: 12390
4927 - 4928: 19170
4928 - 4929: 48012
4929 - 4930: 313
4930 - 4931: 22365
4931 - 4932: 9367
4932 - 4933: 5713
4933 - 4934: 5935
4934 - 4935: 251
4935 - 4936: -3250
4936 - 4937: 4212
4937 - 4938: 8633
4938 - 4939: -4187
4939 - 4940: 1316
4940 - 4941: -1583
4941 - 4942: -1154
4942 - 4943: 4854
4943 - 4944: 13387
4944 - 4945: -1454
4945 - 4946: 10722
4946 - 4947: 48779
4947 - 4948: 21196
4948 - 4949: 6819
4949 - 4950: -1078
4950 - 4951: 552
4951 - 4952: -45
4952 - 4953: 35028
4953 - 4954: 2347
4954 - 4955: 5122
4955 - 4956: 44192
4956 - 4957: 10779
4957 - 4958: 13876
4958 - 4959: 66622
4959 - 4960: 25451
4960 - 4961: 14954
4961 - 4962: 11733
4962 - 4963: 78367
4963 - 4964: 50290
4964 - 4965: 7429
4965 - 4966: 42829
4966 - 4967: 6406
4967 - 4968: 4200
4968 - 4969: 2864
4969 - 4970: 11177
4970 - 4971: -2915
4971 - 4972: 4260
4972 - 4973: 62664
4973 - 4974: -5472
4974 - 4975: -1752
4975 - 4976: -959
4976 - 4977: -2210
4977 - 4978: 1502
4978 - 4979: 10930
4979 - 4980: -2079
4980 - 4981: -2833
4981 - 4982: 7157
4982 - 4983: -3069
4983 - 4984: 6512
4984 - 4985: -3263
4985 - 4986: -1793
4986 - 4987: 34825
4987 - 4988: 17091
4988 - 4989: 3909
4989 - 4990: 3682
4990 - 4991: 6211
4991 - 4992: -1025
4992 - 4993: -2659
4993 - 4994: 10083
4994 - 4995: -1914
4995 - 4996: -5135
4996 - 4997: -1214
4997 - 4998: 0
4998 - 4999: 0
4999 - 5000: 0

Timing completed for program using OpenMP with 6 threads and -1556640665 CPUs
Reading in File: 4.207000 nanoseconds
Comparisons of wiki pages: 39.212000 nanoseconds
Overall time: 43.419000 nanoseconds
