0 - 1: 32923
1 - 2: -33872
2 - 3: -36905
3 - 4: -35406
4 - 5: -35603
5 - 6: -35979
6 - 7: -38003
7 - 8: -33135
8 - 9: -38442
9 - 10: -37212
10 - 11: -31835
11 - 12: 13186
12 - 13: -33778
13 - 14: 31472
14 - 15: -39317
15 - 16: 23462
16 - 17: 18916
17 - 18: 33725
18 - 19: 7197
19 - 20: 13519
20 - 21: -29635
21 - 22: -33212
22 - 23: -34680
23 - 24: 27238
24 - 25: -38971
25 - 26: 17946
26 - 27: -33216
27 - 28: -32909
28 - 29: 7333
29 - 30: 19856
30 - 31: -32510
31 - 32: -37646
32 - 33: 7763
33 - 34: -28930
34 - 35: -34819
35 - 36: 11449
36 - 37: -36574
37 - 38: -39085
38 - 39: 21781
39 - 40: -25357
40 - 41: 25551
41 - 42: 30922
42 - 43: 33900
43 - 44: -33945
44 - 45: -33911
45 - 46: -654
46 - 47: -28370
47 - 48: -37862
48 - 49: -35876
49 - 50: -38291
50 - 51: -37577
51 - 52: -34411
52 - 53: -24431
53 - 54: -33948
54 - 55: -36749
55 - 56: -21401
56 - 57: -33758
57 - 58: -33173
58 - 59: -39807
59 - 60: -37924
60 - 61: -1579
61 - 62: -35486
62 - 63: 19366
63 - 64: -36547
64 - 65: -15061
65 - 66: -38117
66 - 67: -36615
67 - 68: -25894
68 - 69: -30138
69 - 70: -35824
70 - 71: -28419
71 - 72: -36362
72 - 73: -36600
73 - 74: -25524
74 - 75: -37236
75 - 76: -37511
76 - 77: -36256
77 - 78: 137
78 - 79: -34241
79 - 80: -24083
80 - 81: -30723
81 - 82: -41974
82 - 83: -36567
83 - 84: -37094
84 - 85: -23866
85 - 86: -33188
86 - 87: -25587
87 - 88: -38171
88 - 89: -36662
89 - 90: -35483
90 - 91: -39005
91 - 92: -1138
92 - 93: -35965
93 - 94: -23237
94 - 95: -35664
95 - 96: -26377
96 - 97: -33522
97 - 98: -30771
98 - 99: -31945
99 - 100: -30114
100 - 101: -38379
101 - 102: -33866
102 - 103: -28712
103 - 104: -29976
104 - 105: -30368
105 - 106: 744
106 - 107: -32903
107 - 108: -32464
108 - 109: -29433
109 - 110: -30931
110 - 111: -29590
111 - 112: -32101
112 - 113: -30031
113 - 114: -28850
114 - 115: -23739
115 - 116: -29443
116 - 117: -30632
117 - 118: 45180
118 - 119: -29238
119 - 120: -30189
120 - 121: -36960
121 - 122: -32591
122 - 123: -35705
123 - 124: -34353
124 - 125: -27745
125 - 126: -29488
126 - 127: -30558
127 - 128: -35183
128 - 129: -32825
129 - 130: -24943
130 - 131: -38715
131 - 132: -26130
132 - 133: -37629
133 - 134: -28412
134 - 135: -33958
135 - 136: 22350
136 - 137: -32177
137 - 138: -20237
138 - 139: -37518
139 - 140: -30415
140 - 141: -35739
141 - 142: -34704
142 - 143: -30182
143 - 144: -31862
144 - 145: -35759
145 - 146: -30841
146 - 147: -34718
147 - 148: -32339
148 - 149: 9765
149 - 150: -30471
150 - 151: -25624
151 - 152: -28440
152 - 153: -30260
153 - 154: -34084
154 - 155: -27900
155 - 156: -37811
156 - 157: -36597
157 - 158: -35782
158 - 159: -27357
159 - 160: -28782
160 - 161: -29944
161 - 162: -27684
162 - 163: -36056
163 - 164: -32761
164 - 165: -33854
165 - 166: -35216
166 - 167: -30532
167 - 168: 15956
168 - 169: -32519
169 - 170: -27244
170 - 171: -30218
171 - 172: -38490
172 - 173: -27120
173 - 174: -31148
174 - 175: -32145
175 - 176: -30161
176 - 177: -30411
177 - 178: -31375
178 - 179: -35917
179 - 180: -30071
180 - 181: -36440
181 - 182: -31650
182 - 183: -34558
183 - 184: -31955
184 - 185: -32842
185 - 186: -30930
186 - 187: -31142
187 - 188: -36648
188 - 189: -28953
189 - 190: -30897
190 - 191: -28360
191 - 192: 5637
192 - 193: -33017
193 - 194: -36762
194 - 195: -25549
195 - 196: -8864
196 - 197: -34794
197 - 198: -23474
198 - 199: -32328
199 - 200: -31990
200 - 201: -29353
201 - 202: -36141
202 - 203: -33931
203 - 204: -34620
204 - 205: -35086
205 - 206: -30572
206 - 207: 164
207 - 208: -34772
208 - 209: -29594
209 - 210: -4088
210 - 211: -28495
211 - 212: -11339
212 - 213: -20216
213 - 214: -24263
214 - 215: -34409
215 - 216: 20546
216 - 217: -36971
217 - 218: -35820
218 - 219: -16576
219 - 220: -36910
220 - 221: -34977
221 - 222: -22314
222 - 223: -35491
223 - 224: -36639
224 - 225: -28170
225 - 226: -33301
226 - 227: -34305
227 - 228: 24640
228 - 229: -35507
229 - 230: -36686
230 - 231: -33600
231 - 232: -32476
232 - 233: -36488
233 - 234: -23824
234 - 235: 22682
235 - 236: -16502
236 - 237: -36479
237 - 238: -27122
238 - 239: -25091
239 - 240: 13114
240 - 241: 9220
241 - 242: -34592
242 - 243: -34704
243 - 244: -31596
244 - 245: -6595
245 - 246: -7987
246 - 247: -9350
247 - 248: -7402
248 - 249: -7330
249 - 250: -7506
250 - 251: -7942
251 - 252: -6994
252 - 253: -9643
253 - 254: -8250
254 - 255: -7990
255 - 256: -7402
256 - 257: -8704
257 - 258: -8341
258 - 259: -35832
259 - 260: 16436
260 - 261: -26496
261 - 262: 31541
262 - 263: -37047
263 - 264: 8384
264 - 265: -36864
265 - 266: -35536
266 - 267: 12155
267 - 268: -32571
268 - 269: -33732
269 - 270: -35561
270 - 271: -31686
271 - 272: -25035
272 - 273: -36221
273 - 274: -12555
274 - 275: -36400
275 - 276: -38019
276 - 277: 22845
277 - 278: -35200
278 - 279: -41097
279 - 280: -28427
280 - 281: -30521
281 - 282: -31385
282 - 283: -29955
283 - 284: -37817
284 - 285: -29449
285 - 286: -34827
286 - 287: -31464
287 - 288: -38377
288 - 289: -29922
289 - 290: -29871
290 - 291: -24828
291 - 292: -33654
292 - 293: -20142
293 - 294: -29737
294 - 295: -32330
295 - 296: -29895
296 - 297: -38203
297 - 298: -39935
298 - 299: -18460
299 - 300: -34434
300 - 301: -35455
301 - 302: 45178
302 - 303: -25912
303 - 304: -31674
304 - 305: -32771
305 - 306: -27515
306 - 307: -35341
307 - 308: -36674
308 - 309: -35773
309 - 310: -35580
310 - 311: -34431
311 - 312: -32688
312 - 313: -37176
313 - 314: -34026
314 - 315: -37736
315 - 316: -28734
316 - 317: -29259
317 - 318: -31870
318 - 319: -35593
319 - 320: -34108
320 - 321: -29549
321 - 322: -31794
322 - 323: -38599
323 - 324: -31269
324 - 325: -35865
325 - 326: -36303
326 - 327: -20058
327 - 328: -29366
328 - 329: -33415
329 - 330: -29165
330 - 331: -32196
331 - 332: -36697
332 - 333: -36659
333 - 334: -39912
334 - 335: -34446
335 - 336: -38276
336 - 337: -38051
337 - 338: -35650
338 - 339: -36319
339 - 340: -26594
340 - 341: 1769
341 - 342: -35398
342 - 343: -29971
343 - 344: -35855
344 - 345: -24590
345 - 346: -35523
346 - 347: -35556
347 - 348: -34161
348 - 349: -39873
349 - 350: -34070
350 - 351: -31125
351 - 352: 3844
352 - 353: -38992
353 - 354: 21570
354 - 355: -35360
355 - 356: -24275
356 - 357: -34306
357 - 358: -32584
358 - 359: -34008
359 - 360: -32579
360 - 361: -36063
361 - 362: -36841
362 - 363: -37993
363 - 364: -39345
364 - 365: -30316
365 - 366: -36717
366 - 367: -36377
367 - 368: -38621
368 - 369: -28940
369 - 370: -38656
370 - 371: -35582
371 - 372: -33963
372 - 373: -26312
373 - 374: -20628
374 - 375: -35705
375 - 376: -35629
376 - 377: -39208
377 - 378: -29841
378 - 379: -32994
379 - 380: -32777
380 - 381: -37011
381 - 382: -36701
382 - 383: -36397
383 - 384: -32858
384 - 385: -36065
385 - 386: -28606
386 - 387: -33742
387 - 388: -33404
388 - 389: -32631
389 - 390: -27553
390 - 391: -27083
391 - 392: -33288
392 - 393: -34252
393 - 394: -20406
394 - 395: -36016
395 - 396: -35280
396 - 397: -25924
397 - 398: -31413
398 - 399: -36645
399 - 400: -34746
400 - 401: -32955
401 - 402: -36776
402 - 403: -33825
403 - 404: -29350
404 - 405: -28282
405 - 406: 10709
406 - 407: -38279
407 - 408: -39695
408 - 409: 7768
409 - 410: -30388
410 - 411: -32798
411 - 412: -38226
412 - 413: -36913
413 - 414: -38823
414 - 415: -37822
415 - 416: 35909
416 - 417: -36972
417 - 418: -25586
418 - 419: -38921
419 - 420: -27485
420 - 421: -30242
421 - 422: -5259
422 - 423: -25371
423 - 424: -32293
424 - 425: -26949
425 - 426: -30583
426 - 427: 29984
427 - 428: -35021
428 - 429: -23408
429 - 430: 25452
430 - 431: -35028
431 - 432: -28676
432 - 433: 27640
433 - 434: -37075
434 - 435: -32410
435 - 436: -36888
436 - 437: -35812
437 - 438: -35920
438 - 439: -35537
439 - 440: -16255
440 - 441: 4494
441 - 442: -34740
442 - 443: 9835
443 - 444: -37018
444 - 445: -39160
445 - 446: -37225
446 - 447: -37908
447 - 448: -40083
448 - 449: -34767
449 - 450: -20809
450 - 451: -36928
451 - 452: -36265
452 - 453: -5586
453 - 454: -36170
454 - 455: -35894
455 - 456: 2706
456 - 457: -36835
457 - 458: -20974
458 - 459: -36124
459 - 460: -36915
460 - 461: -22759
461 - 462: -35518
462 - 463: -36168
463 - 464: -31836
464 - 465: -36737
465 - 466: -27093
466 - 467: -38054
467 - 468: -28184
468 - 469: -37445
469 - 470: -12583
470 - 471: -7121
471 - 472: -34160
472 - 473: -31644
473 - 474: -34659
474 - 475: -21866
475 - 476: 10080
476 - 477: -37402
477 - 478: -36403
478 - 479: -33684
479 - 480: -37976
480 - 481: -36778
481 - 482: -35079
482 - 483: -20554
483 - 484: -35071
484 - 485: -15319
485 - 486: -29897
486 - 487: -32402
487 - 488: -35223
488 - 489: -29025
489 - 490: -17207
490 - 491: -36004
491 - 492: -36091
492 - 493: -27779
493 - 494: -33713
494 - 495: -28332
495 - 496: -35899
496 - 497: -35497
497 - 498: -27708
498 - 499: 786
499 - 500: 0
500 - 501: 95
501 - 502: -4825
502 - 503: -4276
503 - 504: 18062
504 - 505: 15990
505 - 506: 12596
506 - 507: -5646
507 - 508: 10590
508 - 509: -3349
509 - 510: 4262
510 - 511: -2645
511 - 512: 713
512 - 513: 59543
513 - 514: 2445
514 - 515: -1329
515 - 516: 650
516 - 517: -2634
517 - 518: 723
518 - 519: -1233
519 - 520: -757
520 - 521: -3433
521 - 522: -889
522 - 523: -3777
523 - 524: -5174
524 - 525: 6033
525 - 526: -3499
526 - 527: 9279
527 - 528: -879
528 - 529: 733
529 - 530: 104
530 - 531: -927
531 - 532: -1597
532 - 533: 207
533 - 534: 367
534 - 535: 1324
535 - 536: 7874
536 - 537: 1746
537 - 538: -1204
538 - 539: -2161
539 - 540: -952
540 - 541: -114
541 - 542: -2311
542 - 543: -1586
543 - 544: -151
544 - 545: -1713
545 - 546: -1840
546 - 547: -1379
547 - 548: -347
548 - 549: 874
549 - 550: -1921
550 - 551: 226
551 - 552: -372
552 - 553: -317
553 - 554: 8864
554 - 555: 3694
555 - 556: 5879
556 - 557: 4894
557 - 558: -726
558 - 559: 35652
559 - 560: 10939
560 - 561: 11046
561 - 562: 10059
562 - 563: 10754
563 - 564: 4798
564 - 565: -1408
565 - 566: -2110
566 - 567: -3420
567 - 568: -2033
568 - 569: 1001
569 - 570: 17097
570 - 571: 3775
571 - 572: 4874
572 - 573: 14351
573 - 574: -1560
574 - 575: 1053
575 - 576: -81
576 - 577: 1038
577 - 578: -475
578 - 579: -3824
579 - 580: -3522
580 - 581: 63362
581 - 582: 68359
582 - 583: -1376
583 - 584: 5584
584 - 585: -4470
585 - 586: 34649
586 - 587: 1429
587 - 588: 7718
588 - 589: -3301
589 - 590: -5650
590 - 591: -5587
591 - 592: -4161
592 - 593: -2549
593 - 594: -4351
594 - 595: -3924
595 - 596: -3859
596 - 597: -1385
597 - 598: -2945
598 - 599: 2109
599 - 600: -127
600 - 601: 1194
601 - 602: 2647
602 - 603: -1822
603 - 604: -3722
604 - 605: 54199
605 - 606: 14845
606 - 607: 44718
607 - 608: -7291
608 - 609: -2654
609 - 610: 52
610 - 611: 68105
611 - 612: -2820
612 - 613: -912
613 - 614: -1830
614 - 615: -2102
615 - 616: 5694
616 - 617: 161
617 - 618: 10866
618 - 619: 729
619 - 620: 4015
620 - 621: -2227
621 - 622: 2621
622 - 623: 59835
623 - 624: -2628
624 - 625: -796
625 - 626: -3312
626 - 627: 4147
627 - 628: 6747
628 - 629: 13161
629 - 630: -1638
630 - 631: 338
631 - 632: 4159
632 - 633: -2298
633 - 634: -2095
634 - 635: 8308
635 - 636: 67523
636 - 637: -200
637 - 638: 0
638 - 639: -7646
639 - 640: 65822
640 - 641: -6695
641 - 642: 16360
642 - 643: -3369
643 - 644: -865
644 - 645: 8940
645 - 646: 11959
646 - 647: -543
647 - 648: -2197
648 - 649: -3584
649 - 650: -3594
650 - 651: 4099
651 - 652: 11774
652 - 653: 11303
653 - 654: -1201
654 - 655: -1800
655 - 656: -2144
656 - 657: -4752
657 - 658: 366
658 - 659: -2041
659 - 660: -214
660 - 661: 6359
661 - 662: -1783
662 - 663: 65293
663 - 664: 10149
664 - 665: -3402
665 - 666: -643
666 - 667: 6777
667 - 668: -2262
668 - 669: -2863
669 - 670: 1502
670 - 671: -1600
671 - 672: -1100
672 - 673: 5242
673 - 674: -2266
674 - 675: -3493
675 - 676: -477
676 - 677: -2297
677 - 678: -1559
678 - 679: 6603
679 - 680: -2350
680 - 681: 649
681 - 682: -2361
682 - 683: -2837
683 - 684: -2737
684 - 685: -105
685 - 686: 5889
686 - 687: 10538
687 - 688: 2507
688 - 689: 6856
689 - 690: 3112
690 - 691: 6505
691 - 692: 488
692 - 693: -2515
693 - 694: -171
694 - 695: 7998
695 - 696: -2166
696 - 697: 41817
697 - 698: -1383
698 - 699: 1475
699 - 700: -2618
700 - 701: 12831
701 - 702: -1611
702 - 703: 8255
703 - 704: -2959
704 - 705: 4106
705 - 706: -1460
706 - 707: 295
707 - 708: 11990
708 - 709: -1483
709 - 710: -1341
710 - 711: 15926
711 - 712: 16752
712 - 713: -3610
713 - 714: 32746
714 - 715: 18617
715 - 716: 3168
716 - 717: 59928
717 - 718: 3656
718 - 719: 5366
719 - 720: -2344
720 - 721: -3610
721 - 722: 313
722 - 723: 3202
723 - 724: 3472
724 - 725: 519
725 - 726: -1108
726 - 727: 2848
727 - 728: -1963
728 - 729: -46
729 - 730: -794
730 - 731: -1680
731 - 732: 330
732 - 733: 18422
733 - 734: 4301
734 - 735: -1459
735 - 736: 989
736 - 737: 498
737 - 738: -2505
738 - 739: -2707
739 - 740: 13350
740 - 741: 8877
741 - 742: -2462
742 - 743: 3746
743 - 744: -671
744 - 745: 1199
745 - 746: 15505
746 - 747: -3259
747 - 748: 3692
748 - 749: -1593
749 - 750: 3288
750 - 751: 7052
751 - 752: 489
752 - 753: 2010
753 - 754: -446
754 - 755: -240
755 - 756: -1635
756 - 757: 4047
757 - 758: 7964
758 - 759: -3373
759 - 760: 6928
760 - 761: 8682
761 - 762: -2791
762 - 763: -2285
763 - 764: -1636
764 - 765: -4706
765 - 766: -4040
766 - 767: 977
767 - 768: 24820
768 - 769: 4494
769 - 770: -2009
770 - 771: 1461
771 - 772: -4364
772 - 773: -1653
773 - 774: -3268
774 - 775: -3593
775 - 776: -4743
776 - 777: -786
777 - 778: -1656
778 - 779: -2209
779 - 780: -1624
780 - 781: -4465
781 - 782: 50516
782 - 783: -3120
783 - 784: -2327
784 - 785: 8813
785 - 786: 69
786 - 787: 67520
787 - 788: 1853
788 - 789: 1232
789 - 790: -660
790 - 791: 9653
791 - 792: 2824
792 - 793: 539
793 - 794: 114
794 - 795: 1025
795 - 796: 24878
796 - 797: -1738
797 - 798: -2496
798 - 799: 1549
799 - 800: -3837
800 - 801: -3692
801 - 802: 4536
802 - 803: 14525
803 - 804: 7046
804 - 805: 6886
805 - 806: 10207
806 - 807: 65719
807 - 808: -3571
808 - 809: -3171
809 - 810: -1276
810 - 811: -2680
811 - 812: 11024
812 - 813: -3998
813 - 814: 397
814 - 815: -2083
815 - 816: 8667
816 - 817: 894
817 - 818: 210
818 - 819: 4868
819 - 820: 6825
820 - 821: 2954
821 - 822: -1847
822 - 823: -781
823 - 824: 67990
824 - 825: 6790
825 - 826: 2892
826 - 827: 4418
827 - 828: -1954
828 - 829: 50286
829 - 830: 16272
830 - 831: -2805
831 - 832: -1843
832 - 833: 745
833 - 834: 6484
834 - 835: 972
835 - 836: -2111
836 - 837: -1147
837 - 838: 59614
838 - 839: -4913
839 - 840: -1317
840 - 841: -1838
841 - 842: 5059
842 - 843: 1189
843 - 844: 27787
844 - 845: -2741
845 - 846: 310
846 - 847: -4053
847 - 848: -2773
848 - 849: 31286
849 - 850: 36873
850 - 851: 183
851 - 852: -2092
852 - 853: -3222
853 - 854: -2466
854 - 855: -2316
855 - 856: 5277
856 - 857: -252
857 - 858: -2694
858 - 859: -3452
859 - 860: 14193
860 - 861: -600
861 - 862: -1722
862 - 863: -2858
863 - 864: 34422
864 - 865: 12276
865 - 866: -2962
866 - 867: -3517
867 - 868: 27027
868 - 869: -95
869 - 870: 3903
870 - 871: -447
871 - 872: 1856
872 - 873: 5973
873 - 874: -4498
874 - 875: -1432
875 - 876: 786
876 - 877: 4601
877 - 878: 6916
878 - 879: 3103
879 - 880: 62241
880 - 881: 12720
881 - 882: 3561
882 - 883: 9662
883 - 884: -3100
884 - 885: 17317
885 - 886: -1285
886 - 887: -1925
887 - 888: 19279
888 - 889: -2315
889 - 890: -4427
890 - 891: 4044
891 - 892: -7022
892 - 893: 4862
893 - 894: 15
894 - 895: -2535
895 - 896: 7128
896 - 897: 13664
897 - 898: 11902
898 - 899: -2827
899 - 900: -3166
900 - 901: -1710
901 - 902: -7544
902 - 903: -696
903 - 904: 14814
904 - 905: 34546
905 - 906: -2191
906 - 907: 6791
907 - 908: -2192
908 - 909: 19320
909 - 910: -731
910 - 911: 18691
911 - 912: 1795
912 - 913: 1012
913 - 914: -3598
914 - 915: -3410
915 - 916: 3807
916 - 917: 11492
917 - 918: -567
918 - 919: -2949
919 - 920: -2645
920 - 921: -647
921 - 922: -2712
922 - 923: -2184
923 - 924: 352
924 - 925: 5308
925 - 926: 42337
926 - 927: -3158
927 - 928: 8056
928 - 929: 61687
929 - 930: 64936
930 - 931: -2770
931 - 932: -1805
932 - 933: 53991
933 - 934: 20872
934 - 935: 44411
935 - 936: -2211
936 - 937: -2214
937 - 938: -2993
938 - 939: -1384
939 - 940: 1517
940 - 941: 6392
941 - 942: 11634
942 - 943: 4966
943 - 944: 670
944 - 945: 3418
945 - 946: -2537
946 - 947: -1039
947 - 948: 1801
948 - 949: -1955
949 - 950: -1918
950 - 951: 15296
951 - 952: -1401
952 - 953: 9311
953 - 954: 7757
954 - 955: 39894
955 - 956: -919
956 - 957: -1606
957 - 958: -2511
958 - 959: -1892
959 - 960: 56859
960 - 961: 7061
961 - 962: 7604
962 - 963: 6888
963 - 964: -1449
964 - 965: 1247
965 - 966: 41593
966 - 967: -2006
967 - 968: -73
968 - 969: -3000
969 - 970: 3387
970 - 971: -4164
971 - 972: -4543
972 - 973: -4625
973 - 974: -1838
974 - 975: -2933
975 - 976: -3140
976 - 977: 1573
977 - 978: 60073
978 - 979: 29680
979 - 980: 13032
980 - 981: 24146
981 - 982: -5963
982 - 983: -4401
983 - 984: 48651
984 - 985: 62944
985 - 986: -149
986 - 987: 15825
987 - 988: -2592
988 - 989: -4188
989 - 990: 23853
990 - 991: 8692
991 - 992: -94
992 - 993: 946
993 - 994: 3347
994 - 995: 65824
995 - 996: 54800
996 - 997: 14464
997 - 998: -3186
998 - 999: 330
999 - 1000: 0

Timing completed for program using OpenMP with 2 threads and -414991256 CPUs
Reading in File: 6.129000 nanoseconds
Comparisons of wiki pages: 100.476000 nanoseconds
Overall time: 106.605000 nanoseconds
