0 - 1: 32923
1 - 2: -33872
2 - 3: -36905
3 - 4: -35406
4 - 5: -35603
5 - 6: -35979
6 - 7: -38003
7 - 8: -33135
8 - 9: -38442
9 - 10: -37212
10 - 11: -31835
11 - 12: 13186
12 - 13: -33778
13 - 14: 31472
14 - 15: -39317
15 - 16: 23462
16 - 17: 18916
17 - 18: 33725
18 - 19: 7197
19 - 20: 13519
20 - 21: -29635
21 - 22: -33212
22 - 23: -34680
23 - 24: 27238
24 - 25: -38971
25 - 26: 17946
26 - 27: -33216
27 - 28: -32909
28 - 29: 7333
29 - 30: 19856
30 - 31: -32510
31 - 32: -37646
32 - 33: 7763
33 - 34: -28930
34 - 35: -34819
35 - 36: 11449
36 - 37: -36574
37 - 38: -39085
38 - 39: 21781
39 - 40: -25357
40 - 41: 25551
41 - 42: 30922
42 - 43: 33900
43 - 44: -33945
44 - 45: -33911
45 - 46: -654
46 - 47: -28370
47 - 48: -37862
48 - 49: -35876
49 - 50: -38291
50 - 51: -37577
51 - 52: -34411
52 - 53: -24431
53 - 54: -33948
54 - 55: -36749
55 - 56: -21401
56 - 57: -33758
57 - 58: -33173
58 - 59: -39807
59 - 60: -37924
60 - 61: -1579
61 - 62: -35486
62 - 63: 19366
63 - 64: -36547
64 - 65: -15061
65 - 66: -38117
66 - 67: -36615
67 - 68: -25894
68 - 69: -30138
69 - 70: -35824
70 - 71: -28419
71 - 72: -36362
72 - 73: -36600
73 - 74: -25524
74 - 75: -37236
75 - 76: -37511
76 - 77: -36256
77 - 78: 137
78 - 79: -34241
79 - 80: -24083
80 - 81: -30723
81 - 82: -41974
82 - 83: -36567
83 - 84: -37094
84 - 85: -23866
85 - 86: -33188
86 - 87: -25587
87 - 88: -38171
88 - 89: -36662
89 - 90: -35483
90 - 91: -39005
91 - 92: -1138
92 - 93: -35965
93 - 94: -23237
94 - 95: -35664
95 - 96: -26377
96 - 97: -33522
97 - 98: -30771
98 - 99: -31945
99 - 100: -30114
100 - 101: -38379
101 - 102: -33866
102 - 103: -28712
103 - 104: -29976
104 - 105: -30368
105 - 106: 744
106 - 107: -32903
107 - 108: -32464
108 - 109: -29433
109 - 110: -30931
110 - 111: -29590
111 - 112: -32101
112 - 113: -30031
113 - 114: -28850
114 - 115: -23739
115 - 116: -29443
116 - 117: -30632
117 - 118: 45180
118 - 119: -29238
119 - 120: -30189
120 - 121: -36960
121 - 122: -32591
122 - 123: -35705
123 - 124: -34353
124 - 125: -27745
125 - 126: -29488
126 - 127: -30558
127 - 128: -35183
128 - 129: -32825
129 - 130: -24943
130 - 131: -38715
131 - 132: -26130
132 - 133: -37629
133 - 134: -28412
134 - 135: -33958
135 - 136: 22350
136 - 137: -32177
137 - 138: -20237
138 - 139: -37518
139 - 140: -30415
140 - 141: -35739
141 - 142: -34704
142 - 143: -30182
143 - 144: -31862
144 - 145: -35759
145 - 146: -30841
146 - 147: -34718
147 - 148: -32339
148 - 149: 9765
149 - 150: -30471
150 - 151: -25624
151 - 152: -28440
152 - 153: -30260
153 - 154: -34084
154 - 155: -27900
155 - 156: -37811
156 - 157: -36597
157 - 158: -35782
158 - 159: -27357
159 - 160: -28782
160 - 161: -29944
161 - 162: -27684
162 - 163: -36056
163 - 164: -32761
164 - 165: -33854
165 - 166: -35216
166 - 167: -30532
167 - 168: 15956
168 - 169: -32519
169 - 170: -27244
170 - 171: -30218
171 - 172: -38490
172 - 173: -27120
173 - 174: -31148
174 - 175: -32145
175 - 176: -30161
176 - 177: -30411
177 - 178: -31375
178 - 179: -35917
179 - 180: -30071
180 - 181: -36440
181 - 182: -31650
182 - 183: -34558
183 - 184: -31955
184 - 185: -32842
185 - 186: -30930
186 - 187: -31142
187 - 188: -36648
188 - 189: -28953
189 - 190: -30897
190 - 191: -28360
191 - 192: 5637
192 - 193: -33017
193 - 194: -36762
194 - 195: -25549
195 - 196: -8864
196 - 197: -34794
197 - 198: -23474
198 - 199: -32328
199 - 200: -31990
200 - 201: -29353
201 - 202: -36141
202 - 203: -33931
203 - 204: -34620
204 - 205: -35086
205 - 206: -30572
206 - 207: 164
207 - 208: -34772
208 - 209: -29594
209 - 210: -4088
210 - 211: -28495
211 - 212: -11339
212 - 213: -20216
213 - 214: -24263
214 - 215: -34409
215 - 216: 20546
216 - 217: -36971
217 - 218: -35820
218 - 219: -16576
219 - 220: -36910
220 - 221: -34977
221 - 222: -22314
222 - 223: -35491
223 - 224: -36639
224 - 225: -28170
225 - 226: -33301
226 - 227: -34305
227 - 228: 24640
228 - 229: -35507
229 - 230: -36686
230 - 231: -33600
231 - 232: -32476
232 - 233: -36488
233 - 234: -23824
234 - 235: 22682
235 - 236: -16502
236 - 237: -36479
237 - 238: -27122
238 - 239: -25091
239 - 240: 13114
240 - 241: 9220
241 - 242: -34592
242 - 243: -34704
243 - 244: -31596
244 - 245: -6595
245 - 246: -7987
246 - 247: -9350
247 - 248: -7402
248 - 249: -7330
249 - 250: -7506
250 - 251: -7942
251 - 252: -6994
252 - 253: -9643
253 - 254: -8250
254 - 255: -7990
255 - 256: -7402
256 - 257: -8704
257 - 258: -8341
258 - 259: -35832
259 - 260: 16436
260 - 261: -26496
261 - 262: 31541
262 - 263: -37047
263 - 264: 8384
264 - 265: -36864
265 - 266: -35536
266 - 267: 12155
267 - 268: -32571
268 - 269: -33732
269 - 270: -35561
270 - 271: -31686
271 - 272: -25035
272 - 273: -36221
273 - 274: -12555
274 - 275: -36400
275 - 276: -38019
276 - 277: 22845
277 - 278: -35200
278 - 279: -41097
279 - 280: -28427
280 - 281: -30521
281 - 282: -31385
282 - 283: -29955
283 - 284: -37817
284 - 285: -29449
285 - 286: -34827
286 - 287: -31464
287 - 288: -38377
288 - 289: -29922
289 - 290: -29871
290 - 291: -24828
291 - 292: -33654
292 - 293: -20142
293 - 294: -29737
294 - 295: -32330
295 - 296: -29895
296 - 297: -38203
297 - 298: -39935
298 - 299: -18460
299 - 300: -34434
300 - 301: -35455
301 - 302: 45178
302 - 303: -25912
303 - 304: -31674
304 - 305: -32771
305 - 306: -27515
306 - 307: -35341
307 - 308: -36674
308 - 309: -35773
309 - 310: -35580
310 - 311: -34431
311 - 312: -32688
312 - 313: -37176
313 - 314: -34026
314 - 315: -37736
315 - 316: -28734
316 - 317: -29259
317 - 318: -31870
318 - 319: -35593
319 - 320: -34108
320 - 321: -29549
321 - 322: -31794
322 - 323: -38599
323 - 324: -31269
324 - 325: -35865
325 - 326: -36303
326 - 327: -20058
327 - 328: -29366
328 - 329: -33415
329 - 330: -29165
330 - 331: -32196
331 - 332: -36697
332 - 333: -36659
333 - 334: -39912
334 - 335: -34446
335 - 336: -38276
336 - 337: -38051
337 - 338: -35650
338 - 339: -36319
339 - 340: -26594
340 - 341: 1769
341 - 342: -35398
342 - 343: -29971
343 - 344: -35855
344 - 345: -24590
345 - 346: -35523
346 - 347: -35556
347 - 348: -34161
348 - 349: -39873
349 - 350: -34070
350 - 351: -31125
351 - 352: 3844
352 - 353: -38992
353 - 354: 21570
354 - 355: -35360
355 - 356: -24275
356 - 357: -34306
357 - 358: -32584
358 - 359: -34008
359 - 360: -32579
360 - 361: -36063
361 - 362: -36841
362 - 363: -37993
363 - 364: -39345
364 - 365: -30316
365 - 366: -36717
366 - 367: -36377
367 - 368: -38621
368 - 369: -28940
369 - 370: -38656
370 - 371: -35582
371 - 372: -33963
372 - 373: -26312
373 - 374: -20628
374 - 375: -35705
375 - 376: -35629
376 - 377: -39208
377 - 378: -29841
378 - 379: -32994
379 - 380: -32777
380 - 381: -37011
381 - 382: -36701
382 - 383: -36397
383 - 384: -32858
384 - 385: -36065
385 - 386: -28606
386 - 387: -33742
387 - 388: -33404
388 - 389: -32631
389 - 390: -27553
390 - 391: -27083
391 - 392: -33288
392 - 393: -34252
393 - 394: -20406
394 - 395: -36016
395 - 396: -35280
396 - 397: -25924
397 - 398: -31413
398 - 399: -36645
399 - 400: -34746
400 - 401: -32955
401 - 402: -36776
402 - 403: -33825
403 - 404: -29350
404 - 405: -28282
405 - 406: 10709
406 - 407: -38279
407 - 408: -39695
408 - 409: 7768
409 - 410: -30388
410 - 411: -32798
411 - 412: -38226
412 - 413: -36913
413 - 414: -38823
414 - 415: -37822
415 - 416: 35909
416 - 417: -36972
417 - 418: -25586
418 - 419: -38921
419 - 420: -27485
420 - 421: -30242
421 - 422: -5259
422 - 423: -25371
423 - 424: -32293
424 - 425: -26949
425 - 426: -30583
426 - 427: 29984
427 - 428: -35021
428 - 429: -23408
429 - 430: 25452
430 - 431: -35028
431 - 432: -28676
432 - 433: 27640
433 - 434: -37075
434 - 435: -32410
435 - 436: -36888
436 - 437: -35812
437 - 438: -35920
438 - 439: -35537
439 - 440: -16255
440 - 441: 4494
441 - 442: -34740
442 - 443: 9835
443 - 444: -37018
444 - 445: -39160
445 - 446: -37225
446 - 447: -37908
447 - 448: -40083
448 - 449: -34767
449 - 450: -20809
450 - 451: -36928
451 - 452: -36265
452 - 453: -5586
453 - 454: -36170
454 - 455: -35894
455 - 456: 2706
456 - 457: -36835
457 - 458: -20974
458 - 459: -36124
459 - 460: -36915
460 - 461: -22759
461 - 462: -35518
462 - 463: -36168
463 - 464: -31836
464 - 465: -36737
465 - 466: -27093
466 - 467: -38054
467 - 468: -28184
468 - 469: -37445
469 - 470: -12583
470 - 471: -7121
471 - 472: -34160
472 - 473: -31644
473 - 474: -34659
474 - 475: -21866
475 - 476: 10080
476 - 477: -37402
477 - 478: -36403
478 - 479: -33684
479 - 480: -37976
480 - 481: -36778
481 - 482: -35079
482 - 483: -20554
483 - 484: -35071
484 - 485: -15319
485 - 486: -29897
486 - 487: -32402
487 - 488: -35223
488 - 489: -29025
489 - 490: -17207
490 - 491: -36004
491 - 492: -36091
492 - 493: -27779
493 - 494: -33713
494 - 495: -28332
495 - 496: -35899
496 - 497: -35497
497 - 498: -27708
498 - 499: 786
499 - 500: -34337
500 - 501: -34242
501 - 502: -39162
502 - 503: -38613
503 - 504: -16275
504 - 505: -18347
505 - 506: -21741
506 - 507: -39983
507 - 508: -23747
508 - 509: -37686
509 - 510: -30075
510 - 511: -36982
511 - 512: -33624
512 - 513: 25206
513 - 514: -31892
514 - 515: -35666
515 - 516: -33687
516 - 517: -36971
517 - 518: -33614
518 - 519: -35570
519 - 520: -35094
520 - 521: -37770
521 - 522: -35226
522 - 523: -38114
523 - 524: -39511
524 - 525: -28304
525 - 526: -37836
526 - 527: -25058
527 - 528: -35216
528 - 529: -33604
529 - 530: -34233
530 - 531: -35264
531 - 532: -35934
532 - 533: -34130
533 - 534: -33970
534 - 535: -33013
535 - 536: -26463
536 - 537: -32591
537 - 538: -35541
538 - 539: -36498
539 - 540: -35289
540 - 541: -34451
541 - 542: -36648
542 - 543: -35923
543 - 544: -34488
544 - 545: -36050
545 - 546: -36177
546 - 547: -35716
547 - 548: -34684
548 - 549: -33463
549 - 550: -36258
550 - 551: -34111
551 - 552: -34709
552 - 553: -34654
553 - 554: -25473
554 - 555: -30643
555 - 556: -28458
556 - 557: -29443
557 - 558: -35063
558 - 559: 1315
559 - 560: -23398
560 - 561: -23291
561 - 562: -24278
562 - 563: -23583
563 - 564: -29539
564 - 565: -35745
565 - 566: -36447
566 - 567: -37757
567 - 568: -36370
568 - 569: -33336
569 - 570: -17240
570 - 571: -30562
571 - 572: -29463
572 - 573: -19986
573 - 574: -35897
574 - 575: -33284
575 - 576: -34418
576 - 577: -33299
577 - 578: -34812
578 - 579: -38161
579 - 580: -37859
580 - 581: 29025
581 - 582: 34022
582 - 583: -35713
583 - 584: -28753
584 - 585: -38807
585 - 586: 312
586 - 587: -32908
587 - 588: -26619
588 - 589: -37638
589 - 590: -39987
590 - 591: -39924
591 - 592: -38498
592 - 593: -36886
593 - 594: -38688
594 - 595: -38261
595 - 596: -38196
596 - 597: -35722
597 - 598: -37282
598 - 599: -32228
599 - 600: -34464
600 - 601: -33143
601 - 602: -31690
602 - 603: -36159
603 - 604: -38059
604 - 605: 19862
605 - 606: -19492
606 - 607: 10381
607 - 608: -41628
608 - 609: -36991
609 - 610: -34285
610 - 611: 33768
611 - 612: -37157
612 - 613: -35249
613 - 614: -36167
614 - 615: -36439
615 - 616: -28643
616 - 617: -34176
617 - 618: -23471
618 - 619: -33608
619 - 620: -30322
620 - 621: -36564
621 - 622: -31716
622 - 623: 25498
623 - 624: -36965
624 - 625: -35133
625 - 626: -37649
626 - 627: -30190
627 - 628: -27590
628 - 629: -21176
629 - 630: -35975
630 - 631: -33999
631 - 632: -30178
632 - 633: -36635
633 - 634: -36432
634 - 635: -26029
635 - 636: 33186
636 - 637: -34537
637 - 638: -34337
638 - 639: -41983
639 - 640: 31485
640 - 641: -41032
641 - 642: -17977
642 - 643: -37706
643 - 644: -35202
644 - 645: -25397
645 - 646: -22378
646 - 647: -34880
647 - 648: -36534
648 - 649: -37921
649 - 650: -37931
650 - 651: -30238
651 - 652: -22563
652 - 653: -23034
653 - 654: -35538
654 - 655: -36137
655 - 656: -36481
656 - 657: -39089
657 - 658: -33971
658 - 659: -36378
659 - 660: -34551
660 - 661: -27978
661 - 662: -36120
662 - 663: 30956
663 - 664: -24188
664 - 665: -37739
665 - 666: -34980
666 - 667: -27560
667 - 668: -36599
668 - 669: -37200
669 - 670: -32835
670 - 671: -35937
671 - 672: -35437
672 - 673: -29095
673 - 674: -36603
674 - 675: -37830
675 - 676: -34814
676 - 677: -36634
677 - 678: -35896
678 - 679: -27734
679 - 680: -36687
680 - 681: -33688
681 - 682: -36698
682 - 683: -37174
683 - 684: -37074
684 - 685: -34442
685 - 686: -28448
686 - 687: -23799
687 - 688: -31830
688 - 689: -27481
689 - 690: -31225
690 - 691: -27832
691 - 692: -33849
692 - 693: -36852
693 - 694: -34508
694 - 695: -26339
695 - 696: -36503
696 - 697: 7480
697 - 698: -35720
698 - 699: -32862
699 - 700: -36955
700 - 701: -21506
701 - 702: -35948
702 - 703: -26082
703 - 704: -37296
704 - 705: -30231
705 - 706: -35797
706 - 707: -34042
707 - 708: -22347
708 - 709: -35820
709 - 710: -35678
710 - 711: -18411
711 - 712: -17585
712 - 713: -37947
713 - 714: -1591
714 - 715: -15720
715 - 716: -31169
716 - 717: 25591
717 - 718: -30681
718 - 719: -28971
719 - 720: -36681
720 - 721: -37947
721 - 722: -34024
722 - 723: -31135
723 - 724: -30865
724 - 725: -33818
725 - 726: -35445
726 - 727: -31489
727 - 728: -36300
728 - 729: -34383
729 - 730: -35131
730 - 731: -36017
731 - 732: -34007
732 - 733: -15915
733 - 734: -30036
734 - 735: -35796
735 - 736: -33348
736 - 737: -33839
737 - 738: -36842
738 - 739: -37044
739 - 740: -20987
740 - 741: -25460
741 - 742: -36799
742 - 743: -30591
743 - 744: -35008
744 - 745: -33138
745 - 746: -18832
746 - 747: -37596
747 - 748: -30645
748 - 749: -35930
749 - 750: -31049
750 - 751: -27285
751 - 752: -33848
752 - 753: -32327
753 - 754: -34783
754 - 755: -34577
755 - 756: -35972
756 - 757: -30290
757 - 758: -26373
758 - 759: -37710
759 - 760: -27409
760 - 761: -25655
761 - 762: -37128
762 - 763: -36622
763 - 764: -35973
764 - 765: -39043
765 - 766: -38377
766 - 767: -33360
767 - 768: -9517
768 - 769: -29843
769 - 770: -36346
770 - 771: -32876
771 - 772: -38701
772 - 773: -35990
773 - 774: -37605
774 - 775: -37930
775 - 776: -39080
776 - 777: -35123
777 - 778: -35993
778 - 779: -36546
779 - 780: -35961
780 - 781: -38802
781 - 782: 16179
782 - 783: -37457
783 - 784: -36664
784 - 785: -25524
785 - 786: -34268
786 - 787: 33183
787 - 788: -32484
788 - 789: -33105
789 - 790: -34997
790 - 791: -24684
791 - 792: -31513
792 - 793: -33798
793 - 794: -34223
794 - 795: -33312
795 - 796: -9459
796 - 797: -36075
797 - 798: -36833
798 - 799: -32788
799 - 800: -38174
800 - 801: -38029
801 - 802: -29801
802 - 803: -19812
803 - 804: -27291
804 - 805: -27451
805 - 806: -24130
806 - 807: 31382
807 - 808: -37908
808 - 809: -37508
809 - 810: -35613
810 - 811: -37017
811 - 812: -23313
812 - 813: -38335
813 - 814: -33940
814 - 815: -36420
815 - 816: -25670
816 - 817: -33443
817 - 818: -34127
818 - 819: -29469
819 - 820: -27512
820 - 821: -31383
821 - 822: -36184
822 - 823: -35118
823 - 824: 33653
824 - 825: -27547
825 - 826: -31445
826 - 827: -29919
827 - 828: -36291
828 - 829: 15949
829 - 830: -18065
830 - 831: -37142
831 - 832: -36180
832 - 833: -33592
833 - 834: -27853
834 - 835: -33365
835 - 836: -36448
836 - 837: -35484
837 - 838: 25277
838 - 839: -39250
839 - 840: -35654
840 - 841: -36175
841 - 842: -29278
842 - 843: -33148
843 - 844: -6550
844 - 845: -37078
845 - 846: -34027
846 - 847: -38390
847 - 848: -37110
848 - 849: -3051
849 - 850: 2536
850 - 851: -34154
851 - 852: -36429
852 - 853: -37559
853 - 854: -36803
854 - 855: -36653
855 - 856: -29060
856 - 857: -34589
857 - 858: -37031
858 - 859: -37789
859 - 860: -20144
860 - 861: -34937
861 - 862: -36059
862 - 863: -37195
863 - 864: 85
864 - 865: -22061
865 - 866: -37299
866 - 867: -37854
867 - 868: -7310
868 - 869: -34432
869 - 870: -30434
870 - 871: -34784
871 - 872: -32481
872 - 873: -28364
873 - 874: -38835
874 - 875: -35769
875 - 876: -33551
876 - 877: -29736
877 - 878: -27421
878 - 879: -31234
879 - 880: 27904
880 - 881: -21617
881 - 882: -30776
882 - 883: -24675
883 - 884: -37437
884 - 885: -17020
885 - 886: -35622
886 - 887: -36262
887 - 888: -15058
888 - 889: -36652
889 - 890: -38764
890 - 891: -30293
891 - 892: -41359
892 - 893: -29475
893 - 894: -34322
894 - 895: -36872
895 - 896: -27209
896 - 897: -20673
897 - 898: -22435
898 - 899: -37164
899 - 900: -37503
900 - 901: -36047
901 - 902: -41881
902 - 903: -35033
903 - 904: -19523
904 - 905: 209
905 - 906: -36528
906 - 907: -27546
907 - 908: -36529
908 - 909: -15017
909 - 910: -35068
910 - 911: -15646
911 - 912: -32542
912 - 913: -33325
913 - 914: -37935
914 - 915: -37747
915 - 916: -30530
916 - 917: -22845
917 - 918: -34904
918 - 919: -37286
919 - 920: -36982
920 - 921: -34984
921 - 922: -37049
922 - 923: -36521
923 - 924: -33985
924 - 925: -29029
925 - 926: 8000
926 - 927: -37495
927 - 928: -26281
928 - 929: 27350
929 - 930: 30599
930 - 931: -37107
931 - 932: -36142
932 - 933: 19654
933 - 934: -13465
934 - 935: 10074
935 - 936: -36548
936 - 937: -36551
937 - 938: -37330
938 - 939: -35721
939 - 940: -32820
940 - 941: -27945
941 - 942: -22703
942 - 943: -29371
943 - 944: -33667
944 - 945: -30919
945 - 946: -36874
946 - 947: -35376
947 - 948: -32536
948 - 949: -36292
949 - 950: -36255
950 - 951: -19041
951 - 952: -35738
952 - 953: -25026
953 - 954: -26580
954 - 955: 5557
955 - 956: -35256
956 - 957: -35943
957 - 958: -36848
958 - 959: -36229
959 - 960: 22522
960 - 961: -27276
961 - 962: -26733
962 - 963: -27449
963 - 964: -35786
964 - 965: -33090
965 - 966: 7256
966 - 967: -36343
967 - 968: -34410
968 - 969: -37337
969 - 970: -30950
970 - 971: -38501
971 - 972: -38880
972 - 973: -38962
973 - 974: -36175
974 - 975: -37270
975 - 976: -37477
976 - 977: -32764
977 - 978: 25736
978 - 979: -4657
979 - 980: -21305
980 - 981: -10191
981 - 982: -40300
982 - 983: -38738
983 - 984: 14314
984 - 985: 28607
985 - 986: -34486
986 - 987: -18512
987 - 988: -36929
988 - 989: -38525
989 - 990: -10484
990 - 991: -25645
991 - 992: -34431
992 - 993: -33391
993 - 994: -30990
994 - 995: 31487
995 - 996: 20463
996 - 997: -19873
997 - 998: -37523
998 - 999: -34007
999 - 1000: -28172
1000 - 1001: -34267
1001 - 1002: -32167
1002 - 1003: -27059
1003 - 1004: -35823
1004 - 1005: -31320
1005 - 1006: -37920
1006 - 1007: -34791
1007 - 1008: -22356
1008 - 1009: -36609
1009 - 1010: -33196
1010 - 1011: -23345
1011 - 1012: -21078
1012 - 1013: -33251
1013 - 1014: -29836
1014 - 1015: -5027
1015 - 1016: 20882
1016 - 1017: -30724
1017 - 1018: -19579
1018 - 1019: -36791
1019 - 1020: 922
1020 - 1021: -36460
1021 - 1022: -37219
1022 - 1023: -35471
1023 - 1024: -28484
1024 - 1025: -38149
1025 - 1026: -27827
1026 - 1027: -23711
1027 - 1028: -25170
1028 - 1029: -33734
1029 - 1030: -22726
1030 - 1031: -41196
1031 - 1032: -35973
1032 - 1033: -34838
1033 - 1034: -33564
1034 - 1035: -38330
1035 - 1036: -32759
1036 - 1037: -33164
1037 - 1038: -25811
1038 - 1039: -33927
1039 - 1040: 1473
1040 - 1041: -35060
1041 - 1042: -19860
1042 - 1043: -21713
1043 - 1044: -17861
1044 - 1045: -35803
1045 - 1046: -37507
1046 - 1047: -36892
1047 - 1048: 8170
1048 - 1049: -30979
1049 - 1050: -23539
1050 - 1051: -36693
1051 - 1052: 8953
1052 - 1053: -38901
1053 - 1054: -35392
1054 - 1055: -21203
1055 - 1056: -37264
1056 - 1057: -40589
1057 - 1058: -39850
1058 - 1059: -36678
1059 - 1060: -30461
1060 - 1061: -39129
1061 - 1062: -37308
1062 - 1063: -35683
1063 - 1064: -38382
1064 - 1065: -37245
1065 - 1066: -36642
1066 - 1067: -36746
1067 - 1068: -35880
1068 - 1069: -36246
1069 - 1070: -38386
1070 - 1071: -39065
1071 - 1072: -33864
1072 - 1073: -31343
1073 - 1074: -27389
1074 - 1075: -38298
1075 - 1076: -39589
1076 - 1077: -36836
1077 - 1078: -35224
1078 - 1079: -37580
1079 - 1080: -29301
1080 - 1081: -38300
1081 - 1082: -36070
1082 - 1083: -37458
1083 - 1084: -39452
1084 - 1085: -40310
1085 - 1086: -38409
1086 - 1087: -39337
1087 - 1088: -38393
1088 - 1089: -37874
1089 - 1090: -38718
1090 - 1091: -36944
1091 - 1092: -38544
1092 - 1093: -37217
1093 - 1094: -30775
1094 - 1095: -30017
1095 - 1096: -17645
1096 - 1097: -36285
1097 - 1098: -37066
1098 - 1099: -36560
1099 - 1100: -37637
1100 - 1101: -26894
1101 - 1102: 28637
1102 - 1103: -31395
1103 - 1104: -35854
1104 - 1105: 8413
1105 - 1106: -23696
1106 - 1107: -38609
1107 - 1108: -30802
1108 - 1109: -37086
1109 - 1110: -16586
1110 - 1111: -30153
1111 - 1112: -34822
1112 - 1113: -36928
1113 - 1114: -34682
1114 - 1115: -25782
1115 - 1116: -22747
1116 - 1117: -34446
1117 - 1118: -28669
1118 - 1119: -26911
1119 - 1120: 7308
1120 - 1121: -34847
1121 - 1122: -26564
1122 - 1123: -35741
1123 - 1124: -25959
1124 - 1125: 33499
1125 - 1126: -20677
1126 - 1127: -26946
1127 - 1128: -35273
1128 - 1129: -22589
1129 - 1130: -35023
1130 - 1131: -31962
1131 - 1132: -30014
1132 - 1133: -30278
1133 - 1134: -30162
1134 - 1135: -29082
1135 - 1136: -29061
1136 - 1137: -29567
1137 - 1138: -37080
1138 - 1139: -32990
1139 - 1140: -37403
1140 - 1141: -34589
1141 - 1142: -31656
1142 - 1143: -24852
1143 - 1144: -41451
1144 - 1145: -41196
1145 - 1146: -25306
1146 - 1147: -23075
1147 - 1148: -23533
1148 - 1149: -32050
1149 - 1150: -21737
1150 - 1151: -25350
1151 - 1152: -36307
1152 - 1153: -37223
1153 - 1154: -32869
1154 - 1155: -37298
1155 - 1156: -2927
1156 - 1157: -37371
1157 - 1158: -36325
1158 - 1159: -36796
1159 - 1160: 7480
1160 - 1161: -36333
1161 - 1162: -38064
1162 - 1163: -31919
1163 - 1164: -25800
1164 - 1165: -36706
1165 - 1166: -33527
1166 - 1167: -38381
1167 - 1168: -25722
1168 - 1169: -20954
1169 - 1170: -27184
1170 - 1171: 3711
1171 - 1172: -38501
1172 - 1173: -40981
1173 - 1174: -34597
1174 - 1175: -34069
1175 - 1176: -32981
1176 - 1177: -25379
1177 - 1178: -29887
1178 - 1179: -35017
1179 - 1180: 9523
1180 - 1181: -31412
1181 - 1182: -36639
1182 - 1183: -36078
1183 - 1184: -30651
1184 - 1185: -33853
1185 - 1186: -30570
1186 - 1187: -30654
1187 - 1188: -34997
1188 - 1189: -27385
1189 - 1190: 35474
1190 - 1191: -33227
1191 - 1192: -27323
1192 - 1193: -22674
1193 - 1194: -21149
1194 - 1195: -35966
1195 - 1196: -34298
1196 - 1197: -27390
1197 - 1198: -37710
1198 - 1199: -32372
1199 - 1200: -35188
1200 - 1201: -36261
1201 - 1202: 7515
1202 - 1203: 20307
1203 - 1204: -32980
1204 - 1205: -37799
1205 - 1206: -36714
1206 - 1207: -36385
1207 - 1208: -27644
1208 - 1209: -32241
1209 - 1210: -33879
1210 - 1211: -37147
1211 - 1212: -35302
1212 - 1213: 7596
1213 - 1214: -35413
1214 - 1215: -44442
1215 - 1216: -30645
1216 - 1217: -32071
1217 - 1218: -38528
1218 - 1219: -33868
1219 - 1220: -39279
1220 - 1221: -32941
1221 - 1222: -36092
1222 - 1223: -19456
1223 - 1224: -2812
1224 - 1225: -27305
1225 - 1226: 33128
1226 - 1227: -38309
1227 - 1228: -25670
1228 - 1229: -31449
1229 - 1230: 569
1230 - 1231: -25476
1231 - 1232: -32164
1232 - 1233: -23556
1233 - 1234: -24461
1234 - 1235: -26558
1235 - 1236: -32002
1236 - 1237: -35128
1237 - 1238: -36938
1238 - 1239: -33793
1239 - 1240: 2833
1240 - 1241: -34226
1241 - 1242: 2899
1242 - 1243: -33763
1243 - 1244: -24879
1244 - 1245: -24047
1245 - 1246: -36416
1246 - 1247: -22212
1247 - 1248: -35266
1248 - 1249: -28828
1249 - 1250: -35273
1250 - 1251: -36061
1251 - 1252: -32037
1252 - 1253: -37660
1253 - 1254: -35711
1254 - 1255: -29496
1255 - 1256: -32073
1256 - 1257: -35483
1257 - 1258: -26749
1258 - 1259: -32673
1259 - 1260: -34791
1260 - 1261: 33611
1261 - 1262: -31341
1262 - 1263: -37154
1263 - 1264: -35488
1264 - 1265: -21279
1265 - 1266: -35244
1266 - 1267: -32141
1267 - 1268: -34173
1268 - 1269: -2427
1269 - 1270: -36659
1270 - 1271: -35939
1271 - 1272: -37387
1272 - 1273: -37706
1273 - 1274: -39896
1274 - 1275: -33231
1275 - 1276: -32066
1276 - 1277: -28799
1277 - 1278: -35695
1278 - 1279: -30647
1279 - 1280: -37243
1280 - 1281: -38615
1281 - 1282: -31138
1282 - 1283: -21821
1283 - 1284: -40941
1284 - 1285: -26172
1285 - 1286: -29927
1286 - 1287: -40215
1287 - 1288: -20477
1288 - 1289: -43372
1289 - 1290: 25404
1290 - 1291: -30343
1291 - 1292: -35301
1292 - 1293: -39405
1293 - 1294: -30253
1294 - 1295: -34039
1295 - 1296: -33911
1296 - 1297: -25362
1297 - 1298: -35836
1298 - 1299: -33114
1299 - 1300: 13504
1300 - 1301: -23738
1301 - 1302: -34238
1302 - 1303: -37794
1303 - 1304: -37042
1304 - 1305: -37560
1305 - 1306: -34937
1306 - 1307: -34637
1307 - 1308: -31389
1308 - 1309: -35202
1309 - 1310: -32029
1310 - 1311: 28107
1311 - 1312: -32617
1312 - 1313: -27457
1313 - 1314: -36062
1314 - 1315: -38766
1315 - 1316: -37549
1316 - 1317: -35972
1317 - 1318: -35116
1318 - 1319: -28198
1319 - 1320: -29330
1320 - 1321: -34187
1321 - 1322: -11731
1322 - 1323: -32866
1323 - 1324: -36015
1324 - 1325: -37184
1325 - 1326: -35874
1326 - 1327: 32573
1327 - 1328: -30532
1328 - 1329: -35170
1329 - 1330: -34940
1330 - 1331: -34358
1331 - 1332: -29983
1332 - 1333: -32395
1333 - 1334: -36887
1334 - 1335: -35179
1335 - 1336: -34804
1336 - 1337: -33345
1337 - 1338: -31301
1338 - 1339: -38118
1339 - 1340: -34002
1340 - 1341: -33889
1341 - 1342: -34331
1342 - 1343: -38375
1343 - 1344: -36603
1344 - 1345: -13779
1345 - 1346: -34483
1346 - 1347: -29570
1347 - 1348: -16663
1348 - 1349: -36805
1349 - 1350: -40311
1350 - 1351: -29995
1351 - 1352: -35672
1352 - 1353: -34406
1353 - 1354: -32778
1354 - 1355: -36259
1355 - 1356: -35266
1356 - 1357: -33653
1357 - 1358: -22053
1358 - 1359: -37690
1359 - 1360: 30779
1360 - 1361: -25900
1361 - 1362: -36957
1362 - 1363: -35427
1363 - 1364: -34544
1364 - 1365: -28698
1365 - 1366: -17393
1366 - 1367: -35691
1367 - 1368: -28450
1368 - 1369: -42681
1369 - 1370: -37988
1370 - 1371: -38051
1371 - 1372: 26324
1372 - 1373: -39439
1373 - 1374: -36200
1374 - 1375: -20563
1375 - 1376: -30553
1376 - 1377: -29728
1377 - 1378: -33980
1378 - 1379: -37512
1379 - 1380: -36709
1380 - 1381: -38597
1381 - 1382: -33426
1382 - 1383: -26910
1383 - 1384: 11666
1384 - 1385: -36733
1385 - 1386: -26865
1386 - 1387: -37676
1387 - 1388: -37487
1388 - 1389: -38428
1389 - 1390: -35807
1390 - 1391: -35792
1391 - 1392: -9994
1392 - 1393: -37048
1393 - 1394: 31279
1394 - 1395: -36102
1395 - 1396: -32265
1396 - 1397: -30449
1397 - 1398: -37116
1398 - 1399: -37230
1399 - 1400: -35825
1400 - 1401: 47787
1401 - 1402: -37801
1402 - 1403: -26873
1403 - 1404: -37739
1404 - 1405: -32319
1405 - 1406: -31221
1406 - 1407: -37572
1407 - 1408: -22459
1408 - 1409: -30388
1409 - 1410: -36574
1410 - 1411: -24911
1411 - 1412: -27228
1412 - 1413: -34806
1413 - 1414: -5715
1414 - 1415: -29739
1415 - 1416: -24055
1416 - 1417: 17034
1417 - 1418: -37293
1418 - 1419: -38574
1419 - 1420: -26899
1420 - 1421: -31286
1421 - 1422: -27211
1422 - 1423: -31262
1423 - 1424: -27704
1424 - 1425: -37181
1425 - 1426: -36024
1426 - 1427: 6427
1427 - 1428: -32687
1428 - 1429: -33238
1429 - 1430: -25148
1430 - 1431: -23766
1431 - 1432: -31077
1432 - 1433: -26153
1433 - 1434: -32110
1434 - 1435: 13515
1435 - 1436: -31196
1436 - 1437: -36359
1437 - 1438: -27671
1438 - 1439: 9516
1439 - 1440: -33589
1440 - 1441: -31543
1441 - 1442: -28907
1442 - 1443: -26935
1443 - 1444: -31416
1444 - 1445: -35865
1445 - 1446: -24508
1446 - 1447: -30994
1447 - 1448: -20695
1448 - 1449: -25531
1449 - 1450: -39464
1450 - 1451: -36295
1451 - 1452: -19858
1452 - 1453: -6790
1453 - 1454: -17705
1454 - 1455: -37583
1455 - 1456: -33058
1456 - 1457: 31811
1457 - 1458: -34704
1458 - 1459: -37690
1459 - 1460: -36369
1460 - 1461: -32259
1461 - 1462: -29422
1462 - 1463: -18858
1463 - 1464: -35978
1464 - 1465: -24722
1465 - 1466: -36907
1466 - 1467: -16090
1467 - 1468: -34938
1468 - 1469: -35618
1469 - 1470: -34837
1470 - 1471: -33247
1471 - 1472: -29557
1472 - 1473: -19771
1473 - 1474: -25889
1474 - 1475: -36471
1475 - 1476: -26167
1476 - 1477: -22340
1477 - 1478: -20927
1478 - 1479: -36030
1479 - 1480: -35133
1480 - 1481: -32740
1481 - 1482: -30062
1482 - 1483: -30832
1483 - 1484: -31068
1484 - 1485: -29302
1485 - 1486: -35331
1486 - 1487: -32394
1487 - 1488: 25044
1488 - 1489: -24000
1489 - 1490: -27830
1490 - 1491: -16223
1491 - 1492: -38078
1492 - 1493: -28252
1493 - 1494: -35493
1494 - 1495: -37169
1495 - 1496: -34079
1496 - 1497: -34319
1497 - 1498: -34653
1498 - 1499: -32736
1499 - 1500: -27665
1500 - 1501: -33445
1501 - 1502: -34676
1502 - 1503: -29638
1503 - 1504: -35575
1504 - 1505: -37069
1505 - 1506: -38248
1506 - 1507: -35710
1507 - 1508: -35793
1508 - 1509: -33991
1509 - 1510: -29132
1510 - 1511: -39562
1511 - 1512: -32112
1512 - 1513: -35371
1513 - 1514: -36863
1514 - 1515: -37290
1515 - 1516: -28655
1516 - 1517: -35736
1517 - 1518: -20389
1518 - 1519: -36783
1519 - 1520: -37561
1520 - 1521: -32895
1521 - 1522: 29524
1522 - 1523: -1661
1523 - 1524: -29866
1524 - 1525: -34136
1525 - 1526: -33437
1526 - 1527: -38738
1527 - 1528: -29414
1528 - 1529: -24961
1529 - 1530: -36596
1530 - 1531: -35686
1531 - 1532: -34595
1532 - 1533: -31418
1533 - 1534: -20571
1534 - 1535: -29346
1535 - 1536: -22453
1536 - 1537: -26641
1537 - 1538: -35848
1538 - 1539: -35993
1539 - 1540: -36724
1540 - 1541: -24835
1541 - 1542: -24163
1542 - 1543: -36537
1543 - 1544: -30127
1544 - 1545: -33440
1545 - 1546: -29976
1546 - 1547: -33446
1547 - 1548: -22163
1548 - 1549: -26735
1549 - 1550: -34038
1550 - 1551: -20429
1551 - 1552: -37466
1552 - 1553: -31188
1553 - 1554: -38386
1554 - 1555: -34756
1555 - 1556: -33382
1556 - 1557: -23175
1557 - 1558: -33093
1558 - 1559: 1770
1559 - 1560: -36134
1560 - 1561: -37817
1561 - 1562: -36327
1562 - 1563: -36438
1563 - 1564: -25628
1564 - 1565: -32964
1565 - 1566: -34927
1566 - 1567: -27302
1567 - 1568: -37220
1568 - 1569: -8285
1569 - 1570: -17673
1570 - 1571: -22872
1571 - 1572: -24051
1572 - 1573: -31966
1573 - 1574: -38736
1574 - 1575: -34617
1575 - 1576: -30718
1576 - 1577: -1801
1577 - 1578: -37136
1578 - 1579: -37520
1579 - 1580: -30926
1580 - 1581: -21159
1581 - 1582: -30123
1582 - 1583: -36370
1583 - 1584: -28647
1584 - 1585: -35478
1585 - 1586: -29284
1586 - 1587: -38080
1587 - 1588: -36384
1588 - 1589: -20145
1589 - 1590: -34118
1590 - 1591: -31299
1591 - 1592: -37199
1592 - 1593: -38255
1593 - 1594: -30272
1594 - 1595: -29507
1595 - 1596: -34124
1596 - 1597: -36894
1597 - 1598: -35966
1598 - 1599: -33449
1599 - 1600: -34602
1600 - 1601: -30566
1601 - 1602: -35242
1602 - 1603: -42177
1603 - 1604: -28605
1604 - 1605: -37069
1605 - 1606: -30062
1606 - 1607: -19061
1607 - 1608: -37381
1608 - 1609: -17449
1609 - 1610: 26570
1610 - 1611: -15859
1611 - 1612: -19696
1612 - 1613: -22123
1613 - 1614: -36678
1614 - 1615: -36594
1615 - 1616: -34089
1616 - 1617: -39372
1617 - 1618: -15200
1618 - 1619: -36614
1619 - 1620: -34550
1620 - 1621: -33448
1621 - 1622: -36360
1622 - 1623: 2263
1623 - 1624: -36626
1624 - 1625: -32912
1625 - 1626: -35655
1626 - 1627: 17246
1627 - 1628: -36381
1628 - 1629: -29642
1629 - 1630: -40372
1630 - 1631: -37440
1631 - 1632: -34924
1632 - 1633: -27273
1633 - 1634: -34937
1634 - 1635: -35421
1635 - 1636: -34746
1636 - 1637: -25724
1637 - 1638: -36746
1638 - 1639: -27676
1639 - 1640: -27766
1640 - 1641: -31763
1641 - 1642: -16551
1642 - 1643: -34122
1643 - 1644: -25565
1644 - 1645: -35859
1645 - 1646: -19518
1646 - 1647: -37390
1647 - 1648: -34989
1648 - 1649: -35231
1649 - 1650: -14700
1650 - 1651: -21322
1651 - 1652: -33585
1652 - 1653: -30403
1653 - 1654: -37104
1654 - 1655: -38199
1655 - 1656: -34440
1656 - 1657: -25523
1657 - 1658: -12820
1658 - 1659: 6677
1659 - 1660: -32921
1660 - 1661: -36081
1661 - 1662: -31181
1662 - 1663: -33673
1663 - 1664: -32407
1664 - 1665: -28699
1665 - 1666: -37190
1666 - 1667: -36343
1667 - 1668: -34569
1668 - 1669: -31547
1669 - 1670: -28638
1670 - 1671: -31056
1671 - 1672: -29530
1672 - 1673: -30211
1673 - 1674: -36440
1674 - 1675: -27783
1675 - 1676: -33232
1676 - 1677: -28858
1677 - 1678: 9616
1678 - 1679: -36444
1679 - 1680: -33695
1680 - 1681: -37702
1681 - 1682: -33848
1682 - 1683: -31486
1683 - 1684: -33956
1684 - 1685: -34060
1685 - 1686: -35572
1686 - 1687: -29239
1687 - 1688: -32473
1688 - 1689: -35682
1689 - 1690: -26903
1690 - 1691: -37658
1691 - 1692: -28816
1692 - 1693: -37865
1693 - 1694: -36553
1694 - 1695: -26606
1695 - 1696: -26106
1696 - 1697: -19361
1697 - 1698: -33228
1698 - 1699: -31585
1699 - 1700: -36296
1700 - 1701: -32287
1701 - 1702: -36340
1702 - 1703: -36836
1703 - 1704: -10273
1704 - 1705: -30107
1705 - 1706: -39125
1706 - 1707: -19812
1707 - 1708: -28509
1708 - 1709: -34015
1709 - 1710: -34732
1710 - 1711: -29187
1711 - 1712: -34971
1712 - 1713: -35450
1713 - 1714: -36148
1714 - 1715: -18739
1715 - 1716: -33245
1716 - 1717: -26689
1717 - 1718: -27870
1718 - 1719: -30574
1719 - 1720: -36801
1720 - 1721: -36746
1721 - 1722: -23501
1722 - 1723: -35584
1723 - 1724: -35339
1724 - 1725: -38355
1725 - 1726: -36269
1726 - 1727: -37077
1727 - 1728: -29940
1728 - 1729: -35333
1729 - 1730: -21270
1730 - 1731: -34193
1731 - 1732: -34886
1732 - 1733: -33959
1733 - 1734: -33398
1734 - 1735: -30463
1735 - 1736: -29865
1736 - 1737: -25588
1737 - 1738: -29941
1738 - 1739: -37179
1739 - 1740: -31108
1740 - 1741: 14017
1741 - 1742: -30878
1742 - 1743: -25634
1743 - 1744: -32031
1744 - 1745: -15845
1745 - 1746: -28284
1746 - 1747: -37171
1747 - 1748: -29465
1748 - 1749: -25863
1749 - 1750: -25913
1750 - 1751: -26672
1751 - 1752: -34306
1752 - 1753: -29658
1753 - 1754: -30807
1754 - 1755: -30805
1755 - 1756: -32068
1756 - 1757: -38348
1757 - 1758: -36426
1758 - 1759: -39086
1759 - 1760: -33621
1760 - 1761: -24862
1761 - 1762: -36758
1762 - 1763: -36013
1763 - 1764: -36822
1764 - 1765: -35674
1765 - 1766: -37831
1766 - 1767: -29931
1767 - 1768: -35435
1768 - 1769: -31227
1769 - 1770: -35369
1770 - 1771: -24212
1771 - 1772: -33379
1772 - 1773: -15742
1773 - 1774: -34611
1774 - 1775: -35959
1775 - 1776: -34939
1776 - 1777: -38121
1777 - 1778: -33712
1778 - 1779: -22346
1779 - 1780: -32142
1780 - 1781: -35050
1781 - 1782: -36399
1782 - 1783: 12352
1783 - 1784: -36321
1784 - 1785: -35967
1785 - 1786: -32150
1786 - 1787: -12455
1787 - 1788: -38816
1788 - 1789: 23432
1789 - 1790: -39115
1790 - 1791: 9595
1791 - 1792: -29955
1792 - 1793: -23847
1793 - 1794: -27360
1794 - 1795: -26583
1795 - 1796: -26308
1796 - 1797: -38036
1797 - 1798: -36095
1798 - 1799: -36479
1799 - 1800: -35332
1800 - 1801: -28716
1801 - 1802: -38233
1802 - 1803: -36477
1803 - 1804: -38087
1804 - 1805: -35939
1805 - 1806: -30224
1806 - 1807: -35776
1807 - 1808: -24402
1808 - 1809: -32089
1809 - 1810: -25169
1810 - 1811: 2803
1811 - 1812: -36863
1812 - 1813: -37336
1813 - 1814: -38440
1814 - 1815: -29649
1815 - 1816: -36132
1816 - 1817: 11830
1817 - 1818: -36109
1818 - 1819: -33266
1819 - 1820: -33136
1820 - 1821: -33543
1821 - 1822: -38333
1822 - 1823: -36333
1823 - 1824: -39020
1824 - 1825: -37549
1825 - 1826: -29003
1826 - 1827: -34628
1827 - 1828: -35254
1828 - 1829: 5649
1829 - 1830: 16952
1830 - 1831: -20366
1831 - 1832: -36276
1832 - 1833: -35718
1833 - 1834: 18384
1834 - 1835: -28660
1835 - 1836: -30105
1836 - 1837: -30609
1837 - 1838: -33002
1838 - 1839: -31981
1839 - 1840: -32159
1840 - 1841: -34338
1841 - 1842: -34209
1842 - 1843: -33785
1843 - 1844: -35577
1844 - 1845: -42458
1845 - 1846: -33679
1846 - 1847: -31984
1847 - 1848: -26174
1848 - 1849: -34851
1849 - 1850: -36306
1850 - 1851: -30718
1851 - 1852: -29935
1852 - 1853: -36304
1853 - 1854: -33809
1854 - 1855: -35007
1855 - 1856: -36658
1856 - 1857: -33594
1857 - 1858: -36959
1858 - 1859: -28923
1859 - 1860: -18413
1860 - 1861: -23671
1861 - 1862: -37800
1862 - 1863: -21054
1863 - 1864: -28207
1864 - 1865: -32591
1865 - 1866: -28704
1866 - 1867: -33602
1867 - 1868: 15257
1868 - 1869: -37016
1869 - 1870: -39095
1870 - 1871: -34846
1871 - 1872: -31385
1872 - 1873: -34588
1873 - 1874: 8643
1874 - 1875: -36160
1875 - 1876: -35480
1876 - 1877: -31260
1877 - 1878: -39452
1878 - 1879: -32715
1879 - 1880: -39960
1880 - 1881: -27661
1881 - 1882: -34868
1882 - 1883: -30573
1883 - 1884: -1624
1884 - 1885: -33071
1885 - 1886: -39325
1886 - 1887: -38513
1887 - 1888: -7207
1888 - 1889: -32262
1889 - 1890: -30640
1890 - 1891: -35680
1891 - 1892: -34102
1892 - 1893: -9428
1893 - 1894: -22118
1894 - 1895: -31717
1895 - 1896: -32555
1896 - 1897: -37728
1897 - 1898: -30835
1898 - 1899: 7965
1899 - 1900: -26048
1900 - 1901: -23829
1901 - 1902: -35281
1902 - 1903: -36541
1903 - 1904: -29646
1904 - 1905: -32905
1905 - 1906: -31073
1906 - 1907: -37026
1907 - 1908: -36143
1908 - 1909: -31145
1909 - 1910: -27986
1910 - 1911: -39848
1911 - 1912: -39000
1912 - 1913: -36874
1913 - 1914: -32029
1914 - 1915: -35125
1915 - 1916: -37294
1916 - 1917: -33477
1917 - 1918: -22453
1918 - 1919: -27865
1919 - 1920: 9032
1920 - 1921: -29669
1921 - 1922: -34163
1922 - 1923: -30464
1923 - 1924: -26893
1924 - 1925: -25656
1925 - 1926: 25275
1926 - 1927: -33911
1927 - 1928: -23795
1928 - 1929: -27667
1929 - 1930: -35978
1930 - 1931: -23394
1931 - 1932: -34229
1932 - 1933: -35807
1933 - 1934: -35810
1934 - 1935: -37603
1935 - 1936: -40412
1936 - 1937: -27413
1937 - 1938: -28181
1938 - 1939: -32910
1939 - 1940: -34597
1940 - 1941: -29201
1941 - 1942: -36931
1942 - 1943: -37051
1943 - 1944: -33008
1944 - 1945: -34358
1945 - 1946: -34238
1946 - 1947: -36063
1947 - 1948: -36541
1948 - 1949: -28480
1949 - 1950: -36828
1950 - 1951: -29583
1951 - 1952: -30546
1952 - 1953: -27578
1953 - 1954: -35860
1954 - 1955: -30192
1955 - 1956: -24922
1956 - 1957: -34246
1957 - 1958: -33265
1958 - 1959: -29770
1959 - 1960: -21038
1960 - 1961: -34203
1961 - 1962: -33459
1962 - 1963: -30354
1963 - 1964: -34266
1964 - 1965: -35259
1965 - 1966: -26069
1966 - 1967: -32885
1967 - 1968: -35648
1968 - 1969: -36000
1969 - 1970: -35655
1970 - 1971: -37698
1971 - 1972: -38190
1972 - 1973: -34846
1973 - 1974: -35969
1974 - 1975: -36180
1975 - 1976: -3304
1976 - 1977: -38756
1977 - 1978: -19026
1978 - 1979: -34693
1979 - 1980: -36340
1980 - 1981: -31720
1981 - 1982: -20898
1982 - 1983: -38843
1983 - 1984: -42086
1984 - 1985: -15143
1985 - 1986: -35301
1986 - 1987: -36979
1987 - 1988: -15922
1988 - 1989: -38877
1989 - 1990: -26839
1990 - 1991: -21500
1991 - 1992: -38605
1992 - 1993: -38057
1993 - 1994: -35221
1994 - 1995: -30765
1995 - 1996: -27214
1996 - 1997: -35823
1997 - 1998: -26547
1998 - 1999: 12308
1999 - 2000: -33953
2000 - 2001: -34572
2001 - 2002: -36581
2002 - 2003: -32382
2003 - 2004: -26296
2004 - 2005: -17636
2005 - 2006: -18196
2006 - 2007: -18766
2007 - 2008: -37767
2008 - 2009: -35681
2009 - 2010: -24143
2010 - 2011: -36148
2011 - 2012: -37667
2012 - 2013: -33001
2013 - 2014: -28585
2014 - 2015: -20578
2015 - 2016: -34469
2016 - 2017: -30719
2017 - 2018: -36799
2018 - 2019: -26572
2019 - 2020: -21066
2020 - 2021: 3598
2021 - 2022: -32503
2022 - 2023: -34877
2023 - 2024: -32774
2024 - 2025: -25563
2025 - 2026: -20548
2026 - 2027: -39135
2027 - 2028: -30994
2028 - 2029: -26580
2029 - 2030: 29386
2030 - 2031: -26699
2031 - 2032: -23262
2032 - 2033: -34179
2033 - 2034: -35238
2034 - 2035: -35925
2035 - 2036: 5862
2036 - 2037: -20638
2037 - 2038: -20621
2038 - 2039: -24087
2039 - 2040: -36259
2040 - 2041: -26791
2041 - 2042: -20520
2042 - 2043: -36398
2043 - 2044: -26903
2044 - 2045: -37551
2045 - 2046: 32149
2046 - 2047: -35995
2047 - 2048: -34887
2048 - 2049: -37940
2049 - 2050: -27999
2050 - 2051: -32970
2051 - 2052: -30079
2052 - 2053: -24345
2053 - 2054: -36139
2054 - 2055: -34734
2055 - 2056: -37187
2056 - 2057: -39726
2057 - 2058: -38391
2058 - 2059: -33474
2059 - 2060: -19024
2060 - 2061: 25077
2061 - 2062: 16915
2062 - 2063: -36305
2063 - 2064: -34316
2064 - 2065: -28072
2065 - 2066: -35765
2066 - 2067: -30415
2067 - 2068: -39405
2068 - 2069: -38219
2069 - 2070: -38583
2070 - 2071: -23095
2071 - 2072: -35691
2072 - 2073: -34975
2073 - 2074: -34362
2074 - 2075: -39444
2075 - 2076: -30177
2076 - 2077: -36439
2077 - 2078: -36768
2078 - 2079: -34121
2079 - 2080: -38145
2080 - 2081: -14382
2081 - 2082: -35905
2082 - 2083: -38909
2083 - 2084: -35667
2084 - 2085: -36286
2085 - 2086: -34946
2086 - 2087: -35720
2087 - 2088: -37435
2088 - 2089: -36792
2089 - 2090: -29852
2090 - 2091: -38101
2091 - 2092: -16317
2092 - 2093: -31158
2093 - 2094: -35009
2094 - 2095: -38920
2095 - 2096: -36836
2096 - 2097: -37632
2097 - 2098: -34415
2098 - 2099: -38463
2099 - 2100: -35903
2100 - 2101: -34615
2101 - 2102: 10946
2102 - 2103: -34959
2103 - 2104: -36580
2104 - 2105: -38415
2105 - 2106: -32871
2106 - 2107: 32692
2107 - 2108: -38396
2108 - 2109: -35746
2109 - 2110: -37533
2110 - 2111: -4072
2111 - 2112: -37305
2112 - 2113: -29414
2113 - 2114: -39252
2114 - 2115: -36788
2115 - 2116: -37459
2116 - 2117: -37025
2117 - 2118: 7995
2118 - 2119: -27270
2119 - 2120: -37878
2120 - 2121: -40032
2121 - 2122: -37825
2122 - 2123: -34831
2123 - 2124: -34846
2124 - 2125: -38827
2125 - 2126: -36361
2126 - 2127: -32668
2127 - 2128: -34679
2128 - 2129: -35222
2129 - 2130: -33532
2130 - 2131: -37144
2131 - 2132: -30439
2132 - 2133: -34913
2133 - 2134: -35194
2134 - 2135: -26939
2135 - 2136: -28749
2136 - 2137: -36157
2137 - 2138: -33326
2138 - 2139: -28437
2139 - 2140: -29212
2140 - 2141: -31997
2141 - 2142: -30897
2142 - 2143: -2834
2143 - 2144: -36494
2144 - 2145: -25593
2145 - 2146: 13931
2146 - 2147: -37220
2147 - 2148: -35006
2148 - 2149: -32355
2149 - 2150: -27311
2150 - 2151: -29325
2151 - 2152: -36178
2152 - 2153: -28603
2153 - 2154: -28603
2154 - 2155: -30683
2155 - 2156: -33449
2156 - 2157: -34393
2157 - 2158: -36647
2158 - 2159: -35970
2159 - 2160: -23169
2160 - 2161: -21301
2161 - 2162: -24694
2162 - 2163: -33940
2163 - 2164: -37290
2164 - 2165: -19122
2165 - 2166: 16998
2166 - 2167: -2752
2167 - 2168: -26421
2168 - 2169: -25675
2169 - 2170: -37742
2170 - 2171: -31499
2171 - 2172: -8022
2172 - 2173: 10390
2173 - 2174: -35224
2174 - 2175: -29729
2175 - 2176: -34448
2176 - 2177: -32464
2177 - 2178: -35584
2178 - 2179: -27813
2179 - 2180: -31065
2180 - 2181: -29036
2181 - 2182: -41067
2182 - 2183: -39403
2183 - 2184: -34244
2184 - 2185: 18439
2185 - 2186: -31665
2186 - 2187: -31421
2187 - 2188: 18191
2188 - 2189: -34752
2189 - 2190: -37279
2190 - 2191: 4207
2191 - 2192: -35806
2192 - 2193: -35447
2193 - 2194: -35712
2194 - 2195: -36927
2195 - 2196: -39118
2196 - 2197: -25998
2197 - 2198: -35404
2198 - 2199: -29833
2199 - 2200: -30168
2200 - 2201: -28283
2201 - 2202: -21975
2202 - 2203: -34783
2203 - 2204: -33859
2204 - 2205: -37508
2205 - 2206: -36076
2206 - 2207: -27164
2207 - 2208: -35058
2208 - 2209: -19557
2209 - 2210: -38255
2210 - 2211: -35148
2211 - 2212: -36252
2212 - 2213: -36305
2213 - 2214: -35986
2214 - 2215: -27808
2215 - 2216: 4551
2216 - 2217: -37397
2217 - 2218: -36807
2218 - 2219: -32979
2219 - 2220: -36978
2220 - 2221: -34929
2221 - 2222: -34967
2222 - 2223: -36010
2223 - 2224: -28483
2224 - 2225: -31784
2225 - 2226: -27508
2226 - 2227: -32994
2227 - 2228: -31598
2228 - 2229: -27858
2229 - 2230: -35730
2230 - 2231: -33071
2231 - 2232: -36182
2232 - 2233: -29105
2233 - 2234: -31693
2234 - 2235: -25975
2235 - 2236: -33985
2236 - 2237: -30100
2237 - 2238: -34465
2238 - 2239: -36390
2239 - 2240: -37096
2240 - 2241: -30516
2241 - 2242: -30835
2242 - 2243: -34338
2243 - 2244: -31569
2244 - 2245: -36866
2245 - 2246: -36474
2246 - 2247: -32925
2247 - 2248: -33261
2248 - 2249: -35796
2249 - 2250: -35123
2250 - 2251: -28767
2251 - 2252: -36581
2252 - 2253: -35903
2253 - 2254: -34969
2254 - 2255: -36196
2255 - 2256: -22713
2256 - 2257: -35132
2257 - 2258: -31946
2258 - 2259: -36290
2259 - 2260: -39446
2260 - 2261: -32798
2261 - 2262: -41710
2262 - 2263: -35548
2263 - 2264: -30450
2264 - 2265: -23984
2265 - 2266: -31929
2266 - 2267: -37637
2267 - 2268: -37693
2268 - 2269: -39497
2269 - 2270: -40560
2270 - 2271: -38211
2271 - 2272: -24662
2272 - 2273: -32850
2273 - 2274: -19057
2274 - 2275: -34580
2275 - 2276: -36148
2276 - 2277: -37961
2277 - 2278: -34418
2278 - 2279: -36680
2279 - 2280: -31097
2280 - 2281: -27573
2281 - 2282: -31455
2282 - 2283: -36196
2283 - 2284: 15896
2284 - 2285: -39294
2285 - 2286: -19302
2286 - 2287: -36416
2287 - 2288: 6342
2288 - 2289: -7251
2289 - 2290: -28757
2290 - 2291: -37558
2291 - 2292: -24874
2292 - 2293: -37753
2293 - 2294: -33786
2294 - 2295: -16580
2295 - 2296: -35063
2296 - 2297: 28227
2297 - 2298: -37536
2298 - 2299: -26402
2299 - 2300: -33537
2300 - 2301: -39292
2301 - 2302: -7319
2302 - 2303: -35355
2303 - 2304: -27216
2304 - 2305: -30793
2305 - 2306: -22308
2306 - 2307: -37162
2307 - 2308: 26758
2308 - 2309: -33931
2309 - 2310: -33935
2310 - 2311: -29246
2311 - 2312: 3562
2312 - 2313: -29234
2313 - 2314: -10510
2314 - 2315: -38155
2315 - 2316: -36163
2316 - 2317: -7194
2317 - 2318: -34330
2318 - 2319: -29806
2319 - 2320: -34378
2320 - 2321: -34055
2321 - 2322: 2197
2322 - 2323: -25367
2323 - 2324: -36989
2324 - 2325: -36424
2325 - 2326: -28541
2326 - 2327: -20873
2327 - 2328: -31045
2328 - 2329: -35012
2329 - 2330: -37125
2330 - 2331: -25953
2331 - 2332: -36971
2332 - 2333: -28295
2333 - 2334: -37498
2334 - 2335: -34085
2335 - 2336: -38271
2336 - 2337: -38584
2337 - 2338: -31446
2338 - 2339: -35574
2339 - 2340: -35298
2340 - 2341: -35930
2341 - 2342: -35651
2342 - 2343: -16096
2343 - 2344: -19955
2344 - 2345: -30737
2345 - 2346: -31925
2346 - 2347: 12920
2347 - 2348: -20774
2348 - 2349: -33492
2349 - 2350: -36102
2350 - 2351: -24716
2351 - 2352: -38200
2352 - 2353: -38689
2353 - 2354: -36606
2354 - 2355: -37246
2355 - 2356: -38448
2356 - 2357: -37149
2357 - 2358: -33821
2358 - 2359: -25611
2359 - 2360: -36288
2360 - 2361: -37029
2361 - 2362: -31066
2362 - 2363: -29836
2363 - 2364: -37023
2364 - 2365: -26616
2365 - 2366: -38299
2366 - 2367: -33977
2367 - 2368: -41470
2368 - 2369: -29993
2369 - 2370: 14675
2370 - 2371: -20850
2371 - 2372: -36732
2372 - 2373: -34078
2373 - 2374: -24677
2374 - 2375: -29712
2375 - 2376: -33642
2376 - 2377: -37999
2377 - 2378: -31962
2378 - 2379: -35271
2379 - 2380: -36008
2380 - 2381: -34964
2381 - 2382: -22070
2382 - 2383: -29695
2383 - 2384: -21958
2384 - 2385: -36572
2385 - 2386: -27520
2386 - 2387: -30979
2387 - 2388: -34352
2388 - 2389: -27877
2389 - 2390: -21572
2390 - 2391: -26750
2391 - 2392: -35255
2392 - 2393: -35479
2393 - 2394: -17591
2394 - 2395: -32589
2395 - 2396: -33195
2396 - 2397: -25925
2397 - 2398: -34318
2398 - 2399: -21122
2399 - 2400: -34998
2400 - 2401: -36686
2401 - 2402: -26945
2402 - 2403: -36487
2403 - 2404: -32939
2404 - 2405: -33148
2405 - 2406: -29581
2406 - 2407: -20644
2407 - 2408: -32537
2408 - 2409: -29323
2409 - 2410: -32781
2410 - 2411: -36971
2411 - 2412: -28743
2412 - 2413: -24714
2413 - 2414: -28326
2414 - 2415: -36556
2415 - 2416: -34341
2416 - 2417: -23839
2417 - 2418: -31972
2418 - 2419: -36421
2419 - 2420: -29808
2420 - 2421: -36001
2421 - 2422: -35793
2422 - 2423: -28347
2423 - 2424: -36980
2424 - 2425: -30268
2425 - 2426: -39834
2426 - 2427: -35399
2427 - 2428: -12705
2428 - 2429: -29144
2429 - 2430: -30823
2430 - 2431: -26879
2431 - 2432: -31542
2432 - 2433: -35971
2433 - 2434: -31873
2434 - 2435: -29219
2435 - 2436: -32603
2436 - 2437: -36732
2437 - 2438: -30732
2438 - 2439: -30164
2439 - 2440: -35291
2440 - 2441: -26011
2441 - 2442: -32381
2442 - 2443: -33606
2443 - 2444: -35776
2444 - 2445: -35204
2445 - 2446: -36278
2446 - 2447: -22112
2447 - 2448: -35960
2448 - 2449: 33653
2449 - 2450: 11599
2450 - 2451: -36235
2451 - 2452: -18123
2452 - 2453: -33177
2453 - 2454: -31250
2454 - 2455: -36235
2455 - 2456: -34752
2456 - 2457: -34905
2457 - 2458: -36856
2458 - 2459: -21814
2459 - 2460: -35057
2460 - 2461: -39478
2461 - 2462: -32543
2462 - 2463: -32296
2463 - 2464: -32720
2464 - 2465: -25016
2465 - 2466: -36232
2466 - 2467: -33633
2467 - 2468: -36721
2468 - 2469: -37072
2469 - 2470: -37235
2470 - 2471: -35499
2471 - 2472: -34875
2472 - 2473: -23822
2473 - 2474: -36683
2474 - 2475: -36474
2475 - 2476: -33058
2476 - 2477: -35738
2477 - 2478: -35983
2478 - 2479: -35537
2479 - 2480: -33385
2480 - 2481: 3531
2481 - 2482: -36854
2482 - 2483: -35243
2483 - 2484: -35127
2484 - 2485: -32236
2485 - 2486: -18280
2486 - 2487: -35209
2487 - 2488: -34563
2488 - 2489: -18877
2489 - 2490: -36068
2490 - 2491: -35928
2491 - 2492: -30903
2492 - 2493: -36215
2493 - 2494: -36324
2494 - 2495: -17727
2495 - 2496: -32309
2496 - 2497: -35931
2497 - 2498: -35360
2498 - 2499: -34059
2499 - 2500: -34663
2500 - 2501: -37721
2501 - 2502: -35575
2502 - 2503: -35857
2503 - 2504: -33562
2504 - 2505: -27430
2505 - 2506: -30908
2506 - 2507: -21978
2507 - 2508: -18784
2508 - 2509: -14869
2509 - 2510: -15838
2510 - 2511: 9924
2511 - 2512: -29408
2512 - 2513: -21533
2513 - 2514: -24185
2514 - 2515: -25091
2515 - 2516: -38512
2516 - 2517: -36363
2517 - 2518: -35812
2518 - 2519: -36448
2519 - 2520: -38933
2520 - 2521: 28806
2521 - 2522: -32890
2522 - 2523: -35281
2523 - 2524: -29615
2524 - 2525: -25136
2525 - 2526: -35194
2526 - 2527: -36113
2527 - 2528: -31567
2528 - 2529: -33851
2529 - 2530: -40432
2530 - 2531: -19864
2531 - 2532: -35798
2532 - 2533: -28368
2533 - 2534: -37367
2534 - 2535: -37352
2535 - 2536: -33854
2536 - 2537: -1771
2537 - 2538: -31559
2538 - 2539: -33609
2539 - 2540: -31251
2540 - 2541: -28674
2541 - 2542: -25004
2542 - 2543: -34337
2543 - 2544: -37396
2544 - 2545: -38462
2545 - 2546: -36339
2546 - 2547: -34427
2547 - 2548: -33206
2548 - 2549: -27923
2549 - 2550: -36086
2550 - 2551: -33196
2551 - 2552: -36906
2552 - 2553: -26414
2553 - 2554: -32905
2554 - 2555: -23875
2555 - 2556: -34067
2556 - 2557: -37501
2557 - 2558: -24186
2558 - 2559: -31906
2559 - 2560: -34919
2560 - 2561: -40139
2561 - 2562: -32875
2562 - 2563: -38171
2563 - 2564: -24181
2564 - 2565: -35147
2565 - 2566: -29730
2566 - 2567: -37317
2567 - 2568: -30423
2568 - 2569: -32361
2569 - 2570: -26572
2570 - 2571: -37302
2571 - 2572: -36848
2572 - 2573: -35702
2573 - 2574: -25778
2574 - 2575: -35467
2575 - 2576: -34005
2576 - 2577: -25467
2577 - 2578: -36552
2578 - 2579: -1733
2579 - 2580: -38156
2580 - 2581: -36463
2581 - 2582: -30986
2582 - 2583: -37484
2583 - 2584: -28909
2584 - 2585: -17356
2585 - 2586: -36680
2586 - 2587: -39647
2587 - 2588: -30410
2588 - 2589: -35487
2589 - 2590: -35873
2590 - 2591: -29140
2591 - 2592: -33991
2592 - 2593: -38247
2593 - 2594: 3668
2594 - 2595: -25606
2595 - 2596: -35552
2596 - 2597: -32085
2597 - 2598: -28462
2598 - 2599: -36346
2599 - 2600: -36651
2600 - 2601: -38863
2601 - 2602: -30135
2602 - 2603: -20293
2603 - 2604: -37029
2604 - 2605: -28716
2605 - 2606: -33543
2606 - 2607: -33259
2607 - 2608: -32769
2608 - 2609: -39567
2609 - 2610: -38389
2610 - 2611: -35920
2611 - 2612: -35007
2612 - 2613: -38395
2613 - 2614: -33853
2614 - 2615: -33613
2615 - 2616: -37787
2616 - 2617: -35786
2617 - 2618: -27902
2618 - 2619: -20581
2619 - 2620: -28401
2620 - 2621: -27967
2621 - 2622: 5895
2622 - 2623: -34051
2623 - 2624: -33976
2624 - 2625: -36654
2625 - 2626: -38089
2626 - 2627: -35114
2627 - 2628: -36017
2628 - 2629: -35446
2629 - 2630: -36720
2630 - 2631: -38990
2631 - 2632: -32283
2632 - 2633: -34915
2633 - 2634: -33054
2634 - 2635: -33229
2635 - 2636: -29205
2636 - 2637: -36025
2637 - 2638: -37630
2638 - 2639: 16590
2639 - 2640: 13870
2640 - 2641: -30930
2641 - 2642: -34198
2642 - 2643: -36967
2643 - 2644: -33535
2644 - 2645: -30780
2645 - 2646: 2730
2646 - 2647: -40840
2647 - 2648: -36488
2648 - 2649: -36736
2649 - 2650: -36932
2650 - 2651: -33682
2651 - 2652: -31150
2652 - 2653: -39938
2653 - 2654: -35839
2654 - 2655: -36509
2655 - 2656: -30795
2656 - 2657: -35408
2657 - 2658: -31713
2658 - 2659: -37975
2659 - 2660: -33506
2660 - 2661: -19152
2661 - 2662: -19108
2662 - 2663: -34781
2663 - 2664: -26680
2664 - 2665: -20602
2665 - 2666: -20858
2666 - 2667: -34939
2667 - 2668: -19962
2668 - 2669: -36670
2669 - 2670: -39360
2670 - 2671: -34981
2671 - 2672: -35728
2672 - 2673: -34910
2673 - 2674: -33013
2674 - 2675: -33409
2675 - 2676: -35596
2676 - 2677: -35474
2677 - 2678: -36265
2678 - 2679: -35791
2679 - 2680: -36315
2680 - 2681: -34117
2681 - 2682: -35188
2682 - 2683: -34691
2683 - 2684: -37061
2684 - 2685: -35800
2685 - 2686: -34216
2686 - 2687: -34858
2687 - 2688: -36187
2688 - 2689: -21203
2689 - 2690: 20221
2690 - 2691: -25705
2691 - 2692: -30000
2692 - 2693: -34920
2693 - 2694: -25783
2694 - 2695: -35189
2695 - 2696: -35826
2696 - 2697: -33279
2697 - 2698: -34193
2698 - 2699: -29290
2699 - 2700: -36137
2700 - 2701: -33385
2701 - 2702: -33621
2702 - 2703: -29914
2703 - 2704: -36944
2704 - 2705: -35031
2705 - 2706: -25032
2706 - 2707: -32107
2707 - 2708: -24303
2708 - 2709: -33025
2709 - 2710: -35126
2710 - 2711: -27132
2711 - 2712: -35950
2712 - 2713: -36689
2713 - 2714: -37782
2714 - 2715: -36813
2715 - 2716: -33406
2716 - 2717: -38091
2717 - 2718: -35013
2718 - 2719: -36647
2719 - 2720: -34616
2720 - 2721: -36141
2721 - 2722: -34351
2722 - 2723: -12384
2723 - 2724: 29470
2724 - 2725: -6643
2725 - 2726: -34236
2726 - 2727: -31289
2727 - 2728: -39139
2728 - 2729: -36637
2729 - 2730: 12692
2730 - 2731: -20334
2731 - 2732: -33816
2732 - 2733: -33272
2733 - 2734: -33421
2734 - 2735: -36431
2735 - 2736: -35252
2736 - 2737: -36070
2737 - 2738: -34912
2738 - 2739: -39910
2739 - 2740: -31907
2740 - 2741: -35974
2741 - 2742: -31203
2742 - 2743: -32998
2743 - 2744: -34774
2744 - 2745: -34734
2745 - 2746: -36122
2746 - 2747: -21858
2747 - 2748: -30912
2748 - 2749: -36646
2749 - 2750: -31971
2750 - 2751: -35245
2751 - 2752: -24971
2752 - 2753: -36447
2753 - 2754: -30308
2754 - 2755: -31634
2755 - 2756: -31372
2756 - 2757: -35361
2757 - 2758: -32089
2758 - 2759: -36709
2759 - 2760: -36961
2760 - 2761: -35001
2761 - 2762: -35386
2762 - 2763: -33410
2763 - 2764: -32576
2764 - 2765: -19341
2765 - 2766: 47669
2766 - 2767: -30404
2767 - 2768: -36854
2768 - 2769: -38810
2769 - 2770: -35595
2770 - 2771: -26181
2771 - 2772: -15023
2772 - 2773: -33732
2773 - 2774: -33966
2774 - 2775: -32409
2775 - 2776: -28583
2776 - 2777: -36926
2777 - 2778: -21820
2778 - 2779: -28241
2779 - 2780: -33850
2780 - 2781: -35300
2781 - 2782: -38723
2782 - 2783: -36539
2783 - 2784: -36354
2784 - 2785: -29783
2785 - 2786: -36160
2786 - 2787: -31742
2787 - 2788: -34438
2788 - 2789: -16552
2789 - 2790: -26481
2790 - 2791: -33396
2791 - 2792: -26765
2792 - 2793: -36773
2793 - 2794: -24520
2794 - 2795: -20527
2795 - 2796: -37378
2796 - 2797: -33197
2797 - 2798: -22150
2798 - 2799: -38838
2799 - 2800: -38782
2800 - 2801: -36089
2801 - 2802: -37719
2802 - 2803: -35811
2803 - 2804: -35786
2804 - 2805: -8347
2805 - 2806: -36604
2806 - 2807: -36418
2807 - 2808: -28714
2808 - 2809: 9264
2809 - 2810: -34625
2810 - 2811: -29664
2811 - 2812: -24205
2812 - 2813: -34964
2813 - 2814: -36619
2814 - 2815: -35408
2815 - 2816: -34919
2816 - 2817: -36239
2817 - 2818: -34162
2818 - 2819: -36118
2819 - 2820: -36100
2820 - 2821: -37004
2821 - 2822: -38706
2822 - 2823: -37484
2823 - 2824: -33648
2824 - 2825: -35242
2825 - 2826: -32566
2826 - 2827: -33572
2827 - 2828: -32932
2828 - 2829: -30481
2829 - 2830: -33623
2830 - 2831: -33576
2831 - 2832: -31014
2832 - 2833: -35332
2833 - 2834: -32870
2834 - 2835: -36831
2835 - 2836: -35650
2836 - 2837: -37125
2837 - 2838: -35146
2838 - 2839: 5853
2839 - 2840: -35634
2840 - 2841: -36566
2841 - 2842: -38288
2842 - 2843: -23424
2843 - 2844: -34846
2844 - 2845: -37674
2845 - 2846: -35940
2846 - 2847: -26195
2847 - 2848: -35555
2848 - 2849: -33733
2849 - 2850: -31525
2850 - 2851: -31218
2851 - 2852: 19184
2852 - 2853: -36195
2853 - 2854: -36793
2854 - 2855: -33160
2855 - 2856: -34134
2856 - 2857: -36338
2857 - 2858: -41134
2858 - 2859: -24278
2859 - 2860: -33893
2860 - 2861: -37394
2861 - 2862: -37415
2862 - 2863: -38222
2863 - 2864: -28871
2864 - 2865: -32041
2865 - 2866: -37689
2866 - 2867: -36172
2867 - 2868: -36616
2868 - 2869: -36167
2869 - 2870: -36590
2870 - 2871: -34893
2871 - 2872: -32269
2872 - 2873: -36550
2873 - 2874: -35052
2874 - 2875: -37687
2875 - 2876: -10026
2876 - 2877: -30487
2877 - 2878: -35516
2878 - 2879: -35652
2879 - 2880: -33929
2880 - 2881: -39010
2881 - 2882: -37131
2882 - 2883: -19196
2883 - 2884: -20946
2884 - 2885: -35357
2885 - 2886: -36603
2886 - 2887: -34401
2887 - 2888: 18979
2888 - 2889: -38536
2889 - 2890: -24815
2890 - 2891: -35413
2891 - 2892: -28865
2892 - 2893: -18890
2893 - 2894: -20155
2894 - 2895: -19278
2895 - 2896: -34604
2896 - 2897: -38468
2897 - 2898: -38961
2898 - 2899: -31617
2899 - 2900: -34104
2900 - 2901: -36121
2901 - 2902: -29918
2902 - 2903: -34419
2903 - 2904: -30304
2904 - 2905: -34579
2905 - 2906: -31606
2906 - 2907: -40177
2907 - 2908: -31140
2908 - 2909: -33544
2909 - 2910: -34299
2910 - 2911: -34633
2911 - 2912: -27114
2912 - 2913: -34599
2913 - 2914: -34104
2914 - 2915: -27221
2915 - 2916: -34735
2916 - 2917: -31937
2917 - 2918: -20775
2918 - 2919: -28061
2919 - 2920: 26571
2920 - 2921: -21025
2921 - 2922: -38140
2922 - 2923: -35688
2923 - 2924: -36206
2924 - 2925: -39878
2925 - 2926: -37181
2926 - 2927: -39906
2927 - 2928: -33057
2928 - 2929: -18184
2929 - 2930: -25316
2930 - 2931: -35666
2931 - 2932: -30023
2932 - 2933: -33581
2933 - 2934: -34746
2934 - 2935: -38882
2935 - 2936: -36577
2936 - 2937: -34815
2937 - 2938: -26743
2938 - 2939: -26369
2939 - 2940: -33256
2940 - 2941: -34613
2941 - 2942: -28560
2942 - 2943: -35043
2943 - 2944: -32023
2944 - 2945: -32608
2945 - 2946: -26027
2946 - 2947: -35778
2947 - 2948: -37305
2948 - 2949: -29177
2949 - 2950: -35371
2950 - 2951: -31334
2951 - 2952: -20694
2952 - 2953: -34526
2953 - 2954: -37466
2954 - 2955: -20642
2955 - 2956: -18598
2956 - 2957: -26996
2957 - 2958: -36867
2958 - 2959: -38673
2959 - 2960: -39552
2960 - 2961: -35251
2961 - 2962: -28919
2962 - 2963: -35005
2963 - 2964: -33258
2964 - 2965: -30454
2965 - 2966: -36657
2966 - 2967: -38837
2967 - 2968: -27814
2968 - 2969: -33960
2969 - 2970: -37722
2970 - 2971: -24981
2971 - 2972: -35727
2972 - 2973: -35385
2973 - 2974: 15022
2974 - 2975: -38755
2975 - 2976: -36022
2976 - 2977: -37625
2977 - 2978: -21476
2978 - 2979: -35712
2979 - 2980: -35181
2980 - 2981: -27794
2981 - 2982: -36498
2982 - 2983: -25274
2983 - 2984: -27802
2984 - 2985: -28969
2985 - 2986: -27366
2986 - 2987: -39102
2987 - 2988: -36817
2988 - 2989: -25112
2989 - 2990: -36215
2990 - 2991: -34332
2991 - 2992: -37135
2992 - 2993: -31068
2993 - 2994: -25446
2994 - 2995: -34218
2995 - 2996: -34755
2996 - 2997: -36020
2997 - 2998: -5906
2998 - 2999: -3564
2999 - 3000: -35580
3000 - 3001: -39317
3001 - 3002: -33039
3002 - 3003: -36534
3003 - 3004: -34395
3004 - 3005: -36288
3005 - 3006: -35465
3006 - 3007: -33687
3007 - 3008: -33671
3008 - 3009: -37973
3009 - 3010: -36943
3010 - 3011: -30939
3011 - 3012: -32235
3012 - 3013: -27541
3013 - 3014: -36445
3014 - 3015: 16226
3015 - 3016: -19601
3016 - 3017: -35110
3017 - 3018: -8450
3018 - 3019: -6562
3019 - 3020: -14939
3020 - 3021: -33706
3021 - 3022: -32195
3022 - 3023: -33378
3023 - 3024: -28429
3024 - 3025: -23254
3025 - 3026: -36194
3026 - 3027: -31001
3027 - 3028: -36721
3028 - 3029: -27672
3029 - 3030: -37293
3030 - 3031: -32085
3031 - 3032: 32645
3032 - 3033: -30838
3033 - 3034: -30859
3034 - 3035: -37574
3035 - 3036: -34236
3036 - 3037: -33887
3037 - 3038: -34939
3038 - 3039: -34337
3039 - 3040: -33102
3040 - 3041: -22208
3041 - 3042: -23700
3042 - 3043: -35873
3043 - 3044: -36154
3044 - 3045: -36846
3045 - 3046: -38792
3046 - 3047: -34542
3047 - 3048: -29052
3048 - 3049: -35397
3049 - 3050: -36274
3050 - 3051: -20103
3051 - 3052: -36987
3052 - 3053: -31825
3053 - 3054: -29295
3054 - 3055: -30275
3055 - 3056: -41167
3056 - 3057: -25303
3057 - 3058: -35892
3058 - 3059: -35897
3059 - 3060: -3023
3060 - 3061: -31906
3061 - 3062: -33730
3062 - 3063: -34134
3063 - 3064: -39685
3064 - 3065: -28592
3065 - 3066: 32137
3066 - 3067: -33666
3067 - 3068: -35042
3068 - 3069: -36431
3069 - 3070: -38365
3070 - 3071: -35859
3071 - 3072: -37288
3072 - 3073: 27503
3073 - 3074: -23950
3074 - 3075: -29410
3075 - 3076: -36557
3076 - 3077: -31949
3077 - 3078: -37707
3078 - 3079: 17705
3079 - 3080: -37329
3080 - 3081: -38019
3081 - 3082: -33460
3082 - 3083: -30071
3083 - 3084: 29025
3084 - 3085: 27245
3085 - 3086: -33801
3086 - 3087: -34036
3087 - 3088: -36852
3088 - 3089: -28854
3089 - 3090: -15491
3090 - 3091: -30401
3091 - 3092: 11456
3092 - 3093: -9901
3093 - 3094: -37314
3094 - 3095: -32099
3095 - 3096: 16449
3096 - 3097: -21042
3097 - 3098: -36182
3098 - 3099: 12004
3099 - 3100: -6179
3100 - 3101: -37072
3101 - 3102: -34524
3102 - 3103: -30465
3103 - 3104: -40707
3104 - 3105: -37961
3105 - 3106: -37975
3106 - 3107: -17187
3107 - 3108: -24198
3108 - 3109: -28232
3109 - 3110: -25482
3110 - 3111: -35696
3111 - 3112: -38317
3112 - 3113: -21127
3113 - 3114: -36276
3114 - 3115: 5492
3115 - 3116: -27676
3116 - 3117: -27835
3117 - 3118: -39170
3118 - 3119: -27072
3119 - 3120: -35565
3120 - 3121: -26555
3121 - 3122: -37948
3122 - 3123: -38153
3123 - 3124: -36461
3124 - 3125: -35279
3125 - 3126: -29944
3126 - 3127: 2493
3127 - 3128: -28954
3128 - 3129: -33674
3129 - 3130: -33898
3130 - 3131: -33788
3131 - 3132: -36548
3132 - 3133: -37707
3133 - 3134: -24171
3134 - 3135: -37336
3135 - 3136: -34643
3136 - 3137: -39444
3137 - 3138: -34252
3138 - 3139: -33798
3139 - 3140: -34265
3140 - 3141: -35918
3141 - 3142: -29935
3142 - 3143: -30705
3143 - 3144: -36174
3144 - 3145: -33976
3145 - 3146: -36337
3146 - 3147: -36249
3147 - 3148: -35477
3148 - 3149: -31869
3149 - 3150: -22858
3150 - 3151: -21160
3151 - 3152: -18586
3152 - 3153: -39878
3153 - 3154: -34341
3154 - 3155: -36746
3155 - 3156: -34069
3156 - 3157: -8724
3157 - 3158: -37331
3158 - 3159: -36030
3159 - 3160: -23932
3160 - 3161: -39402
3161 - 3162: -38635
3162 - 3163: -37378
3163 - 3164: -38225
3164 - 3165: -34356
3165 - 3166: -38516
3166 - 3167: -39298
3167 - 3168: -15822
3168 - 3169: -33694
3169 - 3170: -34101
3170 - 3171: -15759
3171 - 3172: 9510
3172 - 3173: -36877
3173 - 3174: -38768
3174 - 3175: -39481
3175 - 3176: -36056
3176 - 3177: -34219
3177 - 3178: -36022
3178 - 3179: -37929
3179 - 3180: -34947
3180 - 3181: -35926
3181 - 3182: -36347
3182 - 3183: -24649
3183 - 3184: -31197
3184 - 3185: -37210
3185 - 3186: -38865
3186 - 3187: -21876
3187 - 3188: -26822
3188 - 3189: 24644
3189 - 3190: -32107
3190 - 3191: -36114
3191 - 3192: -23001
3192 - 3193: -32778
3193 - 3194: -36286
3194 - 3195: -25471
3195 - 3196: -32620
3196 - 3197: -23536
3197 - 3198: -34556
3198 - 3199: -34309
3199 - 3200: -36813
3200 - 3201: -37550
3201 - 3202: -36202
3202 - 3203: -31127
3203 - 3204: -21358
3204 - 3205: -37928
3205 - 3206: -37189
3206 - 3207: -39187
3207 - 3208: -21139
3208 - 3209: -33506
3209 - 3210: -23526
3210 - 3211: -35037
3211 - 3212: -37923
3212 - 3213: -39840
3213 - 3214: -39232
3214 - 3215: -36266
3215 - 3216: -40302
3216 - 3217: -26166
3217 - 3218: -37928
3218 - 3219: -36563
3219 - 3220: -36170
3220 - 3221: -35019
3221 - 3222: -35957
3222 - 3223: -27374
3223 - 3224: -33414
3224 - 3225: -31664
3225 - 3226: -36019
3226 - 3227: -31204
3227 - 3228: -24819
3228 - 3229: -38873
3229 - 3230: -25626
3230 - 3231: -30237
3231 - 3232: -34653
3232 - 3233: -22641
3233 - 3234: -20066
3234 - 3235: -34673
3235 - 3236: -37292
3236 - 3237: -39088
3237 - 3238: -21789
3238 - 3239: -30558
3239 - 3240: -37455
3240 - 3241: -31296
3241 - 3242: -17504
3242 - 3243: -38049
3243 - 3244: -37283
3244 - 3245: -32129
3245 - 3246: -38027
3246 - 3247: -33816
3247 - 3248: -35917
3248 - 3249: -38004
3249 - 3250: -30950
3250 - 3251: -36221
3251 - 3252: -31128
3252 - 3253: -35858
3253 - 3254: -33088
3254 - 3255: -36694
3255 - 3256: -37685
3256 - 3257: -37126
3257 - 3258: -35921
3258 - 3259: -33554
3259 - 3260: -39091
3260 - 3261: -34617
3261 - 3262: -36635
3262 - 3263: -33444
3263 - 3264: -37866
3264 - 3265: -38479
3265 - 3266: -22004
3266 - 3267: -4933
3267 - 3268: -31896
3268 - 3269: -35999
3269 - 3270: -35775
3270 - 3271: -29522
3271 - 3272: -30942
3272 - 3273: -30293
3273 - 3274: -39231
3274 - 3275: -21083
3275 - 3276: -31614
3276 - 3277: -35382
3277 - 3278: -35862
3278 - 3279: -39360
3279 - 3280: -38441
3280 - 3281: -33557
3281 - 3282: -24740
3282 - 3283: -10841
3283 - 3284: -34795
3284 - 3285: -36429
3285 - 3286: -29884
3286 - 3287: -37359
3287 - 3288: -34719
3288 - 3289: -37749
3289 - 3290: -33410
3290 - 3291: -35144
3291 - 3292: -32398
3292 - 3293: -30899
3293 - 3294: -33127
3294 - 3295: -38369
3295 - 3296: -31274
3296 - 3297: -38998
3297 - 3298: -38384
3298 - 3299: -34784
3299 - 3300: -7029
3300 - 3301: -39113
3301 - 3302: -34664
3302 - 3303: -38271
3303 - 3304: 2764
3304 - 3305: -38506
3305 - 3306: -37031
3306 - 3307: -35822
3307 - 3308: -19193
3308 - 3309: -33860
3309 - 3310: -26912
3310 - 3311: -38267
3311 - 3312: -24678
3312 - 3313: -35471
3313 - 3314: -36496
3314 - 3315: -36909
3315 - 3316: -35964
3316 - 3317: 34418
3317 - 3318: -36820
3318 - 3319: -37639
3319 - 3320: -38496
3320 - 3321: -35592
3321 - 3322: -32585
3322 - 3323: -24765
3323 - 3324: -34848
3324 - 3325: -31298
3325 - 3326: -33756
3326 - 3327: -36789
3327 - 3328: -38743
3328 - 3329: -23145
3329 - 3330: -33274
3330 - 3331: -37133
3331 - 3332: -38197
3332 - 3333: -26544
3333 - 3334: -36698
3334 - 3335: -34581
3335 - 3336: -35611
3336 - 3337: -36844
3337 - 3338: -25806
3338 - 3339: -35339
3339 - 3340: -31557
3340 - 3341: -35303
3341 - 3342: -36883
3342 - 3343: -31364
3343 - 3344: -33665
3344 - 3345: -21527
3345 - 3346: -36260
3346 - 3347: -27777
3347 - 3348: -40459
3348 - 3349: -34817
3349 - 3350: -34831
3350 - 3351: -29789
3351 - 3352: 3435
3352 - 3353: -35719
3353 - 3354: -36219
3354 - 3355: 28649
3355 - 3356: -27907
3356 - 3357: -7070
3357 - 3358: -6757
3358 - 3359: -31150
3359 - 3360: -36139
3360 - 3361: -35475
3361 - 3362: -38888
3362 - 3363: -37738
3363 - 3364: -36353
3364 - 3365: -38548
3365 - 3366: -37965
3366 - 3367: -31793
3367 - 3368: -33081
3368 - 3369: -24519
3369 - 3370: -28943
3370 - 3371: -24778
3371 - 3372: -35573
3372 - 3373: -29079
3373 - 3374: -32771
3374 - 3375: 20145
3375 - 3376: -8686
3376 - 3377: -33268
3377 - 3378: -30979
3378 - 3379: -24964
3379 - 3380: -37562
3380 - 3381: -34674
3381 - 3382: -38745
3382 - 3383: -37046
3383 - 3384: -35992
3384 - 3385: -34617
3385 - 3386: -33961
3386 - 3387: -39872
3387 - 3388: -34138
3388 - 3389: -37349
3389 - 3390: -34917
3390 - 3391: -27059
3391 - 3392: -34964
3392 - 3393: -33836
3393 - 3394: -3870
3394 - 3395: -34302
3395 - 3396: -28361
3396 - 3397: -37192
3397 - 3398: -37951
3398 - 3399: -15961
3399 - 3400: -23653
3400 - 3401: -36858
3401 - 3402: -38953
3402 - 3403: -36254
3403 - 3404: -36557
3404 - 3405: -39303
3405 - 3406: -37746
3406 - 3407: -1839
3407 - 3408: -26597
3408 - 3409: 12517
3409 - 3410: -35084
3410 - 3411: -8420
3411 - 3412: -22506
3412 - 3413: -33607
3413 - 3414: -4162
3414 - 3415: -35856
3415 - 3416: -36543
3416 - 3417: 25722
3417 - 3418: -34080
3418 - 3419: -33429
3419 - 3420: -35395
3420 - 3421: -35927
3421 - 3422: -31857
3422 - 3423: -34790
3423 - 3424: -34264
3424 - 3425: -21312
3425 - 3426: -29988
3426 - 3427: -35155
3427 - 3428: -33917
3428 - 3429: 27000
3429 - 3430: -33319
3430 - 3431: -31842
3431 - 3432: -34109
3432 - 3433: -33074
3433 - 3434: -32491
3434 - 3435: -37285
3435 - 3436: -34493
3436 - 3437: -21874
3437 - 3438: -21159
3438 - 3439: -33249
3439 - 3440: -36896
3440 - 3441: -35781
3441 - 3442: -37171
3442 - 3443: -35050
3443 - 3444: -28578
3444 - 3445: -4631
3445 - 3446: -32743
3446 - 3447: -34592
3447 - 3448: -31053
3448 - 3449: -37152
3449 - 3450: -31508
3450 - 3451: 29244
3451 - 3452: -6866
3452 - 3453: -35798
3453 - 3454: -32771
3454 - 3455: -35812
3455 - 3456: -40655
3456 - 3457: -35463
3457 - 3458: -29731
3458 - 3459: -38016
3459 - 3460: -35358
3460 - 3461: -38553
3461 - 3462: -34898
3462 - 3463: -39488
3463 - 3464: -36787
3464 - 3465: -31992
3465 - 3466: -25290
3466 - 3467: -33498
3467 - 3468: -4038
3468 - 3469: -36508
3469 - 3470: -26545
3470 - 3471: -37944
3471 - 3472: -27040
3472 - 3473: -34142
3473 - 3474: -34466
3474 - 3475: -37165
3475 - 3476: -27125
3476 - 3477: -36977
3477 - 3478: -32822
3478 - 3479: -36832
3479 - 3480: -36501
3480 - 3481: -23374
3481 - 3482: -29120
3482 - 3483: -16616
3483 - 3484: -26259
3484 - 3485: -24705
3485 - 3486: -26343
3486 - 3487: -35066
3487 - 3488: -35039
3488 - 3489: -37659
3489 - 3490: -35331
3490 - 3491: -23035
3491 - 3492: -36702
3492 - 3493: 14860
3493 - 3494: -20422
3494 - 3495: 22218
3495 - 3496: -30824
3496 - 3497: -34041
3497 - 3498: -31607
3498 - 3499: -29997
3499 - 3500: -32263
3500 - 3501: -35516
3501 - 3502: 35377
3502 - 3503: -18206
3503 - 3504: -21825
3504 - 3505: -29841
3505 - 3506: -19328
3506 - 3507: 9659
3507 - 3508: -32443
3508 - 3509: -27061
3509 - 3510: -27124
3510 - 3511: -31771
3511 - 3512: -33749
3512 - 3513: -21784
3513 - 3514: -22814
3514 - 3515: -36084
3515 - 3516: -6926
3516 - 3517: 35344
3517 - 3518: -24115
3518 - 3519: -34691
3519 - 3520: 26525
3520 - 3521: -15349
3521 - 3522: -30863
3522 - 3523: -35545
3523 - 3524: -36071
3524 - 3525: -36447
3525 - 3526: -37563
3526 - 3527: 18304
3527 - 3528: -36399
3528 - 3529: -34578
3529 - 3530: -35968
3530 - 3531: -33214
3531 - 3532: -35821
3532 - 3533: -33897
3533 - 3534: -17915
3534 - 3535: -31540
3535 - 3536: -34231
3536 - 3537: -28719
3537 - 3538: -32834
3538 - 3539: -33826
3539 - 3540: -35087
3540 - 3541: -29839
3541 - 3542: 223
3542 - 3543: -31877
3543 - 3544: 17696
3544 - 3545: -37357
3545 - 3546: -26897
3546 - 3547: -29458
3547 - 3548: -29910
3548 - 3549: -32870
3549 - 3550: -36103
3550 - 3551: -34527
3551 - 3552: 12579
3552 - 3553: -36777
3553 - 3554: -34643
3554 - 3555: -35566
3555 - 3556: -25965
3556 - 3557: -27554
3557 - 3558: -28738
3558 - 3559: -34078
3559 - 3560: -35029
3560 - 3561: -38031
3561 - 3562: -33834
3562 - 3563: -31460
3563 - 3564: -33938
3564 - 3565: -34297
3565 - 3566: -36099
3566 - 3567: -27532
3567 - 3568: -34837
3568 - 3569: -34217
3569 - 3570: -38163
3570 - 3571: -33545
3571 - 3572: -34276
3572 - 3573: -34991
3573 - 3574: -42362
3574 - 3575: -34864
3575 - 3576: 34513
3576 - 3577: -28843
3577 - 3578: -30057
3578 - 3579: -36485
3579 - 3580: -38248
3580 - 3581: -37064
3581 - 3582: -37990
3582 - 3583: 15407
3583 - 3584: -35863
3584 - 3585: -35962
3585 - 3586: -35718
3586 - 3587: -35503
3587 - 3588: -37651
3588 - 3589: -34453
3589 - 3590: -34249
3590 - 3591: -37250
3591 - 3592: -37386
3592 - 3593: -38831
3593 - 3594: -25830
3594 - 3595: -8629
3595 - 3596: -19817
3596 - 3597: -30763
3597 - 3598: 33161
3598 - 3599: -28315
3599 - 3600: -31865
3600 - 3601: -35091
3601 - 3602: 33352
3602 - 3603: -18458
3603 - 3604: -34733
3604 - 3605: -37690
3605 - 3606: -34497
3606 - 3607: -36834
3607 - 3608: -24723
3608 - 3609: -35824
3609 - 3610: -36591
3610 - 3611: -20256
3611 - 3612: 36176
3612 - 3613: -35486
3613 - 3614: -37016
3614 - 3615: -35807
3615 - 3616: -37539
3616 - 3617: -38099
3617 - 3618: -37512
3618 - 3619: -37162
3619 - 3620: -30523
3620 - 3621: -35327
3621 - 3622: -37712
3622 - 3623: -28629
3623 - 3624: -22552
3624 - 3625: -34452
3625 - 3626: -36491
3626 - 3627: 16955
3627 - 3628: -39101
3628 - 3629: -15988
3629 - 3630: -36224
3630 - 3631: -37271
3631 - 3632: -38492
3632 - 3633: -39087
3633 - 3634: -39043
3634 - 3635: -26157
3635 - 3636: -25976
3636 - 3637: -6009
3637 - 3638: -39141
3638 - 3639: -35622
3639 - 3640: -37050
3640 - 3641: -20408
3641 - 3642: -37534
3642 - 3643: -40261
3643 - 3644: -38077
3644 - 3645: -32256
3645 - 3646: -37109
3646 - 3647: -37893
3647 - 3648: -37493
3648 - 3649: -35503
3649 - 3650: -25003
3650 - 3651: -38478
3651 - 3652: -37483
3652 - 3653: -37507
3653 - 3654: -39164
3654 - 3655: -36407
3655 - 3656: -32513
3656 - 3657: -36503
3657 - 3658: -35083
3658 - 3659: -36470
3659 - 3660: -33999
3660 - 3661: -36183
3661 - 3662: -15767
3662 - 3663: -28215
3663 - 3664: -26460
3664 - 3665: -36659
3665 - 3666: -34534
3666 - 3667: -6842
3667 - 3668: -5338
3668 - 3669: -35284
3669 - 3670: -39271
3670 - 3671: -37724
3671 - 3672: -19658
3672 - 3673: -37809
3673 - 3674: -34330
3674 - 3675: -35895
3675 - 3676: -36033
3676 - 3677: -36529
3677 - 3678: -36943
3678 - 3679: -25869
3679 - 3680: -39397
3680 - 3681: -39385
3681 - 3682: -30150
3682 - 3683: -39030
3683 - 3684: -37435
3684 - 3685: -38233
3685 - 3686: -32934
3686 - 3687: -33467
3687 - 3688: -28011
3688 - 3689: -35719
3689 - 3690: -37623
3690 - 3691: -37118
3691 - 3692: -35787
3692 - 3693: -36545
3693 - 3694: -34756
3694 - 3695: -25937
3695 - 3696: 32843
3696 - 3697: -34951
3697 - 3698: -36216
3698 - 3699: -35849
3699 - 3700: -36305
3700 - 3701: -35324
3701 - 3702: -29692
3702 - 3703: -29325
3703 - 3704: -41662
3704 - 3705: -31509
3705 - 3706: -36346
3706 - 3707: -30227
3707 - 3708: -31360
3708 - 3709: -33852
3709 - 3710: -20650
3710 - 3711: -19634
3711 - 3712: -38692
3712 - 3713: -26448
3713 - 3714: -36778
3714 - 3715: -33863
3715 - 3716: -30039
3716 - 3717: -36764
3717 - 3718: -21698
3718 - 3719: -32978
3719 - 3720: -37484
3720 - 3721: -35169
3721 - 3722: -35817
3722 - 3723: -36044
3723 - 3724: 7046
3724 - 3725: -35567
3725 - 3726: -35299
3726 - 3727: -23322
3727 - 3728: -29954
3728 - 3729: -24106
3729 - 3730: -31258
3730 - 3731: -35629
3731 - 3732: -36025
3732 - 3733: -14777
3733 - 3734: 18346
3734 - 3735: -37430
3735 - 3736: -21662
3736 - 3737: -16160
3737 - 3738: -32912
3738 - 3739: -34647
3739 - 3740: -38025
3740 - 3741: -38958
3741 - 3742: -35661
3742 - 3743: -34247
3743 - 3744: -37081
3744 - 3745: -35803
3745 - 3746: -32592
3746 - 3747: 13936
3747 - 3748: -22093
3748 - 3749: -27363
3749 - 3750: -36198
3750 - 3751: -34776
3751 - 3752: -23082
3752 - 3753: -35980
3753 - 3754: -36707
3754 - 3755: -36449
3755 - 3756: -36548
3756 - 3757: -36203
3757 - 3758: -39037
3758 - 3759: -27111
3759 - 3760: -37224
3760 - 3761: -31089
3761 - 3762: -34781
3762 - 3763: -37873
3763 - 3764: -36202
3764 - 3765: -35317
3765 - 3766: -17147
3766 - 3767: -37787
3767 - 3768: -37642
3768 - 3769: -39815
3769 - 3770: -22516
3770 - 3771: 5170
3771 - 3772: -39375
3772 - 3773: -37954
3773 - 3774: 30842
3774 - 3775: -35620
3775 - 3776: -35547
3776 - 3777: -35015
3777 - 3778: -31218
3778 - 3779: -36866
3779 - 3780: 4685
3780 - 3781: -22594
3781 - 3782: -24229
3782 - 3783: -35890
3783 - 3784: -29990
3784 - 3785: 8954
3785 - 3786: -34604
3786 - 3787: -35565
3787 - 3788: -17830
3788 - 3789: -15447
3789 - 3790: -33981
3790 - 3791: -38142
3791 - 3792: -35944
3792 - 3793: -39043
3793 - 3794: -30838
3794 - 3795: -19710
3795 - 3796: -16771
3796 - 3797: -35346
3797 - 3798: -36524
3798 - 3799: -33441
3799 - 3800: -33711
3800 - 3801: -37251
3801 - 3802: -34209
3802 - 3803: -35339
3803 - 3804: -25803
3804 - 3805: -22242
3805 - 3806: -19055
3806 - 3807: -36152
3807 - 3808: -21598
3808 - 3809: -12499
3809 - 3810: -32802
3810 - 3811: -34194
3811 - 3812: -25925
3812 - 3813: -38449
3813 - 3814: -36856
3814 - 3815: -37123
3815 - 3816: -30488
3816 - 3817: -16911
3817 - 3818: -35276
3818 - 3819: -27904
3819 - 3820: -36705
3820 - 3821: -21939
3821 - 3822: -22166
3822 - 3823: -35928
3823 - 3824: -33818
3824 - 3825: -20945
3825 - 3826: -24166
3826 - 3827: -34447
3827 - 3828: -34888
3828 - 3829: -30483
3829 - 3830: -20905
3830 - 3831: -32344
3831 - 3832: -20719
3832 - 3833: -38991
3833 - 3834: -21716
3834 - 3835: 29118
3835 - 3836: -29438
3836 - 3837: -12814
3837 - 3838: -36752
3838 - 3839: -38359
3839 - 3840: -37854
3840 - 3841: -28228
3841 - 3842: -35374
3842 - 3843: -37295
3843 - 3844: -28308
3844 - 3845: -34154
3845 - 3846: -23323
3846 - 3847: -35069
3847 - 3848: -30775
3848 - 3849: -37381
3849 - 3850: -32439
3850 - 3851: -36546
3851 - 3852: 34045
3852 - 3853: -26300
3853 - 3854: -32156
3854 - 3855: -25960
3855 - 3856: -18778
3856 - 3857: -34887
3857 - 3858: -34043
3858 - 3859: -35771
3859 - 3860: 23809
3860 - 3861: -38190
3861 - 3862: -34019
3862 - 3863: -37323
3863 - 3864: -34580
3864 - 3865: 22126
3865 - 3866: -38042
3866 - 3867: -36154
3867 - 3868: -32846
3868 - 3869: -34885
3869 - 3870: -35982
3870 - 3871: -35188
3871 - 3872: -30313
3872 - 3873: -21314
3873 - 3874: -19027
3874 - 3875: -42016
3875 - 3876: -23437
3876 - 3877: -34693
3877 - 3878: -26733
3878 - 3879: 13911
3879 - 3880: 32674
3880 - 3881: -36016
3881 - 3882: -33697
3882 - 3883: -37899
3883 - 3884: -21493
3884 - 3885: 33438
3885 - 3886: -37978
3886 - 3887: -36886
3887 - 3888: -34600
3888 - 3889: 16393
3889 - 3890: -9758
3890 - 3891: -36318
3891 - 3892: -35827
3892 - 3893: -34916
3893 - 3894: -31869
3894 - 3895: -29557
3895 - 3896: -32319
3896 - 3897: -36400
3897 - 3898: -33852
3898 - 3899: -38170
3899 - 3900: -14028
3900 - 3901: -34530
3901 - 3902: -30838
3902 - 3903: 431
3903 - 3904: -31746
3904 - 3905: -38212
3905 - 3906: -39058
3906 - 3907: -39042
3907 - 3908: -38764
3908 - 3909: -30724
3909 - 3910: -34323
3910 - 3911: -38446
3911 - 3912: -32597
3912 - 3913: -37197
3913 - 3914: -34423
3914 - 3915: -35300
3915 - 3916: -36729
3916 - 3917: -39523
3917 - 3918: -32424
3918 - 3919: -37546
3919 - 3920: -37248
3920 - 3921: -24818
3921 - 3922: -32033
3922 - 3923: -35858
3923 - 3924: -37619
3924 - 3925: -36705
3925 - 3926: -31688
3926 - 3927: -36380
3927 - 3928: -31574
3928 - 3929: -28156
3929 - 3930: -38331
3930 - 3931: -31491
3931 - 3932: -21976
3932 - 3933: -38468
3933 - 3934: -35356
3934 - 3935: -35457
3935 - 3936: -34792
3936 - 3937: -37186
3937 - 3938: -36604
3938 - 3939: -36510
3939 - 3940: -36712
3940 - 3941: -37231
3941 - 3942: -37634
3942 - 3943: -38366
3943 - 3944: -29770
3944 - 3945: -34561
3945 - 3946: -26402
3946 - 3947: -38027
3947 - 3948: -34029
3948 - 3949: -28524
3949 - 3950: -31638
3950 - 3951: 28814
3951 - 3952: -35710
3952 - 3953: -35081
3953 - 3954: -36900
3954 - 3955: -36964
3955 - 3956: -35214
3956 - 3957: -37752
3957 - 3958: -37327
3958 - 3959: -41550
3959 - 3960: -25578
3960 - 3961: -23083
3961 - 3962: -35242
3962 - 3963: -35145
3963 - 3964: -36498
3964 - 3965: -36889
3965 - 3966: -39128
3966 - 3967: -30557
3967 - 3968: -32257
3968 - 3969: -35409
3969 - 3970: -36984
3970 - 3971: -31234
3971 - 3972: -32420
3972 - 3973: -16708
3973 - 3974: -35484
3974 - 3975: -31596
3975 - 3976: -27776
3976 - 3977: -37637
3977 - 3978: -36027
3978 - 3979: -4570
3979 - 3980: -29184
3980 - 3981: -37170
3981 - 3982: -35165
3982 - 3983: -37463
3983 - 3984: -26357
3984 - 3985: -33897
3985 - 3986: -36190
3986 - 3987: -17383
3987 - 3988: -35828
3988 - 3989: -31272
3989 - 3990: -24738
3990 - 3991: 23790
3991 - 3992: -26495
3992 - 3993: -32336
3993 - 3994: -13072
3994 - 3995: 35088
3995 - 3996: -37167
3996 - 3997: -24128
3997 - 3998: 32121
3998 - 3999: -35945
3999 - 4000: -34692
4000 - 4001: 26094
4001 - 4002: -27848
4002 - 4003: -36772
4003 - 4004: -37674
4004 - 4005: -27999
4005 - 4006: -33659
4006 - 4007: -15005
4007 - 4008: -37175
4008 - 4009: -36292
4009 - 4010: -34639
4010 - 4011: -29865
4011 - 4012: -36561
4012 - 4013: -28871
4013 - 4014: -26872
4014 - 4015: -29784
4015 - 4016: -36948
4016 - 4017: -25804
4017 - 4018: -26753
4018 - 4019: -18587
4019 - 4020: -36313
4020 - 4021: -31288
4021 - 4022: -36305
4022 - 4023: -35882
4023 - 4024: -37536
4024 - 4025: -38960
4025 - 4026: -22439
4026 - 4027: -38029
4027 - 4028: 25182
4028 - 4029: -30750
4029 - 4030: -34232
4030 - 4031: -36544
4031 - 4032: -37203
4032 - 4033: -19992
4033 - 4034: -38359
4034 - 4035: -30938
4035 - 4036: -27548
4036 - 4037: -35643
4037 - 4038: -29241
4038 - 4039: -36293
4039 - 4040: -39245
4040 - 4041: -28258
4041 - 4042: -30223
4042 - 4043: -36908
4043 - 4044: -36905
4044 - 4045: -36893
4045 - 4046: 6300
4046 - 4047: -37397
4047 - 4048: -34264
4048 - 4049: -33521
4049 - 4050: -34775
4050 - 4051: 13862
4051 - 4052: -35986
4052 - 4053: -24103
4053 - 4054: -27669
4054 - 4055: -33221
4055 - 4056: -18932
4056 - 4057: -20035
4057 - 4058: -33880
4058 - 4059: -23826
4059 - 4060: -35749
4060 - 4061: -29364
4061 - 4062: -21220
4062 - 4063: -36279
4063 - 4064: -10682
4064 - 4065: -6379
4065 - 4066: -15105
4066 - 4067: -29955
4067 - 4068: -35196
4068 - 4069: 11806
4069 - 4070: -21903
4070 - 4071: -38425
4071 - 4072: -34519
4072 - 4073: -37243
4073 - 4074: -33102
4074 - 4075: -36353
4075 - 4076: -33889
4076 - 4077: -13625
4077 - 4078: -23964
4078 - 4079: -36744
4079 - 4080: -29068
4080 - 4081: -34631
4081 - 4082: -25469
4082 - 4083: -32727
4083 - 4084: -37043
4084 - 4085: -32158
4085 - 4086: -34824
4086 - 4087: -32328
4087 - 4088: -33935
4088 - 4089: -39414
4089 - 4090: -29863
4090 - 4091: -12950
4091 - 4092: -29720
4092 - 4093: -4259
4093 - 4094: -38564
4094 - 4095: -39589
4095 - 4096: -36813
4096 - 4097: -37268
4097 - 4098: -24812
4098 - 4099: -30728
4099 - 4100: -24443
4100 - 4101: -22985
4101 - 4102: -25155
4102 - 4103: 15146
4103 - 4104: -31938
4104 - 4105: -32311
4105 - 4106: -29578
4106 - 4107: -37436
4107 - 4108: -36361
4108 - 4109: 10176
4109 - 4110: 35621
4110 - 4111: -30541
4111 - 4112: 25583
4112 - 4113: -25345
4113 - 4114: -34735
4114 - 4115: -25930
4115 - 4116: -38384
4116 - 4117: -32542
4117 - 4118: 16945
4118 - 4119: -33709
4119 - 4120: -4413
4120 - 4121: -27438
4121 - 4122: -35862
4122 - 4123: -37773
4123 - 4124: -35955
4124 - 4125: -36395
4125 - 4126: -37495
4126 - 4127: -37886
4127 - 4128: -35035
4128 - 4129: -38596
4129 - 4130: -36503
4130 - 4131: -35832
4131 - 4132: -36069
4132 - 4133: 9693
4133 - 4134: -39457
4134 - 4135: 2121
4135 - 4136: -32306
4136 - 4137: 23553
4137 - 4138: -36495
4138 - 4139: -38280
4139 - 4140: 4040
4140 - 4141: -14098
4141 - 4142: -36552
4142 - 4143: -35801
4143 - 4144: -22356
4144 - 4145: -22909
4145 - 4146: -33905
4146 - 4147: -34164
4147 - 4148: 13549
4148 - 4149: -36984
4149 - 4150: -33333
4150 - 4151: -33998
4151 - 4152: -33907
4152 - 4153: -31485
4153 - 4154: -26093
4154 - 4155: -37732
4155 - 4156: -32167
4156 - 4157: 9583
4157 - 4158: -33850
4158 - 4159: -36820
4159 - 4160: -36848
4160 - 4161: -37810
4161 - 4162: -27933
4162 - 4163: -35585
4163 - 4164: 10018
4164 - 4165: -34248
4165 - 4166: -26308
4166 - 4167: -32494
4167 - 4168: -34726
4168 - 4169: -30412
4169 - 4170: -34032
4170 - 4171: -27390
4171 - 4172: -24952
4172 - 4173: -35960
4173 - 4174: -27568
4174 - 4175: -35818
4175 - 4176: -38907
4176 - 4177: -35607
4177 - 4178: -38712
4178 - 4179: -27287
4179 - 4180: -16505
4180 - 4181: -34415
4181 - 4182: -28890
4182 - 4183: 15873
4183 - 4184: -33920
4184 - 4185: -35727
4185 - 4186: -36446
4186 - 4187: -33946
4187 - 4188: -30966
4188 - 4189: 6142
4189 - 4190: -32041
4190 - 4191: -29444
4191 - 4192: -30886
4192 - 4193: -36446
4193 - 4194: -27347
4194 - 4195: -34922
4195 - 4196: -28281
4196 - 4197: -35385
4197 - 4198: -36303
4198 - 4199: -34808
4199 - 4200: -37074
4200 - 4201: -33706
4201 - 4202: -35526
4202 - 4203: -1855
4203 - 4204: -34669
4204 - 4205: -36323
4205 - 4206: -14244
4206 - 4207: -36999
4207 - 4208: -37390
4208 - 4209: -36476
4209 - 4210: -36906
4210 - 4211: -32368
4211 - 4212: -33412
4212 - 4213: -31922
4213 - 4214: -26702
4214 - 4215: 17194
4215 - 4216: -38296
4216 - 4217: -26149
4217 - 4218: 2211
4218 - 4219: -35950
4219 - 4220: -37393
4220 - 4221: -26701
4221 - 4222: -37114
4222 - 4223: -38501
4223 - 4224: -29570
4224 - 4225: -35677
4225 - 4226: -25752
4226 - 4227: -29817
4227 - 4228: 23587
4228 - 4229: -38186
4229 - 4230: -35856
4230 - 4231: -12427
4231 - 4232: -31744
4232 - 4233: -36520
4233 - 4234: -23694
4234 - 4235: -24871
4235 - 4236: 4463
4236 - 4237: -12497
4237 - 4238: -20883
4238 - 4239: -26337
4239 - 4240: -31207
4240 - 4241: -37512
4241 - 4242: -35364
4242 - 4243: -36156
4243 - 4244: -33468
4244 - 4245: -20289
4245 - 4246: -30496
4246 - 4247: -34105
4247 - 4248: -36189
4248 - 4249: 1223
4249 - 4250: -36920
4250 - 4251: -34500
4251 - 4252: -37801
4252 - 4253: -16751
4253 - 4254: -20582
4254 - 4255: -33318
4255 - 4256: -21224
4256 - 4257: 30086
4257 - 4258: -32745
4258 - 4259: -31029
4259 - 4260: -23572
4260 - 4261: -28017
4261 - 4262: -27329
4262 - 4263: -26602
4263 - 4264: -30435
4264 - 4265: -16510
4265 - 4266: 21862
4266 - 4267: -39487
4267 - 4268: -29064
4268 - 4269: -25267
4269 - 4270: -36897
4270 - 4271: -16824
4271 - 4272: -16124
4272 - 4273: -38163
4273 - 4274: -27378
4274 - 4275: -24441
4275 - 4276: -34844
4276 - 4277: 830
4277 - 4278: -32798
4278 - 4279: -15860
4279 - 4280: -28364
4280 - 4281: -19844
4281 - 4282: -36249
4282 - 4283: -35488
4283 - 4284: -32453
4284 - 4285: -34579
4285 - 4286: -27498
4286 - 4287: -24560
4287 - 4288: -27334
4288 - 4289: -34282
4289 - 4290: -34592
4290 - 4291: -26669
4291 - 4292: -30065
4292 - 4293: -34342
4293 - 4294: -36341
4294 - 4295: -27985
4295 - 4296: -25409
4296 - 4297: -38094
4297 - 4298: -31372
4298 - 4299: -6701
4299 - 4300: -40512
4300 - 4301: -21908
4301 - 4302: -11434
4302 - 4303: -27962
4303 - 4304: -32845
4304 - 4305: -13295
4305 - 4306: -15446
4306 - 4307: -11600
4307 - 4308: -26469
4308 - 4309: -37239
4309 - 4310: 881
4310 - 4311: -31820
4311 - 4312: -26608
4312 - 4313: -17733
4313 - 4314: -34971
4314 - 4315: -24055
4315 - 4316: -27765
4316 - 4317: -36556
4317 - 4318: -37488
4318 - 4319: -8703
4319 - 4320: -34747
4320 - 4321: -18835
4321 - 4322: -27386
4322 - 4323: 32626
4323 - 4324: 14444
4324 - 4325: -34509
4325 - 4326: 30079
4326 - 4327: -38420
4327 - 4328: -15919
4328 - 4329: -33904
4329 - 4330: -12057
4330 - 4331: -22476
4331 - 4332: -21715
4332 - 4333: -35917
4333 - 4334: -37725
4334 - 4335: -24912
4335 - 4336: 28740
4336 - 4337: -8553
4337 - 4338: -38760
4338 - 4339: -26438
4339 - 4340: -35163
4340 - 4341: -30578
4341 - 4342: -37902
4342 - 4343: -30947
4343 - 4344: -38136
4344 - 4345: -28767
4345 - 4346: -37690
4346 - 4347: -35876
4347 - 4348: -35146
4348 - 4349: -28895
4349 - 4350: -35851
4350 - 4351: -31156
4351 - 4352: -26898
4352 - 4353: 3989
4353 - 4354: -24906
4354 - 4355: -21442
4355 - 4356: -24568
4356 - 4357: -34119
4357 - 4358: -38967
4358 - 4359: -28018
4359 - 4360: -34091
4360 - 4361: -37068
4361 - 4362: -10158
4362 - 4363: -19250
4363 - 4364: -31647
4364 - 4365: -36964
4365 - 4366: -36031
4366 - 4367: 23031
4367 - 4368: -35519
4368 - 4369: -32470
4369 - 4370: -36179
4370 - 4371: -9488
4371 - 4372: -34392
4372 - 4373: -31022
4373 - 4374: -31670
4374 - 4375: -32767
4375 - 4376: 17442
4376 - 4377: -37228
4377 - 4378: -40729
4378 - 4379: -36294
4379 - 4380: -17728
4380 - 4381: -37023
4381 - 4382: -35826
4382 - 4383: -34636
4383 - 4384: -36032
4384 - 4385: -37725
4385 - 4386: -38621
4386 - 4387: -37479
4387 - 4388: -37295
4388 - 4389: -37605
4389 - 4390: -34304
4390 - 4391: -38104
4391 - 4392: -37737
4392 - 4393: -22121
4393 - 4394: -35442
4394 - 4395: 9680
4395 - 4396: -34235
4396 - 4397: -33268
4397 - 4398: -30742
4398 - 4399: -36906
4399 - 4400: -37458
4400 - 4401: -33758
4401 - 4402: -38633
4402 - 4403: -31545
4403 - 4404: -3864
4404 - 4405: -36060
4405 - 4406: -34879
4406 - 4407: -26414
4407 - 4408: -33971
4408 - 4409: -27546
4409 - 4410: -27662
4410 - 4411: -22380
4411 - 4412: -36999
4412 - 4413: -20733
4413 - 4414: -33378
4414 - 4415: -36165
4415 - 4416: -38222
4416 - 4417: 29379
4417 - 4418: -39406
4418 - 4419: -28646
4419 - 4420: -19058
4420 - 4421: -20166
4421 - 4422: -26196
4422 - 4423: 15028
4423 - 4424: -28238
4424 - 4425: -31562
4425 - 4426: -37876
4426 - 4427: -31958
4427 - 4428: -26979
4428 - 4429: -36793
4429 - 4430: -39431
4430 - 4431: -23122
4431 - 4432: -29891
4432 - 4433: -29960
4433 - 4434: -36309
4434 - 4435: -34072
4435 - 4436: -33770
4436 - 4437: -13289
4437 - 4438: -19527
4438 - 4439: -36345
4439 - 4440: -37168
4440 - 4441: -23011
4441 - 4442: -36003
4442 - 4443: -34994
4443 - 4444: -36089
4444 - 4445: -36441
4445 - 4446: -37914
4446 - 4447: -37860
4447 - 4448: -32482
4448 - 4449: -31427
4449 - 4450: -36511
4450 - 4451: -37421
4451 - 4452: -40772
4452 - 4453: -34801
4453 - 4454: -36892
4454 - 4455: -31891
4455 - 4456: -17446
4456 - 4457: -27500
4457 - 4458: -39077
4458 - 4459: -29544
4459 - 4460: -24579
4460 - 4461: -27889
4461 - 4462: -34501
4462 - 4463: -25950
4463 - 4464: -33063
4464 - 4465: -28468
4465 - 4466: 32890
4466 - 4467: -27044
4467 - 4468: -34375
4468 - 4469: -36845
4469 - 4470: -34949
4470 - 4471: -32828
4471 - 4472: -29190
4472 - 4473: -37052
4473 - 4474: -22137
4474 - 4475: -37308
4475 - 4476: -38437
4476 - 4477: -40116
4477 - 4478: 8932
4478 - 4479: -37074
4479 - 4480: -33900
4480 - 4481: -34956
4481 - 4482: -16197
4482 - 4483: -35173
4483 - 4484: -36568
4484 - 4485: -37197
4485 - 4486: -35944
4486 - 4487: -35681
4487 - 4488: -37476
4488 - 4489: -25378
4489 - 4490: -33117
4490 - 4491: -29790
4491 - 4492: -19102
4492 - 4493: -18836
4493 - 4494: -27926
4494 - 4495: -38625
4495 - 4496: -26700
4496 - 4497: -35083
4497 - 4498: -32605
4498 - 4499: -4018
4499 - 4500: -35422
4500 - 4501: -34282
4501 - 4502: -32200
4502 - 4503: -34366
4503 - 4504: -19845
4504 - 4505: -31559
4505 - 4506: -33365
4506 - 4507: -34848
4507 - 4508: 14378
4508 - 4509: 31457
4509 - 4510: -33638
4510 - 4511: -19003
4511 - 4512: -22462
4512 - 4513: -24094
4513 - 4514: -23953
4514 - 4515: -22252
4515 - 4516: -20663
4516 - 4517: 12194
4517 - 4518: -20724
4518 - 4519: -30766
4519 - 4520: -23314
4520 - 4521: -22183
4521 - 4522: -37432
4522 - 4523: -28627
4523 - 4524: -37001
4524 - 4525: -35757
4525 - 4526: -37465
4526 - 4527: -34006
4527 - 4528: -32901
4528 - 4529: -37150
4529 - 4530: -35026
4530 - 4531: -34623
4531 - 4532: -33045
4532 - 4533: 23518
4533 - 4534: -38855
4534 - 4535: -33657
4535 - 4536: -35605
4536 - 4537: -31364
4537 - 4538: -26143
4538 - 4539: -35780
4539 - 4540: -32572
4540 - 4541: -35441
4541 - 4542: -36389
4542 - 4543: 13385
4543 - 4544: -36273
4544 - 4545: -27304
4545 - 4546: -34657
4546 - 4547: 31657
4547 - 4548: -35544
4548 - 4549: -5536
4549 - 4550: -3814
4550 - 4551: -33125
4551 - 4552: -36287
4552 - 4553: -36966
4553 - 4554: -30186
4554 - 4555: -25210
4555 - 4556: -26678
4556 - 4557: -17663
4557 - 4558: -24288
4558 - 4559: -36806
4559 - 4560: -29895
4560 - 4561: -34036
4561 - 4562: -34660
4562 - 4563: -34009
4563 - 4564: -34324
4564 - 4565: 2457
4565 - 4566: -28583
4566 - 4567: -20560
4567 - 4568: -30913
4568 - 4569: 5197
4569 - 4570: -35337
4570 - 4571: -38913
4571 - 4572: 12827
4572 - 4573: -34725
4573 - 4574: -36539
4574 - 4575: -35934
4575 - 4576: -13502
4576 - 4577: -37395
4577 - 4578: -29317
4578 - 4579: -29418
4579 - 4580: -30074
4580 - 4581: -36407
4581 - 4582: -35853
4582 - 4583: -26999
4583 - 4584: 1815
4584 - 4585: -32816
4585 - 4586: -36752
4586 - 4587: 16367
4587 - 4588: -37687
4588 - 4589: -35018
4589 - 4590: -21588
4590 - 4591: -38292
4591 - 4592: -28840
4592 - 4593: -38524
4593 - 4594: -19275
4594 - 4595: -37473
4595 - 4596: 9620
4596 - 4597: -36268
4597 - 4598: -36007
4598 - 4599: -34429
4599 - 4600: -35938
4600 - 4601: -33370
4601 - 4602: -35411
4602 - 4603: -34948
4603 - 4604: -35240
4604 - 4605: -36857
4605 - 4606: -32223
4606 - 4607: -37344
4607 - 4608: 11033
4608 - 4609: -32010
4609 - 4610: -37293
4610 - 4611: 26812
4611 - 4612: -35028
4612 - 4613: -33462
4613 - 4614: -35836
4614 - 4615: -35763
4615 - 4616: -35523
4616 - 4617: -34494
4617 - 4618: -39672
4618 - 4619: -37046
4619 - 4620: -33420
4620 - 4621: -33030
4621 - 4622: -6877
4622 - 4623: -36074
4623 - 4624: -34833
4624 - 4625: -37290
4625 - 4626: -35472
4626 - 4627: -32622
4627 - 4628: 12306
4628 - 4629: -34130
4629 - 4630: -23200
4630 - 4631: -37752
4631 - 4632: -36072
4632 - 4633: -35469
4633 - 4634: -37818
4634 - 4635: -38622
4635 - 4636: -39682
4636 - 4637: -36707
4637 - 4638: -36862
4638 - 4639: -37398
4639 - 4640: -37373
4640 - 4641: -36879
4641 - 4642: -19179
4642 - 4643: -29412
4643 - 4644: -38221
4644 - 4645: -35043
4645 - 4646: -28585
4646 - 4647: -31005
4647 - 4648: -24905
4648 - 4649: -31728
4649 - 4650: -35774
4650 - 4651: -35831
4651 - 4652: -29430
4652 - 4653: -34387
4653 - 4654: -24543
4654 - 4655: -33750
4655 - 4656: -36156
4656 - 4657: -37562
4657 - 4658: -34300
4658 - 4659: -37175
4659 - 4660: -36021
4660 - 4661: -19117
4661 - 4662: -30739
4662 - 4663: -36249
4663 - 4664: -32001
4664 - 4665: -38537
4665 - 4666: -34702
4666 - 4667: -38575
4667 - 4668: -34373
4668 - 4669: -28686
4669 - 4670: -27727
4670 - 4671: -29301
4671 - 4672: -37467
4672 - 4673: -14236
4673 - 4674: -29115
4674 - 4675: -20095
4675 - 4676: -36588
4676 - 4677: -35371
4677 - 4678: -32011
4678 - 4679: -36394
4679 - 4680: -34523
4680 - 4681: -37024
4681 - 4682: -32978
4682 - 4683: 4595
4683 - 4684: -29847
4684 - 4685: -36599
4685 - 4686: -39356
4686 - 4687: -14512
4687 - 4688: -31099
4688 - 4689: -34044
4689 - 4690: -33902
4690 - 4691: -38607
4691 - 4692: -32458
4692 - 4693: -19139
4693 - 4694: -34662
4694 - 4695: -26454
4695 - 4696: -38677
4696 - 4697: -33975
4697 - 4698: -26486
4698 - 4699: -26860
4699 - 4700: -18946
4700 - 4701: -40815
4701 - 4702: -22447
4702 - 4703: -39944
4703 - 4704: -36269
4704 - 4705: 8311
4705 - 4706: -40309
4706 - 4707: -35884
4707 - 4708: -32902
4708 - 4709: -36730
4709 - 4710: -37237
4710 - 4711: -34358
4711 - 4712: -34699
4712 - 4713: -25266
4713 - 4714: -35894
4714 - 4715: -34077
4715 - 4716: -32802
4716 - 4717: -33532
4717 - 4718: -37341
4718 - 4719: -15244
4719 - 4720: -36805
4720 - 4721: -36423
4721 - 4722: -34307
4722 - 4723: -36263
4723 - 4724: -35190
4724 - 4725: -34221
4725 - 4726: -21683
4726 - 4727: -40596
4727 - 4728: -34321
4728 - 4729: -36929
4729 - 4730: -28981
4730 - 4731: -38849
4731 - 4732: -36915
4732 - 4733: -28486
4733 - 4734: -22306
4734 - 4735: -38837
4735 - 4736: -23308
4736 - 4737: -35521
4737 - 4738: -17263
4738 - 4739: -32605
4739 - 4740: -26294
4740 - 4741: -32788
4741 - 4742: -38538
4742 - 4743: 9391
4743 - 4744: -26436
4744 - 4745: -34172
4745 - 4746: -33258
4746 - 4747: -36604
4747 - 4748: -35531
4748 - 4749: -23091
4749 - 4750: -26537
4750 - 4751: -23052
4751 - 4752: -28819
4752 - 4753: -20370
4753 - 4754: -38709
4754 - 4755: 22920
4755 - 4756: -35871
4756 - 4757: -35338
4757 - 4758: 21306
4758 - 4759: -34643
4759 - 4760: -30497
4760 - 4761: 1434
4761 - 4762: -27233
4762 - 4763: -36518
4763 - 4764: -36587
4764 - 4765: -36505
4765 - 4766: -34587
4766 - 4767: -34534
4767 - 4768: -38271
4768 - 4769: -34389
4769 - 4770: -39868
4770 - 4771: -37115
4771 - 4772: -33299
4772 - 4773: 16107
4773 - 4774: -37220
4774 - 4775: -31064
4775 - 4776: -36532
4776 - 4777: -5878
4777 - 4778: -36109
4778 - 4779: -34900
4779 - 4780: -35392
4780 - 4781: 35105
4781 - 4782: -38955
4782 - 4783: -39353
4783 - 4784: -34848
4784 - 4785: -37993
4785 - 4786: -39632
4786 - 4787: -41836
4787 - 4788: -39018
4788 - 4789: -23484
4789 - 4790: 19600
4790 - 4791: -35185
4791 - 4792: -40240
4792 - 4793: -23451
4793 - 4794: 34560
4794 - 4795: -36754
4795 - 4796: -38218
4796 - 4797: -32754
4797 - 4798: -34418
4798 - 4799: -6247
4799 - 4800: -35382
4800 - 4801: -37327
4801 - 4802: -38993
4802 - 4803: -36094
4803 - 4804: -35861
4804 - 4805: -31608
4805 - 4806: 16539
4806 - 4807: -29374
4807 - 4808: -31768
4808 - 4809: -37475
4809 - 4810: -6142
4810 - 4811: -34554
4811 - 4812: -36376
4812 - 4813: -38206
4813 - 4814: -38919
4814 - 4815: -30043
4815 - 4816: -39672
4816 - 4817: -37255
4817 - 4818: -39573
4818 - 4819: -35943
4819 - 4820: -33122
4820 - 4821: -39687
4821 - 4822: -38442
4822 - 4823: -39688
4823 - 4824: -36509
4824 - 4825: -38676
4825 - 4826: -40831
4826 - 4827: -37917
4827 - 4828: -39174
4828 - 4829: -37757
4829 - 4830: -34371
4830 - 4831: -25108
4831 - 4832: -38712
4832 - 4833: -33344
4833 - 4834: -33223
4834 - 4835: -39543
4835 - 4836: -37773
4836 - 4837: -14909
4837 - 4838: -35040
4838 - 4839: 25100
4839 - 4840: -36503
4840 - 4841: -37985
4841 - 4842: -34213
4842 - 4843: -35676
4843 - 4844: -34429
4844 - 4845: -35262
4845 - 4846: -36263
4846 - 4847: -33631
4847 - 4848: -34295
4848 - 4849: -36500
4849 - 4850: -38810
4850 - 4851: -36611
4851 - 4852: 1346
4852 - 4853: -33027
4853 - 4854: -40762
4854 - 4855: -36049
4855 - 4856: -38588
4856 - 4857: -37781
4857 - 4858: -37063
4858 - 4859: -35727
4859 - 4860: -38599
4860 - 4861: -39737
4861 - 4862: -38333
4862 - 4863: -39660
4863 - 4864: -33141
4864 - 4865: -31661
4865 - 4866: -37071
4866 - 4867: -33804
4867 - 4868: -41967
4868 - 4869: -7682
4869 - 4870: -36763
4870 - 4871: -36127
4871 - 4872: -38915
4872 - 4873: -33171
4873 - 4874: -39457
4874 - 4875: -35945
4875 - 4876: -37563
4876 - 4877: -36423
4877 - 4878: 7298
4878 - 4879: -36071
4879 - 4880: -40147
4880 - 4881: -34746
4881 - 4882: -35812
4882 - 4883: 19080
4883 - 4884: -38467
4884 - 4885: -38032
4885 - 4886: -37070
4886 - 4887: -38123
4887 - 4888: -37426
4888 - 4889: -35357
4889 - 4890: -34828
4890 - 4891: -41732
4891 - 4892: -36145
4892 - 4893: -39241
4893 - 4894: -35460
4894 - 4895: -34389
4895 - 4896: -37767
4896 - 4897: -38797
4897 - 4898: -33960
4898 - 4899: -36767
4899 - 4900: -38731
4900 - 4901: -37929
4901 - 4902: -37227
4902 - 4903: -29994
4903 - 4904: -38732
4904 - 4905: -21264
4905 - 4906: -40098
4906 - 4907: 22012
4907 - 4908: -38141
4908 - 4909: -27064
4909 - 4910: -29095
4910 - 4911: -33241
4911 - 4912: -36158
4912 - 4913: -35135
4913 - 4914: -37588
4914 - 4915: -37041
4915 - 4916: -14356
4916 - 4917: -21025
4917 - 4918: -36722
4918 - 4919: -32563
4919 - 4920: -36869
4920 - 4921: -37060
4921 - 4922: -34989
4922 - 4923: 31420
4923 - 4924: -36378
4924 - 4925: -37777
4925 - 4926: -37393
4926 - 4927: -21858
4927 - 4928: -15078
4928 - 4929: 13764
4929 - 4930: -33935
4930 - 4931: -11883
4931 - 4932: -24881
4932 - 4933: -28535
4933 - 4934: -28313
4934 - 4935: -33997
4935 - 4936: -37498
4936 - 4937: -30036
4937 - 4938: -25615
4938 - 4939: -38435
4939 - 4940: -32932
4940 - 4941: -35831
4941 - 4942: -35402
4942 - 4943: -29394
4943 - 4944: -20861
4944 - 4945: -35702
4945 - 4946: -23526
4946 - 4947: 14531
4947 - 4948: -13052
4948 - 4949: -27429
4949 - 4950: -35326
4950 - 4951: -33696
4951 - 4952: -34293
4952 - 4953: 780
4953 - 4954: -31901
4954 - 4955: -29126
4955 - 4956: 9944
4956 - 4957: -23469
4957 - 4958: -20372
4958 - 4959: 32374
4959 - 4960: -8797
4960 - 4961: -19294
4961 - 4962: -22515
4962 - 4963: 44119
4963 - 4964: 16042
4964 - 4965: -26819
4965 - 4966: 8581
4966 - 4967: -27842
4967 - 4968: -30048
4968 - 4969: -31384
4969 - 4970: -23071
4970 - 4971: -37163
4971 - 4972: -29988
4972 - 4973: 28416
4973 - 4974: -39720
4974 - 4975: -36000
4975 - 4976: -35207
4976 - 4977: -36458
4977 - 4978: -32746
4978 - 4979: -23318
4979 - 4980: -36327
4980 - 4981: -37081
4981 - 4982: -27091
4982 - 4983: -37317
4983 - 4984: -27736
4984 - 4985: -37511
4985 - 4986: -36041
4986 - 4987: 577
4987 - 4988: -17157
4988 - 4989: -30339
4989 - 4990: -30566
4990 - 4991: -28037
4991 - 4992: -35273
4992 - 4993: -36907
4993 - 4994: -24165
4994 - 4995: -36162
4995 - 4996: -39383
4996 - 4997: -35462
4997 - 4998: -34835
4998 - 4999: -33191
4999 - 5000: 0

Timing completed for program using OpenMP with 1 threads and 247794792 CPUs
Reading in File: 4.942000 nanoseconds
Comparisons of wiki pages: 203.565000 nanoseconds
Overall time: 208.507000 nanoseconds
