0 - 1: 32923
1 - 2: -33872
2 - 3: -36905
3 - 4: -35406
4 - 5: -35603
5 - 6: -35979
6 - 7: -38003
7 - 8: -33135
8 - 9: -38442
9 - 10: -37212
10 - 11: -31835
11 - 12: 13186
12 - 13: -33778
13 - 14: 31472
14 - 15: -39317
15 - 16: 23462
16 - 17: 18916
17 - 18: 33725
18 - 19: 7197
19 - 20: 13519
20 - 21: -29635
21 - 22: -33212
22 - 23: -34680
23 - 24: 27238
24 - 25: -38971
25 - 26: 17946
26 - 27: -33216
27 - 28: -32909
28 - 29: 7333
29 - 30: 19856
30 - 31: -32510
31 - 32: -37646
32 - 33: 7763
33 - 34: -28930
34 - 35: -34819
35 - 36: 11449
36 - 37: -36574
37 - 38: -39085
38 - 39: 21781
39 - 40: -25357
40 - 41: 25551
41 - 42: 30922
42 - 43: 33900
43 - 44: -33945
44 - 45: -33911
45 - 46: -654
46 - 47: -28370
47 - 48: -37862
48 - 49: -35876
49 - 50: -38291
50 - 51: -37577
51 - 52: -34411
52 - 53: -24431
53 - 54: -33948
54 - 55: -36749
55 - 56: -21401
56 - 57: -33758
57 - 58: -33173
58 - 59: -39807
59 - 60: -37924
60 - 61: -1579
61 - 62: -35486
62 - 63: 19366
63 - 64: -36547
64 - 65: -15061
65 - 66: -38117
66 - 67: -36615
67 - 68: -25894
68 - 69: -30138
69 - 70: -35824
70 - 71: -28419
71 - 72: -36362
72 - 73: -36600
73 - 74: -25524
74 - 75: -37236
75 - 76: -37511
76 - 77: -36256
77 - 78: 137
78 - 79: -34241
79 - 80: -24083
80 - 81: -30723
81 - 82: -41974
82 - 83: -36567
83 - 84: -37094
84 - 85: -23866
85 - 86: -33188
86 - 87: -25587
87 - 88: -38171
88 - 89: -36662
89 - 90: -35483
90 - 91: -39005
91 - 92: -1138
92 - 93: -35965
93 - 94: -23237
94 - 95: -35664
95 - 96: -26377
96 - 97: -33522
97 - 98: -30771
98 - 99: -31945
99 - 100: -30114
100 - 101: -38379
101 - 102: -33866
102 - 103: -28712
103 - 104: -29976
104 - 105: -30368
105 - 106: 744
106 - 107: -32903
107 - 108: -32464
108 - 109: -29433
109 - 110: -30931
110 - 111: -29590
111 - 112: -32101
112 - 113: -30031
113 - 114: -28850
114 - 115: -23739
115 - 116: -29443
116 - 117: -30632
117 - 118: 45180
118 - 119: -29238
119 - 120: -30189
120 - 121: -36960
121 - 122: -32591
122 - 123: -35705
123 - 124: -34353
124 - 125: -27745
125 - 126: -29488
126 - 127: -30558
127 - 128: -35183
128 - 129: -32825
129 - 130: -24943
130 - 131: -38715
131 - 132: -26130
132 - 133: -37629
133 - 134: -28412
134 - 135: -33958
135 - 136: 22350
136 - 137: -32177
137 - 138: -20237
138 - 139: -37518
139 - 140: -30415
140 - 141: -35739
141 - 142: -34704
142 - 143: -30182
143 - 144: -31862
144 - 145: -35759
145 - 146: -30841
146 - 147: -34718
147 - 148: -32339
148 - 149: 9765
149 - 150: -30471
150 - 151: -25624
151 - 152: -28440
152 - 153: -30260
153 - 154: -34084
154 - 155: -27900
155 - 156: -37811
156 - 157: -36597
157 - 158: -35782
158 - 159: -27357
159 - 160: -28782
160 - 161: -29944
161 - 162: -27684
162 - 163: -36056
163 - 164: -32761
164 - 165: -33854
165 - 166: -35216
166 - 167: -30532
167 - 168: 15956
168 - 169: -32519
169 - 170: -27244
170 - 171: -30218
171 - 172: -38490
172 - 173: -27120
173 - 174: -31148
174 - 175: -32145
175 - 176: -30161
176 - 177: -30411
177 - 178: -31375
178 - 179: -35917
179 - 180: -30071
180 - 181: -36440
181 - 182: -31650
182 - 183: -34558
183 - 184: -31955
184 - 185: -32842
185 - 186: -30930
186 - 187: -31142
187 - 188: -36648
188 - 189: -28953
189 - 190: -30897
190 - 191: -28360
191 - 192: 5637
192 - 193: -33017
193 - 194: -36762
194 - 195: -25549
195 - 196: -8864
196 - 197: -34794
197 - 198: -23474
198 - 199: -32328
199 - 200: -31990
200 - 201: -29353
201 - 202: -36141
202 - 203: -33931
203 - 204: -34620
204 - 205: -35086
205 - 206: -30572
206 - 207: 164
207 - 208: -34772
208 - 209: -29594
209 - 210: -4088
210 - 211: -28495
211 - 212: -11339
212 - 213: -20216
213 - 214: -24263
214 - 215: -34409
215 - 216: 20546
216 - 217: -36971
217 - 218: -35820
218 - 219: -16576
219 - 220: -36910
220 - 221: -34977
221 - 222: -22314
222 - 223: -35491
223 - 224: -36639
224 - 225: -28170
225 - 226: -33301
226 - 227: -34305
227 - 228: 24640
228 - 229: -35507
229 - 230: -36686
230 - 231: -33600
231 - 232: -32476
232 - 233: -36488
233 - 234: -23824
234 - 235: 22682
235 - 236: -16502
236 - 237: -36479
237 - 238: -27122
238 - 239: -25091
239 - 240: 13114
240 - 241: 9220
241 - 242: -34592
242 - 243: -34704
243 - 244: -31596
244 - 245: -6595
245 - 246: -7987
246 - 247: -9350
247 - 248: -7402
248 - 249: -7330
249 - 250: -7506
250 - 251: -7942
251 - 252: -6994
252 - 253: -9643
253 - 254: -8250
254 - 255: -7990
255 - 256: -7402
256 - 257: -8704
257 - 258: -8341
258 - 259: -35832
259 - 260: 16436
260 - 261: -26496
261 - 262: 31541
262 - 263: -37047
263 - 264: 8384
264 - 265: -36864
265 - 266: -35536
266 - 267: 12155
267 - 268: -32571
268 - 269: -33732
269 - 270: -35561
270 - 271: -31686
271 - 272: -25035
272 - 273: -36221
273 - 274: -12555
274 - 275: -36400
275 - 276: -38019
276 - 277: 22845
277 - 278: -35200
278 - 279: -41097
279 - 280: -28427
280 - 281: -30521
281 - 282: -31385
282 - 283: -29955
283 - 284: -37817
284 - 285: -29449
285 - 286: -34827
286 - 287: -31464
287 - 288: -38377
288 - 289: -29922
289 - 290: -29871
290 - 291: -24828
291 - 292: -33654
292 - 293: -20142
293 - 294: -29737
294 - 295: -32330
295 - 296: -29895
296 - 297: -38203
297 - 298: -39935
298 - 299: -18460
299 - 300: -34434
300 - 301: -35455
301 - 302: 45178
302 - 303: -25912
303 - 304: -31674
304 - 305: -32771
305 - 306: -27515
306 - 307: -35341
307 - 308: -36674
308 - 309: -35773
309 - 310: -35580
310 - 311: -34431
311 - 312: -32688
312 - 313: -37176
313 - 314: -34026
314 - 315: -37736
315 - 316: -28734
316 - 317: -29259
317 - 318: -31870
318 - 319: -35593
319 - 320: -34108
320 - 321: -29549
321 - 322: -31794
322 - 323: -38599
323 - 324: -31269
324 - 325: -35865
325 - 326: -36303
326 - 327: -20058
327 - 328: -29366
328 - 329: -33415
329 - 330: -29165
330 - 331: -32196
331 - 332: -36697
332 - 333: -36659
333 - 334: -39912
334 - 335: -34446
335 - 336: -38276
336 - 337: -38051
337 - 338: -35650
338 - 339: -36319
339 - 340: -26594
340 - 341: 1769
341 - 342: -35398
342 - 343: -29971
343 - 344: -35855
344 - 345: -24590
345 - 346: -35523
346 - 347: -35556
347 - 348: -34161
348 - 349: -39873
349 - 350: -34070
350 - 351: -31125
351 - 352: 3844
352 - 353: -38992
353 - 354: 21570
354 - 355: -35360
355 - 356: -24275
356 - 357: -34306
357 - 358: -32584
358 - 359: -34008
359 - 360: -32579
360 - 361: -36063
361 - 362: -36841
362 - 363: -37993
363 - 364: -39345
364 - 365: -30316
365 - 366: -36717
366 - 367: -36377
367 - 368: -38621
368 - 369: -28940
369 - 370: -38656
370 - 371: -35582
371 - 372: -33963
372 - 373: -26312
373 - 374: -20628
374 - 375: -35705
375 - 376: -35629
376 - 377: -39208
377 - 378: -29841
378 - 379: -32994
379 - 380: -32777
380 - 381: -37011
381 - 382: -36701
382 - 383: -36397
383 - 384: -32858
384 - 385: -36065
385 - 386: -28606
386 - 387: -33742
387 - 388: -33404
388 - 389: -32631
389 - 390: -27553
390 - 391: -27083
391 - 392: -33288
392 - 393: -34252
393 - 394: -20406
394 - 395: -36016
395 - 396: -35280
396 - 397: -25924
397 - 398: -31413
398 - 399: -36645
399 - 400: -34746
400 - 401: -32955
401 - 402: -36776
402 - 403: -33825
403 - 404: -29350
404 - 405: -28282
405 - 406: 10709
406 - 407: -38279
407 - 408: -39695
408 - 409: 7768
409 - 410: -30388
410 - 411: -32798
411 - 412: -38226
412 - 413: -36913
413 - 414: -38823
414 - 415: -37822
415 - 416: 35909
416 - 417: -36972
417 - 418: -25586
418 - 419: -38921
419 - 420: -27485
420 - 421: -30242
421 - 422: -5259
422 - 423: -25371
423 - 424: -32293
424 - 425: -26949
425 - 426: -30583
426 - 427: 29984
427 - 428: -35021
428 - 429: -23408
429 - 430: 25452
430 - 431: -35028
431 - 432: -28676
432 - 433: 27640
433 - 434: -37075
434 - 435: -32410
435 - 436: -36888
436 - 437: -35812
437 - 438: -35920
438 - 439: -35537
439 - 440: -16255
440 - 441: 4494
441 - 442: -34740
442 - 443: 9835
443 - 444: -37018
444 - 445: -39160
445 - 446: -37225
446 - 447: -37908
447 - 448: -40083
448 - 449: -34767
449 - 450: -20809
450 - 451: -36928
451 - 452: -36265
452 - 453: -5586
453 - 454: -36170
454 - 455: -35894
455 - 456: 2706
456 - 457: -36835
457 - 458: -20974
458 - 459: -36124
459 - 460: -36915
460 - 461: -22759
461 - 462: -35518
462 - 463: -36168
463 - 464: -31836
464 - 465: -36737
465 - 466: -27093
466 - 467: -38054
467 - 468: -28184
468 - 469: -37445
469 - 470: -12583
470 - 471: -7121
471 - 472: -34160
472 - 473: -31644
473 - 474: -34659
474 - 475: -21866
475 - 476: 10080
476 - 477: -37402
477 - 478: -36403
478 - 479: -33684
479 - 480: -37976
480 - 481: -36778
481 - 482: -35079
482 - 483: -20554
483 - 484: -35071
484 - 485: -15319
485 - 486: -29897
486 - 487: -32402
487 - 488: -35223
488 - 489: -29025
489 - 490: -17207
490 - 491: -36004
491 - 492: -36091
492 - 493: -27779
493 - 494: -33713
494 - 495: -28332
495 - 496: -35899
496 - 497: -35497
497 - 498: -27708
498 - 499: 786
499 - 500: -34337
500 - 501: -34242
501 - 502: -39162
502 - 503: -38613
503 - 504: -16275
504 - 505: -18347
505 - 506: -21741
506 - 507: -39983
507 - 508: -23747
508 - 509: -37686
509 - 510: -30075
510 - 511: -36982
511 - 512: -33624
512 - 513: 25206
513 - 514: -31892
514 - 515: -35666
515 - 516: -33687
516 - 517: -36971
517 - 518: -33614
518 - 519: -35570
519 - 520: -35094
520 - 521: -37770
521 - 522: -35226
522 - 523: -38114
523 - 524: -39511
524 - 525: -28304
525 - 526: -37836
526 - 527: -25058
527 - 528: -35216
528 - 529: -33604
529 - 530: -34233
530 - 531: -35264
531 - 532: -35934
532 - 533: -34130
533 - 534: -33970
534 - 535: -33013
535 - 536: -26463
536 - 537: -32591
537 - 538: -35541
538 - 539: -36498
539 - 540: -35289
540 - 541: -34451
541 - 542: -36648
542 - 543: -35923
543 - 544: -34488
544 - 545: -36050
545 - 546: -36177
546 - 547: -35716
547 - 548: -34684
548 - 549: -33463
549 - 550: -36258
550 - 551: -34111
551 - 552: -34709
552 - 553: -34654
553 - 554: -25473
554 - 555: -30643
555 - 556: -28458
556 - 557: -29443
557 - 558: -35063
558 - 559: 1315
559 - 560: -23398
560 - 561: -23291
561 - 562: -24278
562 - 563: -23583
563 - 564: -29539
564 - 565: -35745
565 - 566: -36447
566 - 567: -37757
567 - 568: -36370
568 - 569: -33336
569 - 570: -17240
570 - 571: -30562
571 - 572: -29463
572 - 573: -19986
573 - 574: -35897
574 - 575: -33284
575 - 576: -34418
576 - 577: -33299
577 - 578: -34812
578 - 579: -38161
579 - 580: -37859
580 - 581: 29025
581 - 582: 34022
582 - 583: -35713
583 - 584: -28753
584 - 585: -38807
585 - 586: 312
586 - 587: -32908
587 - 588: -26619
588 - 589: -37638
589 - 590: -39987
590 - 591: -39924
591 - 592: -38498
592 - 593: -36886
593 - 594: -38688
594 - 595: -38261
595 - 596: -38196
596 - 597: -35722
597 - 598: -37282
598 - 599: -32228
599 - 600: -34464
600 - 601: -33143
601 - 602: -31690
602 - 603: -36159
603 - 604: -38059
604 - 605: 19862
605 - 606: -19492
606 - 607: 10381
607 - 608: -41628
608 - 609: -36991
609 - 610: -34285
610 - 611: 33768
611 - 612: -37157
612 - 613: -35249
613 - 614: -36167
614 - 615: -36439
615 - 616: -28643
616 - 617: -34176
617 - 618: -23471
618 - 619: -33608
619 - 620: -30322
620 - 621: -36564
621 - 622: -31716
622 - 623: 25498
623 - 624: -36965
624 - 625: -35133
625 - 626: -37649
626 - 627: -30190
627 - 628: -27590
628 - 629: -21176
629 - 630: -35975
630 - 631: -33999
631 - 632: -30178
632 - 633: -36635
633 - 634: -36432
634 - 635: -26029
635 - 636: 33186
636 - 637: -34537
637 - 638: -34337
638 - 639: -41983
639 - 640: 31485
640 - 641: -41032
641 - 642: -17977
642 - 643: -37706
643 - 644: -35202
644 - 645: -25397
645 - 646: -22378
646 - 647: -34880
647 - 648: -36534
648 - 649: -37921
649 - 650: -37931
650 - 651: -30238
651 - 652: -22563
652 - 653: -23034
653 - 654: -35538
654 - 655: -36137
655 - 656: -36481
656 - 657: -39089
657 - 658: -33971
658 - 659: -36378
659 - 660: -34551
660 - 661: -27978
661 - 662: -36120
662 - 663: 30956
663 - 664: -24188
664 - 665: -37739
665 - 666: -34980
666 - 667: -27560
667 - 668: -36599
668 - 669: -37200
669 - 670: -32835
670 - 671: -35937
671 - 672: -35437
672 - 673: -29095
673 - 674: -36603
674 - 675: -37830
675 - 676: -34814
676 - 677: -36634
677 - 678: -35896
678 - 679: -27734
679 - 680: -36687
680 - 681: -33688
681 - 682: -36698
682 - 683: -37174
683 - 684: -37074
684 - 685: -34442
685 - 686: -28448
686 - 687: -23799
687 - 688: -31830
688 - 689: -27481
689 - 690: -31225
690 - 691: -27832
691 - 692: -33849
692 - 693: -36852
693 - 694: -34508
694 - 695: -26339
695 - 696: -36503
696 - 697: 7480
697 - 698: -35720
698 - 699: -32862
699 - 700: -36955
700 - 701: -21506
701 - 702: -35948
702 - 703: -26082
703 - 704: -37296
704 - 705: -30231
705 - 706: -35797
706 - 707: -34042
707 - 708: -22347
708 - 709: -35820
709 - 710: -35678
710 - 711: -18411
711 - 712: -17585
712 - 713: -37947
713 - 714: -1591
714 - 715: -15720
715 - 716: -31169
716 - 717: 25591
717 - 718: -30681
718 - 719: -28971
719 - 720: -36681
720 - 721: -37947
721 - 722: -34024
722 - 723: -31135
723 - 724: -30865
724 - 725: -33818
725 - 726: -35445
726 - 727: -31489
727 - 728: -36300
728 - 729: -34383
729 - 730: -35131
730 - 731: -36017
731 - 732: -34007
732 - 733: -15915
733 - 734: -30036
734 - 735: -35796
735 - 736: -33348
736 - 737: -33839
737 - 738: -36842
738 - 739: -37044
739 - 740: -20987
740 - 741: -25460
741 - 742: -36799
742 - 743: -30591
743 - 744: -35008
744 - 745: -33138
745 - 746: -18832
746 - 747: -37596
747 - 748: -30645
748 - 749: -35930
749 - 750: -31049
750 - 751: -27285
751 - 752: -33848
752 - 753: -32327
753 - 754: -34783
754 - 755: -34577
755 - 756: -35972
756 - 757: -30290
757 - 758: -26373
758 - 759: -37710
759 - 760: -27409
760 - 761: -25655
761 - 762: -37128
762 - 763: -36622
763 - 764: -35973
764 - 765: -39043
765 - 766: -38377
766 - 767: -33360
767 - 768: -9517
768 - 769: -29843
769 - 770: -36346
770 - 771: -32876
771 - 772: -38701
772 - 773: -35990
773 - 774: -37605
774 - 775: -37930
775 - 776: -39080
776 - 777: -35123
777 - 778: -35993
778 - 779: -36546
779 - 780: -35961
780 - 781: -38802
781 - 782: 16179
782 - 783: -37457
783 - 784: -36664
784 - 785: -25524
785 - 786: -34268
786 - 787: 33183
787 - 788: -32484
788 - 789: -33105
789 - 790: -34997
790 - 791: -24684
791 - 792: -31513
792 - 793: -33798
793 - 794: -34223
794 - 795: -33312
795 - 796: -9459
796 - 797: -36075
797 - 798: -36833
798 - 799: -32788
799 - 800: -38174
800 - 801: -38029
801 - 802: -29801
802 - 803: -19812
803 - 804: -27291
804 - 805: -27451
805 - 806: -24130
806 - 807: 31382
807 - 808: -37908
808 - 809: -37508
809 - 810: -35613
810 - 811: -37017
811 - 812: -23313
812 - 813: -38335
813 - 814: -33940
814 - 815: -36420
815 - 816: -25670
816 - 817: -33443
817 - 818: -34127
818 - 819: -29469
819 - 820: -27512
820 - 821: -31383
821 - 822: -36184
822 - 823: -35118
823 - 824: 33653
824 - 825: -27547
825 - 826: -31445
826 - 827: -29919
827 - 828: -36291
828 - 829: 15949
829 - 830: -18065
830 - 831: -37142
831 - 832: -36180
832 - 833: -33592
833 - 834: -27853
834 - 835: -33365
835 - 836: -36448
836 - 837: -35484
837 - 838: 25277
838 - 839: -39250
839 - 840: -35654
840 - 841: -36175
841 - 842: -29278
842 - 843: -33148
843 - 844: -6550
844 - 845: -37078
845 - 846: -34027
846 - 847: -38390
847 - 848: -37110
848 - 849: -3051
849 - 850: 2536
850 - 851: -34154
851 - 852: -36429
852 - 853: -37559
853 - 854: -36803
854 - 855: -36653
855 - 856: -29060
856 - 857: -34589
857 - 858: -37031
858 - 859: -37789
859 - 860: -20144
860 - 861: -34937
861 - 862: -36059
862 - 863: -37195
863 - 864: 85
864 - 865: -22061
865 - 866: -37299
866 - 867: -37854
867 - 868: -7310
868 - 869: -34432
869 - 870: -30434
870 - 871: -34784
871 - 872: -32481
872 - 873: -28364
873 - 874: -38835
874 - 875: -35769
875 - 876: -33551
876 - 877: -29736
877 - 878: -27421
878 - 879: -31234
879 - 880: 27904
880 - 881: -21617
881 - 882: -30776
882 - 883: -24675
883 - 884: -37437
884 - 885: -17020
885 - 886: -35622
886 - 887: -36262
887 - 888: -15058
888 - 889: -36652
889 - 890: -38764
890 - 891: -30293
891 - 892: -41359
892 - 893: -29475
893 - 894: -34322
894 - 895: -36872
895 - 896: -27209
896 - 897: -20673
897 - 898: -22435
898 - 899: -37164
899 - 900: -37503
900 - 901: -36047
901 - 902: -41881
902 - 903: -35033
903 - 904: -19523
904 - 905: 209
905 - 906: -36528
906 - 907: -27546
907 - 908: -36529
908 - 909: -15017
909 - 910: -35068
910 - 911: -15646
911 - 912: -32542
912 - 913: -33325
913 - 914: -37935
914 - 915: -37747
915 - 916: -30530
916 - 917: -22845
917 - 918: -34904
918 - 919: -37286
919 - 920: -36982
920 - 921: -34984
921 - 922: -37049
922 - 923: -36521
923 - 924: -33985
924 - 925: -29029
925 - 926: 8000
926 - 927: -37495
927 - 928: -26281
928 - 929: 27350
929 - 930: 30599
930 - 931: -37107
931 - 932: -36142
932 - 933: 19654
933 - 934: -13465
934 - 935: 10074
935 - 936: -36548
936 - 937: -36551
937 - 938: -37330
938 - 939: -35721
939 - 940: -32820
940 - 941: -27945
941 - 942: -22703
942 - 943: -29371
943 - 944: -33667
944 - 945: -30919
945 - 946: -36874
946 - 947: -35376
947 - 948: -32536
948 - 949: -36292
949 - 950: -36255
950 - 951: -19041
951 - 952: -35738
952 - 953: -25026
953 - 954: -26580
954 - 955: 5557
955 - 956: -35256
956 - 957: -35943
957 - 958: -36848
958 - 959: -36229
959 - 960: 22522
960 - 961: -27276
961 - 962: -26733
962 - 963: -27449
963 - 964: -35786
964 - 965: -33090
965 - 966: 7256
966 - 967: -36343
967 - 968: -34410
968 - 969: -37337
969 - 970: -30950
970 - 971: -38501
971 - 972: -38880
972 - 973: -38962
973 - 974: -36175
974 - 975: -37270
975 - 976: -37477
976 - 977: -32764
977 - 978: 25736
978 - 979: -4657
979 - 980: -21305
980 - 981: -10191
981 - 982: -40300
982 - 983: -38738
983 - 984: 14314
984 - 985: 28607
985 - 986: -34486
986 - 987: -18512
987 - 988: -36929
988 - 989: -38525
989 - 990: -10484
990 - 991: -25645
991 - 992: -34431
992 - 993: -33391
993 - 994: -30990
994 - 995: 31487
995 - 996: 20463
996 - 997: -19873
997 - 998: -37523
998 - 999: -34007
999 - 1000: 0

Timing completed for program using OpenMP with 1 threads and -1880974232 CPUs
Reading in File: 1.249000 nanoseconds
Comparisons of wiki pages: 100.367000 nanoseconds
Overall time: 101.616000 nanoseconds
