0 - 1: 32923
1 - 2: -33872
2 - 3: -36905
3 - 4: -35406
4 - 5: -35603
5 - 6: -35979
6 - 7: -38003
7 - 8: -33135
8 - 9: -38442
9 - 10: -37212
10 - 11: -31835
11 - 12: 13186
12 - 13: -33778
13 - 14: 31472
14 - 15: -39317
15 - 16: 23462
16 - 17: 18916
17 - 18: 33725
18 - 19: 7197
19 - 20: 13519
20 - 21: -29635
21 - 22: -33212
22 - 23: -34680
23 - 24: 27238
24 - 25: -38971
25 - 26: 17946
26 - 27: -33216
27 - 28: -32909
28 - 29: 7333
29 - 30: 19856
30 - 31: -32510
31 - 32: -37646
32 - 33: 7763
33 - 34: -28930
34 - 35: -34819
35 - 36: 11449
36 - 37: -36574
37 - 38: -39085
38 - 39: 21781
39 - 40: -25357
40 - 41: 25551
41 - 42: 30922
42 - 43: 33900
43 - 44: -33945
44 - 45: -33911
45 - 46: -654
46 - 47: -28370
47 - 48: -37862
48 - 49: -35876
49 - 50: -38291
50 - 51: -37577
51 - 52: -34411
52 - 53: -24431
53 - 54: -33948
54 - 55: -36749
55 - 56: -21401
56 - 57: -33758
57 - 58: -33173
58 - 59: -39807
59 - 60: -37924
60 - 61: -1579
61 - 62: -35486
62 - 63: 19366
63 - 64: -36547
64 - 65: -15061
65 - 66: -38117
66 - 67: -36615
67 - 68: -25894
68 - 69: -30138
69 - 70: -35824
70 - 71: -28419
71 - 72: -36362
72 - 73: -36600
73 - 74: -25524
74 - 75: -37236
75 - 76: -37511
76 - 77: -36256
77 - 78: 137
78 - 79: -34241
79 - 80: -24083
80 - 81: -30723
81 - 82: -41974
82 - 83: -36567
83 - 84: -37094
84 - 85: -23866
85 - 86: -33188
86 - 87: -25587
87 - 88: -38171
88 - 89: -36662
89 - 90: -35483
90 - 91: -39005
91 - 92: -1138
92 - 93: -35965
93 - 94: -23237
94 - 95: -35664
95 - 96: -26377
96 - 97: -33522
97 - 98: -30771
98 - 99: -31945
99 - 100: -30114
100 - 101: -38379
101 - 102: -33866
102 - 103: -28712
103 - 104: -29976
104 - 105: -30368
105 - 106: 744
106 - 107: -32903
107 - 108: -32464
108 - 109: -29433
109 - 110: -30931
110 - 111: -29590
111 - 112: -32101
112 - 113: -30031
113 - 114: -28850
114 - 115: -23739
115 - 116: -29443
116 - 117: -30632
117 - 118: 45180
118 - 119: -29238
119 - 120: -30189
120 - 121: -36960
121 - 122: -32591
122 - 123: -35705
123 - 124: -34353
124 - 125: -27745
125 - 126: -29488
126 - 127: -30558
127 - 128: -35183
128 - 129: -32825
129 - 130: -24943
130 - 131: -38715
131 - 132: -26130
132 - 133: -37629
133 - 134: -28412
134 - 135: -33958
135 - 136: 22350
136 - 137: -32177
137 - 138: -20237
138 - 139: -37518
139 - 140: -30415
140 - 141: -35739
141 - 142: -34704
142 - 143: -30182
143 - 144: -31862
144 - 145: -35759
145 - 146: -30841
146 - 147: -34718
147 - 148: -32339
148 - 149: 9765
149 - 150: -30471
150 - 151: -25624
151 - 152: -28440
152 - 153: -30260
153 - 154: -34084
154 - 155: -27900
155 - 156: -37811
156 - 157: -36597
157 - 158: -35782
158 - 159: -27357
159 - 160: -28782
160 - 161: -29944
161 - 162: -27684
162 - 163: -36056
163 - 164: -32761
164 - 165: -33854
165 - 166: -35216
166 - 167: -30532
167 - 168: 15956
168 - 169: -32519
169 - 170: -27244
170 - 171: -30218
171 - 172: -38490
172 - 173: -27120
173 - 174: -31148
174 - 175: -32145
175 - 176: -30161
176 - 177: -30411
177 - 178: -31375
178 - 179: -35917
179 - 180: -30071
180 - 181: -36440
181 - 182: -31650
182 - 183: -34558
183 - 184: -31955
184 - 185: -32842
185 - 186: -30930
186 - 187: -31142
187 - 188: -36648
188 - 189: -28953
189 - 190: -30897
190 - 191: -28360
191 - 192: 5637
192 - 193: -33017
193 - 194: -36762
194 - 195: -25549
195 - 196: -8864
196 - 197: -34794
197 - 198: -23474
198 - 199: -32328
199 - 200: -31990
200 - 201: -29353
201 - 202: -36141
202 - 203: -33931
203 - 204: -34620
204 - 205: -35086
205 - 206: -30572
206 - 207: 164
207 - 208: -34772
208 - 209: -29594
209 - 210: -4088
210 - 211: -28495
211 - 212: -11339
212 - 213: -20216
213 - 214: -24263
214 - 215: -34409
215 - 216: 20546
216 - 217: -36971
217 - 218: -35820
218 - 219: -16576
219 - 220: -36910
220 - 221: -34977
221 - 222: -22314
222 - 223: -35491
223 - 224: -36639
224 - 225: -28170
225 - 226: -33301
226 - 227: -34305
227 - 228: 24640
228 - 229: -35507
229 - 230: -36686
230 - 231: -33600
231 - 232: -32476
232 - 233: -36488
233 - 234: -23824
234 - 235: 22682
235 - 236: -16502
236 - 237: -36479
237 - 238: -27122
238 - 239: -25091
239 - 240: 13114
240 - 241: 9220
241 - 242: -34592
242 - 243: -34704
243 - 244: -31596
244 - 245: -6595
245 - 246: -7987
246 - 247: -9350
247 - 248: -7402
248 - 249: -7330
249 - 250: 0
250 - 251: -436
251 - 252: 512
252 - 253: -2137
253 - 254: -744
254 - 255: -484
255 - 256: 104
256 - 257: -1198
257 - 258: -835
258 - 259: -28326
259 - 260: 23942
260 - 261: -18990
261 - 262: 39047
262 - 263: -29541
263 - 264: 15890
264 - 265: -29358
265 - 266: -28030
266 - 267: 19661
267 - 268: -25065
268 - 269: -26226
269 - 270: -28055
270 - 271: -24180
271 - 272: -17529
272 - 273: -28715
273 - 274: -5049
274 - 275: -28894
275 - 276: -30513
276 - 277: 30351
277 - 278: -27694
278 - 279: -33591
279 - 280: -20921
280 - 281: -23015
281 - 282: -23879
282 - 283: -22449
283 - 284: -30311
284 - 285: -21943
285 - 286: -27321
286 - 287: -23958
287 - 288: -30871
288 - 289: -22416
289 - 290: -22365
290 - 291: -17322
291 - 292: -26148
292 - 293: -12636
293 - 294: -22231
294 - 295: -24824
295 - 296: -22389
296 - 297: -30697
297 - 298: -32429
298 - 299: -10954
299 - 300: -26928
300 - 301: -27949
301 - 302: 52684
302 - 303: -18406
303 - 304: -24168
304 - 305: -25265
305 - 306: -20009
306 - 307: -27835
307 - 308: -29168
308 - 309: -28267
309 - 310: -28074
310 - 311: -26925
311 - 312: -25182
312 - 313: -29670
313 - 314: -26520
314 - 315: -30230
315 - 316: -21228
316 - 317: -21753
317 - 318: -24364
318 - 319: -28087
319 - 320: -26602
320 - 321: -22043
321 - 322: -24288
322 - 323: -31093
323 - 324: -23763
324 - 325: -28359
325 - 326: -28797
326 - 327: -12552
327 - 328: -21860
328 - 329: -25909
329 - 330: -21659
330 - 331: -24690
331 - 332: -29191
332 - 333: -29153
333 - 334: -32406
334 - 335: -26940
335 - 336: -30770
336 - 337: -30545
337 - 338: -28144
338 - 339: -28813
339 - 340: -19088
340 - 341: 9275
341 - 342: -27892
342 - 343: -22465
343 - 344: -28349
344 - 345: -17084
345 - 346: -28017
346 - 347: -28050
347 - 348: -26655
348 - 349: -32367
349 - 350: -26564
350 - 351: -23619
351 - 352: 11350
352 - 353: -31486
353 - 354: 29076
354 - 355: -27854
355 - 356: -16769
356 - 357: -26800
357 - 358: -25078
358 - 359: -26502
359 - 360: -25073
360 - 361: -28557
361 - 362: -29335
362 - 363: -30487
363 - 364: -31839
364 - 365: -22810
365 - 366: -29211
366 - 367: -28871
367 - 368: -31115
368 - 369: -21434
369 - 370: -31150
370 - 371: -28076
371 - 372: -26457
372 - 373: -18806
373 - 374: -13122
374 - 375: -28199
375 - 376: -28123
376 - 377: -31702
377 - 378: -22335
378 - 379: -25488
379 - 380: -25271
380 - 381: -29505
381 - 382: -29195
382 - 383: -28891
383 - 384: -25352
384 - 385: -28559
385 - 386: -21100
386 - 387: -26236
387 - 388: -25898
388 - 389: -25125
389 - 390: -20047
390 - 391: -19577
391 - 392: -25782
392 - 393: -26746
393 - 394: -12900
394 - 395: -28510
395 - 396: -27774
396 - 397: -18418
397 - 398: -23907
398 - 399: -29139
399 - 400: -27240
400 - 401: -25449
401 - 402: -29270
402 - 403: -26319
403 - 404: -21844
404 - 405: -20776
405 - 406: 18215
406 - 407: -30773
407 - 408: -32189
408 - 409: 15274
409 - 410: -22882
410 - 411: -25292
411 - 412: -30720
412 - 413: -29407
413 - 414: -31317
414 - 415: -30316
415 - 416: 43415
416 - 417: -29466
417 - 418: -18080
418 - 419: -31415
419 - 420: -19979
420 - 421: -22736
421 - 422: 2247
422 - 423: -17865
423 - 424: -24787
424 - 425: -19443
425 - 426: -23077
426 - 427: 37490
427 - 428: -27515
428 - 429: -15902
429 - 430: 32958
430 - 431: -27522
431 - 432: -21170
432 - 433: 35146
433 - 434: -29569
434 - 435: -24904
435 - 436: -29382
436 - 437: -28306
437 - 438: -28414
438 - 439: -28031
439 - 440: -8749
440 - 441: 12000
441 - 442: -27234
442 - 443: 17341
443 - 444: -29512
444 - 445: -31654
445 - 446: -29719
446 - 447: -30402
447 - 448: -32577
448 - 449: -27261
449 - 450: -13303
450 - 451: -29422
451 - 452: -28759
452 - 453: 1920
453 - 454: -28664
454 - 455: -28388
455 - 456: 10212
456 - 457: -29329
457 - 458: -13468
458 - 459: -28618
459 - 460: -29409
460 - 461: -15253
461 - 462: -28012
462 - 463: -28662
463 - 464: -24330
464 - 465: -29231
465 - 466: -19587
466 - 467: -30548
467 - 468: -20678
468 - 469: -29939
469 - 470: -5077
470 - 471: 385
471 - 472: -26654
472 - 473: -24138
473 - 474: -27153
474 - 475: -14360
475 - 476: 17586
476 - 477: -29896
477 - 478: -28897
478 - 479: -26178
479 - 480: -30470
480 - 481: -29272
481 - 482: -27573
482 - 483: -13048
483 - 484: -27565
484 - 485: -7813
485 - 486: -22391
486 - 487: -24896
487 - 488: -27717
488 - 489: -21519
489 - 490: -9701
490 - 491: -28498
491 - 492: -28585
492 - 493: -20273
493 - 494: -26207
494 - 495: -20826
495 - 496: -28393
496 - 497: -27991
497 - 498: -20202
498 - 499: 8292
499 - 500: 0
500 - 501: 95
501 - 502: -4825
502 - 503: -4276
503 - 504: 18062
504 - 505: 15990
505 - 506: 12596
506 - 507: -5646
507 - 508: 10590
508 - 509: -3349
509 - 510: 4262
510 - 511: -2645
511 - 512: 713
512 - 513: 59543
513 - 514: 2445
514 - 515: -1329
515 - 516: 650
516 - 517: -2634
517 - 518: 723
518 - 519: -1233
519 - 520: -757
520 - 521: -3433
521 - 522: -889
522 - 523: -3777
523 - 524: -5174
524 - 525: 6033
525 - 526: -3499
526 - 527: 9279
527 - 528: -879
528 - 529: 733
529 - 530: 104
530 - 531: -927
531 - 532: -1597
532 - 533: 207
533 - 534: 367
534 - 535: 1324
535 - 536: 7874
536 - 537: 1746
537 - 538: -1204
538 - 539: -2161
539 - 540: -952
540 - 541: -114
541 - 542: -2311
542 - 543: -1586
543 - 544: -151
544 - 545: -1713
545 - 546: -1840
546 - 547: -1379
547 - 548: -347
548 - 549: 874
549 - 550: -1921
550 - 551: 226
551 - 552: -372
552 - 553: -317
553 - 554: 8864
554 - 555: 3694
555 - 556: 5879
556 - 557: 4894
557 - 558: -726
558 - 559: 35652
559 - 560: 10939
560 - 561: 11046
561 - 562: 10059
562 - 563: 10754
563 - 564: 4798
564 - 565: -1408
565 - 566: -2110
566 - 567: -3420
567 - 568: -2033
568 - 569: 1001
569 - 570: 17097
570 - 571: 3775
571 - 572: 4874
572 - 573: 14351
573 - 574: -1560
574 - 575: 1053
575 - 576: -81
576 - 577: 1038
577 - 578: -475
578 - 579: -3824
579 - 580: -3522
580 - 581: 63362
581 - 582: 68359
582 - 583: -1376
583 - 584: 5584
584 - 585: -4470
585 - 586: 34649
586 - 587: 1429
587 - 588: 7718
588 - 589: -3301
589 - 590: -5650
590 - 591: -5587
591 - 592: -4161
592 - 593: -2549
593 - 594: -4351
594 - 595: -3924
595 - 596: -3859
596 - 597: -1385
597 - 598: -2945
598 - 599: 2109
599 - 600: -127
600 - 601: 1194
601 - 602: 2647
602 - 603: -1822
603 - 604: -3722
604 - 605: 54199
605 - 606: 14845
606 - 607: 44718
607 - 608: -7291
608 - 609: -2654
609 - 610: 52
610 - 611: 68105
611 - 612: -2820
612 - 613: -912
613 - 614: -1830
614 - 615: -2102
615 - 616: 5694
616 - 617: 161
617 - 618: 10866
618 - 619: 729
619 - 620: 4015
620 - 621: -2227
621 - 622: 2621
622 - 623: 59835
623 - 624: -2628
624 - 625: -796
625 - 626: -3312
626 - 627: 4147
627 - 628: 6747
628 - 629: 13161
629 - 630: -1638
630 - 631: 338
631 - 632: 4159
632 - 633: -2298
633 - 634: -2095
634 - 635: 8308
635 - 636: 67523
636 - 637: -200
637 - 638: 0
638 - 639: -7646
639 - 640: 65822
640 - 641: -6695
641 - 642: 16360
642 - 643: -3369
643 - 644: -865
644 - 645: 8940
645 - 646: 11959
646 - 647: -543
647 - 648: -2197
648 - 649: -3584
649 - 650: -3594
650 - 651: 4099
651 - 652: 11774
652 - 653: 11303
653 - 654: -1201
654 - 655: -1800
655 - 656: -2144
656 - 657: -4752
657 - 658: 366
658 - 659: -2041
659 - 660: -214
660 - 661: 6359
661 - 662: -1783
662 - 663: 65293
663 - 664: 10149
664 - 665: -3402
665 - 666: -643
666 - 667: 6777
667 - 668: -2262
668 - 669: -2863
669 - 670: 1502
670 - 671: -1600
671 - 672: -1100
672 - 673: 5242
673 - 674: -2266
674 - 675: -3493
675 - 676: -477
676 - 677: -2297
677 - 678: -1559
678 - 679: 6603
679 - 680: -2350
680 - 681: 649
681 - 682: -2361
682 - 683: -2837
683 - 684: -2737
684 - 685: -105
685 - 686: 5889
686 - 687: 10538
687 - 688: 2507
688 - 689: 6856
689 - 690: 3112
690 - 691: 6505
691 - 692: 488
692 - 693: -2515
693 - 694: -171
694 - 695: 7998
695 - 696: -2166
696 - 697: 41817
697 - 698: -1383
698 - 699: 1475
699 - 700: -2618
700 - 701: 12831
701 - 702: -1611
702 - 703: 8255
703 - 704: -2959
704 - 705: 4106
705 - 706: -1460
706 - 707: 295
707 - 708: 11990
708 - 709: -1483
709 - 710: -1341
710 - 711: 15926
711 - 712: 16752
712 - 713: -3610
713 - 714: 32746
714 - 715: 18617
715 - 716: 3168
716 - 717: 59928
717 - 718: 3656
718 - 719: 5366
719 - 720: -2344
720 - 721: -3610
721 - 722: 313
722 - 723: 3202
723 - 724: 3472
724 - 725: 519
725 - 726: -1108
726 - 727: 2848
727 - 728: -1963
728 - 729: -46
729 - 730: -794
730 - 731: -1680
731 - 732: 330
732 - 733: 18422
733 - 734: 4301
734 - 735: -1459
735 - 736: 989
736 - 737: 498
737 - 738: -2505
738 - 739: -2707
739 - 740: 13350
740 - 741: 8877
741 - 742: -2462
742 - 743: 3746
743 - 744: -671
744 - 745: 1199
745 - 746: 15505
746 - 747: -3259
747 - 748: 3692
748 - 749: -1593
749 - 750: 0
750 - 751: 3764
751 - 752: -2799
752 - 753: -1278
753 - 754: -3734
754 - 755: -3528
755 - 756: -4923
756 - 757: 759
757 - 758: 4676
758 - 759: -6661
759 - 760: 3640
760 - 761: 5394
761 - 762: -6079
762 - 763: -5573
763 - 764: -4924
764 - 765: -7994
765 - 766: -7328
766 - 767: -2311
767 - 768: 21532
768 - 769: 1206
769 - 770: -5297
770 - 771: -1827
771 - 772: -7652
772 - 773: -4941
773 - 774: -6556
774 - 775: -6881
775 - 776: -8031
776 - 777: -4074
777 - 778: -4944
778 - 779: -5497
779 - 780: -4912
780 - 781: -7753
781 - 782: 47228
782 - 783: -6408
783 - 784: -5615
784 - 785: 5525
785 - 786: -3219
786 - 787: 64232
787 - 788: -1435
788 - 789: -2056
789 - 790: -3948
790 - 791: 6365
791 - 792: -464
792 - 793: -2749
793 - 794: -3174
794 - 795: -2263
795 - 796: 21590
796 - 797: -5026
797 - 798: -5784
798 - 799: -1739
799 - 800: -7125
800 - 801: -6980
801 - 802: 1248
802 - 803: 11237
803 - 804: 3758
804 - 805: 3598
805 - 806: 6919
806 - 807: 62431
807 - 808: -6859
808 - 809: -6459
809 - 810: -4564
810 - 811: -5968
811 - 812: 7736
812 - 813: -7286
813 - 814: -2891
814 - 815: -5371
815 - 816: 5379
816 - 817: -2394
817 - 818: -3078
818 - 819: 1580
819 - 820: 3537
820 - 821: -334
821 - 822: -5135
822 - 823: -4069
823 - 824: 64702
824 - 825: 3502
825 - 826: -396
826 - 827: 1130
827 - 828: -5242
828 - 829: 46998
829 - 830: 12984
830 - 831: -6093
831 - 832: -5131
832 - 833: -2543
833 - 834: 3196
834 - 835: -2316
835 - 836: -5399
836 - 837: -4435
837 - 838: 56326
838 - 839: -8201
839 - 840: -4605
840 - 841: -5126
841 - 842: 1771
842 - 843: -2099
843 - 844: 24499
844 - 845: -6029
845 - 846: -2978
846 - 847: -7341
847 - 848: -6061
848 - 849: 27998
849 - 850: 33585
850 - 851: -3105
851 - 852: -5380
852 - 853: -6510
853 - 854: -5754
854 - 855: -5604
855 - 856: 1989
856 - 857: -3540
857 - 858: -5982
858 - 859: -6740
859 - 860: 10905
860 - 861: -3888
861 - 862: -5010
862 - 863: -6146
863 - 864: 31134
864 - 865: 8988
865 - 866: -6250
866 - 867: -6805
867 - 868: 23739
868 - 869: -3383
869 - 870: 615
870 - 871: -3735
871 - 872: -1432
872 - 873: 2685
873 - 874: -7786
874 - 875: -4720
875 - 876: -2502
876 - 877: 1313
877 - 878: 3628
878 - 879: -185
879 - 880: 58953
880 - 881: 9432
881 - 882: 273
882 - 883: 6374
883 - 884: -6388
884 - 885: 14029
885 - 886: -4573
886 - 887: -5213
887 - 888: 15991
888 - 889: -5603
889 - 890: -7715
890 - 891: 756
891 - 892: -10310
892 - 893: 1574
893 - 894: -3273
894 - 895: -5823
895 - 896: 3840
896 - 897: 10376
897 - 898: 8614
898 - 899: -6115
899 - 900: -6454
900 - 901: -4998
901 - 902: -10832
902 - 903: -3984
903 - 904: 11526
904 - 905: 31258
905 - 906: -5479
906 - 907: 3503
907 - 908: -5480
908 - 909: 16032
909 - 910: -4019
910 - 911: 15403
911 - 912: -1493
912 - 913: -2276
913 - 914: -6886
914 - 915: -6698
915 - 916: 519
916 - 917: 8204
917 - 918: -3855
918 - 919: -6237
919 - 920: -5933
920 - 921: -3935
921 - 922: -6000
922 - 923: -5472
923 - 924: -2936
924 - 925: 2020
925 - 926: 39049
926 - 927: -6446
927 - 928: 4768
928 - 929: 58399
929 - 930: 61648
930 - 931: -6058
931 - 932: -5093
932 - 933: 50703
933 - 934: 17584
934 - 935: 41123
935 - 936: -5499
936 - 937: -5502
937 - 938: -6281
938 - 939: -4672
939 - 940: -1771
940 - 941: 3104
941 - 942: 8346
942 - 943: 1678
943 - 944: -2618
944 - 945: 130
945 - 946: -5825
946 - 947: -4327
947 - 948: -1487
948 - 949: -5243
949 - 950: -5206
950 - 951: 12008
951 - 952: -4689
952 - 953: 6023
953 - 954: 4469
954 - 955: 36606
955 - 956: -4207
956 - 957: -4894
957 - 958: -5799
958 - 959: -5180
959 - 960: 53571
960 - 961: 3773
961 - 962: 4316
962 - 963: 3600
963 - 964: -4737
964 - 965: -2041
965 - 966: 38305
966 - 967: -5294
967 - 968: -3361
968 - 969: -6288
969 - 970: 99
970 - 971: -7452
971 - 972: -7831
972 - 973: -7913
973 - 974: -5126
974 - 975: -6221
975 - 976: -6428
976 - 977: -1715
977 - 978: 56785
978 - 979: 26392
979 - 980: 9744
980 - 981: 20858
981 - 982: -9251
982 - 983: -7689
983 - 984: 45363
984 - 985: 59656
985 - 986: -3437
986 - 987: 12537
987 - 988: -5880
988 - 989: -7476
989 - 990: 20565
990 - 991: 5404
991 - 992: -3382
992 - 993: -2342
993 - 994: 59
994 - 995: 62536
995 - 996: 51512
996 - 997: 11176
997 - 998: -6474
998 - 999: -2958
999 - 1000: 0

Timing completed for program using OpenMP with 4 threads and -731939734 CPUs
Reading in File: 0.771000 nanoseconds
Comparisons of wiki pages: 57.057000 nanoseconds
Overall time: 57.828000 nanoseconds
