0 - 1: 32923
1 - 2: -66996
2 - 3: -3057
3 - 4: 1524
4 - 5: -75
5 - 6: -491
6 - 7: -2011
7 - 8: 4915
8 - 9: -5223
9 - 10: 1084
10 - 11: 5382
11 - 12: 45211
12 - 13: -47124
13 - 14: 65410
14 - 15: -70906
15 - 16: 62896
16 - 17: -4546
17 - 18: 14809
18 - 19: -26528
19 - 20: 6322
20 - 21: -43268
21 - 22: -3664
22 - 23: -1399
23 - 24: 62050
24 - 25: -66407
25 - 26: 57115
26 - 27: -51367
27 - 28: 322
28 - 29: 40432
29 - 30: 12523
30 - 31: -52567
31 - 32: -5140
32 - 33: 45614
33 - 34: -36898
34 - 35: -5878
35 - 36: 46462
36 - 37: -48103
37 - 38: -2572
38 - 39: 61007
39 - 40: -47339
40 - 41: 51109
41 - 42: 5371
42 - 43: 2978
43 - 44: -68038
44 - 45: 22
45 - 46: 33462
46 - 47: -27922
47 - 48: -9364
48 - 49: 1862
49 - 50: -2394
50 - 51: 754
51 - 52: 3180
52 - 53: 9908
53 - 54: -9520
54 - 55: -2723
55 - 56: 15472
56 - 57: -12474
57 - 58: 498
58 - 59: -6631
59 - 60: 1970
60 - 61: 36459
61 - 62: -34023
62 - 63: 54968
63 - 64: -56096
64 - 65: 21669
65 - 66: -23256
66 - 67: 1490
67 - 68: 10733
68 - 69: -4234
69 - 70: -5702
70 - 71: 7521
71 - 72: -7986
72 - 73: -311
73 - 74: 11086
74 - 75: -11721
75 - 76: -219
76 - 77: 1200
77 - 78: 36597
78 - 79: -34579
79 - 80: 10149
80 - 81: -6430
81 - 82: -11446
82 - 83: 5404
83 - 84: -457
84 - 85: 13162
85 - 86: -9330
86 - 87: 7656
87 - 88: -12622
88 - 89: 1556
89 - 90: 1119
90 - 91: -3381
91 - 92: 37924
92 - 93: -34946
93 - 94: 12627
94 - 95: -12397
95 - 96: 9276
96 - 97: -7134
97 - 98: 2825
98 - 99: -1257
99 - 100: 1825
100 - 101: -8264
101 - 102: 4601
102 - 103: 5065
103 - 104: -1175
104 - 105: -392
105 - 106: 31228
106 - 107: -33779
107 - 108: 433
108 - 109: 2954
109 - 110: -1492
110 - 111: 1350
111 - 112: -2425
112 - 113: 1978
113 - 114: 1182
114 - 115: 5097
115 - 116: -5641
116 - 117: -1164
117 - 118: 75943
118 - 119: -74549
119 - 120: -951
120 - 121: -6840
121 - 122: 4423
122 - 123: -2968
123 - 124: 1287
124 - 125: 6468
125 - 126: -1721
126 - 127: -1081
127 - 128: -4602
128 - 129: 2327
129 - 130: 8035
130 - 131: -13927
131 - 132: 12583
132 - 133: -11504
133 - 134: 9209
134 - 135: -5443
135 - 136: 56424
136 - 137: -54599
137 - 138: 11963
138 - 139: -17428
139 - 140: 7109
140 - 141: -5251
141 - 142: 971
142 - 143: 4587
143 - 144: -1751
144 - 145: -3901
145 - 146: 4924
146 - 147: -3884
147 - 148: 2376
148 - 149: 42299
149 - 150: -40387
150 - 151: 4779
151 - 152: -2797
152 - 153: -1751
153 - 154: -3887
154 - 155: 6178
155 - 156: -9818
156 - 157: 1188
157 - 158: 745
158 - 159: 8423
159 - 160: -1403
160 - 161: -1198
161 - 162: 2268
162 - 163: -8350
163 - 164: 3259
164 - 165: -977
165 - 166: -1386
166 - 167: 4685
167 - 168: 46620
168 - 169: -48606
169 - 170: 5222
170 - 171: -2984
171 - 172: -8270
172 - 173: 11395
173 - 174: -4070
174 - 175: -976
175 - 176: 1984
176 - 177: -62
177 - 178: -1160
178 - 179: -4544
179 - 180: 5995
180 - 181: -6517
181 - 182: 4796
182 - 183: -2904
183 - 184: 2600
184 - 185: -903
185 - 186: 1907
186 - 187: -188
187 - 188: -5509
188 - 189: 7807
189 - 190: -1982
190 - 191: 2466
191 - 192: 34184
192 - 193: -38778
193 - 194: -3836
194 - 195: 11227
195 - 196: 16886
196 - 197: -25938
197 - 198: 11328
198 - 199: -9043
199 - 200: 394
200 - 201: 2576
201 - 202: -6657
202 - 203: 2208
203 - 204: -710
204 - 205: -505
205 - 206: 4424
206 - 207: 30951
207 - 208: -35068
208 - 209: 5123
209 - 210: 25693
210 - 211: -24521
211 - 212: 17270
212 - 213: -8926
213 - 214: -4197
214 - 215: -10139
215 - 216: 55147
216 - 217: -57714
217 - 218: 1133
218 - 219: 19410
219 - 220: -20404
220 - 221: 1973
221 - 222: 12526
222 - 223: -13163
223 - 224: -1064
224 - 225: 8389
225 - 226: -5064
226 - 227: -1085
227 - 228: 59157
228 - 229: -60332
229 - 230: -1186
230 - 231: 3144
231 - 232: 1056
232 - 233: -3926
233 - 234: 12580
234 - 235: 46706
235 - 236: -39403
236 - 237: -19591
237 - 238: 9000
238 - 239: 2032
239 - 240: 38394
240 - 241: -3894
241 - 242: -43861
242 - 243: -268
243 - 244: 3313
244 - 245: 25001
245 - 246: -1392
246 - 247: -1363
247 - 248: 1948
248 - 249: 72
249 - 250: -176
250 - 251: -436
251 - 252: 948
252 - 253: -2649
253 - 254: 1393
254 - 255: 260
255 - 256: 588
256 - 257: -1302
257 - 258: 363
258 - 259: -27680
259 - 260: 52457
260 - 261: -42995
261 - 262: 58100
262 - 263: -68804
263 - 264: 45514
264 - 265: -45346
265 - 266: 1374
266 - 267: 47876
267 - 268: -44726
268 - 269: -1380
269 - 270: -1825
270 - 271: 3961
271 - 272: 6561
272 - 273: -11095
273 - 274: 23794
274 - 275: -23977
275 - 276: -1614
276 - 277: 60991
277 - 278: -58226
278 - 279: -5905
279 - 280: 12665
280 - 281: -2097
281 - 282: -667
282 - 283: 1314
283 - 284: -7746
284 - 285: 8177
285 - 286: -5297
286 - 287: 3352
287 - 288: -6910
288 - 289: 8419
289 - 290: 127
290 - 291: 4961
291 - 292: -8836
292 - 293: 13604
293 - 294: -9381
294 - 295: -2803
295 - 296: 2368
296 - 297: -8225
297 - 298: -1813
298 - 299: 21565
299 - 300: -16119
300 - 301: -945
301 - 302: 80751
302 - 303: -71090
303 - 304: -5975
304 - 305: -1070
305 - 306: 5442
306 - 307: -7909
307 - 308: -1438
308 - 309: 902
309 - 310: 186
310 - 311: 1162
311 - 312: 1705
312 - 313: -4391
313 - 314: 3077
314 - 315: -3623
315 - 316: 8930
316 - 317: -420
317 - 318: -2536
318 - 319: -3923
319 - 320: 1495
320 - 321: 4551
321 - 322: -2239
322 - 323: -6821
323 - 324: 7363
324 - 325: -4625
325 - 326: -444
326 - 327: 16406
327 - 328: -9445
328 - 329: -4063
329 - 330: 4251
330 - 331: -3028
331 - 332: -4505
332 - 333: 109
333 - 334: -3326
334 - 335: 5554
335 - 336: -3914
336 - 337: 316
337 - 338: 2338
338 - 339: -624
339 - 340: 9772
340 - 341: 28441
341 - 342: -37375
342 - 343: 5420
343 - 344: -5873
344 - 345: 11278
345 - 346: -10869
346 - 347: -115
347 - 348: 1411
348 - 349: -5706
349 - 350: 5876
350 - 351: 2929
351 - 352: 35099
352 - 353: -42986
353 - 354: 60712
354 - 355: -57074
355 - 356: 11024
356 - 357: -10018
357 - 358: 1800
358 - 359: -1426
359 - 360: 1330
360 - 361: -3469
361 - 362: -763
362 - 363: -1051
363 - 364: -1401
364 - 365: 8946
365 - 366: -6366
366 - 367: 316
367 - 368: -2235
368 - 369: 9710
369 - 370: -9741
370 - 371: 3079
371 - 372: 1600
372 - 373: 7639
373 - 374: 5902
374 - 375: -15271
375 - 376: 75
376 - 377: -3568
377 - 378: 9381
378 - 379: -3122
379 - 380: 160
380 - 381: -4248
381 - 382: 309
382 - 383: 383
383 - 384: 3450
384 - 385: -3124
385 - 386: 7387
386 - 387: -5124
387 - 388: 347
388 - 389: 762
389 - 390: 5067
390 - 391: 481
391 - 392: -6203
392 - 393: -937
393 - 394: 13968
394 - 395: -15761
395 - 396: 730
396 - 397: 9562
397 - 398: -5489
398 - 399: -5414
399 - 400: 1937
400 - 401: 1725
401 - 402: -3806
402 - 403: 3014
403 - 404: 4406
404 - 405: 1073
405 - 406: 39187
406 - 407: -49117
407 - 408: -1407
408 - 409: 47583
409 - 410: -38364
410 - 411: -2408
411 - 412: -5355
412 - 413: 1265
413 - 414: -1931
414 - 415: 1062
415 - 416: 73872
416 - 417: -73081
417 - 418: 11381
418 - 419: -13241
419 - 420: 11360
420 - 421: -2769
421 - 422: 25182
422 - 423: -20243
423 - 424: -6907
424 - 425: 5259
425 - 426: -3651
426 - 427: 60785
427 - 428: -65072
428 - 429: 11631
429 - 430: 48909
430 - 431: -60588
431 - 432: 6270
432 - 433: 56506
433 - 434: -64920
434 - 435: 4870
435 - 436: -4678
436 - 437: 1076
437 - 438: -93
438 - 439: 368
439 - 440: 19288
440 - 441: 20943
441 - 442: -39419
442 - 443: 44760
443 - 444: -47020
444 - 445: -2167
445 - 446: 1911
446 - 447: -592
447 - 448: -2255
448 - 449: 5377
449 - 450: 14102
450 - 451: -16234
451 - 452: 579
452 - 453: 30878
453 - 454: -30773
454 - 455: 294
455 - 456: 38771
456 - 457: -39743
457 - 458: 15985
458 - 459: -15295
459 - 460: -629
460 - 461: 14002
461 - 462: -12698
462 - 463: -696
463 - 464: 4401
464 - 465: -4973
465 - 466: 9847
466 - 467: -11155
467 - 468: 9870
468 - 469: -9198
469 - 470: 24993
470 - 471: 5462
471 - 472: -27252
472 - 473: 2534
473 - 474: -3018
474 - 475: 12791
475 - 476: 32146
476 - 477: -47687
477 - 478: 1114
478 - 479: 2624
479 - 480: -4326
480 - 481: 1228
481 - 482: 1826
482 - 483: 14521
483 - 484: -14648
484 - 485: 19737
485 - 486: -14552
486 - 487: -2526
487 - 488: -2804
488 - 489: 6388
489 - 490: 11818
490 - 491: -19002
491 - 492: -9
492 - 493: 8253
493 - 494: -5897
494 - 495: 5343
495 - 496: -7596
496 - 497: 441
497 - 498: 7770
498 - 499: 28690
499 - 500: -35319
500 - 501: 86
501 - 502: -4931
502 - 503: 549
503 - 504: 22554
504 - 505: -2072
505 - 506: -3443
506 - 507: -18301
507 - 508: 16344
508 - 509: -14055
509 - 510: 7539
510 - 511: -6916
511 - 512: 3439
512 - 513: 58946
513 - 514: -57308
514 - 515: -3685
515 - 516: 1879
516 - 517: -3208
517 - 518: 3364
518 - 519: -1950
519 - 520: 402
520 - 521: -2668
521 - 522: 2527
522 - 523: -2791
523 - 524: -1485
524 - 525: 11219
525 - 526: -9452
526 - 527: 12825
527 - 528: -10250
528 - 529: 1575
529 - 530: -596
530 - 531: -1035
531 - 532: -693
532 - 533: 1811
533 - 534: 216
534 - 535: 879
535 - 536: 6541
536 - 537: -5992
537 - 538: -2988
538 - 539: -1055
539 - 540: 1218
540 - 541: 907
541 - 542: -2271
542 - 543: 735
543 - 544: 1519
544 - 545: -1537
545 - 546: -225
546 - 547: 510
547 - 548: 974
548 - 549: 1419
549 - 550: -3000
550 - 551: 2165
551 - 552: -543
552 - 553: -35
553 - 554: 9403
554 - 555: -5311
555 - 556: 2326
556 - 557: -1102
557 - 558: -5695
558 - 559: 36570
559 - 560: -24713
560 - 561: 107
561 - 562: -987
562 - 563: 695
563 - 564: -5956
564 - 565: -6293
565 - 566: -805
566 - 567: -1335
567 - 568: 1411
568 - 569: 3098
569 - 570: 16223
570 - 571: -13440
571 - 572: 1030
572 - 573: 9664
573 - 574: -16101
574 - 575: 2632
575 - 576: -1151
576 - 577: 1089
577 - 578: -1482
578 - 579: -3280
579 - 580: 324
580 - 581: 66980
581 - 582: 4997
582 - 583: -69862
583 - 584: 6874
584 - 585: -9974
585 - 586: 39252
586 - 587: -33428
587 - 588: 6359
588 - 589: -11094
589 - 590: -2345
590 - 591: 85
591 - 592: 1482
592 - 593: 1542
593 - 594: -1811
594 - 595: 519
595 - 596: -31
596 - 597: 2472
597 - 598: -1539
598 - 599: 5164
599 - 600: -2344
600 - 601: 1306
601 - 602: 1453
602 - 603: -4453
603 - 604: -1788
604 - 605: 58001
605 - 606: -39533
606 - 607: 30052
607 - 608: -52204
608 - 609: 4783
609 - 610: 2560
610 - 611: 68248
611 - 612: -71136
612 - 613: 1938
613 - 614: -939
614 - 615: -283
615 - 616: 7813
616 - 617: -5451
617 - 618: 10687
618 - 619: -10187
619 - 620: 3266
620 - 621: -6231
621 - 622: 4908
622 - 623: 57345
623 - 624: -62663
624 - 625: 1828
625 - 626: -2517
626 - 627: 7481
627 - 628: 2783
628 - 629: 6205
629 - 630: -14705
630 - 631: 1921
631 - 632: 3782
632 - 633: -6443
633 - 634: 193
634 - 635: 10547
635 - 636: 59276
636 - 637: -67954
637 - 638: 228
638 - 639: -7577
639 - 640: 73602
640 - 641: -72713
641 - 642: 23251
642 - 643: -19927
643 - 644: 2494
644 - 645: 9809
645 - 646: 3019
646 - 647: -12465
647 - 648: -1677
648 - 649: -1328
649 - 650: -12
650 - 651: 7802
651 - 652: 7699
652 - 653: -593
653 - 654: -12489
654 - 655: -611
655 - 656: -430
656 - 657: -2599
657 - 658: 5182
658 - 659: -2489
659 - 660: 1859
660 - 661: 6554
661 - 662: -8057
662 - 663: 67192
663 - 664: -55340
664 - 665: -13571
665 - 666: 2857
666 - 667: 7368
667 - 668: -9072
668 - 669: -616
669 - 670: 4452
670 - 671: -3183
671 - 672: 593
672 - 673: 6264
673 - 674: -7505
674 - 675: -1147
675 - 676: 2986
676 - 677: -1786
677 - 678: 638
678 - 679: 8160
679 - 680: -8957
680 - 681: 3159
681 - 682: -3092
682 - 683: -538
683 - 684: 101
684 - 685: 2691
685 - 686: 5980
686 - 687: 4615
687 - 688: -8040
688 - 689: 4350
689 - 690: -3686
690 - 691: 3330
691 - 692: -5935
692 - 693: -3084
693 - 694: 2359
694 - 695: 8305
695 - 696: -10313
696 - 697: 44181
697 - 698: -43328
698 - 699: 2895
699 - 700: -4210
700 - 701: 15465
701 - 702: -14448
702 - 703: 9858
703 - 704: -11189
704 - 705: 7040
705 - 706: -5483
706 - 707: 1676
707 - 708: 11897
708 - 709: -13606
709 - 710: 137
710 - 711: 17204
711 - 712: 960
712 - 713: -20428
713 - 714: 36489
714 - 715: -14333
715 - 716: -15323
716 - 717: 56838
717 - 718: -56402
718 - 719: 1637
719 - 720: -7625
720 - 721: -1234
721 - 722: 3823
722 - 723: 2877
723 - 724: 268
724 - 725: -2954
725 - 726: -1551
726 - 727: 3875
727 - 728: -4803
728 - 729: 1907
729 - 730: -629
730 - 731: -871
731 - 732: 1883
732 - 733: 18293
733 - 734: -14247
734 - 735: -5751
735 - 736: 2365
736 - 737: -417
737 - 738: -3068
738 - 739: -142
739 - 740: 16139
740 - 741: -4562
741 - 742: -11393
742 - 743: 6280
743 - 744: -4489
744 - 745: 2235
745 - 746: 13909
746 - 747: -18745
747 - 748: 7238
748 - 749: -5583
749 - 750: 4910
750 - 751: 3780
751 - 752: -6590
752 - 753: 1595
753 - 754: -2530
754 - 755: 332
755 - 756: -1438
756 - 757: 5630
757 - 758: 4035
758 - 759: -11494
759 - 760: 10292
760 - 761: 1855
761 - 762: -11559
762 - 763: 549
763 - 764: 618
764 - 765: -3072
765 - 766: 661
766 - 767: 5015
767 - 768: 24040
768 - 769: -20442
769 - 770: -6503
770 - 771: 3367
771 - 772: -5800
772 - 773: 2696
773 - 774: -1626
774 - 775: -312
775 - 776: -1154
776 - 777: 3978
777 - 778: -868
778 - 779: -552
779 - 780: 685
780 - 781: -2924
781 - 782: 55151
782 - 783: -53821
783 - 784: 758
784 - 785: 11148
785 - 786: -8656
786 - 787: 67575
787 - 788: -65853
788 - 789: -524
789 - 790: -1894
790 - 791: 10321
791 - 792: -6949
792 - 793: -2282
793 - 794: -313
794 - 795: 811
795 - 796: 24041
796 - 797: -26768
797 - 798: -724
798 - 799: 3962
799 - 800: -5383
800 - 801: 152
801 - 802: 8224
802 - 803: 9991
803 - 804: -7335
804 - 805: -311
805 - 806: 3321
806 - 807: 55712
807 - 808: -69496
808 - 809: 401
809 - 810: 1955
810 - 811: -1454
811 - 812: 13693
812 - 813: -15032
813 - 814: 4411
814 - 815: -2406
815 - 816: 10686
816 - 817: -7775
817 - 818: -679
818 - 819: 4657
819 - 820: 1960
820 - 821: -3881
821 - 822: -4722
822 - 823: 986
823 - 824: 68967
824 - 825: -61267
825 - 826: -4036
826 - 827: 1542
827 - 828: -6384
828 - 829: 52441
829 - 830: -34092
830 - 831: -19194
831 - 832: 996
832 - 833: 2524
833 - 834: 5762
834 - 835: -5505
835 - 836: -3093
836 - 837: 975
837 - 838: 60955
838 - 839: -64732
839 - 840: 3735
840 - 841: -569
841 - 842: 6826
842 - 843: -3896
843 - 844: 26809
844 - 845: -30660
845 - 846: 3105
846 - 847: -4402
847 - 848: 1196
848 - 849: 34260
849 - 850: 5587
850 - 851: -36879
851 - 852: -2287
852 - 853: -1131
853 - 854: 841
854 - 855: 80
855 - 856: 7590
856 - 857: -5525
857 - 858: -2449
858 - 859: -781
859 - 860: 17861
860 - 861: -14864
861 - 862: -1176
862 - 863: -1143
863 - 864: 37412
864 - 865: -22146
865 - 866: -15432
866 - 867: -565
867 - 868: 30748
868 - 869: -27248
869 - 870: 4000
870 - 871: -4434
871 - 872: 2397
872 - 873: 4231
873 - 874: -10664
874 - 875: 3061
875 - 876: 2210
876 - 877: 3819
877 - 878: 2401
878 - 879: -3820
879 - 880: 59261
880 - 881: -49712
881 - 882: -9158
882 - 883: 6291
883 - 884: -12881
884 - 885: 20536
885 - 886: -18729
886 - 887: -731
887 - 888: 21344
888 - 889: -21729
889 - 890: -2103
890 - 891: 8490
891 - 892: -10960
892 - 893: 11776
893 - 894: -4863
894 - 895: -2479
895 - 896: 9609
896 - 897: 6722
897 - 898: -1762
898 - 899: -14918
899 - 900: -321
900 - 901: 1513
901 - 902: -5914
902 - 903: 6846
903 - 904: 15508
904 - 905: 19930
905 - 906: -36869
906 - 907: 9114
907 - 908: -9116
908 - 909: 21645
909 - 910: -20194
910 - 911: 19565
911 - 912: -17096
912 - 913: -782
913 - 914: -4544
914 - 915: 123
915 - 916: 7224
916 - 917: 7749
917 - 918: -12144
918 - 919: -2357
919 - 920: 324
920 - 921: 2082
921 - 922: -2096
922 - 923: 436
923 - 924: 2521
924 - 925: 4977
925 - 926: 37229
926 - 927: -45697
927 - 928: 11416
928 - 929: 53631
929 - 930: 3249
930 - 931: -67915
931 - 932: 1028
932 - 933: 55942
933 - 934: -33119
934 - 935: 23539
935 - 936: -46763
936 - 937: -3
937 - 938: -848
938 - 939: 1656
939 - 940: 2866
940 - 941: 4863
941 - 942: 5452
942 - 943: -6872
943 - 944: -4297
944 - 945: 2749
945 - 946: -5969
946 - 947: 1512
947 - 948: 2922
948 - 949: -3839
949 - 950: 51
950 - 951: 17202
951 - 952: -16729
952 - 953: 10947
953 - 954: -1752
954 - 955: 32335
955 - 956: -41013
956 - 957: -674
957 - 958: -846
958 - 959: 536
959 - 960: 58962
960 - 961: -49907
961 - 962: 482
962 - 963: -634
963 - 964: -8450
964 - 965: 2782
965 - 966: 40461
966 - 967: -43800
967 - 968: 1955
968 - 969: -2855
969 - 970: 6494
970 - 971: -7682
971 - 972: -431
972 - 973: -101
973 - 974: 2784
974 - 975: -1105
975 - 976: -193
976 - 977: 4914
977 - 978: 58500
978 - 979: -30393
979 - 980: -16852
980 - 981: 11318
981 - 982: -30225
982 - 983: 1472
983 - 984: 53258
984 - 985: 14293
985 - 986: -63283
986 - 987: 16115
987 - 988: -18559
988 - 989: -1527
989 - 990: 28163
990 - 991: -15316
991 - 992: -8837
992 - 993: 0
993 - 994: 0
994 - 995: 0
995 - 996: 0
996 - 997: 0
997 - 998: 0
998 - 999: 0

Timing completed for program using OpenMP with 32 threads
Reading in File: 0.570000 nanoseconds
Comparisons of wiki pages: 27.093000 nanoseconds
Overall time: 27.663000 nanoseconds
