0 - 1: 32923
1 - 2: -33973
2 - 3: -37021
3 - 4: -35520
4 - 5: -35635
5 - 6: -36094
6 - 7: -38101
7 - 8: -33167
8 - 9: -38474
9 - 10: -37325
10 - 11: -31932
11 - 12: 13186
12 - 13: -33831
13 - 14: 31472
14 - 15: -39349
15 - 16: 23462
16 - 17: 18916
17 - 18: 33725
18 - 19: 7197
19 - 20: 13519
20 - 21: -29667
21 - 22: -33317
22 - 23: -34795
23 - 24: 27238
24 - 25: -39073
25 - 26: 17946
26 - 27: -33332
27 - 28: -33014
28 - 29: 7333
29 - 30: 19856
30 - 31: -32611
31 - 32: -37761
32 - 33: 7763
33 - 34: -29035
34 - 35: -34920
35 - 36: 11449
36 - 37: -36623
37 - 38: -39200
38 - 39: 21781
39 - 40: -25462
40 - 41: 25551
41 - 42: 30922
42 - 43: 33900
43 - 44: -34060
44 - 45: -34016
45 - 46: -654
46 - 47: -28475
47 - 48: -37923
48 - 49: -35992
49 - 50: -38388
50 - 51: -37623
51 - 52: -34521
52 - 53: -24540
53 - 54: -34073
54 - 55: -36856
55 - 56: -21401
56 - 57: -33790
57 - 58: -33284
58 - 59: -39924
59 - 60: -37956
60 - 61: -1579
61 - 62: -35585
62 - 63: 19366
63 - 64: -36648
64 - 65: -15061
65 - 66: -38227
66 - 67: -36731
67 - 68: -25995
68 - 69: -30248
69 - 70: -35929
70 - 71: -28476
71 - 72: -36394
72 - 73: -36711
73 - 74: -25621
74 - 75: -37341
75 - 76: -37630
76 - 77: -36370
77 - 78: 137
78 - 79: -34342
79 - 80: -24197
80 - 81: -30723
81 - 82: -42083
82 - 83: -36677
83 - 84: -37205
84 - 85: -23980
85 - 86: -33289
86 - 87: -25688
87 - 88: -38274
88 - 89: -36783
89 - 90: -35599
90 - 91: -39037
91 - 92: -1138
92 - 93: -36006
93 - 94: -23351
94 - 95: -35772
95 - 96: -26496
96 - 97: -33626
97 - 98: -30870
98 - 99: -32050
99 - 100: 0

Timing completed for program using OpenMP with 1 threads
Reading in File: 33.781000 nanoseconds
Comparisons of wiki pages: 5.536000 nanoseconds
Overall time: 39.317000 nanoseconds
