0 - 1: 32923
1 - 2: -66996
2 - 3: -3057
3 - 4: 1524
4 - 5: -75
5 - 6: -491
6 - 7: -2011
7 - 8: 4915
8 - 9: -5223
9 - 10: 1084
10 - 11: 5382
11 - 12: 45211
12 - 13: -47124
13 - 14: 65410
14 - 15: -70906
15 - 16: 62896
16 - 17: -4546
17 - 18: 14809
18 - 19: -26528
19 - 20: 6322
20 - 21: -43268
21 - 22: -3664
22 - 23: -1399
23 - 24: 62050
24 - 25: -66407
25 - 26: 57115
26 - 27: -51367
27 - 28: 322
28 - 29: 40432
29 - 30: 12523
30 - 31: -52567
31 - 32: -5140
32 - 33: 45614
33 - 34: -36898
34 - 35: -5878
35 - 36: 46462
36 - 37: -48103
37 - 38: -2572
38 - 39: 61007
39 - 40: -47339
40 - 41: 51109
41 - 42: 5371
42 - 43: 2978
43 - 44: -68038
44 - 45: 22
45 - 46: 33462
46 - 47: -27922
47 - 48: -9364
48 - 49: 1862
49 - 50: -2394
50 - 51: 754
51 - 52: 3180
52 - 53: 9908
53 - 54: -9520
54 - 55: -2723
55 - 56: 15472
56 - 57: -12474
57 - 58: 498
58 - 59: -6631
59 - 60: 1970
60 - 61: 36459
61 - 62: -34023
62 - 63: 54968
63 - 64: -56096
64 - 65: 21669
65 - 66: -23256
66 - 67: 1490
67 - 68: 10733
68 - 69: -4234
69 - 70: -5702
70 - 71: 7521
71 - 72: -7986
72 - 73: -311
73 - 74: 11086
74 - 75: -11721
75 - 76: -219
76 - 77: 1200
77 - 78: 36597
78 - 79: -34579
79 - 80: 10149
80 - 81: -6430
81 - 82: -11446
82 - 83: 5404
83 - 84: -457
84 - 85: 13162
85 - 86: -9330
86 - 87: 7656
87 - 88: -12622
88 - 89: 1556
89 - 90: 1119
90 - 91: -3381
91 - 92: 37924
92 - 93: -34946
93 - 94: 12627
94 - 95: -12397
95 - 96: 9276
96 - 97: -7134
97 - 98: 2825
98 - 99: -1257
99 - 100: 1825
100 - 101: -8264
101 - 102: 4601
102 - 103: 5065
103 - 104: -1175
104 - 105: -392
105 - 106: 31228
106 - 107: -33779
107 - 108: 433
108 - 109: 2954
109 - 110: -1492
110 - 111: 1350
111 - 112: -2425
112 - 113: 1978
113 - 114: 1182
114 - 115: 5097
115 - 116: -5641
116 - 117: -1164
117 - 118: 75943
118 - 119: -74549
119 - 120: -951
120 - 121: -6840
121 - 122: 4423
122 - 123: -2968
123 - 124: 1287
124 - 125: 6468
125 - 126: -1721
126 - 127: -1081
127 - 128: -4602
128 - 129: 2327
129 - 130: 8035
130 - 131: -13927
131 - 132: 12583
132 - 133: -11504
133 - 134: 9209
134 - 135: -5443
135 - 136: 56424
136 - 137: -54599
137 - 138: 11963
138 - 139: -17428
139 - 140: 7109
140 - 141: -5251
141 - 142: 971
142 - 143: 4587
143 - 144: -1751
144 - 145: -3901
145 - 146: 4924
146 - 147: -3884
147 - 148: 2376
148 - 149: 42299
149 - 150: -40387
150 - 151: 4779
151 - 152: -2797
152 - 153: -1751
153 - 154: -3887
154 - 155: 6178
155 - 156: -9818
156 - 157: 1188
157 - 158: 745
158 - 159: 8423
159 - 160: -1403
160 - 161: -1198
161 - 162: 2268
162 - 163: -8350
163 - 164: 3259
164 - 165: -977
165 - 166: -1386
166 - 167: 4685
167 - 168: 46620
168 - 169: -48606
169 - 170: 5222
170 - 171: -2984
171 - 172: -8270
172 - 173: 11395
173 - 174: -4070
174 - 175: -976
175 - 176: 1984
176 - 177: -62
177 - 178: -1160
178 - 179: -4544
179 - 180: 5995
180 - 181: -6517
181 - 182: 4796
182 - 183: -2904
183 - 184: 2600
184 - 185: -903
185 - 186: 1907
186 - 187: -188
187 - 188: -5509
188 - 189: 7807
189 - 190: -1982
190 - 191: 2466
191 - 192: 34184
192 - 193: -38778
193 - 194: -3836
194 - 195: 11227
195 - 196: 16886
196 - 197: -25938
197 - 198: 11328
198 - 199: -9043
199 - 200: 394
200 - 201: 2576
201 - 202: -6657
202 - 203: 2208
203 - 204: -710
204 - 205: -505
205 - 206: 4424
206 - 207: 30951
207 - 208: -35068
208 - 209: 5123
209 - 210: 25693
210 - 211: -24521
211 - 212: 17270
212 - 213: -8926
213 - 214: -4197
214 - 215: -10139
215 - 216: 55147
216 - 217: -57714
217 - 218: 1133
218 - 219: 19410
219 - 220: -20404
220 - 221: 1973
221 - 222: 12526
222 - 223: -13163
223 - 224: -1064
224 - 225: 8389
225 - 226: -5064
226 - 227: -1085
227 - 228: 59157
228 - 229: -60332
229 - 230: -1186
230 - 231: 3144
231 - 232: 1056
232 - 233: -3926
233 - 234: 12580
234 - 235: 46706
235 - 236: -39403
236 - 237: -19591
237 - 238: 9000
238 - 239: 2032
239 - 240: 38394
240 - 241: -3894
241 - 242: -43861
242 - 243: -268
243 - 244: 3313
244 - 245: 25001
245 - 246: -1392
246 - 247: -1363
247 - 248: 1948
248 - 249: 72
249 - 250: -176
250 - 251: -436
251 - 252: 948
252 - 253: -2649
253 - 254: 1393
254 - 255: 260
255 - 256: 588
256 - 257: -1302
257 - 258: 363
258 - 259: -27680
259 - 260: 52457
260 - 261: -42995
261 - 262: 58100
262 - 263: -68804
263 - 264: 45514
264 - 265: -45346
265 - 266: 1374
266 - 267: 47876
267 - 268: -44726
268 - 269: -1380
269 - 270: -1825
270 - 271: 3961
271 - 272: 6561
272 - 273: -11095
273 - 274: 23794
274 - 275: -23977
275 - 276: -1614
276 - 277: 60991
277 - 278: -58226
278 - 279: -5905
279 - 280: 12665
280 - 281: -2097
281 - 282: -667
282 - 283: 1314
283 - 284: -7746
284 - 285: 8177
285 - 286: -5297
286 - 287: 3352
287 - 288: -6910
288 - 289: 8419
289 - 290: 127
290 - 291: 4961
291 - 292: -8836
292 - 293: 13604
293 - 294: -9381
294 - 295: -2803
295 - 296: 2368
296 - 297: -8225
297 - 298: -1813
298 - 299: 21565
299 - 300: -16119
300 - 301: -945
301 - 302: 80751
302 - 303: -71090
303 - 304: -5975
304 - 305: -1070
305 - 306: 5442
306 - 307: -7909
307 - 308: -1438
308 - 309: 902
309 - 310: 186
310 - 311: 1162
311 - 312: 1705
312 - 313: -4391
313 - 314: 3077
314 - 315: -3623
315 - 316: 8930
316 - 317: -420
317 - 318: -2536
318 - 319: -3923
319 - 320: 1495
320 - 321: 4551
321 - 322: -2239
322 - 323: -6821
323 - 324: 7363
324 - 325: -4625
325 - 326: -444
326 - 327: 16406
327 - 328: -9445
328 - 329: -4063
329 - 330: 4251
330 - 331: -3028
331 - 332: -4505
332 - 333: 109
333 - 334: -3326
334 - 335: 5554
335 - 336: -3914
336 - 337: 316
337 - 338: 2338
338 - 339: -624
339 - 340: 9772
340 - 341: 28441
341 - 342: -37375
342 - 343: 5420
343 - 344: -5873
344 - 345: 11278
345 - 346: -10869
346 - 347: -115
347 - 348: 1411
348 - 349: -5706
349 - 350: 5876
350 - 351: 2929
351 - 352: 35099
352 - 353: -42986
353 - 354: 60712
354 - 355: -57074
355 - 356: 11024
356 - 357: -10018
357 - 358: 1800
358 - 359: -1426
359 - 360: 1330
360 - 361: -3469
361 - 362: -763
362 - 363: -1051
363 - 364: -1401
364 - 365: 8946
365 - 366: -6366
366 - 367: 316
367 - 368: -2235
368 - 369: 9710
369 - 370: -9741
370 - 371: 3079
371 - 372: 1600
372 - 373: 7639
373 - 374: 5902
374 - 375: -15271
375 - 376: 75
376 - 377: -3568
377 - 378: 9381
378 - 379: -3122
379 - 380: 160
380 - 381: -4248
381 - 382: 309
382 - 383: 383
383 - 384: 3450
384 - 385: -3124
385 - 386: 7387
386 - 387: -5124
387 - 388: 347
388 - 389: 762
389 - 390: 5067
390 - 391: 481
391 - 392: -6203
392 - 393: -937
393 - 394: 13968
394 - 395: -15761
395 - 396: 730
396 - 397: 9562
397 - 398: -5489
398 - 399: -5414
399 - 400: 1937
400 - 401: 1725
401 - 402: -3806
402 - 403: 3014
403 - 404: 4406
404 - 405: 1073
405 - 406: 39187
406 - 407: -49117
407 - 408: -1407
408 - 409: 47583
409 - 410: -38364
410 - 411: -2408
411 - 412: -5355
412 - 413: 1265
413 - 414: -1931
414 - 415: 1062
415 - 416: 73872
416 - 417: -73081
417 - 418: 11381
418 - 419: -13241
419 - 420: 11360
420 - 421: -2769
421 - 422: 25182
422 - 423: -20243
423 - 424: -6907
424 - 425: 5259
425 - 426: -3651
426 - 427: 60785
427 - 428: -65072
428 - 429: 11631
429 - 430: 48909
430 - 431: -60588
431 - 432: 6270
432 - 433: 56506
433 - 434: -64920
434 - 435: 4870
435 - 436: -4678
436 - 437: 1076
437 - 438: -93
438 - 439: 368
439 - 440: 19288
440 - 441: 20943
441 - 442: -39419
442 - 443: 44760
443 - 444: -47020
444 - 445: -2167
445 - 446: 1911
446 - 447: -592
447 - 448: -2255
448 - 449: 5377
449 - 450: 14102
450 - 451: -16234
451 - 452: 579
452 - 453: 30878
453 - 454: -30773
454 - 455: 294
455 - 456: 38771
456 - 457: -39743
457 - 458: 15985
458 - 459: -15295
459 - 460: -629
460 - 461: 14002
461 - 462: -12698
462 - 463: -696
463 - 464: 4401
464 - 465: -4973
465 - 466: 9847
466 - 467: -11155
467 - 468: 9870
468 - 469: -9198
469 - 470: 24993
470 - 471: 5462
471 - 472: -27252
472 - 473: 2534
473 - 474: -3018
474 - 475: 12791
475 - 476: 32146
476 - 477: -47687
477 - 478: 1114
478 - 479: 2624
479 - 480: -4326
480 - 481: 1228
481 - 482: 1826
482 - 483: 14521
483 - 484: -14648
484 - 485: 19737
485 - 486: -14552
486 - 487: -2526
487 - 488: -2804
488 - 489: 6388
489 - 490: 11818
490 - 491: -19002
491 - 492: -9
492 - 493: 8253
493 - 494: -5897
494 - 495: 5343
495 - 496: -7596
496 - 497: 441
497 - 498: 7770
498 - 499: 28690
499 - 500: -35319
500 - 501: 86
501 - 502: -4931
502 - 503: 549
503 - 504: 22554
504 - 505: -2072
505 - 506: -3443
506 - 507: -18301
507 - 508: 16344
508 - 509: -14055
509 - 510: 7539
510 - 511: -6916
511 - 512: 3439
512 - 513: 58946
513 - 514: -57308
514 - 515: -3685
515 - 516: 1879
516 - 517: -3208
517 - 518: 3364
518 - 519: -1950
519 - 520: 402
520 - 521: -2668
521 - 522: 2527
522 - 523: -2791
523 - 524: -1485
524 - 525: 11219
525 - 526: -9452
526 - 527: 12825
527 - 528: -10250
528 - 529: 1575
529 - 530: -596
530 - 531: -1035
531 - 532: -693
532 - 533: 1811
533 - 534: 216
534 - 535: 879
535 - 536: 6541
536 - 537: -5992
537 - 538: -2988
538 - 539: -1055
539 - 540: 1218
540 - 541: 907
541 - 542: -2271
542 - 543: 735
543 - 544: 1519
544 - 545: -1537
545 - 546: -225
546 - 547: 510
547 - 548: 974
548 - 549: 1419
549 - 550: -3000
550 - 551: 2165
551 - 552: -543
552 - 553: -35
553 - 554: 9403
554 - 555: -5311
555 - 556: 2326
556 - 557: -1102
557 - 558: -5695
558 - 559: 36570
559 - 560: -24713
560 - 561: 107
561 - 562: -987
562 - 563: 695
563 - 564: -5956
564 - 565: -6293
565 - 566: -805
566 - 567: -1335
567 - 568: 1411
568 - 569: 3098
569 - 570: 16223
570 - 571: -13440
571 - 572: 1030
572 - 573: 9664
573 - 574: -16101
574 - 575: 2632
575 - 576: -1151
576 - 577: 1089
577 - 578: -1482
578 - 579: -3280
579 - 580: 324
580 - 581: 66980
581 - 582: 4997
582 - 583: -69862
583 - 584: 6874
584 - 585: -9974
585 - 586: 39252
586 - 587: -33428
587 - 588: 6359
588 - 589: -11094
589 - 590: -2345
590 - 591: 85
591 - 592: 1482
592 - 593: 1542
593 - 594: -1811
594 - 595: 519
595 - 596: -31
596 - 597: 2472
597 - 598: -1539
598 - 599: 5164
599 - 600: -2344
600 - 601: 1306
601 - 602: 1453
602 - 603: -4453
603 - 604: -1788
604 - 605: 58001
605 - 606: -39533
606 - 607: 30052
607 - 608: -52204
608 - 609: 4783
609 - 610: 2560
610 - 611: 68248
611 - 612: -71136
612 - 613: 1938
613 - 614: -939
614 - 615: -283
615 - 616: 7813
616 - 617: -5451
617 - 618: 10687
618 - 619: -10187
619 - 620: 3266
620 - 621: -6231
621 - 622: 4908
622 - 623: 57345
623 - 624: -62663
624 - 625: 1828
625 - 626: -2517
626 - 627: 7481
627 - 628: 2783
628 - 629: 6205
629 - 630: -14705
630 - 631: 1921
631 - 632: 3782
632 - 633: -6443
633 - 634: 193
634 - 635: 10547
635 - 636: 59276
636 - 637: -67954
637 - 638: 228
638 - 639: -7577
639 - 640: 73602
640 - 641: -72713
641 - 642: 23251
642 - 643: -19927
643 - 644: 2494
644 - 645: 9809
645 - 646: 3019
646 - 647: -12465
647 - 648: -1677
648 - 649: -1328
649 - 650: -12
650 - 651: 7802
651 - 652: 7699
652 - 653: -593
653 - 654: -12489
654 - 655: -611
655 - 656: -430
656 - 657: -2599
657 - 658: 5182
658 - 659: -2489
659 - 660: 1859
660 - 661: 6554
661 - 662: -8057
662 - 663: 67192
663 - 664: -55340
664 - 665: -13571
665 - 666: 2857
666 - 667: 7368
667 - 668: -9072
668 - 669: -616
669 - 670: 4452
670 - 671: -3183
671 - 672: 593
672 - 673: 6264
673 - 674: -7505
674 - 675: -1147
675 - 676: 2986
676 - 677: -1786
677 - 678: 638
678 - 679: 8160
679 - 680: -8957
680 - 681: 3159
681 - 682: -3092
682 - 683: -538
683 - 684: 101
684 - 685: 2691
685 - 686: 5980
686 - 687: 4615
687 - 688: -8040
688 - 689: 4350
689 - 690: -3686
690 - 691: 3330
691 - 692: -5935
692 - 693: -3084
693 - 694: 2359
694 - 695: 8305
695 - 696: -10313
696 - 697: 44181
697 - 698: -43328
698 - 699: 2895
699 - 700: -4210
700 - 701: 15465
701 - 702: -14448
702 - 703: 9858
703 - 704: -11189
704 - 705: 7040
705 - 706: -5483
706 - 707: 1676
707 - 708: 11897
708 - 709: -13606
709 - 710: 137
710 - 711: 17204
711 - 712: 960
712 - 713: -20428
713 - 714: 36489
714 - 715: -14333
715 - 716: -15323
716 - 717: 56838
717 - 718: -56402
718 - 719: 1637
719 - 720: -7625
720 - 721: -1234
721 - 722: 3823
722 - 723: 2877
723 - 724: 268
724 - 725: -2954
725 - 726: -1551
726 - 727: 3875
727 - 728: -4803
728 - 729: 1907
729 - 730: -629
730 - 731: -871
731 - 732: 1883
732 - 733: 18293
733 - 734: -14247
734 - 735: -5751
735 - 736: 2365
736 - 737: -417
737 - 738: -3068
738 - 739: -142
739 - 740: 16139
740 - 741: -4562
741 - 742: -11393
742 - 743: 6280
743 - 744: -4489
744 - 745: 2235
745 - 746: 13909
746 - 747: -18745
747 - 748: 7238
748 - 749: -5583
749 - 750: 4910
750 - 751: 3780
751 - 752: -6590
752 - 753: 1595
753 - 754: -2530
754 - 755: 332
755 - 756: -1438
756 - 757: 5630
757 - 758: 4035
758 - 759: -11494
759 - 760: 10292
760 - 761: 1855
761 - 762: -11559
762 - 763: 549
763 - 764: 618
764 - 765: -3072
765 - 766: 661
766 - 767: 5015
767 - 768: 24040
768 - 769: -20442
769 - 770: -6503
770 - 771: 3367
771 - 772: -5800
772 - 773: 2696
773 - 774: -1626
774 - 775: -312
775 - 776: -1154
776 - 777: 3978
777 - 778: -868
778 - 779: -552
779 - 780: 685
780 - 781: -2924
781 - 782: 55151
782 - 783: -53821
783 - 784: 758
784 - 785: 11148
785 - 786: -8656
786 - 787: 67575
787 - 788: -65853
788 - 789: -524
789 - 790: -1894
790 - 791: 10321
791 - 792: -6949
792 - 793: -2282
793 - 794: -313
794 - 795: 811
795 - 796: 24041
796 - 797: -26768
797 - 798: -724
798 - 799: 3962
799 - 800: -5383
800 - 801: 152
801 - 802: 8224
802 - 803: 9991
803 - 804: -7335
804 - 805: -311
805 - 806: 3321
806 - 807: 55712
807 - 808: -69496
808 - 809: 401
809 - 810: 1955
810 - 811: -1454
811 - 812: 13693
812 - 813: -15032
813 - 814: 4411
814 - 815: -2406
815 - 816: 10686
816 - 817: -7775
817 - 818: -679
818 - 819: 4657
819 - 820: 1960
820 - 821: -3881
821 - 822: -4722
822 - 823: 986
823 - 824: 68967
824 - 825: -61267
825 - 826: -4036
826 - 827: 1542
827 - 828: -6384
828 - 829: 52441
829 - 830: -34092
830 - 831: -19194
831 - 832: 996
832 - 833: 2524
833 - 834: 5762
834 - 835: -5505
835 - 836: -3093
836 - 837: 975
837 - 838: 60955
838 - 839: -64732
839 - 840: 3735
840 - 841: -569
841 - 842: 6826
842 - 843: -3896
843 - 844: 26809
844 - 845: -30660
845 - 846: 3105
846 - 847: -4402
847 - 848: 1196
848 - 849: 34260
849 - 850: 5587
850 - 851: -36879
851 - 852: -2287
852 - 853: -1131
853 - 854: 841
854 - 855: 80
855 - 856: 7590
856 - 857: -5525
857 - 858: -2449
858 - 859: -781
859 - 860: 17861
860 - 861: -14864
861 - 862: -1176
862 - 863: -1143
863 - 864: 37412
864 - 865: -22146
865 - 866: -15432
866 - 867: -565
867 - 868: 30748
868 - 869: -27248
869 - 870: 4000
870 - 871: -4434
871 - 872: 2397
872 - 873: 4231
873 - 874: -10664
874 - 875: 3061
875 - 876: 2210
876 - 877: 3819
877 - 878: 2401
878 - 879: -3820
879 - 880: 59261
880 - 881: -49712
881 - 882: -9158
882 - 883: 6291
883 - 884: -12881
884 - 885: 20536
885 - 886: -18729
886 - 887: -731
887 - 888: 21344
888 - 889: -21729
889 - 890: -2103
890 - 891: 8490
891 - 892: -10960
892 - 893: 11776
893 - 894: -4863
894 - 895: -2479
895 - 896: 9609
896 - 897: 6722
897 - 898: -1762
898 - 899: -14918
899 - 900: -321
900 - 901: 1513
901 - 902: -5914
902 - 903: 6846
903 - 904: 15508
904 - 905: 19930
905 - 906: -36869
906 - 907: 9114
907 - 908: -9116
908 - 909: 21645
909 - 910: -20194
910 - 911: 19565
911 - 912: -17096
912 - 913: -782
913 - 914: -4544
914 - 915: 123
915 - 916: 7224
916 - 917: 7749
917 - 918: -12144
918 - 919: -2357
919 - 920: 324
920 - 921: 2082
921 - 922: -2096
922 - 923: 436
923 - 924: 2521
924 - 925: 4977
925 - 926: 37229
926 - 927: -45697
927 - 928: 11416
928 - 929: 53631
929 - 930: 3249
930 - 931: -67915
931 - 932: 1028
932 - 933: 55942
933 - 934: -33119
934 - 935: 23539
935 - 936: -46763
936 - 937: -3
937 - 938: -848
938 - 939: 1656
939 - 940: 2866
940 - 941: 4863
941 - 942: 5452
942 - 943: -6872
943 - 944: -4297
944 - 945: 2749
945 - 946: -5969
946 - 947: 1512
947 - 948: 2922
948 - 949: -3839
949 - 950: 51
950 - 951: 17202
951 - 952: -16729
952 - 953: 10947
953 - 954: -1752
954 - 955: 32335
955 - 956: -41013
956 - 957: -674
957 - 958: -846
958 - 959: 536
959 - 960: 58962
960 - 961: -49907
961 - 962: 482
962 - 963: -634
963 - 964: -8450
964 - 965: 2782
965 - 966: 40461
966 - 967: -43800
967 - 968: 1955
968 - 969: -2855
969 - 970: 6494
970 - 971: -7682
971 - 972: -431
972 - 973: -101
973 - 974: 2784
974 - 975: -1105
975 - 976: -193
976 - 977: 4914
977 - 978: 58500
978 - 979: -30393
979 - 980: -16852
980 - 981: 11318
981 - 982: -30225
982 - 983: 1472
983 - 984: 53258
984 - 985: 14293
985 - 986: -63283
986 - 987: 16115
987 - 988: -18559
988 - 989: -1527
989 - 990: 28163
990 - 991: -15316
991 - 992: -8837
992 - 993: 1044
993 - 994: 2402
994 - 995: 62678
995 - 996: -11024
996 - 997: -40526
997 - 998: -17665
998 - 999: 3721
999 - 1000: 5721
1000 - 1001: -6187
1001 - 1002: 2108
1002 - 1003: 5168
1003 - 1004: -8826
1004 - 1005: 4510
1005 - 1006: -6521
1006 - 1007: 3044
1007 - 1008: 12445
1008 - 1009: -14255
1009 - 1010: 3526
1010 - 1011: 9731
1011 - 1012: 2275
1012 - 1013: -12181
1013 - 1014: 3505
1014 - 1015: 24917
1015 - 1016: 25909
1016 - 1017: -51728
1017 - 1018: 11267
1018 - 1019: -17410
1019 - 1020: 37911
1020 - 1021: -37582
1021 - 1022: -791
1022 - 1023: 1764
1023 - 1024: 7086
1024 - 1025: -9756
1025 - 1026: 10328
1026 - 1027: 4269
1027 - 1028: -1622
1028 - 1029: -8435
1029 - 1030: 10904
1030 - 1031: -18493
1031 - 1032: 5248
1032 - 1033: 1125
1033 - 1034: 1271
1034 - 1035: -4686
1035 - 1036: 5689
1036 - 1037: -593
1037 - 1038: 7322
1038 - 1039: -8097
1039 - 1040: 35600
1040 - 1041: -36728
1041 - 1042: 15191
1042 - 1043: -1765
1043 - 1044: 3797
1044 - 1045: -17529
1045 - 1046: -2091
1046 - 1047: 645
1047 - 1048: 45177
1048 - 1049: -39353
1049 - 1050: 7435
1050 - 1051: -13160
1051 - 1052: 45861
1052 - 1053: -48059
1053 - 1054: 3519
1054 - 1055: 14303
1055 - 1056: -16184
1056 - 1057: -3305
1057 - 1058: 714
1058 - 1059: 3259
1059 - 1060: 6128
1060 - 1061: -8595
1061 - 1062: 1769
1062 - 1063: 1608
1063 - 1064: -2684
1064 - 1065: 1134
1065 - 1066: 627
1066 - 1067: -123
1067 - 1068: 937
1068 - 1069: -448
1069 - 1070: -2133
1070 - 1071: -675
1071 - 1072: 5391
1072 - 1073: 2318
1073 - 1074: 4019
1074 - 1075: -10914
1075 - 1076: -1332
1076 - 1077: 2810
1077 - 1078: 1599
1078 - 1079: -2421
1079 - 1080: 8302
1080 - 1081: -8935
1081 - 1082: 2160
1082 - 1083: -1282
1083 - 1084: -2128
1084 - 1085: -854
1085 - 1086: 1996
1086 - 1087: -1016
1087 - 1088: 948
1088 - 1089: 595
1089 - 1090: -911
1090 - 1091: 1775
1091 - 1092: -1609
1092 - 1093: 1417
1093 - 1094: 6352
1094 - 1095: 835
1095 - 1096: 12354
1096 - 1097: -18615
1097 - 1098: -859
1098 - 1099: 583
1099 - 1100: -1155
1100 - 1101: 10752
1101 - 1102: 55717
1102 - 1103: -60163
1103 - 1104: -4524
1104 - 1105: 44463
1105 - 1106: -32331
1106 - 1107: -14819
1107 - 1108: 7739
1108 - 1109: -6166
1109 - 1110: 20578
1110 - 1111: -13685
1111 - 1112: -4761
1112 - 1113: -2098
1113 - 1114: 2251
1114 - 1115: 9097
1115 - 1116: 2825
1116 - 1117: -11621
1117 - 1118: 5787
1118 - 1119: 1831
1119 - 1120: 34268
1120 - 1121: -42280
1121 - 1122: 8408
1122 - 1123: -9243
1123 - 1124: 9624
1124 - 1125: 59682
1125 - 1126: -54176
1126 - 1127: -6479
1127 - 1128: -8250
1128 - 1129: 12627
1129 - 1130: -12442
1130 - 1131: 3170
1131 - 1132: 1850
1132 - 1133: -175
1133 - 1134: 3
1134 - 1135: 1197
1135 - 1136: -93
1136 - 1137: -298
1137 - 1138: -7646
1138 - 1139: 4096
1139 - 1140: -4495
1140 - 1141: 2818
1141 - 1142: 3016
1142 - 1143: 6860
1143 - 1144: -16718
1144 - 1145: 234
1145 - 1146: 15898
1146 - 1147: 2380
1147 - 1148: -602
1148 - 1149: -8451
1149 - 1150: 10258
1150 - 1151: -3615
1151 - 1152: -10860
1152 - 1153: -1026
1153 - 1154: 4347
1154 - 1155: -4343
1155 - 1156: 34489
1156 - 1157: -34568
1157 - 1158: 981
1158 - 1159: -343
1159 - 1160: 44337
1160 - 1161: -44019
1161 - 1162: -1726
1162 - 1163: 6146
1163 - 1164: 6118
1164 - 1165: -10891
1165 - 1166: 3157
1166 - 1167: -4776
1167 - 1168: 12707
1168 - 1169: 4663
1169 - 1170: -6241
1170 - 1171: 31093
1171 - 1172: -42379
1172 - 1173: -2528
1173 - 1174: 6500
1174 - 1175: 422
1175 - 1176: 1226
1176 - 1177: 7457
1177 - 1178: -4432
1178 - 1179: -5185
1179 - 1180: 44731
1180 - 1181: -41122
1181 - 1182: -5207
1182 - 1183: 536
1183 - 1184: 5424
1184 - 1185: -3132
1185 - 1186: 3359
1186 - 1187: -232
1187 - 1188: -4326
1188 - 1189: 7591
1189 - 1190: 63060
1190 - 1191: -68888
1191 - 1192: 5890
1192 - 1193: 4650
1193 - 1194: 1510
1194 - 1195: -14769
1195 - 1196: 1650
1196 - 1197: 6895
1197 - 1198: -10183
1198 - 1199: 5203
1199 - 1200: -2830
1200 - 1201: -1030
1201 - 1202: 43943
1202 - 1203: 12792
1203 - 1204: -53474
1204 - 1205: -4830
1205 - 1206: 1065
1206 - 1207: 367
1207 - 1208: 8854
1208 - 1209: -4652
1209 - 1210: -1667
1210 - 1211: -3321
1211 - 1212: 1929
1212 - 1213: 43018
1213 - 1214: -43204
1214 - 1215: -8996
1215 - 1216: 13776
1216 - 1217: -1458
1217 - 1218: -6432
1218 - 1219: 4649
1219 - 1220: -5310
1220 - 1221: 6438
1221 - 1222: -3279
1222 - 1223: 16545
1223 - 1224: 16863
1224 - 1225: -24626
1225 - 1226: 60566
1226 - 1227: -71554
1227 - 1228: 12555
1228 - 1229: -5781
1229 - 1230: 32221
1230 - 1231: -26178
1231 - 1232: -6755
1232 - 1233: 8720
1233 - 1234: -817
1234 - 1235: -2289
1235 - 1236: -5446
1236 - 1237: -3059
1237 - 1238: -1806
1238 - 1239: 3151
1239 - 1240: 36743
1240 - 1241: -37258
1241 - 1242: 37324
1242 - 1243: -36848
1243 - 1244: 8855
1244 - 1245: 857
1245 - 1246: -12307
1246 - 1247: 14145
1247 - 1248: -13072
1248 - 1249: 6443
1249 - 1250: -6443
1250 - 1251: -651
1251 - 1252: 3897
1252 - 1253: -5637
1253 - 1254: 2019
1254 - 1255: 6143
1255 - 1256: -2505
1256 - 1257: -3463
1257 - 1258: 8797
1258 - 1259: -6004
1259 - 1260: -2108
1260 - 1261: 68594
1261 - 1262: -65148
1262 - 1263: -5811
1263 - 1264: 1717
1264 - 1265: 14150
1265 - 1266: -13895
1266 - 1267: 3089
1267 - 1268: -2012
1268 - 1269: 31872
1269 - 1270: -34441
1270 - 1271: 726
1271 - 1272: -1443
1272 - 1273: -121
1273 - 1274: -2281
1274 - 1275: 6554
1275 - 1276: 1234
1276 - 1277: 3210
1277 - 1278: -6912
1278 - 1279: 5205
1279 - 1280: -6747
1280 - 1281: -1368
1281 - 1282: 7479
1282 - 1283: 9382
1283 - 1284: -19178
1284 - 1285: 14824
1285 - 1286: -3764
1286 - 1287: -10352
1287 - 1288: 19894
1288 - 1289: -23064
1289 - 1290: 68994
1290 - 1291: -55888
1291 - 1292: -5009
1292 - 1293: -4093
1293 - 1294: 9153
1294 - 1295: -3786
1295 - 1296: 108
1296 - 1297: 8632
1297 - 1298: -10561
1298 - 1299: 2726
1299 - 1300: 46818
1300 - 1301: -37373
1301 - 1302: -10584
1302 - 1303: -3459
1303 - 1304: 670
1304 - 1305: -517
1305 - 1306: 2773
1306 - 1307: 159
1307 - 1308: 3245
1308 - 1309: -3802
1309 - 1310: 3151
1310 - 1311: 60340
1311 - 1312: -60910
1312 - 1313: 5154
1313 - 1314: -8535
1314 - 1315: -2781
1315 - 1316: 1285
1316 - 1317: 1577
1317 - 1318: 854
1318 - 1319: 6923
1319 - 1320: -1220
1320 - 1321: -4842
1321 - 1322: 22657
1322 - 1323: -21335
1323 - 1324: -3137
1324 - 1325: -1137
1325 - 1326: 1339
1326 - 1327: 68574
1327 - 1328: -63214
1328 - 1329: -4729
1329 - 1330: 214
1330 - 1331: 612
1331 - 1332: 4372
1332 - 1333: -2413
1333 - 1334: -4373
1334 - 1335: 1688
1335 - 1336: 376
1336 - 1337: 1361
1337 - 1338: 2148
1338 - 1339: -6819
1339 - 1340: 4006
1340 - 1341: 188
1341 - 1342: -516
1342 - 1343: -4041
1343 - 1344: 1874
1344 - 1345: 22914
1345 - 1346: -20824
1346 - 1347: 4866
1347 - 1348: 12868
1348 - 1349: -20083
1349 - 1350: -3475
1350 - 1351: 10240
1351 - 1352: -5603
1352 - 1353: 1180
1353 - 1354: 1637
1354 - 1355: -3481
1355 - 1356: 983
1356 - 1357: 1633
1357 - 1358: 11586
1358 - 1359: -15626
1359 - 1360: 68657
1360 - 1361: -56806
1361 - 1362: -10991
1362 - 1363: 1476
1363 - 1364: 865
1364 - 1365: 5858
1365 - 1366: 11426
1366 - 1367: -18487
1367 - 1368: 7430
1368 - 1369: -14369
1369 - 1370: 4626
1370 - 1371: -52
1371 - 1372: 64569
1372 - 1373: -65896
1373 - 1374: 3372
1374 - 1375: 15637
1375 - 1376: -10171
1376 - 1377: 795
1377 - 1378: -4137
1378 - 1379: -3554
1379 - 1380: 715
1380 - 1381: -1880
1381 - 1382: 5255
1382 - 1383: 6581
1383 - 1384: 38625
1384 - 1385: -48587
1385 - 1386: 9855
1386 - 1387: -10799
1387 - 1388: 183
1388 - 1389: -863
1389 - 1390: 2533
1390 - 1391: 79
1391 - 1392: 25939
1392 - 1393: -27195
1393 - 1394: 68468
1394 - 1395: -67580
1395 - 1396: 3848
1396 - 1397: 1926
1397 - 1398: -6707
1398 - 1399: -186
1399 - 1400: 1399
1400 - 1401: 83808
1401 - 1402: -85811
1402 - 1403: 11088
1403 - 1404: -10989
1404 - 1405: 5540
1405 - 1406: 1045
1406 - 1407: -6437
1407 - 1408: 15318
1408 - 1409: -8131
1409 - 1410: -6189
1410 - 1411: 11647
1411 - 1412: -2288
1412 - 1413: -7519
1413 - 1414: 29224
1414 - 1415: -24226
1415 - 1416: 5766
1416 - 1417: 41209
1417 - 1418: -54445
1418 - 1419: -1358
1419 - 1420: 11717
1420 - 1421: -4446
1421 - 1422: 4162
1422 - 1423: -4125
1423 - 1424: 3930
1424 - 1425: -9771
1425 - 1426: 1073
1426 - 1427: 42656
1427 - 1428: -39233
1428 - 1429: -502
1429 - 1430: 7953
1430 - 1431: 1524
1431 - 1432: -7385
1432 - 1433: 4872
1433 - 1434: -5838
1434 - 1435: 45697
1435 - 1436: -44904
1436 - 1437: -5145
1437 - 1438: 8819
1438 - 1439: 37231
1439 - 1440: -43300
1440 - 1441: 2046
1441 - 1442: 2600
1442 - 1443: 2006
1443 - 1444: -4482
1444 - 1445: -4369
1445 - 1446: 11346
1446 - 1447: -6544
1447 - 1448: 10371
1448 - 1449: -4923
1449 - 1450: -13950
1450 - 1451: 3270
1451 - 1452: 16506
1452 - 1453: 13117
1453 - 1454: -10915
1454 - 1455: -20097
1455 - 1456: 4622
1456 - 1457: 64991
1457 - 1458: -66572
1458 - 1459: -3126
1459 - 1460: 1408
1460 - 1461: 4091
1461 - 1462: 2760
1462 - 1463: 10721
1463 - 1464: -17263
1464 - 1465: 11252
1465 - 1466: -12200
1466 - 1467: 20836
1467 - 1468: -18774
1468 - 1469: -752
1469 - 1470: 801
1470 - 1471: 1682
1471 - 1472: 3719
1472 - 1473: 9786
1473 - 1474: -6118
1474 - 1475: -10664
1475 - 1476: 10327
1476 - 1477: 3886
1477 - 1478: 1364
1478 - 1479: -15212
1479 - 1480: 957
1480 - 1481: 2340
1481 - 1482: 2878
1482 - 1483: -980
1483 - 1484: -238
1484 - 1485: 1862
1485 - 1486: -6032
1486 - 1487: 2861
1487 - 1488: 57633
1488 - 1489: -49237
1489 - 1490: -3839
1490 - 1491: 11760
1491 - 1492: -21855
1492 - 1493: 9684
1493 - 1494: -7240
1494 - 1495: -1604
1495 - 1496: 3013
1496 - 1497: -260
1497 - 1498: -178
1498 - 1499: 1895
1499 - 1500: 4958
1500 - 1501: -5767
1501 - 1502: -1250
1502 - 1503: 5023
1503 - 1504: -5916
1504 - 1505: -1415
1505 - 1506: -1188
1506 - 1507: 2454
1507 - 1508: -86
1508 - 1509: 1918
1509 - 1510: 4761
1510 - 1511: -10433
1511 - 1512: 7444
1512 - 1513: -3267
1513 - 1514: -1488
1514 - 1515: -435
1515 - 1516: 8632
1516 - 1517: -6925
1517 - 1518: 15280
1518 - 1519: -16374
1519 - 1520: -875
1520 - 1521: 4677
1521 - 1522: 62613
1522 - 1523: -31185
1523 - 1524: -28411
1524 - 1525: -4245
1525 - 1526: 682
1526 - 1527: -5254
1527 - 1528: 9368
1528 - 1529: 4354
1529 - 1530: -11641
1530 - 1531: 951
1531 - 1532: 1062
1532 - 1533: 3165
1533 - 1534: 11010
1534 - 1535: -8857
1535 - 1536: 6946
1536 - 1537: -4328
1537 - 1538: -9107
1538 - 1539: -88
1539 - 1540: -870
1540 - 1541: 11945
1541 - 1542: 649
1542 - 1543: -12366
1543 - 1544: 6494
1544 - 1545: -3454
1545 - 1546: 3464
1546 - 1547: -3382
1547 - 1548: 11240
1548 - 1549: -4591
1549 - 1550: -7311
1550 - 1551: 13615
1551 - 1552: -17045
1552 - 1553: 6651
1553 - 1554: -7587
1554 - 1555: 3709
1555 - 1556: 1604
1556 - 1557: 9993
1557 - 1558: -10014
1558 - 1559: 34885
1559 - 1560: -37827
1560 - 1561: -1696
1561 - 1562: 1420
1562 - 1563: -108
1563 - 1564: 10959
1564 - 1565: -7501
1565 - 1566: -1960
1566 - 1567: 7644
1567 - 1568: -9847
1568 - 1569: 29056
1569 - 1570: -9602
1570 - 1571: -5126
1571 - 1572: -1230
1572 - 1573: -7850
1573 - 1574: -6826
1574 - 1575: 4110
1575 - 1576: 3872
1576 - 1577: 29136
1577 - 1578: -35552
1578 - 1579: -383
1579 - 1580: 6720
1580 - 1581: 9656
1581 - 1582: -8968
1582 - 1583: -6160
1583 - 1584: 7659
1584 - 1585: -6776
1585 - 1586: 6115
1586 - 1587: -8739
1587 - 1588: 1627
1588 - 1589: 16341
1589 - 1590: -14049
1590 - 1591: 2887
1591 - 1592: -5951
1592 - 1593: -1093
1593 - 1594: 8052
1594 - 1595: 702
1595 - 1596: -4616
1596 - 1597: -2565
1597 - 1598: 723
1598 - 1599: 2555
1599 - 1600: -1184
1600 - 1601: 4173
1601 - 1602: -4826
1602 - 1603: -6849
1603 - 1604: 13581
1604 - 1605: -8538
1605 - 1606: 7017
1606 - 1607: 11132
1607 - 1608: -18395
1608 - 1609: 20007
1609 - 1610: 44068
1610 - 1611: -42637
1611 - 1612: -3629
1612 - 1613: -2621
1613 - 1614: -14511
1614 - 1615: 150
1615 - 1616: 2374
1616 - 1617: -5185
1617 - 1618: 24134
1618 - 1619: -21446
1619 - 1620: 2055
1620 - 1621: 1098
1621 - 1622: -2859
1622 - 1623: 38770
1623 - 1624: -39014
1624 - 1625: 3639
1625 - 1626: -2757
1626 - 1627: 53115
1627 - 1628: -53816
1628 - 1629: 6740
1629 - 1630: -10741
1630 - 1631: 2940
1631 - 1632: 2492
1632 - 1633: 7676
1633 - 1634: -7694
1634 - 1635: -392
1635 - 1636: 605
1636 - 1637: 9021
1637 - 1638: -10937
1638 - 1639: 9106
1639 - 1640: -204
1640 - 1641: -4020
1641 - 1642: 15311
1642 - 1643: -17660
1643 - 1644: 8646
1644 - 1645: -10296
1645 - 1646: 16240
1646 - 1647: -17863
1647 - 1648: 2415
1648 - 1649: -267
1649 - 1650: 20752
1650 - 1651: -6828
1651 - 1652: -12272
1652 - 1653: 3202
1653 - 1654: -6710
1654 - 1655: -1017
1655 - 1656: 3684
1656 - 1657: 8977
1657 - 1658: 12844
1658 - 1659: 19497
1659 - 1660: -39798
1660 - 1661: -3084
1661 - 1662: 4857
1662 - 1663: -2459
1663 - 1664: 1268
1664 - 1665: 3708
1665 - 1666: -8565
1666 - 1667: 915
1667 - 1668: 1716
1668 - 1669: 3016
1669 - 1670: 2927
1670 - 1671: -2404
1671 - 1672: 1490
1672 - 1673: -553
1673 - 1674: -6353
1674 - 1675: 8781
1675 - 1676: -5587
1676 - 1677: 4390
1677 - 1678: 38674
1678 - 1679: -46258
1679 - 1680: 2812
1680 - 1681: -4077
1681 - 1682: 3860
1682 - 1683: 2697
1683 - 1684: -2731
1684 - 1685: -195
1685 - 1686: -1410
1686 - 1687: 6253
1687 - 1688: -3252
1688 - 1689: -3199
1689 - 1690: 8794
1690 - 1691: -10704
1691 - 1692: 8777
1692 - 1693: -8998
1693 - 1694: 1345
1694 - 1695: 9908
1695 - 1696: 439
1696 - 1697: 6871
1697 - 1698: -13969
1698 - 1699: 1715
1699 - 1700: -4723
1700 - 1701: 4081
1701 - 1702: -4163
1702 - 1703: -462
1703 - 1704: 26502
1704 - 1705: -19746
1705 - 1706: -9094
1706 - 1707: 19301
1707 - 1708: -8691
1708 - 1709: -5389
1709 - 1710: -824
1710 - 1711: 5512
1711 - 1712: -5775
1712 - 1713: -474
1713 - 1714: -611
1714 - 1715: 17314
1715 - 1716: -14493
1716 - 1717: 6559
1717 - 1718: -1188
1718 - 1719: -2714
1719 - 1720: -6133
1720 - 1721: -21
1721 - 1722: 13304
1722 - 1723: -12144
1723 - 1724: 233
1724 - 1725: -2926
1725 - 1726: 2031
1726 - 1727: -838
1727 - 1728: 7206
1728 - 1729: -5446
1729 - 1730: 14248
1730 - 1731: -13051
1731 - 1732: -438
1732 - 1733: 592
1733 - 1734: 572
1734 - 1735: 2934
1735 - 1736: 593
1736 - 1737: 4275
1737 - 1738: -4235
1738 - 1739: -7350
1739 - 1740: 6148
1740 - 1741: 45247
1741 - 1742: -45100
1742 - 1743: 5317
1743 - 1744: -6468
1744 - 1745: 16389
1745 - 1746: -12571
1746 - 1747: -8957
1747 - 1748: 7908
1748 - 1749: 3388
1749 - 1750: -32
1750 - 1751: -753
1751 - 1752: -7604
1752 - 1753: 4614
1753 - 1754: -1145
1754 - 1755: 37
1755 - 1756: -1233
1756 - 1757: -6365
1757 - 1758: 1931
1758 - 1759: -2584
1759 - 1760: 5451
1760 - 1761: 8899
1761 - 1762: -12094
1762 - 1763: 893
1763 - 1764: -961
1764 - 1765: 1213
1765 - 1766: -2233
1766 - 1767: 7913
1767 - 1768: -5521
1768 - 1769: 4238
1769 - 1770: -4156
1770 - 1771: 11290
1771 - 1772: -9300
1772 - 1773: 17788
1773 - 1774: -18951
1774 - 1775: -1304
1775 - 1776: 918
1776 - 1777: -3191
1777 - 1778: 4491
1778 - 1779: 11266
1779 - 1780: -9662
1780 - 1781: -3027
1781 - 1782: -1360
1782 - 1783: 48963
1783 - 1784: -48873
1784 - 1785: 343
1785 - 1786: 3812
1786 - 1787: 19911
1787 - 1788: -26559
1788 - 1789: 62446
1789 - 1790: -62739
1790 - 1791: 48902
1791 - 1792: -39754
1792 - 1793: 6229
1793 - 1794: -3629
1794 - 1795: 767
1795 - 1796: 484
1796 - 1797: -11948
1797 - 1798: 1954
1798 - 1799: -386
1799 - 1800: 1152
1800 - 1801: 6620
1801 - 1802: -9524
1802 - 1803: 1763
1803 - 1804: -1528
1804 - 1805: 2104
1805 - 1806: 5679
1806 - 1807: -5464
1807 - 1808: 11280
1808 - 1809: -7702
1809 - 1810: 7139
1810 - 1811: 27972
1811 - 1812: -39864
1812 - 1813: -385
1813 - 1814: -1196
1814 - 1815: 8792
1815 - 1816: -6439
1816 - 1817: 48119
1817 - 1818: -48071
1818 - 1819: 2796
1819 - 1820: 164
1820 - 1821: -389
1821 - 1822: -4788
1822 - 1823: 1928
1823 - 1824: -2640
1824 - 1825: 1558
1825 - 1826: 8403
1826 - 1827: -5613
1827 - 1828: -643
1828 - 1829: 41114
1829 - 1830: 11303
1830 - 1831: -37526
1831 - 1832: -15894
1832 - 1833: 544
1833 - 1834: 54308
1834 - 1835: -47261
1835 - 1836: -1375
1836 - 1837: -551
1837 - 1838: -2306
1838 - 1839: 1012
1839 - 1840: -184
1840 - 1841: -2253
1841 - 1842: 166
1842 - 1843: 391
1843 - 1844: -1719
1844 - 1845: -6876
1845 - 1846: 8713
1846 - 1847: 1754
1847 - 1848: 5866
1848 - 1849: -8812
1849 - 1850: -1374
1850 - 1851: 5517
1851 - 1852: 880
1852 - 1853: -6392
1853 - 1854: 2413
1854 - 1855: -1228
1855 - 1856: -1619
1856 - 1857: 3065
1857 - 1858: -3364
1858 - 1859: 8230
1859 - 1860: 10510
1860 - 1861: -5399
1861 - 1862: -14188
1862 - 1863: 17114
1863 - 1864: -7321
1864 - 1865: -4510
1865 - 1866: 3807
1866 - 1867: -4906
1867 - 1868: 49073
1868 - 1869: -52466
1869 - 1870: -2091
1870 - 1871: 4264
1871 - 1872: 3446
1872 - 1873: -3199
1873 - 1874: 43432
1874 - 1875: -45001
1875 - 1876: 691
1876 - 1877: 4211
1877 - 1878: -8111
1878 - 1879: 6669
1879 - 1880: -7282
1880 - 1881: 12519
1881 - 1882: -7415
1882 - 1883: 4292
1883 - 1884: 29160
1884 - 1885: -31645
1885 - 1886: -6261
1886 - 1887: 813
1887 - 1888: 31510
1888 - 1889: -25260
1889 - 1890: 1695
1890 - 1891: -4990
1891 - 1892: 1452
1892 - 1893: 24766
1893 - 1894: -12794
1894 - 1895: -9585
1895 - 1896: -746
1896 - 1897: -5190
1897 - 1898: 6946
1898 - 1899: 38878
1899 - 1900: -34013
1900 - 1901: 2219
1901 - 1902: -11657
1902 - 1903: -1269
1903 - 1904: 7109
1904 - 1905: -3410
1905 - 1906: 1787
1906 - 1907: -5889
1907 - 1908: 818
1908 - 1909: 4989
1909 - 1910: 3149
1910 - 1911: -11846
1911 - 1912: 832
1912 - 1913: 2167
1913 - 1914: 4885
1914 - 1915: -3150
1915 - 1916: -2190
1916 - 1917: 3829
1917 - 1918: 11028
1918 - 1919: -5416
1919 - 1920: 37095
1920 - 1921: -38762
1921 - 1922: -4641
1922 - 1923: 3725
1923 - 1924: 3674
1924 - 1925: 1110
1925 - 1926: 51137
1926 - 1927: -59395
1927 - 1928: 10134
1928 - 1929: -3681
1929 - 1930: -8384
1930 - 1931: 12657
1931 - 1932: -11025
1932 - 1933: -1588
1933 - 1934: -3
1934 - 1935: -1803
1935 - 1936: -2801
1936 - 1937: 13009
1937 - 1938: -771
1938 - 1939: -4748
1939 - 1940: -1673
1940 - 1941: 5411
1941 - 1942: -7750
1942 - 1943: -116
1943 - 1944: 4033
1944 - 1945: -1329
1945 - 1946: 183
1946 - 1947: -1830
1947 - 1948: -538
1948 - 1949: 8040
1949 - 1950: -8255
1950 - 1951: 7232
1951 - 1952: -914
1952 - 1953: 2858
1953 - 1954: -8294
1954 - 1955: 5751
1955 - 1956: 5197
1956 - 1957: -9128
1957 - 1958: 789
1958 - 1959: 3479
1959 - 1960: 8754
1960 - 1961: -13097
1961 - 1962: 695
1962 - 1963: 3185
1963 - 1964: -3943
1964 - 1965: -991
1965 - 1966: 9090
1966 - 1967: -6780
1967 - 1968: -2781
1968 - 1969: -350
1969 - 1970: 431
1970 - 1971: -2062
1971 - 1972: -496
1972 - 1973: 3272
1973 - 1974: -1058
1974 - 1975: -267
1975 - 1976: 33072
1976 - 1977: -35661
1977 - 1978: 19768
1978 - 1979: -15499
1979 - 1980: -1830
1980 - 1981: 4602
1981 - 1982: 10977
1982 - 1983: -18051
1983 - 1984: -3197
1984 - 1985: 26847
1985 - 1986: -20069
1986 - 1987: -1672
1987 - 1988: 21167
1988 - 1989: -23155
1989 - 1990: 12046
1990 - 1991: 5531
1991 - 1992: -17308
1992 - 1993: 531
1993 - 1994: 2858
1994 - 1995: 4462
1995 - 1996: 3533
1996 - 1997: -8517
1997 - 1998: 9331
1998 - 1999: 38918
1999 - 2000: -46453
2000 - 2001: -613
2001 - 2002: -1967
2002 - 2003: 4131
2003 - 2004: 6298
2004 - 2005: 8660
2005 - 2006: -560
2006 - 2007: -570
2007 - 2008: -19133
2008 - 2009: 2008
2009 - 2010: 11748
2010 - 2011: -12220
2011 - 2012: -1371
2012 - 2013: 4613
2013 - 2014: 4458
2014 - 2015: 7881
2015 - 2016: -13813
2016 - 2017: 3680
2017 - 2018: -6074
2018 - 2019: 10235
2019 - 2020: 5639
2020 - 2021: 24713
2021 - 2022: -36218
2022 - 2023: -2453
2023 - 2024: 2183
2024 - 2025: 7204
2025 - 2026: 5138
2026 - 2027: -18789
2027 - 2028: 8137
2028 - 2029: 4438
2029 - 2030: 56148
2030 - 2031: -56285
2031 - 2032: 3637
2032 - 2033: -11097
2033 - 2034: -1077
2034 - 2035: -691
2035 - 2036: 41989
2036 - 2037: -26690
2037 - 2038: 5
2038 - 2039: -3264
2039 - 2040: -12374
2040 - 2041: 9562
2041 - 2042: 6198
2042 - 2043: -15907
2043 - 2044: 9494
2044 - 2045: -10618
2045 - 2046: 69881
2046 - 2047: -68339
2047 - 2048: 1175
2048 - 2049: -3111
2049 - 2050: 10127
2050 - 2051: -5162
2051 - 2052: 2868
2052 - 2053: 5948
2053 - 2054: -12000
2054 - 2055: 1417
2055 - 2056: -2459
2056 - 2057: -2526
2057 - 2058: 1320
2058 - 2059: 4917
2059 - 2060: 14652
2060 - 2061: 44101
2061 - 2062: -8162
2062 - 2063: -53347
2063 - 2064: 2037
2064 - 2065: 6239
2065 - 2066: -7815
2066 - 2067: 5354
2067 - 2068: -8899
2068 - 2069: 1097
2069 - 2070: -375
2070 - 2071: 15650
2071 - 2072: -12746
2072 - 2073: 720
2073 - 2074: 623
2074 - 2075: -5101
2075 - 2076: 9422
2076 - 2077: -6419
2077 - 2078: -304
2078 - 2079: 2692
2079 - 2080: -4015
2080 - 2081: 23890
2081 - 2082: -21719
2082 - 2083: -3024
2083 - 2084: 3247
2084 - 2085: -614
2085 - 2086: 1408
2086 - 2087: -692
2087 - 2088: -1744
2088 - 2089: 597
2089 - 2090: 6957
2090 - 2091: -8341
2091 - 2092: 21990
2092 - 2093: -14968
2093 - 2094: -3930
2094 - 2095: -3823
2095 - 2096: 2001
2096 - 2097: -807
2097 - 2098: 3262
2098 - 2099: -4079
2099 - 2100: 2569
2100 - 2101: 1283
2101 - 2102: 45755
2102 - 2103: -46103
2103 - 2104: -1612
2104 - 2105: -1774
2105 - 2106: 5550
2106 - 2107: 65685
2107 - 2108: -71289
2108 - 2109: 2640
2109 - 2110: -1782
2110 - 2111: 33667
2111 - 2112: -33354
2112 - 2113: 7963
2113 - 2114: -9959
2114 - 2115: 2434
2115 - 2116: -587
2116 - 2117: 339
2117 - 2118: 45231
2118 - 2119: -35464
2119 - 2120: -10615
2120 - 2121: -2081
2121 - 2122: 2137
2122 - 2123: 3005
2123 - 2124: -21
2124 - 2125: -3983
2125 - 2126: 2579
2126 - 2127: 3576
2127 - 2128: -2018
2128 - 2129: -442
2129 - 2130: 1800
2130 - 2131: -3751
2131 - 2132: 6654
2132 - 2133: -4495
2133 - 2134: -267
2134 - 2135: 8255
2135 - 2136: -1794
2136 - 2137: -7386
2137 - 2138: 2782
2138 - 2139: 5097
2139 - 2140: -916
2140 - 2141: -2840
2141 - 2142: 1114
2142 - 2143: 28245
2143 - 2144: -33860
2144 - 2145: 10934
2145 - 2146: 39691
2146 - 2147: -51340
2147 - 2148: 2207
2148 - 2149: 2651
2149 - 2150: 5124
2150 - 2151: -2079
2151 - 2152: -6872
2152 - 2153: 7563
2153 - 2154: 14
2154 - 2155: -2081
2155 - 2156: -2681
2156 - 2157: -1025
2157 - 2158: -2249
2158 - 2159: 675
2159 - 2160: 12860
2160 - 2161: 2001
2161 - 2162: -3598
2162 - 2163: -9041
2163 - 2164: -3550
2164 - 2165: 18368
2165 - 2166: 36120
2166 - 2167: -19750
2167 - 2168: -23794
2168 - 2169: 672
2169 - 2170: -11990
2170 - 2171: 6169
2171 - 2172: 23673
2172 - 2173: 18412
2173 - 2174: -45812
2174 - 2175: 5560
2175 - 2176: -4792
2176 - 2177: 1998
2177 - 2178: -3126
2178 - 2179: 7852
2179 - 2180: -3325
2180 - 2181: 2170
2181 - 2182: -12104
2182 - 2183: 1690
2183 - 2184: 5141
2184 - 2185: 52797
2185 - 2186: -50242
2186 - 2187: 382
2187 - 2188: 49612
2188 - 2189: -53035
2189 - 2190: -2553
2190 - 2191: 41604
2191 - 2192: -40159
2192 - 2193: 285
2193 - 2194: -236
2194 - 2195: -1209
2195 - 2196: -2216
2196 - 2197: 13330
2197 - 2198: -9599
2198 - 2199: 5715
2199 - 2200: -486
2200 - 2201: 1962
2201 - 2202: 6431
2202 - 2203: -12808
2203 - 2204: 733
2204 - 2205: -3648
2205 - 2206: 1418
2206 - 2207: 9032
2207 - 2208: -7965
2208 - 2209: 15451
2209 - 2210: -18711
2210 - 2211: 3211
2211 - 2212: -1209
2212 - 2213: -30
2213 - 2214: 328
2214 - 2215: 8147
2215 - 2216: 32577
2216 - 2217: -42079
2217 - 2218: 539
2218 - 2219: 3779
2219 - 2220: -3964
2220 - 2221: 2049
2221 - 2222: -45
2222 - 2223: -982
2223 - 2224: 7669
2224 - 2225: -3496
2225 - 2226: 4289
2226 - 2227: -5420
2227 - 2228: 1395
2228 - 2229: 3717
2229 - 2230: -7937
2230 - 2231: 2697
2231 - 2232: -3158
2232 - 2233: 7096
2233 - 2234: -2511
2234 - 2235: 5635
2235 - 2236: -8000
2236 - 2237: 3949
2237 - 2238: -4445
2238 - 2239: -1904
2239 - 2240: -714
2240 - 2241: 6578
2241 - 2242: -339
2242 - 2243: -3428
2243 - 2244: 2778
2244 - 2245: -5355
2245 - 2246: 393
2246 - 2247: 3540
2247 - 2248: -358
2248 - 2249: -2442
2249 - 2250: 678
2250 - 2251: 6329
2251 - 2252: -7800
2252 - 2253: 612
2253 - 2254: 994
2254 - 2255: -1266
2255 - 2256: 13663
2256 - 2257: -12608
2257 - 2258: 3375
2258 - 2259: -4559
2259 - 2260: -3158
2260 - 2261: 6731
2261 - 2262: -8973
2262 - 2263: 6243
2263 - 2264: 5000
2264 - 2265: 6600
2265 - 2266: -8008
2266 - 2267: -5651
2267 - 2268: -195
2268 - 2269: -1719
2269 - 2270: -1042
2270 - 2271: 2333
2271 - 2272: 13682
2272 - 2273: -8400
2273 - 2274: 13783
2274 - 2275: -15411
2275 - 2276: -1660
2276 - 2277: -1813
2277 - 2278: 3553
2278 - 2279: -2258
2279 - 2280: 5771
2280 - 2281: 3524
2281 - 2282: -4083
2282 - 2283: -4746
2283 - 2284: 52298
2284 - 2285: -55377
2285 - 2286: 20179
2286 - 2287: -17310
2287 - 2288: 42954
2288 - 2289: -13593
2289 - 2290: -21708
2290 - 2291: -8720
2291 - 2292: 12609
2292 - 2293: -12901
2293 - 2294: 3989
2294 - 2295: 17498
2295 - 2296: -18640
2296 - 2297: 63351
2297 - 2298: -65890
2298 - 2299: 11183
2299 - 2300: -7249
2300 - 2301: -5753
2301 - 2302: 32163
2302 - 2303: -28163
2303 - 2304: 8067
2304 - 2305: -3584
2305 - 2306: 8474
2306 - 2307: -14849
2307 - 2308: 64132
2308 - 2309: -60876
2309 - 2310: -17
2310 - 2311: 4691
2311 - 2312: 33006
2312 - 2313: -33001
2313 - 2314: 18929
2314 - 2315: -27832
2315 - 2316: 1999
2316 - 2317: 29149
2317 - 2318: -27337
2318 - 2319: 4521
2319 - 2320: -4576
2320 - 2321: 325
2321 - 2322: 36458
2322 - 2323: -27672
2323 - 2324: -11701
2324 - 2325: 585
2325 - 2326: 7858
2326 - 2327: 7811
2327 - 2328: -10324
2328 - 2329: -3971
2329 - 2330: -2105
2330 - 2331: 11277
2331 - 2332: -11120
2332 - 2333: 8870
2333 - 2334: -9264
2334 - 2335: 3269
2335 - 2336: -4191
2336 - 2337: -236
2337 - 2338: 7071
2338 - 2339: -4124
2339 - 2340: 354
2340 - 2341: -703
2341 - 2342: 278
2342 - 2343: 19696
2343 - 2344: -3810
2344 - 2345: -10988
2345 - 2346: -1169
2346 - 2347: 45032
2347 - 2348: -33743
2348 - 2349: -12874
2349 - 2350: -2472
2350 - 2351: 11237
2351 - 2352: -13382
2352 - 2353: -507
2353 - 2354: 2082
2354 - 2355: -703
2355 - 2356: -1211
2356 - 2357: 1287
2357 - 2358: 3344
2358 - 2359: 8362
2359 - 2360: -10759
2360 - 2361: -724
2361 - 2362: 5877
2362 - 2363: 1430
2363 - 2364: -7319
2364 - 2365: 10343
2365 - 2366: -11672
2366 - 2367: 4290
2367 - 2368: -7495
2368 - 2369: 11472
2369 - 2370: 44892
2370 - 2371: -35658
2371 - 2372: -15945
2372 - 2373: 2647
2373 - 2374: 9398
2374 - 2375: -5041
2375 - 2376: -3915
2376 - 2377: -4271
2377 - 2378: 5939
2378 - 2379: -3306
2379 - 2380: -717
2380 - 2381: 1151
2381 - 2382: 12767
2382 - 2383: -7625
2383 - 2384: 7865
2384 - 2385: -14723
2385 - 2386: 9020
2386 - 2387: -3321
2387 - 2388: -3489
2388 - 2389: 6478
2389 - 2390: 6367
2390 - 2391: -5265
2391 - 2392: -8484
2392 - 2393: -208
2393 - 2394: 18021
2394 - 2395: -15141
2395 - 2396: -602
2396 - 2397: 7361
2397 - 2398: -8374
2398 - 2399: 13147
2399 - 2400: -13957
2400 - 2401: -1677
2401 - 2402: 9824
2402 - 2403: -9635
2403 - 2404: 3564
2404 - 2405: -185
2405 - 2406: 3550
2406 - 2407: 9072
2407 - 2408: -11972
2408 - 2409: 3152
2409 - 2410: -3382
2410 - 2411: -4278
2411 - 2412: 8229
2412 - 2413: 4033
2413 - 2414: -3616
2414 - 2415: -8221
2415 - 2416: 2291
2416 - 2417: 10416
2417 - 2418: -8045
2418 - 2419: -4540
2419 - 2420: 6651
2420 - 2421: -6231
2421 - 2422: 218
2422 - 2423: 7445
2423 - 2424: -8638
2424 - 2425: 6713
2425 - 2426: -9436
2426 - 2427: 4397
2427 - 2428: 22802
2428 - 2429: -16637
2429 - 2430: -1665
2430 - 2431: 3948
2431 - 2432: -4599
2432 - 2433: -4495
2433 - 2434: 4074
2434 - 2435: 2668
2435 - 2436: -3270
2436 - 2437: -4247
2437 - 2438: 5990
2438 - 2439: 555
2439 - 2440: -4989
2440 - 2441: 9236
2441 - 2442: -6312
2442 - 2443: -1389
2443 - 2444: -2137
2444 - 2445: 566
2445 - 2446: -1081
2446 - 2447: 14204
2447 - 2448: -13807
2448 - 2449: 69745
2449 - 2450: -22054
2450 - 2451: -48034
2451 - 2452: 18194
2452 - 2453: -15003
2453 - 2454: 1795
2454 - 2455: -4979
2455 - 2456: 1469
2456 - 2457: -84
2457 - 2458: -1931
2458 - 2459: 14976
2459 - 2460: -13245
2460 - 2461: -4435
2461 - 2462: 6915
2462 - 2463: 275
2463 - 2464: -402
2464 - 2465: 7673
2465 - 2466: -11204
2466 - 2467: 2586
2467 - 2468: -3004
2468 - 2469: -431
2469 - 2470: -170
2470 - 2471: 1736
2471 - 2472: 627
2472 - 2473: 11069
2473 - 2474: -12791
2474 - 2475: 235
2475 - 2476: 3352
2476 - 2477: -2707
2477 - 2478: -192
2478 - 2479: 362
2479 - 2480: 2296
2480 - 2481: 36984
2481 - 2482: -40582
2482 - 2483: 1591
2483 - 2484: 197
2484 - 2485: 2821
2485 - 2486: 13972
2486 - 2487: -16926
2487 - 2488: 717
2488 - 2489: 15720
2489 - 2490: -17225
2490 - 2491: 129
2491 - 2492: 4953
2492 - 2493: -5303
2493 - 2494: -120
2494 - 2495: 18588
2495 - 2496: -14493
2496 - 2497: -3620
2497 - 2498: 492
2498 - 2499: 1306
2499 - 2500: -625
2500 - 2501: -3059
2501 - 2502: 2153
2502 - 2503: -206
2503 - 2504: 2223
2504 - 2505: 6129
2505 - 2506: -3438
2506 - 2507: 8905
2507 - 2508: 3328
2508 - 2509: 3777
2509 - 2510: -881
2510 - 2511: 25683
2511 - 2512: -39114
2512 - 2513: 7624
2513 - 2514: -2548
2514 - 2515: -994
2515 - 2516: -13405
2516 - 2517: 2132
2517 - 2518: 756
2518 - 2519: -697
2519 - 2520: -2615
2520 - 2521: 67930
2521 - 2522: -61814
2522 - 2523: -2456
2523 - 2524: 5849
2524 - 2525: 4275
2525 - 2526: -9972
2526 - 2527: -911
2527 - 2528: 4485
2528 - 2529: -2331
2529 - 2530: -6563
2530 - 2531: 20661
2531 - 2532: -16018
2532 - 2533: 7505
2533 - 2534: -9091
2534 - 2535: 96
2535 - 2536: 3430
2536 - 2537: 32278
2537 - 2538: -29917
2538 - 2539: -2042
2539 - 2540: 2277
2540 - 2541: 2730
2541 - 2542: 3599
2542 - 2543: -9340
2543 - 2544: -3124
2544 - 2545: -1096
2545 - 2546: 2140
2546 - 2547: 1902
2547 - 2548: 1244
2548 - 2549: 5297
2549 - 2550: -8181
2550 - 2551: 3020
2551 - 2552: -3829
2552 - 2553: 10559
2553 - 2554: -6573
2554 - 2555: 9091
2555 - 2556: -10244
2556 - 2557: -3443
2557 - 2558: 13678
2558 - 2559: -8070
2559 - 2560: -2947
2560 - 2561: -5302
2561 - 2562: 7341
2562 - 2563: -5375
2563 - 2564: 13976
2564 - 2565: -10948
2565 - 2566: 5618
2566 - 2567: -7795
2567 - 2568: 6917
2568 - 2569: -1946
2569 - 2570: 5864
2570 - 2571: -10816
2571 - 2572: 580
2572 - 2573: 1025
2573 - 2574: 10008
2574 - 2575: -9635
2575 - 2576: 1330
2576 - 2577: 8534
2577 - 2578: -10978
2578 - 2579: 34909
2579 - 2580: -36637
2580 - 2581: 1715
2581 - 2582: 5458
2582 - 2583: -6481
2583 - 2584: 8571
2584 - 2585: 11673
2585 - 2586: -19374
2586 - 2587: -2974
2587 - 2588: 9189
2588 - 2589: -5093
2589 - 2590: -385
2590 - 2591: 6716
2591 - 2592: -4769
2592 - 2593: -4319
2593 - 2594: 42111
2594 - 2595: -29471
2595 - 2596: -9963
2596 - 2597: 3496
2597 - 2598: 3745
2598 - 2599: -8015
2599 - 2600: -316
2600 - 2601: -2123
2601 - 2602: 8655
2602 - 2603: 9832
2603 - 2604: -16644
2604 - 2605: 8332
2605 - 2606: -4930
2606 - 2607: 274
2607 - 2608: 555
2608 - 2609: -6866
2609 - 2610: 1290
2610 - 2611: 2426
2611 - 2612: 861
2612 - 2613: -3293
2613 - 2614: 4423
2614 - 2615: 318
2615 - 2616: -4237
2616 - 2617: 2141
2617 - 2618: 7740
2618 - 2619: 7381
2619 - 2620: -7813
2620 - 2621: 380
2621 - 2622: 34049
2622 - 2623: -40126
2623 - 2624: 72
2624 - 2625: -2685
2625 - 2626: -1390
2626 - 2627: 3006
2627 - 2628: -850
2628 - 2629: 516
2629 - 2630: -1277
2630 - 2631: -2275
2631 - 2632: 6618
2632 - 2633: -2580
2633 - 2634: 1820
2634 - 2635: -120
2635 - 2636: 3971
2636 - 2637: -6815
2637 - 2638: -1622
2638 - 2639: 54432
2639 - 2640: -2720
2640 - 2641: -44950
2641 - 2642: -3236
2642 - 2643: -2846
2643 - 2644: 3413
2644 - 2645: 2843
2645 - 2646: 33636
2646 - 2647: -43751
2647 - 2648: 4397
2648 - 2649: -329
2649 - 2650: -199
2650 - 2651: 3354
2651 - 2652: 2648
2652 - 2653: -9004
2653 - 2654: 4128
2654 - 2655: -672
2655 - 2656: 5783
2656 - 2657: -4688
2657 - 2658: 3699
2658 - 2659: -6280
2659 - 2660: 4480
2660 - 2661: 14362
2661 - 2662: 234
2662 - 2663: -15768
2663 - 2664: 8009
2664 - 2665: 6061
2665 - 2666: -101
2666 - 2667: -14232
2667 - 2668: 14992
2668 - 2669: -16702
2669 - 2670: -2701
2670 - 2671: 4377
2671 - 2672: -745
2672 - 2673: 808
2673 - 2674: 1974
2674 - 2675: -391
2675 - 2676: -2270
2676 - 2677: 203
2677 - 2678: -872
2678 - 2679: 561
2679 - 2680: -561
2680 - 2681: 2144
2681 - 2682: -1057
2682 - 2683: 501
2683 - 2684: -2373
2684 - 2685: 1255
2685 - 2686: 1597
2686 - 2687: -541
2687 - 2688: -1452
2688 - 2689: 14977
2689 - 2690: 41636
2690 - 2691: -46064
2691 - 2692: -4285
2692 - 2693: -4987
2693 - 2694: 9210
2694 - 2695: -9418
2695 - 2696: -707
2696 - 2697: 2633
2697 - 2698: -983
2698 - 2699: 4891
2699 - 2700: -6769
2700 - 2701: 2786
2701 - 2702: -353
2702 - 2703: 3783
2703 - 2704: -7034
2704 - 2705: 1909
2705 - 2706: 10057
2706 - 2707: -7195
2707 - 2708: 7860
2708 - 2709: -8708
2709 - 2710: -2160
2710 - 2711: 7986
2711 - 2712: -8708
2712 - 2713: -868
2713 - 2714: -1017
2714 - 2715: 993
2715 - 2716: 3315
2716 - 2717: -4696
2717 - 2718: 3100
2718 - 2719: -1645
2719 - 2720: 2188
2720 - 2721: -1674
2721 - 2722: 1870
2722 - 2723: 22085
2723 - 2724: 41854
2724 - 2725: -36113
2725 - 2726: -27709
2726 - 2727: 2876
2727 - 2728: -7860
2728 - 2729: 2498
2729 - 2730: 49530
2730 - 2731: -33167
2731 - 2732: -13538
2732 - 2733: 549
2733 - 2734: -159
2734 - 2735: -2989
2735 - 2736: 1169
2736 - 2737: -822
2737 - 2738: 1154
2738 - 2739: -4940
2739 - 2740: 7939
2740 - 2741: -4053
2741 - 2742: 4766
2742 - 2743: -1810
2743 - 2744: -1759
2744 - 2745: 103
2745 - 2746: -1383
2746 - 2747: 14223
2747 - 2748: -9084
2748 - 2749: -5729
2749 - 2750: 4667
2750 - 2751: -3167
2751 - 2752: 10318
2752 - 2753: -11632
2753 - 2754: 6133
2754 - 2755: -1237
2755 - 2756: 251
2756 - 2757: -4061
2757 - 2758: 3357
2758 - 2759: -4705
2759 - 2760: -167
2760 - 2761: 1934
2761 - 2762: -467
2762 - 2763: 2204
2763 - 2764: 743
2764 - 2765: 13186
2765 - 2766: 67150
2766 - 2767: -78169
2767 - 2768: -6554
2768 - 2769: -1962
2769 - 2770: 3267
2770 - 2771: 9352
2771 - 2772: 11176
2772 - 2773: -18713
2773 - 2774: -32
2774 - 2775: 1357
2775 - 2776: 3829
2776 - 2777: -8283
2777 - 2778: 15243
2778 - 2779: -6421
2779 - 2780: -5792
2780 - 2781: -1383
2781 - 2782: -3514
2782 - 2783: 2191
2783 - 2784: 188
2784 - 2785: 6568
2785 - 2786: -6304
2786 - 2787: 4475
2787 - 2788: -2816
2788 - 2789: 18076
2789 - 2790: -10117
2790 - 2791: -6913
2791 - 2792: 6729
2792 - 2793: -10108
2793 - 2794: 12322
2794 - 2795: 3893
2795 - 2796: -16751
2796 - 2797: 4168
2797 - 2798: 10960
2798 - 2799: -16681
2799 - 2800: 62
2800 - 2801: 2750
2801 - 2802: -1695
2802 - 2803: 1906
2803 - 2804: 109
2804 - 2805: 27571
2805 - 2806: -28452
2806 - 2807: 263
2807 - 2808: 7635
2808 - 2809: 38165
2809 - 2810: -44021
2810 - 2811: 5093
2811 - 2812: 5459
2812 - 2813: -10867
2813 - 2814: -1743
2814 - 2815: 1197
2815 - 2816: 621
2816 - 2817: -1450
2817 - 2818: 2067
2818 - 2819: -1830
2819 - 2820: -85
2820 - 2821: -933
2821 - 2822: -1684
2822 - 2823: 1276
2823 - 2824: 3861
2824 - 2825: -1653
2825 - 2826: 2656
2826 - 2827: -927
2827 - 2828: 626
2828 - 2829: 2482
2829 - 2830: -3219
2830 - 2831: 115
2831 - 2832: 2494
2832 - 2833: -4264
2833 - 2834: 2389
2834 - 2835: -3874
2835 - 2836: 1065
2836 - 2837: -1440
2837 - 2838: 2068
2838 - 2839: 41110
2839 - 2840: -41682
2840 - 2841: -924
2841 - 2842: -1603
2842 - 2843: 14732
2843 - 2844: -11332
2844 - 2845: -2814
2845 - 2846: 1623
2846 - 2847: 9733
2847 - 2848: -9343
2848 - 2849: 1807
2849 - 2850: 2274
2850 - 2851: 254
2851 - 2852: 50606
2852 - 2853: -55510
2853 - 2854: -622
2854 - 2855: 3584
2855 - 2856: -903
2856 - 2857: -2199
2857 - 2858: -4806
2858 - 2859: 16994
2859 - 2860: -9816
2860 - 2861: -3467
2861 - 2862: 18
2862 - 2863: -874
2863 - 2864: 9350
2864 - 2865: -3172
2865 - 2866: -5583
2866 - 2867: 1531
2867 - 2868: -530
2868 - 2869: 444
2869 - 2870: -433
2870 - 2871: 1728
2871 - 2872: 2597
2872 - 2873: -4206
2873 - 2874: 1443
2874 - 2875: -2638
2875 - 2876: 27860
2876 - 2877: -20461
2877 - 2878: -5264
2878 - 2879: -109
2879 - 2880: 1721
2880 - 2881: -5066
2881 - 2882: 1903
2882 - 2883: 17918
2883 - 2884: -1779
2884 - 2885: -14308
2885 - 2886: -1268
2886 - 2887: 2129
2887 - 2888: 53589
2888 - 2889: -57713
2889 - 2890: 13733
2890 - 2891: -10558
2891 - 2892: 6885
2892 - 2893: 9693
2893 - 2894: -1174
2894 - 2895: 877
2895 - 2896: -15518
2896 - 2897: -3875
2897 - 2898: -473
2898 - 2899: 7346
2899 - 2900: -2514
2900 - 2901: -2020
2901 - 2902: 6214
2902 - 2903: -4301
2903 - 2904: 3892
2904 - 2905: -4257
2905 - 2906: 2973
2906 - 2907: -8582
2907 - 2908: 9137
2908 - 2909: -2438
2909 - 2910: -804
2910 - 2911: -344
2911 - 2912: 7523
2912 - 2913: -7489
2913 - 2914: 593
2914 - 2915: 6798
2915 - 2916: -7532
2916 - 2917: 2798
2917 - 2918: 11327
2918 - 2919: -7432
2919 - 2920: 54827
2920 - 2921: -47817
2921 - 2922: -17083
2922 - 2923: 2441
2923 - 2924: -434
2924 - 2925: -3747
2925 - 2926: 2740
2926 - 2927: -2770
2927 - 2928: 6848
2928 - 2929: 14989
2929 - 2930: -7132
2930 - 2931: -10388
2931 - 2932: 5645
2932 - 2933: -3637
2933 - 2934: -1172
2934 - 2935: -4134
2935 - 2936: 2412
2936 - 2937: 1653
2937 - 2938: 8082
2938 - 2939: 499
2939 - 2940: -7021
2940 - 2941: -1294
2941 - 2942: 5977
2942 - 2943: -6476
2943 - 2944: 3042
2944 - 2945: -594
2945 - 2946: 6683
2946 - 2947: -9881
2947 - 2948: -1493
2948 - 2949: 8106
2949 - 2950: -6107
2950 - 2951: 3939
2951 - 2952: 10721
2952 - 2953: -13827
2953 - 2954: -2997
2954 - 2955: 16810
2955 - 2956: 2048
2956 - 2957: -8389
2957 - 2958: -9880
2958 - 2959: -1802
2959 - 2960: -881
2960 - 2961: 4299
2961 - 2962: 6401
2962 - 2963: -6153
2963 - 2964: 1831
2964 - 2965: 2751
2965 - 2966: -6162
2966 - 2967: -2162
2967 - 2968: 10926
2968 - 2969: -6122
2969 - 2970: -3781
2970 - 2971: 12827
2971 - 2972: -10830
2972 - 2973: 340
2973 - 2974: 50607
2974 - 2975: -53987
2975 - 2976: 2736
2976 - 2977: -1588
2977 - 2978: 16292
2978 - 2979: -14303
2979 - 2980: 466
2980 - 2981: 7476
2981 - 2982: -8817
2982 - 2983: 11250
2983 - 2984: -2555
2984 - 2985: -1167
2985 - 2986: 1701
2986 - 2987: -11830
2987 - 2988: 2343
2988 - 2989: 11849
2989 - 2990: -11305
2990 - 2991: 1930
2991 - 2992: -2774
2992 - 2993: 6071
2993 - 2994: 5628
2994 - 2995: -8837
2995 - 2996: -563
2996 - 2997: -1196
2997 - 2998: 30252
2998 - 2999: 2342
2999 - 3000: -32149
3000 - 3001: -3718
3001 - 3002: 6186
3002 - 3003: -3512
3003 - 3004: 2162
3004 - 3005: -1909
3005 - 3006: 957
3006 - 3007: 1742
3007 - 3008: 25
3008 - 3009: -4404
3009 - 3010: 1049
3010 - 3011: 5996
3011 - 3012: -1096
3012 - 3013: 4694
3013 - 3014: -9097
3014 - 3015: 52864
3015 - 3016: -36032
3016 - 3017: -15430
3017 - 3018: 26786
3018 - 3019: 1888
3019 - 3020: -8377
3020 - 3021: -18899
3021 - 3022: 1458
3022 - 3023: -1114
3023 - 3024: 5033
3024 - 3025: 5006
3025 - 3026: -12849
3026 - 3027: 5105
3027 - 3028: -5599
3028 - 3029: 8918
3029 - 3030: -9527
3030 - 3031: 5167
3031 - 3032: 64885
3032 - 3033: -63601
3033 - 3034: -111
3034 - 3035: -6712
3035 - 3036: 3421
3036 - 3037: 284
3037 - 3038: -1065
3038 - 3039: 687
3039 - 3040: 1150
3040 - 3041: 10875
3041 - 3042: -1414
3042 - 3043: -12252
3043 - 3044: -194
3044 - 3045: -710
3045 - 3046: -1925
3046 - 3047: 4185
3047 - 3048: 5636
3048 - 3049: -6508
3049 - 3050: -871
3050 - 3051: 16227
3051 - 3052: -16926
3052 - 3053: 5157
3053 - 3054: 2619
3054 - 3055: -872
3055 - 3056: -11010
3056 - 3057: 15907
3057 - 3058: -10713
3058 - 3059: 10
3059 - 3060: 33058
3060 - 3061: -29084
3061 - 3062: -1623
3062 - 3063: -584
3063 - 3064: -5577
3064 - 3065: 11109
3065 - 3066: 60919
3066 - 3067: -66021
3067 - 3068: -1280
3068 - 3069: -1476
3069 - 3070: -1949
3070 - 3071: 2597
3071 - 3072: -1412
3072 - 3073: 64907
3073 - 3074: -51581
3074 - 3075: -5530
3075 - 3076: -7123
3076 - 3077: 4782
3077 - 3078: -5951
3078 - 3079: 55605
3079 - 3080: -55243
3080 - 3081: -691
3081 - 3082: 4652
3082 - 3083: 3457
3083 - 3084: 59145
3084 - 3085: -1780
3085 - 3086: -61217
3086 - 3087: -64
3087 - 3088: -3003
3088 - 3089: 8136
3089 - 3090: 13206
3090 - 3091: -14843
3091 - 3092: 41996
3092 - 3093: -21357
3093 - 3094: -27534
3094 - 3095: 5220
3095 - 3096: 48664
3096 - 3097: -37491
3097 - 3098: -15313
3098 - 3099: 48359
3099 - 3100: -18183
3100 - 3101: -31025
3101 - 3102: 2485
3102 - 3103: 4054
3103 - 3104: -10231
3104 - 3105: 2806
3105 - 3106: -77
3106 - 3107: 20931
3107 - 3108: -7176
3108 - 3109: -4010
3109 - 3110: 2808
3110 - 3111: -10218
3111 - 3112: -2672
3112 - 3113: 17328
3113 - 3114: -15152
3114 - 3115: 41820
3115 - 3116: -33284
3116 - 3117: -249
3117 - 3118: -11316
3118 - 3119: 12150
3119 - 3120: -8548
3120 - 3121: 9010
3121 - 3122: -11419
3122 - 3123: -201
3123 - 3124: 1694
3124 - 3125: 1302
3125 - 3126: 5297
3126 - 3127: 32565
3127 - 3128: -31634
3128 - 3129: -4729
3129 - 3130: -215
3130 - 3131: 181
3131 - 3132: -2804
3132 - 3133: -1199
3133 - 3134: 13973
3134 - 3135: -13598
3135 - 3136: 2693
3136 - 3137: -4804
3137 - 3138: 5260
3138 - 3139: 387
3139 - 3140: -484
3140 - 3141: -1628
3141 - 3142: 5983
3142 - 3143: -713
3143 - 3144: -5550
3144 - 3145: 2282
3145 - 3146: -2287
3146 - 3147: -48
3147 - 3148: 766
3148 - 3149: 3589
3149 - 3150: 9039
3150 - 3151: 1838
3151 - 3152: 2445
3152 - 3153: -21228
3153 - 3154: 5535
3154 - 3155: -2460
3155 - 3156: 2726
3156 - 3157: 25273
3157 - 3158: -28490
3158 - 3159: 1178
3159 - 3160: 12298
3160 - 3161: -15603
3161 - 3162: 694
3162 - 3163: 1259
3163 - 3164: -773
3164 - 3165: 3798
3165 - 3166: -4074
3166 - 3167: -798
3167 - 3168: 23413
3168 - 3169: -17878
3169 - 3170: -341
3170 - 3171: 18476
3171 - 3172: 25269
3172 - 3173: -46583
3173 - 3174: -1881
3174 - 3175: -635
3175 - 3176: 3445
3176 - 3177: 1721
3177 - 3178: -1713
3178 - 3179: -1991
3179 - 3180: 2964
3180 - 3181: -977
3181 - 3182: -368
3182 - 3183: 11664
3183 - 3184: -6470
3184 - 3185: -5977
3185 - 3186: -1780
3186 - 3187: 16990
3187 - 3188: -4937
3188 - 3189: 51662
3189 - 3190: -56957
3190 - 3191: -3999
3191 - 3192: 13186
3192 - 3193: -9838
3193 - 3194: -3505
3194 - 3195: 10915
3195 - 3196: -7262
3196 - 3197: 9092
3197 - 3198: -10961
3198 - 3199: 193
3199 - 3200: -2443
3200 - 3201: -748
3201 - 3202: 1265
3202 - 3203: 5291
3203 - 3204: 9609
3204 - 3205: -16620
3205 - 3206: 746
3206 - 3207: -1911
3207 - 3208: 18086
3208 - 3209: -12487
3209 - 3210: 10037
3210 - 3211: -11496
3211 - 3212: -2951
3212 - 3213: -1932
3213 - 3214: 681
3214 - 3215: 2899
3215 - 3216: -4042
3216 - 3217: 14147
3217 - 3218: -11756
3218 - 3219: 1352
3219 - 3220: 396
3220 - 3221: 1138
3221 - 3222: -844
3222 - 3223: 8534
3223 - 3224: -6080
3224 - 3225: 1751
3225 - 3226: -4363
3226 - 3227: 4896
3227 - 3228: 6324
3228 - 3229: -14065
3229 - 3230: 13452
3230 - 3231: -4792
3231 - 3232: -4443
3232 - 3233: 12015
3233 - 3234: 2578
3234 - 3235: -14537
3235 - 3236: -2693
3236 - 3237: -1651
3237 - 3238: 17129
3238 - 3239: -8604
3239 - 3240: -6947
3240 - 3241: 6060
3241 - 3242: 14007
3242 - 3243: -20402
3243 - 3244: 542
3244 - 3245: 5169
3245 - 3246: -5895
3246 - 3247: 4079
3247 - 3248: -2105
3248 - 3249: -2097
3249 - 3250: 7067
3250 - 3251: -5310
3251 - 3252: 5123
3252 - 3253: -4692
3253 - 3254: 2876
3254 - 3255: -3739
3255 - 3256: -933
3256 - 3257: 569
3257 - 3258: 1123
3258 - 3259: 2575
3259 - 3260: -5687
3260 - 3261: 4401
3261 - 3262: -1989
3262 - 3263: 3385
3263 - 3264: -4623
3264 - 3265: -532
3265 - 3266: 16406
3266 - 3267: 17260
3267 - 3268: -27153
3268 - 3269: -4105
3269 - 3270: 214
3270 - 3271: 6326
3271 - 3272: -1497
3272 - 3273: 721
3273 - 3274: -9022
3274 - 3275: 18162
3275 - 3276: -10527
3276 - 3277: -3683
3277 - 3278: -563
3278 - 3279: -3509
3279 - 3280: 938
3280 - 3281: 4903
3281 - 3282: 8939
3282 - 3283: 13948
3283 - 3284: -24152
3284 - 3285: -1568
3285 - 3286: 6544
3286 - 3287: -7547
3287 - 3288: 2646
3288 - 3289: -3037
3289 - 3290: 4347
3290 - 3291: -1655
3291 - 3292: 2674
3292 - 3293: 1574
3293 - 3294: -2173
3294 - 3295: -5348
3295 - 3296: 7041
3296 - 3297: -7709
3297 - 3298: 620
3298 - 3299: 3612
3299 - 3300: 27943
3300 - 3301: -32275
3301 - 3302: 4435
3302 - 3303: -3402
3303 - 3304: 41035
3304 - 3305: -41387
3305 - 3306: 1459
3306 - 3307: 1146
3307 - 3308: 16776
3308 - 3309: -14735
3309 - 3310: 6847
3310 - 3311: -11338
3311 - 3312: 13699
3312 - 3313: -10889
3313 - 3314: -1036
3314 - 3315: -412
3315 - 3316: 948
3316 - 3317: 70576
3317 - 3318: -71427
3318 - 3319: -763
3319 - 3320: -907
3320 - 3321: 2997
3321 - 3322: 2898
3322 - 3323: 7970
3323 - 3324: -10234
3324 - 3325: 3556
3325 - 3326: -2456
3326 - 3327: -2972
3327 - 3328: -2018
3328 - 3329: 15592
3329 - 3330: -10139
3330 - 3331: -3780
3331 - 3332: -1133
3332 - 3333: 11678
3333 - 3334: -10110
3334 - 3335: 2050
3335 - 3336: -894
3336 - 3337: -1359
3337 - 3338: 11012
3338 - 3339: -9515
3339 - 3340: 3771
3340 - 3341: -3654
3341 - 3342: -1591
3342 - 3343: 5441
3343 - 3344: -2217
3344 - 3345: 12053
3345 - 3346: -14602
3346 - 3347: 8372
3347 - 3348: -12685
3348 - 3349: 5831
3349 - 3350: -81
3350 - 3351: 5019
3351 - 3352: 33314
3352 - 3353: -39287
3353 - 3354: -567
3354 - 3355: 65068
3355 - 3356: -56744
3356 - 3357: 21025
3357 - 3358: 313
3358 - 3359: -24442
3359 - 3360: -5140
3360 - 3361: 658
3361 - 3362: -3340
3362 - 3363: 1066
3363 - 3364: 1413
3364 - 3365: -2193
3365 - 3366: 567
3366 - 3367: 6190
3367 - 3368: -1301
3368 - 3369: 8559
3369 - 3370: -4340
3370 - 3371: 4144
3371 - 3372: -10797
3372 - 3373: 6422
3373 - 3374: -3560
3374 - 3375: 52996
3375 - 3376: -28880
3376 - 3377: -24651
3377 - 3378: 2205
3378 - 3379: 6030
3379 - 3380: -12610
3380 - 3381: 3038
3381 - 3382: -4212
3382 - 3383: 1743
3383 - 3384: 1117
3384 - 3385: 1271
3385 - 3386: 643
3386 - 3387: -5907
3387 - 3388: 5729
3388 - 3389: -3228
3389 - 3390: 2448
3390 - 3391: 7952
3391 - 3392: -7797
3392 - 3393: 1007
3393 - 3394: 30087
3394 - 3395: -30639
3395 - 3396: 6021
3396 - 3397: -8859
3397 - 3398: -806
3398 - 3399: 22192
3399 - 3400: -7808
3400 - 3401: -13217
3401 - 3402: -2159
3402 - 3403: 2683
3403 - 3404: -239
3404 - 3405: -2739
3405 - 3406: 1483
3406 - 3407: 36118
3407 - 3408: -24758
3408 - 3409: 39114
3409 - 3410: -47732
3410 - 3411: 26795
3411 - 3412: -14296
3412 - 3413: -10980
3413 - 3414: 29534
3414 - 3415: -31884
3415 - 3416: -698
3416 - 3417: 62466
3417 - 3418: -60006
3418 - 3419: 792
3419 - 3420: -2030
3420 - 3421: -600
3421 - 3422: 4055
3422 - 3423: -2856
3423 - 3424: 458
3424 - 3425: 13153
3425 - 3426: -8881
3426 - 3427: -5165
3427 - 3428: 1242
3428 - 3429: 61116
3429 - 3430: -60519
3430 - 3431: 1475
3431 - 3432: -2251
3432 - 3433: 1130
3433 - 3434: 464
3434 - 3435: -4775
3435 - 3436: 2863
3436 - 3437: 12527
3437 - 3438: 740
3438 - 3439: -12123
3439 - 3440: -3626
3440 - 3441: 1125
3441 - 3442: -1284
3442 - 3443: 1987
3443 - 3444: 6469
3444 - 3445: 24167
3445 - 3446: -28310
3446 - 3447: -1770
3447 - 3448: 3441
3448 - 3449: -6071
3449 - 3450: 5701
3450 - 3451: 60884
3451 - 3452: -36110
3452 - 3453: -29153
3453 - 3454: 3166
3454 - 3455: -3169
3455 - 3456: -4846
3456 - 3457: 5207
3457 - 3458: 5799
3458 - 3459: -8276
3459 - 3460: 2687
3460 - 3461: -3308
3461 - 3462: 3671
3462 - 3463: -4587
3463 - 3464: 2690
3464 - 3465: 4788
3465 - 3466: 6709
3466 - 3467: -8200
3467 - 3468: 29650
3468 - 3469: -32598
3469 - 3470: 9981
3470 - 3471: -11430
3471 - 3472: 10863
3472 - 3473: -7108
3473 - 3474: -254
3474 - 3475: -2787
3475 - 3476: 10156
3476 - 3477: -9958
3477 - 3478: 4260
3478 - 3479: -4001
3479 - 3480: 213
3480 - 3481: 13262
3481 - 3482: -5769
3482 - 3483: 12443
3483 - 3484: -9684
3484 - 3485: 1681
3485 - 3486: -1638
3486 - 3487: -8876
3487 - 3488: 30
3488 - 3489: -2612
3489 - 3490: 2331
3490 - 3491: 12449
3491 - 3492: -13853
3492 - 3493: 51797
3493 - 3494: -35331
3494 - 3495: 42689
3495 - 3496: -53091
3496 - 3497: -3287
3497 - 3498: 2347
3498 - 3499: 1636
3499 - 3500: -2214
3500 - 3501: -3321
3501 - 3502: 71089
3502 - 3503: -53632
3503 - 3504: -3788
3504 - 3505: -7998
3505 - 3506: 10635
3506 - 3507: 29065
3507 - 3508: -42319
3508 - 3509: 5398
3509 - 3510: -73
3510 - 3511: -4630
3511 - 3512: -1902
3512 - 3513: 12083
3513 - 3514: -1030
3514 - 3515: -13326
3515 - 3516: 29214
3516 - 3517: 42270
3517 - 3518: -59660
3518 - 3519: -10575
3519 - 3520: 61416
3520 - 3521: -41988
3521 - 3522: -15475
3522 - 3523: -4824
3523 - 3524: -455
3524 - 3525: -446
3525 - 3526: -1049
3526 - 3527: 56016
3527 - 3528: -54892
3528 - 3529: 1793
3529 - 3530: -1281
3530 - 3531: 2725
3531 - 3532: -2661
3532 - 3533: 1927
3533 - 3534: 15985
3534 - 3535: -13523
3535 - 3536: -2800
3536 - 3537: 5545
3537 - 3538: -4164
3538 - 3539: -991
3539 - 3540: -1135
3540 - 3541: 5204
3541 - 3542: 30187
3542 - 3543: -32247
3543 - 3544: 49720
3544 - 3545: -55235
3545 - 3546: 10431
3546 - 3547: -2488
3547 - 3548: -401
3548 - 3549: -3062
3549 - 3550: -3234
3550 - 3551: 1645
3551 - 3552: 47227
3552 - 3553: -49494
3553 - 3554: 2076
3554 - 3555: -811
3555 - 3556: 9491
3556 - 3557: -1587
3557 - 3558: -1099
3558 - 3559: -5426
3559 - 3560: -872
3560 - 3561: -2972
3561 - 3562: 4190
3562 - 3563: 2279
3563 - 3564: -2502
3564 - 3565: -354
3565 - 3566: -1730
3566 - 3567: 8813
3567 - 3568: -7608
3568 - 3569: 610
3569 - 3570: -3927
3570 - 3571: 4689
3571 - 3572: -822
3572 - 3573: -563
3573 - 3574: -7383
3574 - 3575: 7369
3575 - 3576: 69567
3576 - 3577: -63559
3577 - 3578: -1060
3578 - 3579: -6574
3579 - 3580: -1781
3580 - 3581: 1264
3581 - 3582: -936
3582 - 3583: 53540
3583 - 3584: -51386
3584 - 3585: -192
3585 - 3586: 321
3586 - 3587: 239
3587 - 3588: -2235
3588 - 3589: 3187
3589 - 3590: 267
3590 - 3591: -2937
3591 - 3592: -268
3592 - 3593: -1356
3593 - 3594: 13014
3594 - 3595: 17095
3595 - 3596: -11177
3596 - 3597: -10856
3597 - 3598: 64038
3598 - 3599: -61583
3599 - 3600: -3638
3600 - 3601: -3231
3601 - 3602: 68643
3602 - 3603: -52029
3603 - 3604: -16179
3604 - 3605: -2970
3605 - 3606: 3111
3606 - 3607: -2301
3607 - 3608: 12076
3608 - 3609: -11085
3609 - 3610: -683
3610 - 3611: 16250
3611 - 3612: 56634
3612 - 3613: -71852
3613 - 3614: -1535
3614 - 3615: 1208
3615 - 3616: -1651
3616 - 3617: -581
3617 - 3618: 538
3618 - 3619: 322
3619 - 3620: 6652
3620 - 3621: -4720
3621 - 3622: -2385
3622 - 3623: 8999
3623 - 3624: 6090
3624 - 3625: -11914
3625 - 3626: -2044
3626 - 3627: 53652
3627 - 3628: -56256
3628 - 3629: 23264
3629 - 3630: -20375
3630 - 3631: -1064
3631 - 3632: -1223
3632 - 3633: -449
3633 - 3634: -96
3634 - 3635: 12894
3635 - 3636: 247
3636 - 3637: 20094
3637 - 3638: -33132
3638 - 3639: 3403
3639 - 3640: -1501
3640 - 3641: 16831
3641 - 3642: -17332
3642 - 3643: -2638
3643 - 3644: 2130
3644 - 3645: 5874
3645 - 3646: -4925
3646 - 3647: -795
3647 - 3648: 421
3648 - 3649: 2049
3649 - 3650: 10422
3650 - 3651: -13475
3651 - 3652: 1001
3652 - 3653: 112
3653 - 3654: -1732
3654 - 3655: 2698
3655 - 3656: 3952
3656 - 3657: -4065
3657 - 3658: 1495
3658 - 3659: -1381
3659 - 3660: 2746
3660 - 3661: -2413
3661 - 3662: 20306
3662 - 3663: -12468
3663 - 3664: 1898
3664 - 3665: -10245
3665 - 3666: 2037
3666 - 3667: 27894
3667 - 3668: 1504
3668 - 3669: -30063
3669 - 3670: -4045
3670 - 3671: 1535
3671 - 3672: 18253
3672 - 3673: -18336
3673 - 3674: 3515
3674 - 3675: -1500
3675 - 3676: -186
3676 - 3677: -555
3677 - 3678: -372
3678 - 3679: 11052
3679 - 3680: -13554
3680 - 3681: 38
3681 - 3682: 9195
3682 - 3683: -8802
3683 - 3684: 1662
3684 - 3685: -937
3685 - 3686: 5375
3686 - 3687: -604
3687 - 3688: 5513
3688 - 3689: -7783
3689 - 3690: -1796
3690 - 3691: 399
3691 - 3692: 1357
3692 - 3693: -771
3693 - 3694: 1805
3694 - 3695: 8812
3695 - 3696: 58974
3696 - 3697: -67983
3697 - 3698: -1260
3698 - 3699: 355
3699 - 3700: -450
3700 - 3701: 976
3701 - 3702: 5609
3702 - 3703: 468
3703 - 3704: -12358
3704 - 3705: 10091
3705 - 3706: -4824
3706 - 3707: 6101
3707 - 3708: -1047
3708 - 3709: -2585
3709 - 3710: 13295
3710 - 3711: 944
3711 - 3712: -19008
3712 - 3713: 12193
3713 - 3714: -10256
3714 - 3715: 2954
3715 - 3716: 3708
3716 - 3717: -6735
3717 - 3718: 15193
3718 - 3719: -11407
3719 - 3720: -4426
3720 - 3721: 2321
3721 - 3722: -709
3722 - 3723: -47
3723 - 3724: 43090
3724 - 3725: -42744
3725 - 3726: 209
3726 - 3727: 12051
3727 - 3728: -6734
3728 - 3729: 5879
3729 - 3730: -7161
3730 - 3731: -4285
3731 - 3732: -488
3732 - 3733: 21226
3733 - 3734: 33347
3734 - 3735: -55909
3735 - 3736: 15703
3736 - 3737: 5700
3737 - 3738: -16944
3738 - 3739: -1612
3739 - 3740: -3391
3740 - 3741: -1041
3741 - 3742: 3359
3742 - 3743: 1324
3743 - 3744: -2816
3744 - 3745: 1478
3745 - 3746: 3011
3746 - 3747: 46728
3747 - 3748: -36078
3748 - 3749: -4975
3749 - 3750: -9288
3750 - 3751: 1500
3751 - 3752: 11611
3752 - 3753: -12882
3753 - 3754: -668
3754 - 3755: 199
3755 - 3756: -41
3756 - 3757: 283
3757 - 3758: -2750
3758 - 3759: 11993
3759 - 3760: -10249
3760 - 3761: 6193
3761 - 3762: -3696
3762 - 3763: -3161
3763 - 3764: 1665
3764 - 3765: 977
3765 - 3766: 18284
3766 - 3767: -20839
3767 - 3768: 153
3768 - 3769: -2177
3769 - 3770: 17296
3770 - 3771: 27884
3771 - 3772: -44665
3772 - 3773: 1310
3773 - 3774: 69027
3774 - 3775: -66525
3775 - 3776: 4
3776 - 3777: 586
3777 - 3778: 3875
3778 - 3779: -5843
3779 - 3780: 41746
3780 - 3781: -27466
3781 - 3782: -1635
3782 - 3783: -11665
3783 - 3784: 5906
3784 - 3785: 39129
3785 - 3786: -43760
3786 - 3787: -946
3787 - 3788: 17922
3788 - 3789: 2383
3789 - 3790: -18751
3790 - 3791: -4154
3791 - 3792: 2222
3792 - 3793: -3097
3793 - 3794: 8340
3794 - 3795: 11177
3795 - 3796: 2939
3796 - 3797: -18780
3797 - 3798: -1173
3798 - 3799: 3079
3799 - 3800: -262
3800 - 3801: -3471
3801 - 3802: 2954
3802 - 3803: -1112
3803 - 3804: 9527
3804 - 3805: 3569
3805 - 3806: 3336
3806 - 3807: -17248
3807 - 3808: 14705
3808 - 3809: 9148
3809 - 3810: -20513
3810 - 3811: -1317
3811 - 3812: 8203
3812 - 3813: -12523
3813 - 3814: 1603
3814 - 3815: -276
3815 - 3816: 6645
3816 - 3817: 13766
3817 - 3818: -18566
3818 - 3819: 7369
3819 - 3820: -8796
3820 - 3821: 14772
3821 - 3822: -159
3822 - 3823: -13846
3823 - 3824: 2107
3824 - 3825: 12874
3825 - 3826: -3211
3826 - 3827: -10247
3827 - 3828: -361
3828 - 3829: 4302
3829 - 3830: 9553
3830 - 3831: -11352
3831 - 3832: 11561
3832 - 3833: -18301
3833 - 3834: 17678
3834 - 3835: 50652
3835 - 3836: -58556
3836 - 3837: 16624
3837 - 3838: -24089
3838 - 3839: -1589
3839 - 3840: 422
3840 - 3841: 9628
3841 - 3842: -7143
3842 - 3843: -1902
3843 - 3844: 8987
3844 - 3845: -5852
3845 - 3846: 10822
3846 - 3847: -11664
3847 - 3848: 4419
3848 - 3849: -6803
3849 - 3850: 5031
3850 - 3851: -4128
3851 - 3852: 70720
3852 - 3853: -60345
3853 - 3854: -6045
3854 - 3855: 6189
3855 - 3856: 7378
3856 - 3857: -16313
3857 - 3858: 853
3858 - 3859: -1688
3859 - 3860: 59735
3860 - 3861: -62113
3861 - 3862: 4219
3862 - 3863: -3454
3863 - 3864: 2760
3864 - 3865: 56905
3865 - 3866: -60378
3866 - 3867: 1917
3867 - 3868: 3289
3868 - 3869: -2020
3869 - 3870: -1114
3870 - 3871: 877
3871 - 3872: 4793
3872 - 3873: 9082
3873 - 3874: 2272
3874 - 3875: -23077
3875 - 3876: 18629
3876 - 3877: -11285
3877 - 3878: 7962
3878 - 3879: 40838
3879 - 3880: 18763
3880 - 3881: -68907
3881 - 3882: 2337
3882 - 3883: -4201
3883 - 3884: 16451
3884 - 3885: 55084
3885 - 3886: -71632
3886 - 3887: 1190
3887 - 3888: 2200
3888 - 3889: 51197
3889 - 3890: -26151
3890 - 3891: -26687
3891 - 3892: 498
3892 - 3893: 821
3893 - 3894: 3052
3894 - 3895: 2456
3895 - 3896: -2821
3896 - 3897: -4147
3897 - 3898: 2602
3898 - 3899: -4374
3899 - 3900: 24111
3900 - 3901: -20507
3901 - 3902: 3826
3902 - 3903: 31359
3903 - 3904: -32394
3904 - 3905: -6436
3905 - 3906: -875
3906 - 3907: 16
3907 - 3908: 363
3908 - 3909: 7979
3909 - 3910: -3592
3910 - 3911: -4124
3911 - 3912: 5836
3912 - 3913: -4616
3913 - 3914: 2789
3914 - 3915: -878
3915 - 3916: -1433
3916 - 3917: -2638
3917 - 3918: 6944
3918 - 3919: -5112
3919 - 3920: 275
3920 - 3921: 12529
3921 - 3922: -7216
3922 - 3923: -3916
3923 - 3924: -1681
3924 - 3925: 850
3925 - 3926: 4996
3926 - 3927: -4683
3927 - 3928: 4890
3928 - 3929: 3540
3929 - 3930: -10362
3930 - 3931: 6971
3931 - 3932: 9522
3932 - 3933: -16659
3933 - 3934: 3118
3934 - 3935: -90
3935 - 3936: 674
3936 - 3937: -2422
3937 - 3938: 615
3938 - 3939: 108
3939 - 3940: -214
3940 - 3941: -547
3941 - 3942: -394
3942 - 3943: -747
3943 - 3944: 8635
3944 - 3945: -4818
3945 - 3946: 8172
3946 - 3947: -11549
3947 - 3948: 3904
3948 - 3949: 5599
3949 - 3950: -3130
3950 - 3951: 60584
3951 - 3952: -64716
3952 - 3953: 610
3953 - 3954: -1807
3954 - 3955: -32
3955 - 3956: 1719
3956 - 3957: -2544
3957 - 3958: 429
3958 - 3959: -4236
3959 - 3960: 16049
3960 - 3961: 2631
3961 - 3962: -12349
3962 - 3963: 93
3963 - 3964: -1359
3964 - 3965: -398
3965 - 3966: -2220
3966 - 3967: 8578
3967 - 3968: -1708
3968 - 3969: -3168
3969 - 3970: -1537
3970 - 3971: 5703
3971 - 3972: -1113
3972 - 3973: 15853
3973 - 3974: -18825
3974 - 3975: 3819
3975 - 3976: 3723
3976 - 3977: -9847
3977 - 3978: 1607
3978 - 3979: 31661
3979 - 3980: -24817
3980 - 3981: -7987
3981 - 3982: 2019
3982 - 3983: -2294
3983 - 3984: 11099
3984 - 3985: -7545
3985 - 3986: -2285
3986 - 3987: 18948
3987 - 3988: -18514
3988 - 3989: 4546
3989 - 3990: 6662
3990 - 3991: 48528
3991 - 3992: -50334
3992 - 3993: -6000
3993 - 3994: 19472
3994 - 3995: 48160
3995 - 3996: -72453
3996 - 3997: 13035
3997 - 3998: 56451
3998 - 3999: -68270
3999 - 4000: 1241
4000 - 4001: 61002
4001 - 4002: -54113
4002 - 4003: -8943
4003 - 4004: -924
4004 - 4005: 9852
4005 - 4006: -5826
4006 - 4007: 18806
4007 - 4008: -22337
4008 - 4009: 908
4009 - 4010: 1661
4010 - 4011: 4745
4011 - 4012: -6669
4012 - 4013: 7674
4013 - 4014: 1982
4014 - 4015: -2810
4015 - 4016: -7235
4016 - 4017: 11133
4017 - 4018: -939
4018 - 4019: 8164
4019 - 4020: -17726
4020 - 4021: 5010
4021 - 4022: -5009
4022 - 4023: 419
4023 - 4024: -1655
4024 - 4025: -1355
4025 - 4026: 16513
4026 - 4027: -15575
4027 - 4028: 63337
4028 - 4029: -56055
4029 - 4030: -3562
4030 - 4031: -2299
4031 - 4032: -596
4032 - 4033: 17338
4033 - 4034: -18562
4034 - 4035: 7449
4035 - 4036: 3424
4036 - 4037: -8168
4037 - 4038: 6402
4038 - 4039: -7036
4039 - 4040: -2960
4040 - 4041: 10974
4041 - 4042: -1964
4042 - 4043: -6659
4043 - 4044: 78
4044 - 4045: 72
4045 - 4046: 43242
4046 - 4047: -43892
4047 - 4048: 3130
4048 - 4049: 730
4049 - 4050: -1245
4050 - 4051: 48839
4051 - 4052: -50063
4052 - 4053: 11887
4053 - 4054: -3560
4054 - 4055: -5472
4055 - 4056: 14414
4056 - 4057: -1295
4057 - 4058: -13843
4058 - 4059: 10034
4059 - 4060: -11850
4060 - 4061: 6298
4061 - 4062: 8319
4062 - 4063: -15198
4063 - 4064: 25785
4064 - 4065: 4303
4065 - 4066: -8775
4066 - 4067: -14976
4067 - 4068: -5184
4068 - 4069: 47120
4069 - 4070: -33758
4070 - 4071: -16604
4071 - 4072: 3837
4072 - 4073: -2652
4073 - 4074: 4144
4074 - 4075: -3311
4075 - 4076: 2448
4076 - 4077: 20465
4077 - 4078: -10388
4078 - 4079: -12894
4079 - 4080: 7641
4080 - 4081: -5499
4081 - 4082: 9106
4082 - 4083: -7187
4083 - 4084: -4394
4084 - 4085: 4873
4085 - 4086: -2648
4086 - 4087: 2571
4087 - 4088: -1678
4088 - 4089: -5489
4089 - 4090: 9543
4090 - 4091: 16917
4091 - 4092: -16767
4092 - 4093: 25659
4093 - 4094: -34420
4094 - 4095: -1105
4095 - 4096: 2777
4096 - 4097: -472
4097 - 4098: 12482
4098 - 4099: -5845
4099 - 4100: 6193
4100 - 4101: 1607
4101 - 4102: -2302
4102 - 4103: 40490
4103 - 4104: -47266
4104 - 4105: -376
4105 - 4106: 2738
4106 - 4107: -7889
4107 - 4108: 1171
4108 - 4109: 46652
4109 - 4110: 25445
4110 - 4111: -66289
4111 - 4112: 56251
4112 - 4113: -51139
4113 - 4114: -9318
4114 - 4115: 8815
4115 - 4116: -12535
4116 - 4117: 5846
4117 - 4118: 49693
4118 - 4119: -50859
4119 - 4120: 29501
4120 - 4121: -23205
4121 - 4122: -8379
4122 - 4123: -1968
4123 - 4124: 1888
4124 - 4125: -520
4125 - 4126: -983
4126 - 4127: -506
4127 - 4128: 2857
4128 - 4129: -3567
4129 - 4130: 2091
4130 - 4131: 682
4131 - 4132: -228
4132 - 4133: 45944
4133 - 4134: -49331
4134 - 4135: 41759
4135 - 4136: -34569
4136 - 4137: 56001
4137 - 4138: -60263
4138 - 4139: -1764
4139 - 4140: 42514
4140 - 4141: -18138
4141 - 4142: -22661
4142 - 4143: 766
4143 - 4144: 13431
4144 - 4145: -528
4145 - 4146: -11015
4146 - 4147: -192
4147 - 4148: 47846
4148 - 4149: -50747
4149 - 4150: 3659
4150 - 4151: -537
4151 - 4152: -10
4152 - 4153: 2387
4153 - 4154: 5416
4154 - 4155: -11658
4155 - 4156: 5594
4156 - 4157: 41930
4157 - 4158: -43575
4158 - 4159: -3016
4159 - 4160: 77
4160 - 4161: -1101
4161 - 4162: 9916
4162 - 4163: -7667
4163 - 4164: 45801
4164 - 4165: -44315
4165 - 4166: 7940
4166 - 4167: -6213
4167 - 4168: -2343
4168 - 4169: 4420
4169 - 4170: -3739
4170 - 4171: 6781
4171 - 4172: 2385
4172 - 4173: -11064
4173 - 4174: 8377
4174 - 4175: -8259
4175 - 4176: -3108
4176 - 4177: 3297
4177 - 4178: -3095
4178 - 4179: 11509
4179 - 4180: 10703
4180 - 4181: -17907
4181 - 4182: 5591
4182 - 4183: 44895
4183 - 4184: -49871
4184 - 4185: -1910
4185 - 4186: -719
4186 - 4187: 2543
4187 - 4188: 2982
4188 - 4189: 37244
4189 - 4190: -38306
4190 - 4191: 2606
4191 - 4192: -1523
4192 - 4193: -5570
4193 - 4194: 9218
4194 - 4195: -7700
4195 - 4196: 6671
4196 - 4197: -7040
4197 - 4198: -991
4198 - 4199: 1477
4199 - 4200: -2263
4200 - 4201: 3367
4201 - 4202: -1794
4202 - 4203: 33851
4203 - 4204: -32946
4204 - 4205: -1724
4205 - 4206: 22281
4206 - 4207: -22844
4207 - 4208: -419
4208 - 4209: 846
4209 - 4210: -459
4210 - 4211: 4635
4211 - 4212: -1043
4212 - 4213: 1497
4213 - 4214: 5329
4214 - 4215: 43896
4215 - 4216: -55695
4216 - 4217: 12172
4217 - 4218: 28540
4218 - 4219: -38358
4219 - 4220: -1325
4220 - 4221: 10565
4221 - 4222: -10423
4222 - 4223: -1351
4223 - 4224: 8929
4224 - 4225: -6010
4225 - 4226: 9799
4226 - 4227: -3854
4227 - 4228: 53404
4228 - 4229: -61984
4229 - 4230: 2345
4230 - 4231: 23431
4231 - 4232: -19239
4232 - 4233: -4846
4233 - 4234: 12817
4234 - 4235: -1099
4235 - 4236: 29451
4236 - 4237: -16960
4237 - 4238: -8588
4238 - 4239: -5440
4239 - 4240: -4760
4240 - 4241: -6342
4241 - 4242: 2263
4242 - 4243: -990
4243 - 4244: 2692
4244 - 4245: 13373
4245 - 4246: -10412
4246 - 4247: -3518
4247 - 4248: -2157
4248 - 4249: 37599
4249 - 4250: -38257
4250 - 4251: 2391
4251 - 4252: -3329
4252 - 4253: 21011
4253 - 4254: -3670
4254 - 4255: -12906
4255 - 4256: 12264
4256 - 4257: 51359
4257 - 4258: -63018
4258 - 4259: 1763
4259 - 4260: 7387
4260 - 4261: -4436
4261 - 4262: 889
4262 - 4263: 560
4263 - 4264: -3780
4264 - 4265: 13915
4265 - 4266: 38496
4266 - 4267: -61555
4267 - 4268: 10436
4268 - 4269: 3881
4269 - 4270: -11647
4270 - 4271: 20199
4271 - 4272: 700
4272 - 4273: -22256
4273 - 4274: 11002
4274 - 4275: 2796
4275 - 4276: -10460
4276 - 4277: 35872
4277 - 4278: -33822
4278 - 4279: 17132
4279 - 4280: -12720
4280 - 4281: 8542
4281 - 4282: -16289
4282 - 4283: 707
4283 - 4284: 2948
4284 - 4285: -2107
4285 - 4286: 7281
4286 - 4287: 2871
4287 - 4288: -2926
4288 - 4289: -6930
4289 - 4290: -299
4290 - 4291: 7964
4291 - 4292: -3447
4292 - 4293: -4258
4293 - 4294: -2026
4294 - 4295: 8515
4295 - 4296: 2406
4296 - 4297: -12593
4297 - 4298: 6658
4298 - 4299: 24862
4299 - 4300: -33942
4300 - 4301: 18613
4301 - 4302: 10596
4302 - 4303: -16721
4303 - 4304: -4902
4304 - 4305: 19762
4305 - 4306: -2151
4306 - 4307: 3846
4307 - 4308: -15083
4308 - 4309: -10771
4309 - 4310: 38335
4310 - 4311: -32757
4311 - 4312: 5062
4312 - 4313: 8885
4313 - 4314: -17091
4314 - 4315: 10769
4315 - 4316: -3465
4316 - 4317: -8957
4317 - 4318: -982
4318 - 4319: 28735
4319 - 4320: -26009
4320 - 4321: 15903
4321 - 4322: -8360
4322 - 4323: 60012
4323 - 4324: -18182
4324 - 4325: -49061
4325 - 4326: 64696
4326 - 4327: -68703
4327 - 4328: 22705
4328 - 4329: -18190
4329 - 4330: 21844
4330 - 4331: -10211
4331 - 4332: 712
4332 - 4333: -14272
4333 - 4334: -1914
4334 - 4335: 13038
4335 - 4336: 53652
4336 - 4337: -37293
4337 - 4338: -30405
4338 - 4339: 12382
4339 - 4340: -8587
4340 - 4341: 4450
4341 - 4342: -7317
4342 - 4343: 6888
4343 - 4344: -7188
4344 - 4345: 9442
4345 - 4346: -9012
4346 - 4347: 1963
4347 - 4348: 593
4348 - 4349: 6262
4349 - 4350: -6886
4350 - 4351: 4589
4351 - 4352: 4623
4352 - 4353: 30745
4353 - 4354: -28944
4354 - 4355: 3356
4355 - 4356: -3047
4356 - 4357: -9663
4357 - 4358: -4853
4358 - 4359: 11025
4359 - 4360: -6143
4360 - 4361: -2920
4361 - 4362: 27042
4362 - 4363: -9233
4363 - 4364: -12334
4364 - 4365: -5372
4365 - 4366: 866
4366 - 4367: 59262
4367 - 4368: -58683
4368 - 4369: 2998
4369 - 4370: -3661
4370 - 4371: 26827
4371 - 4372: -24953
4372 - 4373: 3218
4373 - 4374: -617
4374 - 4375: -1136
4375 - 4376: 50418
4376 - 4377: -54792
4377 - 4378: -3465
4378 - 4379: 4317
4379 - 4380: 18565
4380 - 4381: -19301
4381 - 4382: 1255
4382 - 4383: 1163
4383 - 4384: -1335
4384 - 4385: -1635
4385 - 4386: -1035
4386 - 4387: 1155
4387 - 4388: 173
4388 - 4389: -239
4389 - 4390: 3246
4390 - 4391: -3789
4391 - 4392: 340
4392 - 4393: 15597
4393 - 4394: -13220
4394 - 4395: 45238
4395 - 4396: -44120
4396 - 4397: 987
4397 - 4398: 2519
4398 - 4399: -6182
4399 - 4400: -475
4400 - 4401: 3662
4401 - 4402: -4898
4402 - 4403: 7075
4403 - 4404: 27888
4404 - 4405: -32311
4405 - 4406: 1109
4406 - 4407: 8436
4407 - 4408: -7402
4408 - 4409: 6419
4409 - 4410: -271
4410 - 4411: 5455
4411 - 4412: -14661
4412 - 4413: 16228
4413 - 4414: -12683
4414 - 4415: -2787
4415 - 4416: -2021
4416 - 4417: 67732
4417 - 4418: -68923
4418 - 4419: 10711
4419 - 4420: 9570
4420 - 4421: -952
4421 - 4422: -6171
4422 - 4423: 41414
4423 - 4424: -43470
4424 - 4425: -3279
4425 - 4426: -6347
4426 - 4427: 5893
4427 - 4428: 5001
4428 - 4429: -9825
4429 - 4430: -2510
4430 - 4431: 16259
4431 - 4432: -6837
4432 - 4433: 9
4433 - 4434: -6447
4434 - 4435: 2372
4435 - 4436: 188
4436 - 4437: 20676
4437 - 4438: -6436
4438 - 4439: -16711
4439 - 4440: -919
4440 - 4441: 14154
4441 - 4442: -12924
4442 - 4443: 936
4443 - 4444: -1108
4444 - 4445: -324
4445 - 4446: -1424
4446 - 4447: -13
4447 - 4448: 5361
4448 - 4449: 1073
4449 - 4450: -5083
4450 - 4451: -836
4451 - 4452: -3423
4452 - 4453: 5960
4453 - 4454: -1977
4454 - 4455: 4880
4455 - 4456: 14657
4456 - 4457: -10241
4457 - 4458: -11579
4458 - 4459: 9533
4459 - 4460: 5076
4460 - 4461: -3399
4461 - 4462: -6562
4462 - 4463: 8501
4463 - 4464: -7146
4464 - 4465: 4588
4465 - 4466: 61565
4466 - 4467: -60124
4467 - 4468: -7345
4468 - 4469: -2383
4469 - 4470: 1813
4470 - 4471: 2183
4471 - 4472: 3579
4472 - 4473: -7875
4473 - 4474: 14890
4474 - 4475: -15044
4475 - 4476: -1238
4476 - 4477: -1581
4477 - 4478: 49167
4478 - 4479: -46197
4479 - 4480: 3243
4480 - 4481: -1139
4481 - 4482: 18764
4482 - 4483: -18975
4483 - 4484: -1394
4484 - 4485: -545
4485 - 4486: 1257
4486 - 4487: 186
4487 - 4488: -1746
4488 - 4489: 12042
4489 - 4490: -7678
4490 - 4491: 3277
4491 - 4492: 10822
4492 - 4493: 102
4493 - 4494: -9009
4494 - 4495: -10773
4495 - 4496: 12131
4496 - 4497: -8599
4497 - 4498: 2502
4498 - 4499: 28779
4499 - 4500: -31609
4500 - 4501: 1133
4501 - 4502: 2132
4502 - 4503: -2082
4503 - 4504: 14395
4504 - 4505: -11641
4505 - 4506: -1880
4506 - 4507: -1480
4507 - 4508: 49428
4508 - 4509: 17079
4509 - 4510: -65224
4510 - 4511: 14570
4511 - 4512: -3457
4512 - 4513: -1573
4513 - 4514: 274
4514 - 4515: 1510
4515 - 4516: 1731
4516 - 4517: 32906
4517 - 4518: -33101
4518 - 4519: -10060
4519 - 4520: 7575
4520 - 4521: 1005
4521 - 4522: -15128
4522 - 4523: 8696
4523 - 4524: -8372
4524 - 4525: 1239
4525 - 4526: -1723
4526 - 4527: 3452
4527 - 4528: 1137
4528 - 4529: -4255
4529 - 4530: 2128
4530 - 4531: 457
4531 - 4532: 1499
4532 - 4533: 56775
4533 - 4534: -62514
4534 - 4535: 5141
4535 - 4536: -1943
4536 - 4537: 4228
4537 - 4538: 5427
4538 - 4539: -9832
4539 - 4540: 3188
4540 - 4541: -2840
4541 - 4542: -955
4542 - 4543: 49967
4543 - 4544: -49795
4544 - 4545: 8913
4545 - 4546: -7362
4546 - 4547: 66516
4547 - 4548: -67388
4548 - 4549: 30195
4549 - 4550: 1722
4550 - 4551: -29402
4551 - 4552: -3204
4552 - 4553: -662
4553 - 4554: 6686
4554 - 4555: 4980
4555 - 4556: -1337
4556 - 4557: 9090
4557 - 4558: -6795
4558 - 4559: -12480
4559 - 4560: 6862
4560 - 4561: -4146
4561 - 4562: -555
4562 - 4563: 546
4563 - 4564: -299
4564 - 4565: 36987
4565 - 4566: -31040
4566 - 4567: 7865
4567 - 4568: -10406
4568 - 4569: 36321
4569 - 4570: -40722
4570 - 4571: -3514
4571 - 4572: 51866
4572 - 4573: -47741
4573 - 4574: -1825
4574 - 4575: 607
4575 - 4576: 22630
4576 - 4577: -24001
4577 - 4578: 8064
4578 - 4579: -157
4579 - 4580: -478
4580 - 4581: -6482
4581 - 4582: 555
4582 - 4583: 8801
4583 - 4584: 29015
4584 - 4585: -34837
4585 - 4586: -3856
4586 - 4587: 53245
4587 - 4588: -54181
4588 - 4589: 2657
4589 - 4590: 13371
4590 - 4591: -16718
4591 - 4592: 9446
4592 - 4593: -9662
4593 - 4594: 19445
4594 - 4595: -18325
4595 - 4596: 47220
4596 - 4597: -46092
4597 - 4598: 271
4598 - 4599: 1662
4599 - 4600: -1547
4600 - 4601: 2582
4601 - 4602: -2030
4602 - 4603: 510
4603 - 4604: -394
4604 - 4605: -1633
4605 - 4606: 4736
4606 - 4607: -5224
4607 - 4608: 48572
4608 - 4609: -43231
4609 - 4610: -5266
4610 - 4611: 64276
4611 - 4612: -62038
4612 - 4613: 1568
4613 - 4614: -2374
4614 - 4615: 89
4615 - 4616: 235
4616 - 4617: 1017
4617 - 4618: -5186
4618 - 4619: 2746
4619 - 4620: 3507
4620 - 4621: 479
4621 - 4622: 26268
4622 - 4623: -29289
4623 - 4624: 1243
4624 - 4625: -2557
4625 - 4626: 1818
4626 - 4627: 2853
4627 - 4628: 45115
4628 - 4629: -46639
4629 - 4630: 11084
4630 - 4631: -14694
4631 - 4632: 1675
4632 - 4633: 599
4633 - 4634: -2348
4634 - 4635: -811
4635 - 4636: -989
4636 - 4637: 2900
4637 - 4638: -67
4638 - 4639: -492
4639 - 4640: -85
4640 - 4641: 560
4641 - 4642: 17822
4642 - 4643: -10442
4643 - 4644: -8800
4644 - 4645: 3312
4645 - 4646: 6305
4646 - 4647: -2317
4647 - 4648: 6138
4648 - 4649: -6947
4649 - 4650: -4031
4650 - 4651: -2
4651 - 4652: 6334
4652 - 4653: -4945
4653 - 4654: 9821
4654 - 4655: -9113
4655 - 4656: -2407
4656 - 4657: -1514
4657 - 4658: 3301
4658 - 4659: -2816
4659 - 4660: 1114
4660 - 4661: 16876
4661 - 4662: -11636
4662 - 4663: -5491
4663 - 4664: 4311
4664 - 4665: -6614
4665 - 4666: 3983
4666 - 4667: -3948
4667 - 4668: 4142
4668 - 4669: 5671
4669 - 4670: 1034
4670 - 4671: -1557
4671 - 4672: -8253
4672 - 4673: 23434
4673 - 4674: -15083
4674 - 4675: 9007
4675 - 4676: -16397
4676 - 4677: 1152
4677 - 4678: 3497
4678 - 4679: -4509
4679 - 4680: 1856
4680 - 4681: -2511
4681 - 4682: 4122
4682 - 4683: 37697
4683 - 4684: -34620
4684 - 4685: -6682
4685 - 4686: -2799
4686 - 4687: 24789
4687 - 4688: -16587
4688 - 4689: -2929
4689 - 4690: 204
4690 - 4691: -4745
4691 - 4692: 6127
4692 - 4693: 13391
4693 - 4694: -15557
4694 - 4695: 8359
4695 - 4696: -12409
4696 - 4697: 4693
4697 - 4698: 7635
4698 - 4699: -540
4699 - 4700: 8000
4700 - 4701: -21971
4701 - 4702: 18397
4702 - 4703: -17496
4703 - 4704: 3655
4704 - 4705: 44801
4705 - 4706: -48809
4706 - 4707: 4417
4707 - 4708: 2984
4708 - 4709: -3754
4709 - 4710: -591
4710 - 4711: 2849
4711 - 4712: -297
4712 - 4713: 9416
4713 - 4714: -10616
4714 - 4715: 1910
4715 - 4716: 1211
4716 - 4717: -750
4717 - 4718: -3823
4718 - 4719: 22107
4719 - 4720: -21570
4720 - 4721: 450
4721 - 4722: 2033
4722 - 4723: -1930
4723 - 4724: 1129
4724 - 4725: 907
4725 - 4726: 12544
4726 - 4727: -18802
4727 - 4728: 6146
4728 - 4729: -2512
4729 - 4730: 8059
4730 - 4731: -10006
4731 - 4732: 2072
4732 - 4733: 8298
4733 - 4734: 6262
4734 - 4735: -16688
4735 - 4736: 15537
4736 - 4737: -12135
4737 - 4738: 18237
4738 - 4739: -15317
4739 - 4740: 6320
4740 - 4741: -6592
4741 - 4742: -5670
4742 - 4743: 48054
4743 - 4744: -35827
4744 - 4745: -7819
4745 - 4746: 810
4746 - 4747: -3365
4747 - 4748: 1133
4748 - 4749: 12450
4749 - 4750: -3514
4750 - 4751: 3651
4751 - 4752: -5935
4752 - 4753: 8655
4753 - 4754: -18457
4754 - 4755: 61747
4755 - 4756: -58996
4756 - 4757: 524
4757 - 4758: 56858
4758 - 4759: -56132
4759 - 4760: 4134
4760 - 4761: 32126
4761 - 4762: -28547
4762 - 4763: -9543
4763 - 4764: -89
4764 - 4765: 27
4765 - 4766: 2015
4766 - 4767: 120
4767 - 4768: -3885
4768 - 4769: 3968
4769 - 4770: -5501
4770 - 4771: 2771
4771 - 4772: 3741
4772 - 4773: 49596
4773 - 4774: -53532
4774 - 4775: 6166
4775 - 4776: -5469
4776 - 4777: 30850
4777 - 4778: -30404
4778 - 4779: 1182
4779 - 4780: -359
4780 - 4781: 70564
4781 - 4782: -74261
4782 - 4783: -270
4783 - 4784: 4389
4784 - 4785: -3162
4785 - 4786: -1542
4786 - 4787: -2204
4787 - 4788: 2721
4788 - 4789: 15740
4789 - 4790: 43084
4790 - 4791: -54982
4791 - 4792: -5044
4792 - 4793: 16767
4793 - 4794: 58219
4794 - 4795: -71447
4795 - 4796: -1459
4796 - 4797: 5407
4797 - 4798: -1683
4798 - 4799: 28375
4799 - 4800: -29340
4800 - 4801: -1938
4801 - 4802: -1666
4802 - 4803: 2969
4803 - 4804: 223
4804 - 4805: 4220
4805 - 4806: 48318
4806 - 4807: -46107
4807 - 4808: -2359
4808 - 4809: -5613
4809 - 4810: 31398
4810 - 4811: -28530
4811 - 4812: -1818
4812 - 4813: -1917
4813 - 4814: -720
4814 - 4815: 8943
4815 - 4816: -9682
4816 - 4817: 2423
4817 - 4818: -2264
4818 - 4819: 3557
4819 - 4820: 2822
4820 - 4821: -6564
4821 - 4822: 1283
4822 - 4823: -1246
4823 - 4824: 3138
4824 - 4825: -2076
4825 - 4826: -2250
4826 - 4827: 3008
4827 - 4828: -1345
4828 - 4829: 1506
4829 - 4830: 3329
4830 - 4831: 9246
4831 - 4832: -13622
4832 - 4833: 5371
4833 - 4834: 133
4834 - 4835: -6254
4835 - 4836: 1680
4836 - 4837: 22863
4837 - 4838: -20102
4838 - 4839: 60330
4839 - 4840: -61722
4840 - 4841: -1570
4841 - 4842: 3779
4842 - 4843: -1498
4843 - 4844: 1266
4844 - 4845: -823
4845 - 4846: -916
4846 - 4847: 2548
4847 - 4848: -660
4848 - 4849: -2195
4849 - 4850: -2237
4850 - 4851: 2110
4851 - 4852: 38164
4852 - 4853: -34491
4853 - 4854: -7812
4854 - 4855: 4702
4855 - 4856: -2451
4856 - 4857: 738
4857 - 4858: 701
4858 - 4859: 1338
4859 - 4860: -2871
4860 - 4861: -1157
4861 - 4862: 1432
4862 - 4863: -1259
4863 - 4864: 6429
4864 - 4865: 1479
4865 - 4866: -5283
4866 - 4867: 3170
4867 - 4868: -8202
4868 - 4869: 34756
4869 - 4870: -29526
4870 - 4871: 753
4871 - 4872: -2893
4872 - 4873: 5740
4873 - 4874: -6287
4874 - 4875: 3581
4875 - 4876: -1705
4876 - 4877: 1149
4877 - 4878: 43921
4878 - 4879: -43441
4879 - 4880: -4204
4880 - 4881: 5451
4881 - 4882: -1087
4882 - 4883: 54888
4883 - 4884: -57583
4884 - 4885: 550
4885 - 4886: 858
4886 - 4887: -996
4887 - 4888: 730
4888 - 4889: 2088
4889 - 4890: 528
4890 - 4891: -7027
4891 - 4892: 5610
4892 - 4893: -3119
4893 - 4894: 3785
4894 - 4895: 1076
4895 - 4896: -3290
4896 - 4897: -1108
4897 - 4898: 4952
4898 - 4899: -2932
4899 - 4900: -1925
4900 - 4901: 780
4901 - 4902: 763
4902 - 4903: 7155
4903 - 4904: -8730
4904 - 4905: 17457
4905 - 4906: -18822
4906 - 4907: 62307
4907 - 4908: -60291
4908 - 4909: 11148
4909 - 4910: -1964
4910 - 4911: -4262
4911 - 4912: -2935
4912 - 4913: 948
4913 - 4914: -2432
4914 - 4915: 551
4915 - 4916: 22869
4916 - 4917: -6718
4917 - 4918: -15818
4918 - 4919: 4329
4919 - 4920: -4438
4920 - 4921: -267
4921 - 4922: 2078
4922 - 4923: 66610
4923 - 4924: -67992
4924 - 4925: -1403
4925 - 4926: 382
4926 - 4927: 15534
4927 - 4928: 6981
4928 - 4929: 28842
4929 - 4930: -47905
4930 - 4931: 22136
4931 - 4932: -13035
4932 - 4933: -3631
4933 - 4934: 158
4934 - 4935: -5664
4935 - 4936: -3508
4936 - 4937: 7463
4937 - 4938: 4558
4938 - 4939: -12896
4939 - 4940: 5443
4940 - 4941: -2894
4941 - 4942: 408
4942 - 4943: 6120
4943 - 4944: 8430
4944 - 4945: -14844
4945 - 4946: 12371
4946 - 4947: 38057
4947 - 4948: -27775
4948 - 4949: -14318
4949 - 4950: -7970
4950 - 4951: 1771
4951 - 4952: -532
4952 - 4953: 35073
4953 - 4954: -32819
4954 - 4955: 2717
4955 - 4956: 39266
4956 - 4957: -33619
4957 - 4958: 3171
4958 - 4959: 52878
4959 - 4960: -41171
4960 - 4961: -10588
4961 - 4962: -3196
4962 - 4963: 66700
4963 - 4964: -28077
4964 - 4965: -42998
4965 - 4966: 35537
4966 - 4967: -36614
4967 - 4968: -2072
4968 - 4969: -1469
4969 - 4970: 8454
4970 - 4971: -14179
4971 - 4972: 7115
4972 - 4973: 58600
4973 - 4974: -68340
4974 - 4975: 3730
4975 - 4976: 797
4976 - 4977: -1270
4977 - 4978: 3855
4978 - 4979: 9445
4979 - 4980: -13168
4980 - 4981: -742
4981 - 4982: 9994
4982 - 4983: -10153
4983 - 4984: 9622
4984 - 4985: -9815
4985 - 4986: 1525
4986 - 4987: 36681
4987 - 4988: -17783
4988 - 4989: -13343
4989 - 4990: -211
4990 - 4991: 2509
4991 - 4992: -7088
4992 - 4993: 0
4993 - 4994: 0
4994 - 4995: 0
4995 - 4996: 0
4996 - 4997: 0
4997 - 4998: 0
4998 - 4999: 0

Timing completed for program using OpenMP with 32 threads
Reading in File: 7.574000 nanoseconds
Comparisons of wiki pages: 81.234000 nanoseconds
Overall time: 88.808000 nanoseconds
