0 - 1: 32923
1 - 2: -33872
2 - 3: -36905
3 - 4: -35406
4 - 5: -35603
5 - 6: -35979
6 - 7: -38003
7 - 8: -33135
8 - 9: -38442
9 - 10: -37212
10 - 11: -31835
11 - 12: 13186
12 - 13: -33778
13 - 14: 31472
14 - 15: -39317
15 - 16: 23462
16 - 17: 18916
17 - 18: 33725
18 - 19: 7197
19 - 20: 13519
20 - 21: -29635
21 - 22: -33212
22 - 23: -34680
23 - 24: 27238
24 - 25: -38971
25 - 26: 17946
26 - 27: -33216
27 - 28: -32909
28 - 29: 7333
29 - 30: 19856
30 - 31: 25909851
31 - 32: -5136
32 - 33: 40273
33 - 34: 3580
34 - 35: -2309
35 - 36: 43959
36 - 37: -4064
37 - 38: -6575
38 - 39: 54291
39 - 40: 7153
40 - 41: 58061
41 - 42: 63432
42 - 43: 66410
43 - 44: -1435
44 - 45: -1401
45 - 46: 31856
46 - 47: 4140
47 - 48: -5352
48 - 49: -3366
49 - 50: -5781
50 - 51: -5067
51 - 52: -1901
52 - 53: 8079
53 - 54: -1438
54 - 55: -4239
55 - 56: 11109
56 - 57: -1248
57 - 58: -663
58 - 59: -7297
59 - 60: -5414
60 - 61: 30931
61 - 62: 0
62 - 63: 54852
63 - 64: -1061
64 - 65: 20425
65 - 66: -2631
66 - 67: -1129
67 - 68: 9592
68 - 69: 5348
69 - 70: -338
70 - 71: 7067
71 - 72: -876
72 - 73: -1114
73 - 74: 9962
74 - 75: -1750
75 - 76: -2025
76 - 77: -770
77 - 78: 35623
78 - 79: 1245
79 - 80: 11403
80 - 81: 4763
81 - 82: -6488
82 - 83: -1081
83 - 84: -1608
84 - 85: 11620
85 - 86: 2298
86 - 87: 9899
87 - 88: -2685
88 - 89: -1176
89 - 90: 3
90 - 91: -3519
91 - 92: 34348
92 - 93: 285015082
93 - 94: 12728
94 - 95: 301
95 - 96: 9588
96 - 97: 2443
97 - 98: 5194
98 - 99: 4020
99 - 100: 5851
100 - 101: -2414
101 - 102: 2099
102 - 103: 7253
103 - 104: 5989
104 - 105: 5597
105 - 106: 36709
106 - 107: 3062
107 - 108: 3501
108 - 109: 6532
109 - 110: 5034
110 - 111: 6375
111 - 112: 3864
112 - 113: 5934
113 - 114: 7115
114 - 115: 12226
115 - 116: 6522
116 - 117: 5333
117 - 118: 81145
118 - 119: 6727
119 - 120: 5776
120 - 121: -995
121 - 122: 3374
122 - 123: 260
123 - 124: 0
124 - 125: 6608
125 - 126: 4865
126 - 127: 3795
127 - 128: -830
128 - 129: 1528
129 - 130: 9410
130 - 131: -4362
131 - 132: 8223
132 - 133: -3276
133 - 134: 5941
134 - 135: 395
135 - 136: 56703
136 - 137: 2176
137 - 138: 14116
138 - 139: -3165
139 - 140: 3938
140 - 141: -1386
141 - 142: -351
142 - 143: 4171
143 - 144: 2491
144 - 145: -1406
145 - 146: 3512
146 - 147: -365
147 - 148: 2014
148 - 149: 44118
149 - 150: 3882
150 - 151: 8729
151 - 152: 5913
152 - 153: 4093
153 - 154: 269
154 - 155: 23140
155 - 156: -9911
156 - 157: -8697
157 - 158: -7882
158 - 159: 543
159 - 160: -882
160 - 161: -2044
161 - 162: 216
162 - 163: -8156
163 - 164: -4861
164 - 165: -5954
165 - 166: -7316
166 - 167: -2632
167 - 168: 43856
168 - 169: -4619
169 - 170: 656
170 - 171: -2318
171 - 172: -10590
172 - 173: 780
173 - 174: -3248
174 - 175: -4245
175 - 176: -2261
176 - 177: -2511
177 - 178: -3475
178 - 179: -8017
179 - 180: -2171
180 - 181: -8540
181 - 182: -3750
182 - 183: -6658
183 - 184: -4055
184 - 185: -4942
185 - 186: 67108864
186 - 187: -212
187 - 188: -5718
188 - 189: 1977
189 - 190: 33
190 - 191: 2570
191 - 192: 36567
192 - 193: -2087
193 - 194: -5832
194 - 195: 5381
195 - 196: 22066
196 - 197: -3864
197 - 198: 7456
198 - 199: -1398
199 - 200: -1060
200 - 201: 1577
201 - 202: -5211
202 - 203: -3001
203 - 204: -3690
204 - 205: -4156
205 - 206: 358
206 - 207: 31094
207 - 208: -3842
208 - 209: 1336
209 - 210: 26842
210 - 211: 2435
211 - 212: 19591
212 - 213: 10714
213 - 214: 6667
214 - 215: -3479
215 - 216: 51476
216 - 217: 0
217 - 218: 1151
218 - 219: 20395
219 - 220: 61
220 - 221: 1994
221 - 222: 14657
222 - 223: 1480
223 - 224: 332
224 - 225: 8801
225 - 226: 3670
226 - 227: 2666
227 - 228: 61611
228 - 229: 1464
229 - 230: 285
230 - 231: 3371
231 - 232: 4495
232 - 233: 483
233 - 234: 13147
234 - 235: 59653
235 - 236: 20469
236 - 237: 492
237 - 238: 9849
238 - 239: 11880
239 - 240: 50085
240 - 241: 46191
241 - 242: 2379
242 - 243: 2267
243 - 244: 5375
244 - 245: 30376
245 - 246: 28984
246 - 247: 27621
247 - 248: 959608176
248 - 249: 72
249 - 250: -104
250 - 251: -540
251 - 252: 408
252 - 253: -2241
253 - 254: -848
254 - 255: -588
255 - 256: 0
256 - 257: -1302
257 - 258: -939
258 - 259: -28430
259 - 260: 23838
260 - 261: -19094
261 - 262: 38943
262 - 263: -29645
263 - 264: 15786
264 - 265: -29462
265 - 266: -28134
266 - 267: 19557
267 - 268: -25169
268 - 269: -26330
269 - 270: -28159
270 - 271: -24284
271 - 272: -17633
272 - 273: -28819
273 - 274: -5153
274 - 275: -28998
275 - 276: -30617
276 - 277: 30247
277 - 278: -27798
278 - 279: 1979973672
279 - 280: 12670
280 - 281: 10576
281 - 282: 9712
282 - 283: 11142
283 - 284: 3280
284 - 285: 11648
285 - 286: 6270
286 - 287: 9633
287 - 288: 2720
288 - 289: 11175
289 - 290: 11226
290 - 291: 16269
291 - 292: 7443
292 - 293: 20955
293 - 294: 11360
294 - 295: 8767
295 - 296: 11202
296 - 297: 2894
297 - 298: 1162
298 - 299: 22637
299 - 300: 6663
300 - 301: 5642
301 - 302: 86275
302 - 303: 15185
303 - 304: 9423
304 - 305: 8326
305 - 306: 13582
306 - 307: 5756
307 - 308: 4423
308 - 309: 5324
309 - 310: 0
310 - 311: 1149
311 - 312: 2892
312 - 313: -1596
313 - 314: 1554
314 - 315: -2156
315 - 316: 6846
316 - 317: 6321
317 - 318: 3710
318 - 319: -13
319 - 320: 1472
320 - 321: 6031
321 - 322: 3786
322 - 323: -3019
323 - 324: 4311
324 - 325: -285
325 - 326: -723
326 - 327: 15522
327 - 328: 6214
328 - 329: 2165
329 - 330: 6415
330 - 331: 3384
331 - 332: -1117
332 - 333: -1079
333 - 334: -4332
334 - 335: 1134
335 - 336: -2696
336 - 337: -2471
337 - 338: -70
338 - 339: -739
339 - 340: 8986
340 - 341: 45
341 - 342: -37167
342 - 343: -31740
343 - 344: -37624
344 - 345: -26359
345 - 346: -37292
346 - 347: -37325
347 - 348: -35930
348 - 349: -41642
349 - 350: -35839
350 - 351: -32894
351 - 352: 2075
352 - 353: -40761
353 - 354: 19801
354 - 355: -37129
355 - 356: -26044
356 - 357: -36075
357 - 358: -34353
358 - 359: -35777
359 - 360: -34348
360 - 361: -37832
361 - 362: -38610
362 - 363: -39762
363 - 364: -41114
364 - 365: -32085
365 - 366: -38486
366 - 367: -38146
367 - 368: -40390
368 - 369: -30709
369 - 370: -40425
370 - 371: -37351
371 - 372: 0
372 - 373: 7651
373 - 374: 13335
374 - 375: -1742
375 - 376: -1666
376 - 377: -5245
377 - 378: 4122
378 - 379: 969
379 - 380: 1186
380 - 381: -3048
381 - 382: -2738
382 - 383: -2434
383 - 384: 1105
384 - 385: -2102
385 - 386: 5357
386 - 387: 221
387 - 388: 559
388 - 389: 1332
389 - 390: 6410
390 - 391: 6880
391 - 392: 675
392 - 393: -289
393 - 394: 13557
394 - 395: -2053
395 - 396: -1317
396 - 397: 8039
397 - 398: 2550
398 - 399: -2682
399 - 400: -783
400 - 401: 1008
401 - 402: -2813
402 - 403: 0
403 - 404: 4475
404 - 405: 5543
405 - 406: 44534
406 - 407: -4454
407 - 408: -5870
408 - 409: 41593
409 - 410: 3437
410 - 411: 1027
411 - 412: -4401
412 - 413: -3088
413 - 414: -4998
414 - 415: -3997
415 - 416: 69734
416 - 417: -3147
417 - 418: 8239
418 - 419: -5096
419 - 420: 6340
420 - 421: 3583
421 - 422: 28566
422 - 423: 8454
423 - 424: 1532
424 - 425: 6876
425 - 426: 3242
426 - 427: 63809
427 - 428: -1196
428 - 429: 10417
429 - 430: 59277
430 - 431: -1203
431 - 432: 5149
432 - 433: 61465
433 - 434: 0
434 - 435: 4665
435 - 436: 187
436 - 437: 1263
437 - 438: 1155
438 - 439: 1538
439 - 440: 20820
440 - 441: 41569
441 - 442: 2335
442 - 443: 46910
443 - 444: 57
444 - 445: -2085
445 - 446: -150
446 - 447: -833
447 - 448: -3008
448 - 449: 2308
449 - 450: 16266
450 - 451: 147
451 - 452: 810
452 - 453: 31489
453 - 454: 905
454 - 455: 1181
455 - 456: 39781
456 - 457: 240
457 - 458: 16101
458 - 459: 951
459 - 460: 160
460 - 461: 14316
461 - 462: 1557
462 - 463: 907
463 - 464: 5239
464 - 465: 0
465 - 466: 9644
466 - 467: -1317
467 - 468: 8553
468 - 469: -708
469 - 470: 24154
470 - 471: 29616
471 - 472: 2577
472 - 473: 5093
473 - 474: 2078
474 - 475: 14871
475 - 476: 46817
476 - 477: -665
477 - 478: 334
478 - 479: 3053
479 - 480: -1239
480 - 481: -41
481 - 482: 1658
482 - 483: 16183
483 - 484: 1666
484 - 485: 21418
485 - 486: 6840
486 - 487: 4335
487 - 488: 1514
488 - 489: 7712
489 - 490: 19530
490 - 491: 733
491 - 492: 646
492 - 493: 8958
493 - 494: 3024
494 - 495: 8405
495 - 496: 0
496 - 497: 402
497 - 498: 8191
498 - 499: 36685
499 - 500: 1562
500 - 501: 1657
501 - 502: -3263
502 - 503: -2714
503 - 504: 19624
504 - 505: 17552
505 - 506: 14158
506 - 507: -4084
507 - 508: 12152
508 - 509: -1787
509 - 510: 5824
510 - 511: -1083
511 - 512: 2275
512 - 513: 61105
513 - 514: 4007
514 - 515: 233
515 - 516: 2212
516 - 517: -1072
517 - 518: 2285
518 - 519: 329
519 - 520: 805
520 - 521: -1871
521 - 522: 673
522 - 523: -2215
523 - 524: -3612
524 - 525: 7595
525 - 526: -1937
526 - 527: 0
527 - 528: -10158
528 - 529: -8546
529 - 530: -9175
530 - 531: -10206
531 - 532: -10876
532 - 533: -9072
533 - 534: -8912
534 - 535: -7955
535 - 536: -1405
536 - 537: -7533
537 - 538: -10483
538 - 539: -11440
539 - 540: -10231
540 - 541: -9393
541 - 542: -11590
542 - 543: -10865
543 - 544: -9430
544 - 545: -10992
545 - 546: -11119
546 - 547: -10658
547 - 548: -9626
548 - 549: -8405
549 - 550: -11200
550 - 551: -9053
551 - 552: -9651
552 - 553: -9596
553 - 554: -415
554 - 555: -5585
555 - 556: -3400
556 - 557: -4385
557 - 558: 0
558 - 559: 36378
559 - 560: 11665
560 - 561: 11772
561 - 562: 10785
562 - 563: 11480
563 - 564: 5524
564 - 565: -682
565 - 566: -1384
566 - 567: -2694
567 - 568: -1307
568 - 569: 1727
569 - 570: 17823
570 - 571: 4501
571 - 572: 5600
572 - 573: 15077
573 - 574: -834
574 - 575: 1779
575 - 576: 645
576 - 577: 1764
577 - 578: 251
578 - 579: -3098
579 - 580: -2796
580 - 581: 64088
581 - 582: 69085
582 - 583: -650
583 - 584: 6310
584 - 585: -3744
585 - 586: 35375
586 - 587: 2155
587 - 588: 8444
588 - 589: 0
589 - 590: -2349
590 - 591: -2286
591 - 592: -860
592 - 593: 752
593 - 594: -1050
594 - 595: -623
595 - 596: -558
596 - 597: 1916
597 - 598: 356
598 - 599: 5410
599 - 600: 3174
600 - 601: 4495
601 - 602: 5948
602 - 603: 1479
603 - 604: -421
604 - 605: 57500
605 - 606: 18146
606 - 607: 48019
607 - 608: -3990
608 - 609: 647
609 - 610: 3353
610 - 611: 71406
611 - 612: 481
612 - 613: 2389
613 - 614: 1471
614 - 615: 1199
615 - 616: 8995
616 - 617: 3462
617 - 618: 14167
618 - 619: 4030
619 - 620: 0
620 - 621: -6242
621 - 622: -1394
622 - 623: 55820
623 - 624: -6643
624 - 625: -4811
625 - 626: -7327
626 - 627: 132
627 - 628: 2732
628 - 629: 9146
629 - 630: -5653
630 - 631: -3677
631 - 632: 144
632 - 633: -6313
633 - 634: -6110
634 - 635: 4293
635 - 636: 63508
636 - 637: -4215
637 - 638: -4015
638 - 639: -11661
639 - 640: 61807
640 - 641: -10710
641 - 642: 12345
642 - 643: -7384
643 - 644: -4880
644 - 645: 4925
645 - 646: 7944
646 - 647: -4558
647 - 648: -6212
648 - 649: -7599
649 - 650: -7609
650 - 651: 0
651 - 652: 7675
652 - 653: 7204
653 - 654: -5300
654 - 655: -5899
655 - 656: -6243
656 - 657: -8851
657 - 658: -3733
658 - 659: -6140
659 - 660: -4313
660 - 661: 2260
661 - 662: -5882
662 - 663: 61194
663 - 664: 6050
664 - 665: -7501
665 - 666: -4742
666 - 667: 2678
667 - 668: -6361
668 - 669: -6962
669 - 670: -2597
670 - 671: -5699
671 - 672: -5199
672 - 673: 1143
673 - 674: -6365
674 - 675: -7592
675 - 676: -4576
676 - 677: -6396
677 - 678: -5658
678 - 679: 2504
679 - 680: -6449
680 - 681: -3450
681 - 682: 0
682 - 683: -476
683 - 684: -376
684 - 685: 2256
685 - 686: 8250
686 - 687: 12899
687 - 688: 4868
688 - 689: 9217
689 - 690: 5473
690 - 691: 8866
691 - 692: 2849
692 - 693: -154
693 - 694: 2190
694 - 695: 10359
695 - 696: 195
696 - 697: 44178
697 - 698: 978
698 - 699: 3836
699 - 700: -257
700 - 701: 15192
701 - 702: 750
702 - 703: 10616
703 - 704: -598
704 - 705: 6467
705 - 706: 901
706 - 707: 2656
707 - 708: 14351
708 - 709: 878
709 - 710: 1020
710 - 711: 18287
711 - 712: 19113
712 - 713: 0
713 - 714: 36356
714 - 715: 22227
715 - 716: 6778
716 - 717: 63538
717 - 718: 7266
718 - 719: 8976
719 - 720: 1266
720 - 721: 0
721 - 722: 3923
722 - 723: 6812
723 - 724: 7082
724 - 725: 4129
725 - 726: 2502
726 - 727: 6458
727 - 728: 1647
728 - 729: 3564
729 - 730: 2816
730 - 731: 1930
731 - 732: 3940
732 - 733: 22032
733 - 734: 7911
734 - 735: 2151
735 - 736: 4599
736 - 737: 4108
737 - 738: 1105
738 - 739: 903
739 - 740: 16960
740 - 741: 12487
741 - 742: 1148
742 - 743: 7356
743 - 744: 0
744 - 745: 1870
745 - 746: 16176
746 - 747: -2588
747 - 748: 4363
748 - 749: -922
749 - 750: 3959
750 - 751: 7723
751 - 752: 1160
752 - 753: 2681
753 - 754: 225
754 - 755: 431
755 - 756: -964
756 - 757: 4718
757 - 758: 8635
758 - 759: -2702
759 - 760: 7599
760 - 761: 9353
761 - 762: -2120
762 - 763: -1614
763 - 764: -965
764 - 765: -4035
765 - 766: -3369
766 - 767: 1648
767 - 768: 25491
768 - 769: 5165
769 - 770: -1338
770 - 771: 2132
771 - 772: -3693
772 - 773: -982
773 - 774: -2597
774 - 775: 0
775 - 776: -1150
776 - 777: 2807
777 - 778: 1937
778 - 779: 1384
779 - 780: 1969
780 - 781: -872
781 - 782: 54109
782 - 783: 473
783 - 784: 1266
784 - 785: 12406
785 - 786: 3662
786 - 787: 71113
787 - 788: 5446
788 - 789: 4825
789 - 790: 2933
790 - 791: 13246
791 - 792: 6417
792 - 793: 4132
793 - 794: 3707
794 - 795: 4618
795 - 796: 28471
796 - 797: 1855
797 - 798: 1097
798 - 799: 5142
799 - 800: -244
800 - 801: -99
801 - 802: 8129
802 - 803: 18118
803 - 804: 10639
804 - 805: 10479
805 - 806: 0
806 - 807: 55512
807 - 808: -13778
808 - 809: -13378
809 - 810: -11483
810 - 811: -12887
811 - 812: 817
812 - 813: -14205
813 - 814: -9810
814 - 815: -12290
815 - 816: -1540
816 - 817: -9313
817 - 818: -9997
818 - 819: -5339
819 - 820: -3382
820 - 821: -7253
821 - 822: -12054
822 - 823: -10988
823 - 824: 57783
824 - 825: -3417
825 - 826: -7315
826 - 827: -5789
827 - 828: -12161
828 - 829: 40079
829 - 830: 6065
830 - 831: -13012
831 - 832: -12050
832 - 833: -9462
833 - 834: -3723
834 - 835: -9235
835 - 836: -12318
836 - 837: 0
837 - 838: 60761
838 - 839: -3766
839 - 840: -170
840 - 841: -691
841 - 842: 6206
842 - 843: 2336
843 - 844: 28934
844 - 845: -1594
845 - 846: 1457
846 - 847: -2906
847 - 848: -1626
848 - 849: 32433
849 - 850: 38020
850 - 851: 1330
851 - 852: -945
852 - 853: -2075
853 - 854: -1319
854 - 855: -1169
855 - 856: 6424
856 - 857: 895
857 - 858: -1547
858 - 859: -2305
859 - 860: 15340
860 - 861: 547
861 - 862: -575
862 - 863: -1711
863 - 864: 35569
864 - 865: 13423
865 - 866: -1815
866 - 867: -2370
867 - 868: 0
868 - 869: -27122
869 - 870: -23124
870 - 871: -27474
871 - 872: -25171
872 - 873: -21054
873 - 874: -31525
874 - 875: -28459
875 - 876: -26241
876 - 877: -22426
877 - 878: -20111
878 - 879: -23924
879 - 880: 35214
880 - 881: -14307
881 - 882: -23466
882 - 883: -17365
883 - 884: -30127
884 - 885: -9710
885 - 886: -28312
886 - 887: -28952
887 - 888: -7748
888 - 889: -29342
889 - 890: -31454
890 - 891: -22983
891 - 892: -34049
892 - 893: -22165
893 - 894: -27012
894 - 895: -29562
895 - 896: -19899
896 - 897: -13363
897 - 898: -15125
898 - 899: 0
899 - 900: -339
900 - 901: 1117
901 - 902: -4717
902 - 903: 2131
903 - 904: 17641
904 - 905: 37373
905 - 906: 636
906 - 907: 9618
907 - 908: 635
908 - 909: 22147
909 - 910: 2096
910 - 911: 21518
911 - 912: 4622
912 - 913: 3839
913 - 914: -771
914 - 915: -583
915 - 916: 6634
916 - 917: 14319
917 - 918: 2260
918 - 919: -122
919 - 920: 182
920 - 921: 2180
921 - 922: 115
922 - 923: 643
923 - 924: 3179
924 - 925: 8135
925 - 926: 45164
926 - 927: -331
927 - 928: 10883
928 - 929: 64514
929 - 930: 0
930 - 931: -67706
931 - 932: -66741
932 - 933: -10945
933 - 934: -44064
934 - 935: -20525
935 - 936: -67147
936 - 937: -67150
937 - 938: -67929
938 - 939: -66320
939 - 940: -63419
940 - 941: -58544
941 - 942: -53302
942 - 943: -59970
943 - 944: -64266
944 - 945: -61518
945 - 946: -67473
946 - 947: -65975
947 - 948: -63135
948 - 949: -66891
949 - 950: -66854
950 - 951: -49640
951 - 952: -66337
952 - 953: -55625
953 - 954: -57179
954 - 955: -25042
955 - 956: -65855
956 - 957: -66542
957 - 958: -67447
958 - 959: -66828
959 - 960: -8077
960 - 961: 0
961 - 962: 543
962 - 963: -173
963 - 964: -8510
964 - 965: -5814
965 - 966: 34532
966 - 967: -9067
967 - 968: -7134
968 - 969: -10061
969 - 970: -3674
970 - 971: -11225
971 - 972: -11604
972 - 973: -11686
973 - 974: -8899
974 - 975: -9994
975 - 976: -10201
976 - 977: -5488
977 - 978: 53012
978 - 979: 22619
979 - 980: 5971
980 - 981: 17085
981 - 982: -13024
982 - 983: -11462
983 - 984: 41590
984 - 985: 55883
985 - 986: -7210
986 - 987: 8764
987 - 988: -9653
988 - 989: -11249
989 - 990: 16792
990 - 991: 1631
991 - 992: 0
992 - 993: 0
993 - 994: 0
994 - 995: 0
995 - 996: 0
996 - 997: 0
997 - 998: 0
998 - 999: 0
999 - 1000: 0

Timing completed for program using OpenMP with 32 threads and -929870743 CPUs
Reading in File: 1.349000 nanoseconds
Comparisons of wiki pages: 13.768000 nanoseconds
Overall time: 15.117000 nanoseconds
