0 - 1: 32923
1 - 2: -33872
2 - 3: -36905
3 - 4: -35406
4 - 5: -35603
5 - 6: -35979
6 - 7: -38003
7 - 8: -33135
8 - 9: -38442
9 - 10: -37212
10 - 11: -31835
11 - 12: 13186
12 - 13: -33778
13 - 14: 31472
14 - 15: -39317
15 - 16: 23462
16 - 17: 18916
17 - 18: 33725
18 - 19: 7197
19 - 20: 13519
20 - 21: -29635
21 - 22: -33212
22 - 23: -34680
23 - 24: 27238
24 - 25: -38971
25 - 26: 17946
26 - 27: -33216
27 - 28: -32909
28 - 29: 7333
29 - 30: 19856
30 - 31: -32510
31 - 32: -37646
32 - 33: 7763
33 - 34: -28930
34 - 35: -34819
35 - 36: 11449
36 - 37: -36574
37 - 38: -39085
38 - 39: 21781
39 - 40: -25357
40 - 41: 25551
41 - 42: 30922
42 - 43: 33900
43 - 44: -33945
44 - 45: -33911
45 - 46: -654
46 - 47: -28370
47 - 48: -37862
48 - 49: -35876
49 - 50: -38291
50 - 51: -37577
51 - 52: -34411
52 - 53: -24431
53 - 54: -33948
54 - 55: -36749
55 - 56: -21401
56 - 57: -33758
57 - 58: -33173
58 - 59: -39807
59 - 60: -37924
60 - 61: -1579
61 - 62: 0
62 - 63: 54852
63 - 64: -1061
64 - 65: 20425
65 - 66: -2631
66 - 67: -1129
67 - 68: 9592
68 - 69: 5348
69 - 70: -338
70 - 71: 7067
71 - 72: -876
72 - 73: -1114
73 - 74: 9962
74 - 75: -1750
75 - 76: -2025
76 - 77: -770
77 - 78: 35623
78 - 79: 1245
79 - 80: 11403
80 - 81: 4763
81 - 82: -6488
82 - 83: -1081
83 - 84: -1608
84 - 85: 11620
85 - 86: 2298
86 - 87: 9899
87 - 88: -2685
88 - 89: -1176
89 - 90: 3
90 - 91: -3519
91 - 92: 34348
92 - 93: -479
93 - 94: 12249
94 - 95: -178
95 - 96: 9109
96 - 97: 1964
97 - 98: 4715
98 - 99: 3541
99 - 100: 5372
100 - 101: -2893
101 - 102: 1620
102 - 103: 6774
103 - 104: 5510
104 - 105: 5118
105 - 106: 36230
106 - 107: 2583
107 - 108: 3022
108 - 109: 6053
109 - 110: 4555
110 - 111: 5896
111 - 112: 3385
112 - 113: 5455
113 - 114: 6636
114 - 115: 11747
115 - 116: 6043
116 - 117: 4854
117 - 118: 80666
118 - 119: 6248
119 - 120: 5297
120 - 121: -1474
121 - 122: 2895
122 - 123: -219
123 - 124: 0
124 - 125: 6608
125 - 126: 4865
126 - 127: 3795
127 - 128: -830
128 - 129: 1528
129 - 130: 9410
130 - 131: -4362
131 - 132: 8223
132 - 133: -3276
133 - 134: 5941
134 - 135: 395
135 - 136: 56703
136 - 137: 2176
137 - 138: 14116
138 - 139: -3165
139 - 140: 3938
140 - 141: -1386
141 - 142: -351
142 - 143: 4171
143 - 144: 2491
144 - 145: -1406
145 - 146: 3512
146 - 147: -365
147 - 148: 2014
148 - 149: 44118
149 - 150: 3882
150 - 151: 8729
151 - 152: 5913
152 - 153: 4093
153 - 154: 269
154 - 155: 6453
155 - 156: -3458
156 - 157: -2244
157 - 158: -1429
158 - 159: 6996
159 - 160: 5571
160 - 161: 4409
161 - 162: 6669
162 - 163: -1703
163 - 164: 1592
164 - 165: 499
165 - 166: -863
166 - 167: 3821
167 - 168: 50309
168 - 169: 1834
169 - 170: 7109
170 - 171: 4135
171 - 172: -4137
172 - 173: 7233
173 - 174: 3205
174 - 175: 2208
175 - 176: 4192
176 - 177: 3942
177 - 178: 2978
178 - 179: -1564
179 - 180: 4282
180 - 181: -2087
181 - 182: 2703
182 - 183: -205
183 - 184: 2398
184 - 185: 1511
185 - 186: 67108864
186 - 187: -212
187 - 188: -5718
188 - 189: 1977
189 - 190: 33
190 - 191: 2570
191 - 192: 36567
192 - 193: -2087
193 - 194: -5832
194 - 195: 5381
195 - 196: 22066
196 - 197: -3864
197 - 198: 7456
198 - 199: -1398
199 - 200: -1060
200 - 201: 1577
201 - 202: -5211
202 - 203: -3001
203 - 204: -3690
204 - 205: -4156
205 - 206: 358
206 - 207: 31094
207 - 208: -3842
208 - 209: 1336
209 - 210: 26842
210 - 211: 2435
211 - 212: 19591
212 - 213: 10714
213 - 214: 6667
214 - 215: -3479
215 - 216: 51476
216 - 217: -6041
217 - 218: -4890
218 - 219: 14354
219 - 220: -5980
220 - 221: -4047
221 - 222: 8616
222 - 223: -4561
223 - 224: -5709
224 - 225: 2760
225 - 226: -2371
226 - 227: -3375
227 - 228: 55570
228 - 229: -4577
229 - 230: -5756
230 - 231: -2670
231 - 232: -1546
232 - 233: -5558
233 - 234: 7106
234 - 235: 53612
235 - 236: 14428
236 - 237: -5549
237 - 238: 3808
238 - 239: 5839
239 - 240: 44044
240 - 241: 40150
241 - 242: -3662
242 - 243: -3774
243 - 244: -666
244 - 245: 24335
245 - 246: 22943
246 - 247: 21580
247 - 248: 959608176
248 - 249: 72
249 - 250: -104
250 - 251: -540
251 - 252: 408
252 - 253: -2241
253 - 254: -848
254 - 255: -588
255 - 256: 0
256 - 257: -1302
257 - 258: -939
258 - 259: -28430
259 - 260: 23838
260 - 261: -19094
261 - 262: 38943
262 - 263: -29645
263 - 264: 15786
264 - 265: -29462
265 - 266: -28134
266 - 267: 19557
267 - 268: -25169
268 - 269: -26330
269 - 270: -28159
270 - 271: -24284
271 - 272: -17633
272 - 273: -28819
273 - 274: -5153
274 - 275: -28998
275 - 276: -30617
276 - 277: 30247
277 - 278: -27798
278 - 279: -33695
279 - 280: -21025
280 - 281: -23119
281 - 282: -23983
282 - 283: -22553
283 - 284: -30415
284 - 285: -22047
285 - 286: -27425
286 - 287: -24062
287 - 288: -30975
288 - 289: -22520
289 - 290: -22469
290 - 291: -17426
291 - 292: -26252
292 - 293: -12740
293 - 294: -22335
294 - 295: -24928
295 - 296: -22493
296 - 297: -30801
297 - 298: -32533
298 - 299: -11058
299 - 300: -27032
300 - 301: -28053
301 - 302: 52580
302 - 303: -18510
303 - 304: -24272
304 - 305: -25369
305 - 306: -20113
306 - 307: -27939
307 - 308: -29272
308 - 309: -28371
309 - 310: 0
310 - 311: 1149
311 - 312: 2892
312 - 313: -1596
313 - 314: 1554
314 - 315: -2156
315 - 316: 6846
316 - 317: 6321
317 - 318: 3710
318 - 319: -13
319 - 320: 1472
320 - 321: 6031
321 - 322: 3786
322 - 323: -3019
323 - 324: 4311
324 - 325: -285
325 - 326: -723
326 - 327: 15522
327 - 328: 6214
328 - 329: 2165
329 - 330: 6415
330 - 331: 3384
331 - 332: -1117
332 - 333: -1079
333 - 334: -4332
334 - 335: 1134
335 - 336: -2696
336 - 337: -2471
337 - 338: -70
338 - 339: -739
339 - 340: 8986
340 - 341: 37349
341 - 342: 182
342 - 343: 5609
343 - 344: -275
344 - 345: 10990
345 - 346: 57
346 - 347: 24
347 - 348: 1419
348 - 349: -4293
349 - 350: 1510
350 - 351: 4455
351 - 352: 39424
352 - 353: -3412
353 - 354: 57150
354 - 355: 220
355 - 356: 11305
356 - 357: 1274
357 - 358: 2996
358 - 359: 1572
359 - 360: 3001
360 - 361: -483
361 - 362: -1261
362 - 363: -2413
363 - 364: -3765
364 - 365: 5264
365 - 366: -1137
366 - 367: -797
367 - 368: -3041
368 - 369: 6640
369 - 370: -3076
370 - 371: -2
371 - 372: 134217728
372 - 373: 7651
373 - 374: 13335
374 - 375: -1742
375 - 376: -1666
376 - 377: -5245
377 - 378: 4122
378 - 379: 969
379 - 380: 1186
380 - 381: -3048
381 - 382: -2738
382 - 383: -2434
383 - 384: 1105
384 - 385: -2102
385 - 386: 5357
386 - 387: 221
387 - 388: 559
388 - 389: 1332
389 - 390: 6410
390 - 391: 6880
391 - 392: 675
392 - 393: -289
393 - 394: 13557
394 - 395: -2053
395 - 396: -1317
396 - 397: 8039
397 - 398: 2550
398 - 399: -2682
399 - 400: -783
400 - 401: 1008
401 - 402: -2813
402 - 403: 138
403 - 404: 4613
404 - 405: 5681
405 - 406: 44672
406 - 407: -4316
407 - 408: -5732
408 - 409: 41731
409 - 410: 3575
410 - 411: 1165
411 - 412: -4263
412 - 413: -2950
413 - 414: -4860
414 - 415: -3859
415 - 416: 69872
416 - 417: -3009
417 - 418: 8377
418 - 419: -4958
419 - 420: 6478
420 - 421: 3721
421 - 422: 28704
422 - 423: 8592
423 - 424: 1670
424 - 425: 7014
425 - 426: 3380
426 - 427: 63947
427 - 428: -1058
428 - 429: 10555
429 - 430: 59415
430 - 431: -1065
431 - 432: 5287
432 - 433: 61603
433 - 434: 0
434 - 435: 4665
435 - 436: 187
436 - 437: 1263
437 - 438: 1155
438 - 439: 1538
439 - 440: 20820
440 - 441: 41569
441 - 442: 2335
442 - 443: 46910
443 - 444: 57
444 - 445: -2085
445 - 446: -150
446 - 447: -833
447 - 448: -3008
448 - 449: 2308
449 - 450: 16266
450 - 451: 147
451 - 452: 810
452 - 453: 31489
453 - 454: 905
454 - 455: 1181
455 - 456: 39781
456 - 457: 240
457 - 458: 16101
458 - 459: 951
459 - 460: 160
460 - 461: 14316
461 - 462: 1557
462 - 463: 907
463 - 464: 5239
464 - 465: 338
465 - 466: 9982
466 - 467: -979
467 - 468: 8891
468 - 469: -370
469 - 470: 24492
470 - 471: 29954
471 - 472: 2915
472 - 473: 5431
473 - 474: 2416
474 - 475: 15209
475 - 476: 47155
476 - 477: -327
477 - 478: 672
478 - 479: 3391
479 - 480: -901
480 - 481: 297
481 - 482: 1996
482 - 483: 16521
483 - 484: 2004
484 - 485: 21756
485 - 486: 7178
486 - 487: 4673
487 - 488: 1852
488 - 489: 8050
489 - 490: 19868
490 - 491: 1071
491 - 492: 984
492 - 493: 9296
493 - 494: 3362
494 - 495: 8743
495 - 496: 0
496 - 497: 402
497 - 498: 8191
498 - 499: 36685
499 - 500: 1562
500 - 501: 1657
501 - 502: -3263
502 - 503: -2714
503 - 504: 19624
504 - 505: 17552
505 - 506: 14158
506 - 507: -4084
507 - 508: 12152
508 - 509: -1787
509 - 510: 5824
510 - 511: -1083
511 - 512: 2275
512 - 513: 61105
513 - 514: 4007
514 - 515: 233
515 - 516: 2212
516 - 517: -1072
517 - 518: 2285
518 - 519: 329
519 - 520: 805
520 - 521: -1871
521 - 522: 673
522 - 523: -2215
523 - 524: -3612
524 - 525: 7595
525 - 526: -1937
526 - 527: 10841
527 - 528: 683
528 - 529: 2295
529 - 530: 1666
530 - 531: 635
531 - 532: -35
532 - 533: 1769
533 - 534: 1929
534 - 535: 2886
535 - 536: 9436
536 - 537: 3308
537 - 538: 358
538 - 539: -599
539 - 540: 610
540 - 541: 1448
541 - 542: -749
542 - 543: -24
543 - 544: 1411
544 - 545: -151
545 - 546: -278
546 - 547: 183
547 - 548: 1215
548 - 549: 2436
549 - 550: -359
550 - 551: 1788
551 - 552: 1190
552 - 553: 1245
553 - 554: 10426
554 - 555: 5256
555 - 556: 7441
556 - 557: 6456
557 - 558: 0
558 - 559: 36378
559 - 560: 11665
560 - 561: 11772
561 - 562: 10785
562 - 563: 11480
563 - 564: 5524
564 - 565: -682
565 - 566: -1384
566 - 567: -2694
567 - 568: -1307
568 - 569: 1727
569 - 570: 17823
570 - 571: 4501
571 - 572: 5600
572 - 573: 15077
573 - 574: -834
574 - 575: 1779
575 - 576: 645
576 - 577: 1764
577 - 578: 251
578 - 579: -3098
579 - 580: -2796
580 - 581: 64088
581 - 582: 69085
582 - 583: -650
583 - 584: 6310
584 - 585: -3744
585 - 586: 35375
586 - 587: 2155
587 - 588: 8444
588 - 589: -2575
589 - 590: -4924
590 - 591: -4861
591 - 592: -3435
592 - 593: -1823
593 - 594: -3625
594 - 595: -3198
595 - 596: -3133
596 - 597: -659
597 - 598: -2219
598 - 599: 2835
599 - 600: 599
600 - 601: 1920
601 - 602: 3373
602 - 603: -1096
603 - 604: -2996
604 - 605: 54925
605 - 606: 15571
606 - 607: 45444
607 - 608: -6565
608 - 609: -1928
609 - 610: 778
610 - 611: 68831
611 - 612: -2094
612 - 613: -186
613 - 614: -1104
614 - 615: -1376
615 - 616: 6420
616 - 617: 887
617 - 618: 11592
618 - 619: 1455
619 - 620: 0
620 - 621: -6242
621 - 622: -1394
622 - 623: 55820
623 - 624: -6643
624 - 625: -4811
625 - 626: -7327
626 - 627: 132
627 - 628: 2732
628 - 629: 9146
629 - 630: -5653
630 - 631: -3677
631 - 632: 144
632 - 633: -6313
633 - 634: -6110
634 - 635: 4293
635 - 636: 63508
636 - 637: -4215
637 - 638: -4015
638 - 639: -11661
639 - 640: 61807
640 - 641: -10710
641 - 642: 12345
642 - 643: -7384
643 - 644: -4880
644 - 645: 4925
645 - 646: 7944
646 - 647: -4558
647 - 648: -6212
648 - 649: -7599
649 - 650: -7609
650 - 651: 84
651 - 652: 7759
652 - 653: 7288
653 - 654: -5216
654 - 655: -5815
655 - 656: -6159
656 - 657: -8767
657 - 658: -3649
658 - 659: -6056
659 - 660: -4229
660 - 661: 2344
661 - 662: -5798
662 - 663: 61278
663 - 664: 6134
664 - 665: -7417
665 - 666: -4658
666 - 667: 2762
667 - 668: -6277
668 - 669: -6878
669 - 670: -2513
670 - 671: -5615
671 - 672: -5115
672 - 673: 1227
673 - 674: -6281
674 - 675: -7508
675 - 676: -4492
676 - 677: -6312
677 - 678: -5574
678 - 679: 2588
679 - 680: -6365
680 - 681: -3366
681 - 682: 0
682 - 683: -476
683 - 684: -376
684 - 685: 2256
685 - 686: 8250
686 - 687: 12899
687 - 688: 4868
688 - 689: 9217
689 - 690: 5473
690 - 691: 8866
691 - 692: 2849
692 - 693: -154
693 - 694: 2190
694 - 695: 10359
695 - 696: 195
696 - 697: 44178
697 - 698: 978
698 - 699: 3836
699 - 700: -257
700 - 701: 15192
701 - 702: 750
702 - 703: 10616
703 - 704: -598
704 - 705: 6467
705 - 706: 901
706 - 707: 2656
707 - 708: 14351
708 - 709: 878
709 - 710: 1020
710 - 711: 18287
711 - 712: 19113
712 - 713: -1249
713 - 714: 35107
714 - 715: 20978
715 - 716: 5529
716 - 717: 62289
717 - 718: 6017
718 - 719: 7727
719 - 720: 17
720 - 721: -1249
721 - 722: 2674
722 - 723: 5563
723 - 724: 5833
724 - 725: 2880
725 - 726: 1253
726 - 727: 5209
727 - 728: 398
728 - 729: 2315
729 - 730: 1567
730 - 731: 681
731 - 732: 2691
732 - 733: 20783
733 - 734: 6662
734 - 735: 902
735 - 736: 3350
736 - 737: 2859
737 - 738: -144
738 - 739: -346
739 - 740: 15711
740 - 741: 11238
741 - 742: -101
742 - 743: 6107
743 - 744: 0
744 - 745: 1870
745 - 746: 16176
746 - 747: -2588
747 - 748: 4363
748 - 749: -922
749 - 750: 3959
750 - 751: 7723
751 - 752: 1160
752 - 753: 2681
753 - 754: 225
754 - 755: 431
755 - 756: -964
756 - 757: 4718
757 - 758: 8635
758 - 759: -2702
759 - 760: 7599
760 - 761: 9353
761 - 762: -2120
762 - 763: -1614
763 - 764: -965
764 - 765: -4035
765 - 766: -3369
766 - 767: 1648
767 - 768: 25491
768 - 769: 5165
769 - 770: -1338
770 - 771: 2132
771 - 772: -3693
772 - 773: -982
773 - 774: -2597
774 - 775: -2922
775 - 776: -4072
776 - 777: -115
777 - 778: -985
778 - 779: -1538
779 - 780: -953
780 - 781: -3794
781 - 782: 51187
782 - 783: -2449
783 - 784: -1656
784 - 785: 9484
785 - 786: 740
786 - 787: 68191
787 - 788: 2524
788 - 789: 1903
789 - 790: 11
790 - 791: 10324
791 - 792: 3495
792 - 793: 1210
793 - 794: 785
794 - 795: 1696
795 - 796: 25549
796 - 797: -1067
797 - 798: -1825
798 - 799: 2220
799 - 800: -3166
800 - 801: -3021
801 - 802: 5207
802 - 803: 15196
803 - 804: 7717
804 - 805: 7557
805 - 806: 0
806 - 807: 55512
807 - 808: -13778
808 - 809: -13378
809 - 810: -11483
810 - 811: -12887
811 - 812: 817
812 - 813: -14205
813 - 814: -9810
814 - 815: -12290
815 - 816: -1540
816 - 817: -9313
817 - 818: -9997
818 - 819: -5339
819 - 820: -3382
820 - 821: -7253
821 - 822: -12054
822 - 823: -10988
823 - 824: 57783
824 - 825: -3417
825 - 826: -7315
826 - 827: -5789
827 - 828: -12161
828 - 829: 40079
829 - 830: 6065
830 - 831: -13012
831 - 832: -12050
832 - 833: -9462
833 - 834: -3723
834 - 835: -9235
835 - 836: -12318
836 - 837: -11354
837 - 838: 49407
838 - 839: -15120
839 - 840: -11524
840 - 841: -12045
841 - 842: -5148
842 - 843: -9018
843 - 844: 17580
844 - 845: -12948
845 - 846: -9897
846 - 847: -14260
847 - 848: -12980
848 - 849: 21079
849 - 850: 26666
850 - 851: -10024
851 - 852: -12299
852 - 853: -13429
853 - 854: -12673
854 - 855: -12523
855 - 856: -4930
856 - 857: -10459
857 - 858: -12901
858 - 859: -13659
859 - 860: 3986
860 - 861: -10807
861 - 862: -11929
862 - 863: -13065
863 - 864: 24215
864 - 865: 2069
865 - 866: -13169
866 - 867: -13724
867 - 868: 0
868 - 869: -27122
869 - 870: -23124
870 - 871: -27474
871 - 872: -25171
872 - 873: -21054
873 - 874: -31525
874 - 875: -28459
875 - 876: -26241
876 - 877: -22426
877 - 878: -20111
878 - 879: -23924
879 - 880: 35214
880 - 881: -14307
881 - 882: -23466
882 - 883: -17365
883 - 884: -30127
884 - 885: -9710
885 - 886: -28312
886 - 887: -28952
887 - 888: -7748
888 - 889: -29342
889 - 890: -31454
890 - 891: -22983
891 - 892: -34049
892 - 893: -22165
893 - 894: -27012
894 - 895: -29562
895 - 896: -19899
896 - 897: -13363
897 - 898: -15125
898 - 899: -29854
899 - 900: -30193
900 - 901: -28737
901 - 902: -34571
902 - 903: -27723
903 - 904: -12213
904 - 905: 7519
905 - 906: -29218
906 - 907: -20236
907 - 908: -29219
908 - 909: -7707
909 - 910: -27758
910 - 911: -8336
911 - 912: -25232
912 - 913: -26015
913 - 914: -30625
914 - 915: -30437
915 - 916: -23220
916 - 917: -15535
917 - 918: -27594
918 - 919: -29976
919 - 920: -29672
920 - 921: -27674
921 - 922: -29739
922 - 923: -29211
923 - 924: -26675
924 - 925: -21719
925 - 926: 15310
926 - 927: -30185
927 - 928: -18971
928 - 929: 34660
929 - 930: 0
930 - 931: -67706
931 - 932: -66741
932 - 933: -10945
933 - 934: -44064
934 - 935: -20525
935 - 936: -67147
936 - 937: -67150
937 - 938: -67929
938 - 939: -66320
939 - 940: -63419
940 - 941: -58544
941 - 942: -53302
942 - 943: -59970
943 - 944: -64266
944 - 945: -61518
945 - 946: -67473
946 - 947: -65975
947 - 948: -63135
948 - 949: -66891
949 - 950: -66854
950 - 951: -49640
951 - 952: -66337
952 - 953: -55625
953 - 954: -57179
954 - 955: -25042
955 - 956: -65855
956 - 957: -66542
957 - 958: -67447
958 - 959: -66828
959 - 960: -8077
960 - 961: -57875
961 - 962: -57332
962 - 963: -58048
963 - 964: -66385
964 - 965: -63689
965 - 966: -23343
966 - 967: -66942
967 - 968: -65009
968 - 969: -67936
969 - 970: -61549
970 - 971: -69100
971 - 972: -69479
972 - 973: -69561
973 - 974: -66774
974 - 975: -67869
975 - 976: -68076
976 - 977: -63363
977 - 978: -4863
978 - 979: -35256
979 - 980: -51904
980 - 981: -40790
981 - 982: -70899
982 - 983: -69337
983 - 984: -16285
984 - 985: -1992
985 - 986: -65085
986 - 987: -49111
987 - 988: -67528
988 - 989: -69124
989 - 990: -41083
990 - 991: -56244
991 - 992: 0
992 - 993: 0
993 - 994: 0
994 - 995: 0
995 - 996: 0
996 - 997: 0
997 - 998: 0
998 - 999: 0
999 - 1000: 0

Timing completed for program using OpenMP with 16 threads and -1662768023 CPUs
Reading in File: 0.806000 nanoseconds
Comparisons of wiki pages: 8.852000 nanoseconds
Overall time: 9.658000 nanoseconds
