0 - 1: 32923
1 - 2: -33872
2 - 3: -36905
3 - 4: -35406
4 - 5: -35603
5 - 6: -35979
6 - 7: -38003
7 - 8: -33135
8 - 9: -38442
9 - 10: -37212
10 - 11: -31835
11 - 12: 13186
12 - 13: -33778
13 - 14: 31472
14 - 15: -39317
15 - 16: 23462
16 - 17: 18916
17 - 18: 33725
18 - 19: 7197
19 - 20: 13519
20 - 21: -29635
21 - 22: -33212
22 - 23: -34680
23 - 24: 27238
24 - 25: -38971
25 - 26: 17946
26 - 27: -33216
27 - 28: -32909
28 - 29: 7333
29 - 30: 19856
30 - 31: -32510
31 - 32: -37646
32 - 33: 7763
33 - 34: -28930
34 - 35: -34819
35 - 36: 11449
36 - 37: -36574
37 - 38: -39085
38 - 39: 21781
39 - 40: -25357
40 - 41: 25551
41 - 42: 30922
42 - 43: 33900
43 - 44: -33945
44 - 45: -33911
45 - 46: -654
46 - 47: -28370
47 - 48: -37862
48 - 49: -35876
49 - 50: -38291
50 - 51: -37577
51 - 52: -34411
52 - 53: -24431
53 - 54: -33948
54 - 55: -36749
55 - 56: -21401
56 - 57: -33758
57 - 58: -33173
58 - 59: -39807
59 - 60: -37924
60 - 61: -1579
61 - 62: -35486
62 - 63: 19366
63 - 64: -36547
64 - 65: -15061
65 - 66: -38117
66 - 67: -36615
67 - 68: -25894
68 - 69: -30138
69 - 70: -35824
70 - 71: -28419
71 - 72: -36362
72 - 73: -36600
73 - 74: -25524
74 - 75: -37236
75 - 76: -37511
76 - 77: -36256
77 - 78: 137
78 - 79: -34241
79 - 80: -24083
80 - 81: -30723
81 - 82: -41974
82 - 83: -36567
83 - 84: -37094
84 - 85: -23866
85 - 86: -33188
86 - 87: -25587
87 - 88: -38171
88 - 89: -36662
89 - 90: -35483
90 - 91: -39005
91 - 92: -1138
92 - 93: -35965
93 - 94: -23237
94 - 95: -35664
95 - 96: -26377
96 - 97: -33522
97 - 98: -30771
98 - 99: -31945
99 - 100: -30114
100 - 101: -38379
101 - 102: -33866
102 - 103: -28712
103 - 104: -29976
104 - 105: -30368
105 - 106: 744
106 - 107: -32903
107 - 108: -32464
108 - 109: -29433
109 - 110: -30931
110 - 111: -29590
111 - 112: -32101
112 - 113: -30031
113 - 114: -28850
114 - 115: -23739
115 - 116: -29443
116 - 117: -30632
117 - 118: 45180
118 - 119: -29238
119 - 120: -30189
120 - 121: -36960
121 - 122: -32591
122 - 123: -35705
123 - 124: -34353
124 - 125: -27745
125 - 126: -29488
126 - 127: -30558
127 - 128: -35183
128 - 129: -32825
129 - 130: -24943
130 - 131: -38715
131 - 132: -26130
132 - 133: -37629
133 - 134: -28412
134 - 135: -33958
135 - 136: 22350
136 - 137: -32177
137 - 138: -20237
138 - 139: -37518
139 - 140: -30415
140 - 141: -35739
141 - 142: -34704
142 - 143: -30182
143 - 144: -31862
144 - 145: -35759
145 - 146: -30841
146 - 147: -34718
147 - 148: -32339
148 - 149: 9765
149 - 150: -30471
150 - 151: -25624
151 - 152: -28440
152 - 153: -30260
153 - 154: -34084
154 - 155: -27900
155 - 156: -37811
156 - 157: -36597
157 - 158: -35782
158 - 159: -27357
159 - 160: -28782
160 - 161: -29944
161 - 162: -27684
162 - 163: -36056
163 - 164: -32761
164 - 165: -33854
165 - 166: -35216
166 - 167: -30532
167 - 168: 15956
168 - 169: -32519
169 - 170: -27244
170 - 171: -30218
171 - 172: -38490
172 - 173: -27120
173 - 174: -31148
174 - 175: -32145
175 - 176: -30161
176 - 177: -30411
177 - 178: -31375
178 - 179: -35917
179 - 180: -30071
180 - 181: -36440
181 - 182: -31650
182 - 183: -34558
183 - 184: -31955
184 - 185: -32842
185 - 186: -30930
186 - 187: -31142
187 - 188: -36648
188 - 189: -28953
189 - 190: -30897
190 - 191: -28360
191 - 192: 5637
192 - 193: -33017
193 - 194: -36762
194 - 195: -25549
195 - 196: -8864
196 - 197: -34794
197 - 198: -23474
198 - 199: -32328
199 - 200: -31990
200 - 201: -29353
201 - 202: -36141
202 - 203: -33931
203 - 204: -34620
204 - 205: -35086
205 - 206: -30572
206 - 207: 164
207 - 208: -34772
208 - 209: -29594
209 - 210: -4088
210 - 211: -28495
211 - 212: -11339
212 - 213: -20216
213 - 214: -24263
214 - 215: -34409
215 - 216: 20546
216 - 217: -36971
217 - 218: -35820
218 - 219: -16576
219 - 220: -36910
220 - 221: -34977
221 - 222: -22314
222 - 223: -35491
223 - 224: -36639
224 - 225: -28170
225 - 226: -33301
226 - 227: -34305
227 - 228: 24640
228 - 229: -35507
229 - 230: -36686
230 - 231: -33600
231 - 232: -32476
232 - 233: -36488
233 - 234: -23824
234 - 235: 22682
235 - 236: -16502
236 - 237: -36479
237 - 238: -27122
238 - 239: -25091
239 - 240: 13114
240 - 241: 9220
241 - 242: -34592
242 - 243: -34704
243 - 244: -31596
244 - 245: -6595
245 - 246: -7987
246 - 247: -9350
247 - 248: -7402
248 - 249: -7330
249 - 250: -7506
250 - 251: -7942
251 - 252: -6994
252 - 253: -9643
253 - 254: -8250
254 - 255: -7990
255 - 256: -7402
256 - 257: -8704
257 - 258: -8341
258 - 259: -35832
259 - 260: 16436
260 - 261: -26496
261 - 262: 31541
262 - 263: -37047
263 - 264: 8384
264 - 265: -36864
265 - 266: -35536
266 - 267: 12155
267 - 268: -32571
268 - 269: -33732
269 - 270: -35561
270 - 271: -31686
271 - 272: -25035
272 - 273: -36221
273 - 274: -12555
274 - 275: -36400
275 - 276: -38019
276 - 277: 22845
277 - 278: -35200
278 - 279: -41097
279 - 280: -28427
280 - 281: -30521
281 - 282: -31385
282 - 283: -29955
283 - 284: -37817
284 - 285: -29449
285 - 286: -34827
286 - 287: -31464
287 - 288: -38377
288 - 289: -29922
289 - 290: -29871
290 - 291: -24828
291 - 292: -33654
292 - 293: -20142
293 - 294: -29737
294 - 295: -32330
295 - 296: -29895
296 - 297: -38203
297 - 298: -39935
298 - 299: -18460
299 - 300: -34434
300 - 301: -35455
301 - 302: 45178
302 - 303: -25912
303 - 304: -31674
304 - 305: -32771
305 - 306: -27515
306 - 307: -35341
307 - 308: -36674
308 - 309: -35773
309 - 310: -35580
310 - 311: -34431
311 - 312: 0
312 - 313: -4488
313 - 314: -1338
314 - 315: -5048
315 - 316: 3954
316 - 317: 3429
317 - 318: 818
318 - 319: -2905
319 - 320: -1420
320 - 321: 3139
321 - 322: 894
322 - 323: -5911
323 - 324: 1419
324 - 325: -3177
325 - 326: -3615
326 - 327: 12630
327 - 328: 3322
328 - 329: -727
329 - 330: 3523
330 - 331: 492
331 - 332: -4009
332 - 333: -3971
333 - 334: -7224
334 - 335: -1758
335 - 336: -5588
336 - 337: -5363
337 - 338: -2962
338 - 339: -3631
339 - 340: 6094
340 - 341: 34457
341 - 342: -2710
342 - 343: 2717
343 - 344: -3167
344 - 345: 8098
345 - 346: -2835
346 - 347: -2868
347 - 348: -1473
348 - 349: -7185
349 - 350: -1382
350 - 351: 1563
351 - 352: 36532
352 - 353: -6304
353 - 354: 54258
354 - 355: -2672
355 - 356: 8413
356 - 357: -1618
357 - 358: 104
358 - 359: -1320
359 - 360: 109
360 - 361: -3375
361 - 362: -4153
362 - 363: -5305
363 - 364: -6657
364 - 365: 2372
365 - 366: -4029
366 - 367: -3689
367 - 368: -5933
368 - 369: 3748
369 - 370: -5968
370 - 371: -2894
371 - 372: -1275
372 - 373: 6376
373 - 374: 12060
374 - 375: -3017
375 - 376: -2941
376 - 377: -6520
377 - 378: 2847
378 - 379: -306
379 - 380: -89
380 - 381: -4323
381 - 382: -4013
382 - 383: -3709
383 - 384: -170
384 - 385: -3377
385 - 386: 4082
386 - 387: -1054
387 - 388: -716
388 - 389: 57
389 - 390: 5135
390 - 391: 5605
391 - 392: -600
392 - 393: -1564
393 - 394: 12282
394 - 395: -3328
395 - 396: -2592
396 - 397: 6764
397 - 398: 1275
398 - 399: -3957
399 - 400: -2058
400 - 401: -267
401 - 402: -4088
402 - 403: -1137
403 - 404: 3338
404 - 405: 4406
405 - 406: 43397
406 - 407: -5591
407 - 408: -7007
408 - 409: 40456
409 - 410: 2300
410 - 411: -110
411 - 412: -5538
412 - 413: -4225
413 - 414: -6135
414 - 415: -5134
415 - 416: 68597
416 - 417: -4284
417 - 418: 7102
418 - 419: -6233
419 - 420: 5203
420 - 421: 2446
421 - 422: 27429
422 - 423: 7317
423 - 424: 395
424 - 425: 5739
425 - 426: 2105
426 - 427: 62672
427 - 428: -2333
428 - 429: 9280
429 - 430: 58140
430 - 431: -2340
431 - 432: 4012
432 - 433: 60328
433 - 434: -4387
434 - 435: 278
435 - 436: -4200
436 - 437: -3124
437 - 438: -3232
438 - 439: -2849
439 - 440: 16433
440 - 441: 37182
441 - 442: -2052
442 - 443: 42523
443 - 444: -4330
444 - 445: -6472
445 - 446: -4537
446 - 447: -5220
447 - 448: -7395
448 - 449: -2079
449 - 450: 11879
450 - 451: -4240
451 - 452: -3577
452 - 453: 27102
453 - 454: -3482
454 - 455: -3206
455 - 456: 35394
456 - 457: -4147
457 - 458: 11714
458 - 459: -3436
459 - 460: -4227
460 - 461: 9929
461 - 462: -2830
462 - 463: -3480
463 - 464: 852
464 - 465: -4049
465 - 466: 5595
466 - 467: -5366
467 - 468: 4504
468 - 469: -4757
469 - 470: 20105
470 - 471: 25567
471 - 472: -1472
472 - 473: 1044
473 - 474: -1971
474 - 475: 10822
475 - 476: 42768
476 - 477: -4714
477 - 478: -3715
478 - 479: -996
479 - 480: -5288
480 - 481: -4090
481 - 482: -2391
482 - 483: 12134
483 - 484: -2383
484 - 485: 17369
485 - 486: 2791
486 - 487: 286
487 - 488: -2535
488 - 489: 3663
489 - 490: 15481
490 - 491: -3316
491 - 492: -3403
492 - 493: 4909
493 - 494: -1025
494 - 495: 4356
495 - 496: -3211
496 - 497: -2809
497 - 498: 4980
498 - 499: 33474
499 - 500: -1649
500 - 501: -1554
501 - 502: -6474
502 - 503: -5925
503 - 504: 16413
504 - 505: 14341
505 - 506: 10947
506 - 507: -7295
507 - 508: 8941
508 - 509: -4998
509 - 510: 2613
510 - 511: -4294
511 - 512: -936
512 - 513: 57894
513 - 514: 796
514 - 515: -2978
515 - 516: -999
516 - 517: -4283
517 - 518: -926
518 - 519: -2882
519 - 520: -2406
520 - 521: -5082
521 - 522: -2538
522 - 523: -5426
523 - 524: -6823
524 - 525: 4384
525 - 526: -5148
526 - 527: 7630
527 - 528: -2528
528 - 529: -916
529 - 530: -1545
530 - 531: -2576
531 - 532: -3246
532 - 533: -1442
533 - 534: -1282
534 - 535: -325
535 - 536: 6225
536 - 537: 97
537 - 538: -2853
538 - 539: -3810
539 - 540: -2601
540 - 541: -1763
541 - 542: -3960
542 - 543: -3235
543 - 544: -1800
544 - 545: -3362
545 - 546: -3489
546 - 547: -3028
547 - 548: -1996
548 - 549: -775
549 - 550: -3570
550 - 551: -1423
551 - 552: -2021
552 - 553: -1966
553 - 554: 7215
554 - 555: 2045
555 - 556: 4230
556 - 557: 3245
557 - 558: -2375
558 - 559: 34003
559 - 560: 9290
560 - 561: 9397
561 - 562: 8410
562 - 563: 9105
563 - 564: 3149
564 - 565: -3057
565 - 566: -3759
566 - 567: -5069
567 - 568: -3682
568 - 569: -648
569 - 570: 15448
570 - 571: 2126
571 - 572: 3225
572 - 573: 12702
573 - 574: -3209
574 - 575: -596
575 - 576: -1730
576 - 577: -611
577 - 578: -2124
578 - 579: -5473
579 - 580: -5171
580 - 581: 61713
581 - 582: 66710
582 - 583: -3025
583 - 584: 3935
584 - 585: -6119
585 - 586: 33000
586 - 587: -220
587 - 588: 6069
588 - 589: -4950
589 - 590: -7299
590 - 591: -7236
591 - 592: -5810
592 - 593: -4198
593 - 594: -6000
594 - 595: -5573
595 - 596: -5508
596 - 597: -3034
597 - 598: -4594
598 - 599: 460
599 - 600: -1776
600 - 601: -455
601 - 602: 998
602 - 603: -3471
603 - 604: -5371
604 - 605: 52550
605 - 606: 13196
606 - 607: 43069
607 - 608: -8940
608 - 609: -4303
609 - 610: -1597
610 - 611: 66456
611 - 612: -4469
612 - 613: -2561
613 - 614: -3479
614 - 615: -3751
615 - 616: 4045
616 - 617: -1488
617 - 618: 9217
618 - 619: -920
619 - 620: 2366
620 - 621: -3876
621 - 622: 972
622 - 623: 58186
623 - 624: 0
624 - 625: 1832
625 - 626: -684
626 - 627: 6775
627 - 628: 9375
628 - 629: 15789
629 - 630: 990
630 - 631: 2966
631 - 632: 6787
632 - 633: 330
633 - 634: 533
634 - 635: 10936
635 - 636: 70151
636 - 637: 2428
637 - 638: 2628
638 - 639: -5018
639 - 640: 68450
640 - 641: -4067
641 - 642: 18988
642 - 643: -741
643 - 644: 1763
644 - 645: 11568
645 - 646: 14587
646 - 647: 2085
647 - 648: 431
648 - 649: -956
649 - 650: -966
650 - 651: 6727
651 - 652: 14402
652 - 653: 13931
653 - 654: 1427
654 - 655: 828
655 - 656: 484
656 - 657: -2124
657 - 658: 2994
658 - 659: 587
659 - 660: 2414
660 - 661: 8987
661 - 662: 845
662 - 663: 67921
663 - 664: 12777
664 - 665: -774
665 - 666: 1985
666 - 667: 9405
667 - 668: 366
668 - 669: -235
669 - 670: 4130
670 - 671: 1028
671 - 672: 1528
672 - 673: 7870
673 - 674: 362
674 - 675: -865
675 - 676: 2151
676 - 677: 331
677 - 678: 1069
678 - 679: 9231
679 - 680: 278
680 - 681: 3277
681 - 682: 267
682 - 683: -209
683 - 684: -109
684 - 685: 2523
685 - 686: 8517
686 - 687: 13166
687 - 688: 5135
688 - 689: 9484
689 - 690: 5740
690 - 691: 9133
691 - 692: 3116
692 - 693: 113
693 - 694: 2457
694 - 695: 10626
695 - 696: 462
696 - 697: 44445
697 - 698: 1245
698 - 699: 4103
699 - 700: 10
700 - 701: 15459
701 - 702: 1017
702 - 703: 10883
703 - 704: -331
704 - 705: 6734
705 - 706: 1168
706 - 707: 2923
707 - 708: 14618
708 - 709: 1145
709 - 710: 1287
710 - 711: 18554
711 - 712: 19380
712 - 713: -982
713 - 714: 35374
714 - 715: 21245
715 - 716: 5796
716 - 717: 62556
717 - 718: 6284
718 - 719: 7994
719 - 720: 284
720 - 721: -982
721 - 722: 2941
722 - 723: 5830
723 - 724: 6100
724 - 725: 3147
725 - 726: 1520
726 - 727: 5476
727 - 728: 665
728 - 729: 2582
729 - 730: 1834
730 - 731: 948
731 - 732: 2958
732 - 733: 21050
733 - 734: 6929
734 - 735: 1169
735 - 736: 3617
736 - 737: 3126
737 - 738: 123
738 - 739: -79
739 - 740: 15978
740 - 741: 11505
741 - 742: 166
742 - 743: 6374
743 - 744: 1957
744 - 745: 3827
745 - 746: 18133
746 - 747: -631
747 - 748: 6320
748 - 749: 1035
749 - 750: 5916
750 - 751: 9680
751 - 752: 3117
752 - 753: 4638
753 - 754: 2182
754 - 755: 2388
755 - 756: 993
756 - 757: 6675
757 - 758: 10592
758 - 759: -745
759 - 760: 9556
760 - 761: 11310
761 - 762: -163
762 - 763: 343
763 - 764: 992
764 - 765: -2078
765 - 766: -1412
766 - 767: 3605
767 - 768: 27448
768 - 769: 7122
769 - 770: 619
770 - 771: 4089
771 - 772: -1736
772 - 773: 975
773 - 774: -640
774 - 775: -965
775 - 776: -2115
776 - 777: 1842
777 - 778: 972
778 - 779: 419
779 - 780: 1004
780 - 781: -1837
781 - 782: 53144
782 - 783: -492
783 - 784: 301
784 - 785: 11441
785 - 786: 2697
786 - 787: 70148
787 - 788: 4481
788 - 789: 3860
789 - 790: 1968
790 - 791: 12281
791 - 792: 5452
792 - 793: 3167
793 - 794: 2742
794 - 795: 3653
795 - 796: 27506
796 - 797: 890
797 - 798: 132
798 - 799: 4177
799 - 800: -1209
800 - 801: -1064
801 - 802: 7164
802 - 803: 17153
803 - 804: 9674
804 - 805: 9514
805 - 806: 12835
806 - 807: 68347
807 - 808: -943
808 - 809: -543
809 - 810: 1352
810 - 811: -52
811 - 812: 13652
812 - 813: -1370
813 - 814: 3025
814 - 815: 545
815 - 816: 11295
816 - 817: 3522
817 - 818: 2838
818 - 819: 7496
819 - 820: 9453
820 - 821: 5582
821 - 822: 781
822 - 823: 1847
823 - 824: 70618
824 - 825: 9418
825 - 826: 5520
826 - 827: 7046
827 - 828: 674
828 - 829: 52914
829 - 830: 18900
830 - 831: -177
831 - 832: 785
832 - 833: 3373
833 - 834: 9112
834 - 835: 3600
835 - 836: 517
836 - 837: 1481
837 - 838: 62242
838 - 839: -2285
839 - 840: 1311
840 - 841: 790
841 - 842: 7687
842 - 843: 3817
843 - 844: 30415
844 - 845: -113
845 - 846: 2938
846 - 847: -1425
847 - 848: -145
848 - 849: 33914
849 - 850: 39501
850 - 851: 2811
851 - 852: 536
852 - 853: -594
853 - 854: 162
854 - 855: 312
855 - 856: 7905
856 - 857: 2376
857 - 858: -66
858 - 859: -824
859 - 860: 16821
860 - 861: 2028
861 - 862: 906
862 - 863: -230
863 - 864: 37050
864 - 865: 14904
865 - 866: -334
866 - 867: -889
867 - 868: 29655
868 - 869: 2533
869 - 870: 6531
870 - 871: 2181
871 - 872: 4484
872 - 873: 8601
873 - 874: -1870
874 - 875: 1196
875 - 876: 3414
876 - 877: 7229
877 - 878: 9544
878 - 879: 5731
879 - 880: 64869
880 - 881: 15348
881 - 882: 6189
882 - 883: 12290
883 - 884: -472
884 - 885: 19945
885 - 886: 1343
886 - 887: 703
887 - 888: 21907
888 - 889: 313
889 - 890: -1799
890 - 891: 6672
891 - 892: -4394
892 - 893: 7490
893 - 894: 2643
894 - 895: 93
895 - 896: 9756
896 - 897: 16292
897 - 898: 14530
898 - 899: -199
899 - 900: -538
900 - 901: 918
901 - 902: -4916
902 - 903: 1932
903 - 904: 17442
904 - 905: 37174
905 - 906: 437
906 - 907: 9419
907 - 908: 436
908 - 909: 21948
909 - 910: 1897
910 - 911: 21319
911 - 912: 4423
912 - 913: 3640
913 - 914: -970
914 - 915: -782
915 - 916: 6435
916 - 917: 14120
917 - 918: 2061
918 - 919: -321
919 - 920: -17
920 - 921: 1981
921 - 922: -84
922 - 923: 444
923 - 924: 2980
924 - 925: 7936
925 - 926: 44965
926 - 927: -530
927 - 928: 10684
928 - 929: 64315
929 - 930: 67564
930 - 931: -142
931 - 932: 823
932 - 933: 56619
933 - 934: 23500
934 - 935: 47039
935 - 936: 0
936 - 937: -3
937 - 938: -782
938 - 939: 827
939 - 940: 3728
940 - 941: 8603
941 - 942: 13845
942 - 943: 7177
943 - 944: 2881
944 - 945: 5629
945 - 946: -326
946 - 947: 1172
947 - 948: 4012
948 - 949: 256
949 - 950: 293
950 - 951: 17507
951 - 952: 810
952 - 953: 11522
953 - 954: 9968
954 - 955: 42105
955 - 956: 1292
956 - 957: 605
957 - 958: -300
958 - 959: 319
959 - 960: 59070
960 - 961: 9272
961 - 962: 9815
962 - 963: 9099
963 - 964: 762
964 - 965: 3458
965 - 966: 43804
966 - 967: 205
967 - 968: 2138
968 - 969: -789
969 - 970: 5598
970 - 971: -1953
971 - 972: -2332
972 - 973: -2414
973 - 974: 373
974 - 975: -722
975 - 976: -929
976 - 977: 3784
977 - 978: 62284
978 - 979: 31891
979 - 980: 15243
980 - 981: 26357
981 - 982: -3752
982 - 983: -2190
983 - 984: 50862
984 - 985: 65155
985 - 986: 2062
986 - 987: 18036
987 - 988: -381
988 - 989: -1977
989 - 990: 26064
990 - 991: 10903
991 - 992: 2117
992 - 993: 3157
993 - 994: 5558
994 - 995: 68035
995 - 996: 57011
996 - 997: 16675
997 - 998: -975
998 - 999: 2541
999 - 1000: 8376
1000 - 1001: 2281
1001 - 1002: 4381
1002 - 1003: 9489
1003 - 1004: 725
1004 - 1005: 5228
1005 - 1006: -1372
1006 - 1007: 1757
1007 - 1008: 14192
1008 - 1009: -61
1009 - 1010: 3352
1010 - 1011: 13203
1011 - 1012: 15470
1012 - 1013: 3297
1013 - 1014: 6712
1014 - 1015: 31521
1015 - 1016: 57430
1016 - 1017: 5824
1017 - 1018: 16969
1018 - 1019: -243
1019 - 1020: 37470
1020 - 1021: 88
1021 - 1022: -671
1022 - 1023: 1077
1023 - 1024: 8064
1024 - 1025: -1601
1025 - 1026: 8721
1026 - 1027: 12837
1027 - 1028: 11378
1028 - 1029: 2814
1029 - 1030: 13822
1030 - 1031: -4648
1031 - 1032: 575
1032 - 1033: 1710
1033 - 1034: 2984
1034 - 1035: -1782
1035 - 1036: 3789
1036 - 1037: 3384
1037 - 1038: 10737
1038 - 1039: 2621
1039 - 1040: 38021
1040 - 1041: 1488
1041 - 1042: 16688
1042 - 1043: 14835
1043 - 1044: 18687
1044 - 1045: 745
1045 - 1046: -959
1046 - 1047: -344
1047 - 1048: 44718
1048 - 1049: 5569
1049 - 1050: 13009
1050 - 1051: -145
1051 - 1052: 45501
1052 - 1053: -2353
1053 - 1054: 1156
1054 - 1055: 15345
1055 - 1056: -716
1056 - 1057: -4041
1057 - 1058: -3302
1058 - 1059: -130
1059 - 1060: 6087
1060 - 1061: -2581
1061 - 1062: -760
1062 - 1063: 865
1063 - 1064: -1834
1064 - 1065: -697
1065 - 1066: -94
1066 - 1067: -198
1067 - 1068: 668
1068 - 1069: 302
1069 - 1070: -1838
1070 - 1071: -2517
1071 - 1072: 2684
1072 - 1073: 5205
1073 - 1074: 9159
1074 - 1075: -1750
1075 - 1076: -3041
1076 - 1077: -288
1077 - 1078: 1324
1078 - 1079: -1032
1079 - 1080: 7247
1080 - 1081: -1752
1081 - 1082: 478
1082 - 1083: -910
1083 - 1084: -2904
1084 - 1085: -3762
1085 - 1086: -1861
1086 - 1087: -2789
1087 - 1088: -1845
1088 - 1089: -1326
1089 - 1090: -2170
1090 - 1091: -396
1091 - 1092: -1996
1092 - 1093: -669
1093 - 1094: 5773
1094 - 1095: 6531
1095 - 1096: 18903
1096 - 1097: 263
1097 - 1098: -518
1098 - 1099: -12
1099 - 1100: -1089
1100 - 1101: 9654
1101 - 1102: 65185
1102 - 1103: 5153
1103 - 1104: 694
1104 - 1105: 44961
1105 - 1106: 12852
1106 - 1107: -2061
1107 - 1108: 5746
1108 - 1109: -538
1109 - 1110: 19962
1110 - 1111: 6395
1111 - 1112: 1726
1112 - 1113: -380
1113 - 1114: 1866
1114 - 1115: 10766
1115 - 1116: 13801
1116 - 1117: 2102
1117 - 1118: 7879
1118 - 1119: 9637
1119 - 1120: 43856
1120 - 1121: 1701
1121 - 1122: 9984
1122 - 1123: 807
1123 - 1124: 10589
1124 - 1125: 70047
1125 - 1126: 15871
1126 - 1127: 9602
1127 - 1128: 1275
1128 - 1129: 13959
1129 - 1130: 1525
1130 - 1131: 4586
1131 - 1132: 6534
1132 - 1133: 6270
1133 - 1134: 6386
1134 - 1135: 7466
1135 - 1136: 7487
1136 - 1137: 6981
1137 - 1138: -532
1138 - 1139: 3558
1139 - 1140: -855
1140 - 1141: 1959
1141 - 1142: 4892
1142 - 1143: 11696
1143 - 1144: -4903
1144 - 1145: -4648
1145 - 1146: 11242
1146 - 1147: 13473
1147 - 1148: 13015
1148 - 1149: 4498
1149 - 1150: 14811
1150 - 1151: 11198
1151 - 1152: 241
1152 - 1153: -675
1153 - 1154: 3679
1154 - 1155: -750
1155 - 1156: 33621
1156 - 1157: -823
1157 - 1158: 223
1158 - 1159: -248
1159 - 1160: 44028
1160 - 1161: 215
1161 - 1162: -1516
1162 - 1163: 4629
1163 - 1164: 10748
1164 - 1165: -158
1165 - 1166: 3021
1166 - 1167: -1833
1167 - 1168: 10826
1168 - 1169: 15594
1169 - 1170: 9364
1170 - 1171: 40259
1171 - 1172: -1953
1172 - 1173: -4433
1173 - 1174: 1951
1174 - 1175: 2479
1175 - 1176: 3567
1176 - 1177: 11169
1177 - 1178: 6661
1178 - 1179: 1531
1179 - 1180: 46071
1180 - 1181: 5136
1181 - 1182: -91
1182 - 1183: 470
1183 - 1184: 5897
1184 - 1185: 2695
1185 - 1186: 5978
1186 - 1187: 5894
1187 - 1188: 1551
1188 - 1189: 9163
1189 - 1190: 72022
1190 - 1191: 3321
1191 - 1192: 9225
1192 - 1193: 13874
1193 - 1194: 15399
1194 - 1195: 582
1195 - 1196: 2250
1196 - 1197: 9158
1197 - 1198: -1162
1198 - 1199: 4176
1199 - 1200: 1360
1200 - 1201: 287
1201 - 1202: 44063
1202 - 1203: 56855
1203 - 1204: 3568
1204 - 1205: -1251
1205 - 1206: -166
1206 - 1207: 163
1207 - 1208: 8904
1208 - 1209: 4307
1209 - 1210: 2669
1210 - 1211: -599
1211 - 1212: 1246
1212 - 1213: 44144
1213 - 1214: 1135
1214 - 1215: -7894
1215 - 1216: 5903
1216 - 1217: 4477
1217 - 1218: -1980
1218 - 1219: 2680
1219 - 1220: -2731
1220 - 1221: 3607
1221 - 1222: 456
1222 - 1223: 17092
1223 - 1224: 33736
1224 - 1225: 9243
1225 - 1226: 69676
1226 - 1227: -1761
1227 - 1228: 10878
1228 - 1229: 5099
1229 - 1230: 37117
1230 - 1231: 11072
1231 - 1232: 4384
1232 - 1233: 12992
1233 - 1234: 12087
1234 - 1235: 9990
1235 - 1236: 4546
1236 - 1237: 1420
1237 - 1238: -390
1238 - 1239: 2755
1239 - 1240: 39381
1240 - 1241: 2322
1241 - 1242: 39447
1242 - 1243: 2785
1243 - 1244: 11669
1244 - 1245: 12501
1245 - 1246: 132
1246 - 1247: 14336
1247 - 1248: 0
1248 - 1249: 6438
1249 - 1250: -7
1250 - 1251: -795
1251 - 1252: 3229
1252 - 1253: -2394
1253 - 1254: -445
1254 - 1255: 5770
1255 - 1256: 3193
1256 - 1257: -217
1257 - 1258: 8517
1258 - 1259: 2593
1259 - 1260: 475
1260 - 1261: 68877
1261 - 1262: 3925
1262 - 1263: -1888
1263 - 1264: -222
1264 - 1265: 13987
1265 - 1266: 22
1266 - 1267: 3125
1267 - 1268: 1093
1268 - 1269: 32839
1269 - 1270: -1393
1270 - 1271: -673
1271 - 1272: -2121
1272 - 1273: -2440
1273 - 1274: -4630
1274 - 1275: 2035
1275 - 1276: 3200
1276 - 1277: 6467
1277 - 1278: -429
1278 - 1279: 4619
1279 - 1280: -1977
1280 - 1281: -3349
1281 - 1282: 4128
1282 - 1283: 13445
1283 - 1284: -5675
1284 - 1285: 9094
1285 - 1286: 5339
1286 - 1287: -4949
1287 - 1288: 14789
1288 - 1289: -8106
1289 - 1290: 60670
1290 - 1291: 4923
1291 - 1292: -35
1292 - 1293: -4139
1293 - 1294: 5013
1294 - 1295: 1227
1295 - 1296: 1355
1296 - 1297: 9904
1297 - 1298: -570
1298 - 1299: 2152
1299 - 1300: 48770
1300 - 1301: 11528
1301 - 1302: 1028
1302 - 1303: -2528
1303 - 1304: -1776
1304 - 1305: -2294
1305 - 1306: 329
1306 - 1307: 629
1307 - 1308: 3877
1308 - 1309: 64
1309 - 1310: 3237
1310 - 1311: 63373
1311 - 1312: 2649
1312 - 1313: 7809
1313 - 1314: -796
1314 - 1315: -3500
1315 - 1316: -2283
1316 - 1317: -706
1317 - 1318: 150
1318 - 1319: 7068
1319 - 1320: 5936
1320 - 1321: 1079
1321 - 1322: 23535
1322 - 1323: 2400
1323 - 1324: -749
1324 - 1325: -1918
1325 - 1326: -608
1326 - 1327: 67839
1327 - 1328: 4734
1328 - 1329: 96
1329 - 1330: 326
1330 - 1331: 908
1331 - 1332: 5283
1332 - 1333: 2871
1333 - 1334: -1621
1334 - 1335: 87
1335 - 1336: 462
1336 - 1337: 1921
1337 - 1338: 3965
1338 - 1339: -2852
1339 - 1340: 1264
1340 - 1341: 1377
1341 - 1342: 935
1342 - 1343: -3109
1343 - 1344: -1337
1344 - 1345: 21487
1345 - 1346: 783
1346 - 1347: 5696
1347 - 1348: 18603
1348 - 1349: -1539
1349 - 1350: -5045
1350 - 1351: 5271
1351 - 1352: -406
1352 - 1353: 860
1353 - 1354: 2488
1354 - 1355: -993
1355 - 1356: 0
1356 - 1357: 1613
1357 - 1358: 13213
1358 - 1359: -2424
1359 - 1360: 66045
1360 - 1361: 9366
1361 - 1362: -1691
1362 - 1363: -161
1363 - 1364: 722
1364 - 1365: 6568
1365 - 1366: 17873
1366 - 1367: -425
1367 - 1368: 6816
1368 - 1369: -7415
1369 - 1370: -2722
1370 - 1371: -2785
1371 - 1372: 61590
1372 - 1373: -4173
1373 - 1374: -934
1374 - 1375: 14703
1375 - 1376: 4713
1376 - 1377: 5538
1377 - 1378: 1286
1378 - 1379: -2246
1379 - 1380: -1443
1380 - 1381: -3331
1381 - 1382: 1840
1382 - 1383: 8356
1383 - 1384: 46932
1384 - 1385: -1467
1385 - 1386: 8401
1386 - 1387: -2410
1387 - 1388: -2221
1388 - 1389: -3162
1389 - 1390: -541
1390 - 1391: -526
1391 - 1392: 25272
1392 - 1393: -1782
1393 - 1394: 66545
1394 - 1395: -836
1395 - 1396: 3001
1396 - 1397: 4817
1397 - 1398: -1850
1398 - 1399: -1964
1399 - 1400: -559
1400 - 1401: 83053
1401 - 1402: -2535
1402 - 1403: 8393
1403 - 1404: -2473
1404 - 1405: 2947
1405 - 1406: 4045
1406 - 1407: -2306
1407 - 1408: 12807
1408 - 1409: 4878
1409 - 1410: -1308
1410 - 1411: 10355
1411 - 1412: 8038
1412 - 1413: 460
1413 - 1414: 29551
1414 - 1415: 5527
1415 - 1416: 11211
1416 - 1417: 52300
1417 - 1418: -2027
1418 - 1419: -3308
1419 - 1420: 8367
1420 - 1421: 3980
1421 - 1422: 8055
1422 - 1423: 4004
1423 - 1424: 7562
1424 - 1425: -1915
1425 - 1426: -758
1426 - 1427: 41693
1427 - 1428: 2579
1428 - 1429: 2028
1429 - 1430: 10118
1430 - 1431: 11500
1431 - 1432: 4189
1432 - 1433: 9113
1433 - 1434: 3156
1434 - 1435: 48781
1435 - 1436: 4070
1436 - 1437: -1093
1437 - 1438: 7595
1438 - 1439: 44782
1439 - 1440: 1677
1440 - 1441: 3723
1441 - 1442: 6359
1442 - 1443: 8331
1443 - 1444: 3850
1444 - 1445: -599
1445 - 1446: 10758
1446 - 1447: 4272
1447 - 1448: 14571
1448 - 1449: 9735
1449 - 1450: -4198
1450 - 1451: -1029
1451 - 1452: 15408
1452 - 1453: 28476
1453 - 1454: 17561
1454 - 1455: -2317
1455 - 1456: 2208
1456 - 1457: 67077
1457 - 1458: 562
1458 - 1459: -2424
1459 - 1460: -1103
1460 - 1461: 3007
1461 - 1462: 5844
1462 - 1463: 16408
1463 - 1464: -712
1464 - 1465: 10544
1465 - 1466: -1641
1466 - 1467: 19176
1467 - 1468: 328
1468 - 1469: -352
1469 - 1470: 429
1470 - 1471: 2019
1471 - 1472: 5709
1472 - 1473: 15495
1473 - 1474: 9377
1474 - 1475: -1205
1475 - 1476: 9099
1476 - 1477: 12926
1477 - 1478: 14339
1478 - 1479: -764
1479 - 1480: 133
1480 - 1481: 2526
1481 - 1482: 5204
1482 - 1483: 4434
1483 - 1484: 4198
1484 - 1485: 5964
1485 - 1486: -65
1486 - 1487: 2872
1487 - 1488: 60310
1488 - 1489: 11266
1489 - 1490: 7436
1490 - 1491: 19043
1491 - 1492: -2812
1492 - 1493: 7014
1493 - 1494: -227
1494 - 1495: -1903
1495 - 1496: 1187
1496 - 1497: 947
1497 - 1498: 613
1498 - 1499: 2530
1499 - 1500: 7601
1500 - 1501: 1821
1501 - 1502: 590
1502 - 1503: 5628
1503 - 1504: -309
1504 - 1505: -1803
1505 - 1506: -2982
1506 - 1507: -444
1507 - 1508: -527
1508 - 1509: 1275
1509 - 1510: 6134
1510 - 1511: -4296
1511 - 1512: 3154
1512 - 1513: -105
1513 - 1514: -1597
1514 - 1515: -2024
1515 - 1516: 6611
1516 - 1517: -470
1517 - 1518: 14877
1518 - 1519: -1517
1519 - 1520: -2295
1520 - 1521: 2371
1521 - 1522: 64790
1522 - 1523: 33605
1523 - 1524: 5400
1524 - 1525: 1130
1525 - 1526: 1829
1526 - 1527: -3472
1527 - 1528: 5852
1528 - 1529: 10305
1529 - 1530: -1330
1530 - 1531: -420
1531 - 1532: 671
1532 - 1533: 3848
1533 - 1534: 14695
1534 - 1535: 5920
1535 - 1536: 12813
1536 - 1537: 8625
1537 - 1538: -582
1538 - 1539: -727
1539 - 1540: -1458
1540 - 1541: 10431
1541 - 1542: 11103
1542 - 1543: -1271
1543 - 1544: 5139
1544 - 1545: 1826
1545 - 1546: 5290
1546 - 1547: 1820
1547 - 1548: 13103
1548 - 1549: 8531
1549 - 1550: 1228
1550 - 1551: 14837
1551 - 1552: -2200
1552 - 1553: 4078
1553 - 1554: -3120
1554 - 1555: 510
1555 - 1556: 1884
1556 - 1557: 12091
1557 - 1558: 2173
1558 - 1559: 37036
1559 - 1560: 0
1560 - 1561: -1683
1561 - 1562: -193
1562 - 1563: -304
1563 - 1564: 10506
1564 - 1565: 3170
1565 - 1566: 1207
1566 - 1567: 8832
1567 - 1568: -1086
1568 - 1569: 27849
1569 - 1570: 18461
1570 - 1571: 13262
1571 - 1572: 12083
1572 - 1573: 4168
1573 - 1574: -2602
1574 - 1575: 1517
1575 - 1576: 5416
1576 - 1577: 34333
1577 - 1578: -1002
1578 - 1579: -1386
1579 - 1580: 5208
1580 - 1581: 14975
1581 - 1582: 6011
1582 - 1583: -236
1583 - 1584: 7487
1584 - 1585: 656
1585 - 1586: 6850
1586 - 1587: -1946
1587 - 1588: -250
1588 - 1589: 15989
1589 - 1590: 2016
1590 - 1591: 4835
1591 - 1592: -1065
1592 - 1593: -2121
1593 - 1594: 5862
1594 - 1595: 6627
1595 - 1596: 2010
1596 - 1597: -760
1597 - 1598: 168
1598 - 1599: 2685
1599 - 1600: 1532
1600 - 1601: 5568
1601 - 1602: 892
1602 - 1603: -6043
1603 - 1604: 7529
1604 - 1605: -935
1605 - 1606: 6072
1606 - 1607: 17073
1607 - 1608: -1247
1608 - 1609: 18685
1609 - 1610: 62704
1610 - 1611: 20275
1611 - 1612: 16438
1612 - 1613: 14011
1613 - 1614: -544
1614 - 1615: -460
1615 - 1616: 2045
1616 - 1617: -3238
1617 - 1618: 20934
1618 - 1619: -480
1619 - 1620: 1584
1620 - 1621: 2686
1621 - 1622: -226
1622 - 1623: 38397
1623 - 1624: -492
1624 - 1625: 3222
1625 - 1626: 479
1626 - 1627: 53380
1627 - 1628: -247
1628 - 1629: 6492
1629 - 1630: -4238
1630 - 1631: -1306
1631 - 1632: 1210
1632 - 1633: 8861
1633 - 1634: 1197
1634 - 1635: 713
1635 - 1636: 1388
1636 - 1637: 10410
1637 - 1638: -612
1638 - 1639: 8458
1639 - 1640: 8368
1640 - 1641: 4371
1641 - 1642: 19583
1642 - 1643: 2012
1643 - 1644: 10569
1644 - 1645: 275
1645 - 1646: 16616
1646 - 1647: -1256
1647 - 1648: 1145
1648 - 1649: 903
1649 - 1650: 21434
1650 - 1651: 14812
1651 - 1652: 2549
1652 - 1653: 5731
1653 - 1654: -970
1654 - 1655: -2065
1655 - 1656: 1694
1656 - 1657: 10611
1657 - 1658: 23314
1658 - 1659: 42811
1659 - 1660: 3213
1660 - 1661: 53
1661 - 1662: 4953
1662 - 1663: 2461
1663 - 1664: 3727
1664 - 1665: 7435
1665 - 1666: -1056
1666 - 1667: -209
1667 - 1668: 1565
1668 - 1669: 4587
1669 - 1670: 7496
1670 - 1671: 5078
1671 - 1672: 6604
1672 - 1673: 5923
1673 - 1674: -306
1674 - 1675: 8351
1675 - 1676: 2902
1676 - 1677: 7276
1677 - 1678: 45750
1678 - 1679: -310
1679 - 1680: 2439
1680 - 1681: -1568
1681 - 1682: 2286
1682 - 1683: 4648
1683 - 1684: 2178
1684 - 1685: 2074
1685 - 1686: 562
1686 - 1687: 6895
1687 - 1688: 3661
1688 - 1689: 452
1689 - 1690: 9231
1690 - 1691: -1524
1691 - 1692: 7318
1692 - 1693: -1731
1693 - 1694: -419
1694 - 1695: 9528
1695 - 1696: 10028
1696 - 1697: 16773
1697 - 1698: 2906
1698 - 1699: 4549
1699 - 1700: -162
1700 - 1701: 3847
1701 - 1702: -206
1702 - 1703: -702
1703 - 1704: 25861
1704 - 1705: 6027
1705 - 1706: -2991
1706 - 1707: 16322
1707 - 1708: 7625
1708 - 1709: 2119
1709 - 1710: 1402
1710 - 1711: 6947
1711 - 1712: 1163
1712 - 1713: 684
1713 - 1714: -14
1714 - 1715: 17395
1715 - 1716: 2889
1716 - 1717: 9445
1717 - 1718: 8264
1718 - 1719: 5560
1719 - 1720: -667
1720 - 1721: -612
1721 - 1722: 12633
1722 - 1723: 550
1723 - 1724: 795
1724 - 1725: -2221
1725 - 1726: -135
1726 - 1727: -943
1727 - 1728: 6194
1728 - 1729: 801
1729 - 1730: 14864
1730 - 1731: 1941
1731 - 1732: 1248
1732 - 1733: 2175
1733 - 1734: 2736
1734 - 1735: 5671
1735 - 1736: 6269
1736 - 1737: 10546
1737 - 1738: 6193
1738 - 1739: -1045
1739 - 1740: 5026
1740 - 1741: 50151
1741 - 1742: 5256
1742 - 1743: 10500
1743 - 1744: 4103
1744 - 1745: 20289
1745 - 1746: 7850
1746 - 1747: -1037
1747 - 1748: 6669
1748 - 1749: 10271
1749 - 1750: 10221
1750 - 1751: 9462
1751 - 1752: 1828
1752 - 1753: 6476
1753 - 1754: 5327
1754 - 1755: 5329
1755 - 1756: 4066
1756 - 1757: -2214
1757 - 1758: -292
1758 - 1759: -2952
1759 - 1760: 2513
1760 - 1761: 11272
1761 - 1762: -624
1762 - 1763: 121
1763 - 1764: -688
1764 - 1765: 460
1765 - 1766: -1697
1766 - 1767: 6203
1767 - 1768: 699
1768 - 1769: 4907
1769 - 1770: 765
1770 - 1771: 11922
1771 - 1772: 2755
1772 - 1773: 20392
1773 - 1774: 1523
1774 - 1775: 175
1775 - 1776: 1195
1776 - 1777: -1987
1777 - 1778: 2422
1778 - 1779: 13788
1779 - 1780: 3992
1780 - 1781: 1084
1781 - 1782: -265
1782 - 1783: 48486
1783 - 1784: -187
1784 - 1785: 167
1785 - 1786: 3984
1786 - 1787: 23679
1787 - 1788: -2682
1788 - 1789: 59566
1789 - 1790: -2981
1790 - 1791: 45729
1791 - 1792: 6179
1792 - 1793: 12287
1793 - 1794: 8774
1794 - 1795: 9551
1795 - 1796: 9826
1796 - 1797: -1902
1797 - 1798: 39
1798 - 1799: -345
1799 - 1800: 802
1800 - 1801: 7418
1801 - 1802: -2099
1802 - 1803: -343
1803 - 1804: -1953
1804 - 1805: 195
1805 - 1806: 5910
1806 - 1807: 358
1807 - 1808: 11732
1808 - 1809: 4045
1809 - 1810: 10965
1810 - 1811: 38937
1811 - 1812: -729
1812 - 1813: -1202
1813 - 1814: -2306
1814 - 1815: 6485
1815 - 1816: 2
1816 - 1817: 47964
1817 - 1818: 25
1818 - 1819: 2868
1819 - 1820: 2998
1820 - 1821: 2591
1821 - 1822: -2199
1822 - 1823: -199
1823 - 1824: -2886
1824 - 1825: -1415
1825 - 1826: 7131
1826 - 1827: 1506
1827 - 1828: 880
1828 - 1829: 41783
1829 - 1830: 53086
1830 - 1831: 15768
1831 - 1832: -142
1832 - 1833: 416
1833 - 1834: 54518
1834 - 1835: 7474
1835 - 1836: 6029
1836 - 1837: 5525
1837 - 1838: 3132
1838 - 1839: 4153
1839 - 1840: 3975
1840 - 1841: 1796
1841 - 1842: 1925
1842 - 1843: 2349
1843 - 1844: 557
1844 - 1845: -6324
1845 - 1846: 2455
1846 - 1847: 4150
1847 - 1848: 9960
1848 - 1849: 1283
1849 - 1850: -172
1850 - 1851: 5416
1851 - 1852: 6199
1852 - 1853: -170
1853 - 1854: 2325
1854 - 1855: 1127
1855 - 1856: -524
1856 - 1857: 2540
1857 - 1858: -825
1858 - 1859: 7211
1859 - 1860: 17721
1860 - 1861: 12463
1861 - 1862: -1666
1862 - 1863: 15080
1863 - 1864: 7927
1864 - 1865: 3543
1865 - 1866: 7430
1866 - 1867: 2532
1867 - 1868: 51391
1868 - 1869: -882
1869 - 1870: -2961
1870 - 1871: 1288
1871 - 1872: 0
1872 - 1873: -3203
1873 - 1874: 40028
1874 - 1875: -4775
1875 - 1876: -4095
1876 - 1877: 125
1877 - 1878: -8067
1878 - 1879: -1330
1879 - 1880: -8575
1880 - 1881: 3724
1881 - 1882: -3483
1882 - 1883: 812
1883 - 1884: 29761
1884 - 1885: -1686
1885 - 1886: -7940
1886 - 1887: -7128
1887 - 1888: 24178
1888 - 1889: -877
1889 - 1890: 745
1890 - 1891: -4295
1891 - 1892: -2717
1892 - 1893: 21957
1893 - 1894: 9267
1894 - 1895: -332
1895 - 1896: -1170
1896 - 1897: -6343
1897 - 1898: 550
1898 - 1899: 39350
1899 - 1900: 5337
1900 - 1901: 7556
1901 - 1902: -3896
1902 - 1903: -5156
1903 - 1904: 1739
1904 - 1905: -1520
1905 - 1906: 312
1906 - 1907: -5641
1907 - 1908: -4758
1908 - 1909: 240
1909 - 1910: 3399
1910 - 1911: -8463
1911 - 1912: -7615
1912 - 1913: -5489
1913 - 1914: -644
1914 - 1915: -3740
1915 - 1916: -5909
1916 - 1917: -2092
1917 - 1918: 8932
1918 - 1919: 3520
1919 - 1920: 40417
1920 - 1921: 1716
1921 - 1922: -2778
1922 - 1923: 921
1923 - 1924: 4492
1924 - 1925: 5729
1925 - 1926: 56660
1926 - 1927: -2526
1927 - 1928: 7590
1928 - 1929: 3718
1929 - 1930: -4593
1930 - 1931: 7991
1931 - 1932: -2844
1932 - 1933: -4422
1933 - 1934: -4425
1934 - 1935: -6218
1935 - 1936: -9027
1936 - 1937: 3972
1937 - 1938: 3204
1938 - 1939: -1525
1939 - 1940: -3212
1940 - 1941: 2184
1941 - 1942: -5546
1942 - 1943: -5666
1943 - 1944: -1623
1944 - 1945: -2973
1945 - 1946: -2853
1946 - 1947: -4678
1947 - 1948: -5156
1948 - 1949: 2905
1949 - 1950: -5443
1950 - 1951: 1802
1951 - 1952: 839
1952 - 1953: 3807
1953 - 1954: -4475
1954 - 1955: 1193
1955 - 1956: 6463
1956 - 1957: -2861
1957 - 1958: -1880
1958 - 1959: 1615
1959 - 1960: 10347
1960 - 1961: -2818
1961 - 1962: -2074
1962 - 1963: 1031
1963 - 1964: -2881
1964 - 1965: -3874
1965 - 1966: 5316
1966 - 1967: -1500
1967 - 1968: -4263
1968 - 1969: -4615
1969 - 1970: -4270
1970 - 1971: -6313
1971 - 1972: -6805
1972 - 1973: -3461
1973 - 1974: -4584
1974 - 1975: -4795
1975 - 1976: 28081
1976 - 1977: -7371
1977 - 1978: 12359
1978 - 1979: -3308
1979 - 1980: -4955
1980 - 1981: -335
1981 - 1982: 10487
1982 - 1983: -7458
1983 - 1984: -10701
1984 - 1985: 16242
1985 - 1986: -3916
1986 - 1987: -5594
1987 - 1988: 15463
1988 - 1989: -7492
1989 - 1990: 4546
1990 - 1991: 9885
1991 - 1992: -7220
1992 - 1993: -6672
1993 - 1994: -3836
1994 - 1995: 620
1995 - 1996: 4171
1996 - 1997: -4438
1997 - 1998: 4838
1998 - 1999: 43693
1999 - 2000: -2568
2000 - 2001: -3187
2001 - 2002: -5196
2002 - 2003: -997
2003 - 2004: 5089
2004 - 2005: 13749
2005 - 2006: 13189
2006 - 2007: 12619
2007 - 2008: -6382
2008 - 2009: -4296
2009 - 2010: 7242
2010 - 2011: -4763
2011 - 2012: -6282
2012 - 2013: -1616
2013 - 2014: 2800
2014 - 2015: 10807
2015 - 2016: -3084
2016 - 2017: 666
2017 - 2018: -5414
2018 - 2019: 4813
2019 - 2020: 10319
2020 - 2021: 34983
2021 - 2022: -1118
2022 - 2023: -3492
2023 - 2024: -1389
2024 - 2025: 5822
2025 - 2026: 10837
2026 - 2027: -7750
2027 - 2028: 391
2028 - 2029: 4805
2029 - 2030: 60771
2030 - 2031: 4686
2031 - 2032: 8123
2032 - 2033: -2794
2033 - 2034: -3853
2034 - 2035: -4540
2035 - 2036: 37247
2036 - 2037: 10747
2037 - 2038: 10764
2038 - 2039: 7298
2039 - 2040: -4874
2040 - 2041: 4594
2041 - 2042: 10865
2042 - 2043: -5013
2043 - 2044: 4482
2044 - 2045: -6166
2045 - 2046: 63534
2046 - 2047: -4610
2047 - 2048: -3502
2048 - 2049: -6555
2049 - 2050: 3386
2050 - 2051: -1585
2051 - 2052: 1306
2052 - 2053: 7040
2053 - 2054: -4754
2054 - 2055: -3349
2055 - 2056: -5802
2056 - 2057: -8341
2057 - 2058: -7006
2058 - 2059: -2089
2059 - 2060: 12361
2060 - 2061: 56462
2061 - 2062: 48300
2062 - 2063: -4920
2063 - 2064: -2931
2064 - 2065: 3313
2065 - 2066: -4380
2066 - 2067: 970
2067 - 2068: -8020
2068 - 2069: -6834
2069 - 2070: -7198
2070 - 2071: 8290
2071 - 2072: -4306
2072 - 2073: -3590
2073 - 2074: -2977
2074 - 2075: -8059
2075 - 2076: 1208
2076 - 2077: -5054
2077 - 2078: -5383
2078 - 2079: -2736
2079 - 2080: -6760
2080 - 2081: 17003
2081 - 2082: -4520
2082 - 2083: -7524
2083 - 2084: -4282
2084 - 2085: -4901
2085 - 2086: -3561
2086 - 2087: -4335
2087 - 2088: -6050
2088 - 2089: -5407
2089 - 2090: 1533
2090 - 2091: -6716
2091 - 2092: 15068
2092 - 2093: 227
2093 - 2094: -3624
2094 - 2095: -7535
2095 - 2096: -5451
2096 - 2097: -6247
2097 - 2098: -3030
2098 - 2099: -7078
2099 - 2100: -4518
2100 - 2101: -3230
2101 - 2102: 42331
2102 - 2103: -3574
2103 - 2104: -5195
2104 - 2105: -7030
2105 - 2106: -1486
2106 - 2107: 64077
2107 - 2108: -7011
2108 - 2109: -4361
2109 - 2110: -6148
2110 - 2111: 27313
2111 - 2112: -5920
2112 - 2113: 1971
2113 - 2114: -7867
2114 - 2115: -5403
2115 - 2116: -6074
2116 - 2117: -5640
2117 - 2118: 39380
2118 - 2119: 4115
2119 - 2120: -6493
2120 - 2121: -8647
2121 - 2122: -6440
2122 - 2123: -3446
2123 - 2124: -3461
2124 - 2125: -7442
2125 - 2126: -4976
2126 - 2127: -1283
2127 - 2128: -3294
2128 - 2129: -3837
2129 - 2130: -2147
2130 - 2131: -5759
2131 - 2132: 946
2132 - 2133: -3528
2133 - 2134: -3809
2134 - 2135: 4446
2135 - 2136: 2636
2136 - 2137: -4772
2137 - 2138: -1941
2138 - 2139: 2948
2139 - 2140: 2173
2140 - 2141: -612
2141 - 2142: 488
2142 - 2143: 28551
2143 - 2144: -5109
2144 - 2145: 5792
2145 - 2146: 45316
2146 - 2147: -5835
2147 - 2148: -3621
2148 - 2149: -970
2149 - 2150: 4074
2150 - 2151: 2060
2151 - 2152: -4793
2152 - 2153: 2782
2153 - 2154: 2782
2154 - 2155: 702
2155 - 2156: -2064
2156 - 2157: -3008
2157 - 2158: -5262
2158 - 2159: -4585
2159 - 2160: 8216
2160 - 2161: 10084
2161 - 2162: 6691
2162 - 2163: -2555
2163 - 2164: -5905
2164 - 2165: 12263
2165 - 2166: 48383
2166 - 2167: 28633
2167 - 2168: 4964
2168 - 2169: 5710
2169 - 2170: -6357
2170 - 2171: -114
2171 - 2172: 23363
2172 - 2173: 41775
2173 - 2174: -3839
2174 - 2175: 1656
2175 - 2176: -3063
2176 - 2177: -1079
2177 - 2178: -4199
2178 - 2179: 3572
2179 - 2180: 320
2180 - 2181: 2349
2181 - 2182: -9682
2182 - 2183: -8018
2183 - 2184: 0
2184 - 2185: 52683
2185 - 2186: 2579
2186 - 2187: 2823
2187 - 2188: 52435
2188 - 2189: -508
2189 - 2190: -3035
2190 - 2191: 38451
2191 - 2192: -1562
2192 - 2193: -1203
2193 - 2194: -1468
2194 - 2195: -2683
2195 - 2196: -4874
2196 - 2197: 8246
2197 - 2198: -1160
2198 - 2199: 4411
2199 - 2200: 4076
2200 - 2201: 5961
2201 - 2202: 12269
2202 - 2203: -539
2203 - 2204: 385
2204 - 2205: -3264
2205 - 2206: -1832
2206 - 2207: 7080
2207 - 2208: -814
2208 - 2209: 14687
2209 - 2210: -4011
2210 - 2211: -904
2211 - 2212: -2008
2212 - 2213: -2061
2213 - 2214: -1742
2214 - 2215: 6436
2215 - 2216: 38795
2216 - 2217: -3153
2217 - 2218: -2563
2218 - 2219: 1265
2219 - 2220: -2734
2220 - 2221: -685
2221 - 2222: -723
2222 - 2223: -1766
2223 - 2224: 5761
2224 - 2225: 2460
2225 - 2226: 6736
2226 - 2227: 1250
2227 - 2228: 2646
2228 - 2229: 6386
2229 - 2230: -1486
2230 - 2231: 1173
2231 - 2232: -1938
2232 - 2233: 5139
2233 - 2234: 2551
2234 - 2235: 8269
2235 - 2236: 259
2236 - 2237: 4144
2237 - 2238: -221
2238 - 2239: -2146
2239 - 2240: -2852
2240 - 2241: 3728
2241 - 2242: 3409
2242 - 2243: -94
2243 - 2244: 2675
2244 - 2245: -2622
2245 - 2246: -2230
2246 - 2247: 1319
2247 - 2248: 983
2248 - 2249: -1552
2249 - 2250: -879
2250 - 2251: 5477
2251 - 2252: -2337
2252 - 2253: -1659
2253 - 2254: -725
2254 - 2255: -1952
2255 - 2256: 11531
2256 - 2257: -888
2257 - 2258: 2298
2258 - 2259: -2046
2259 - 2260: -5202
2260 - 2261: 1446
2261 - 2262: -7466
2262 - 2263: -1304
2263 - 2264: 3794
2264 - 2265: 10260
2265 - 2266: 2315
2266 - 2267: -3393
2267 - 2268: -3449
2268 - 2269: -5253
2269 - 2270: -6316
2270 - 2271: -3967
2271 - 2272: 9582
2272 - 2273: 1394
2273 - 2274: 15187
2274 - 2275: -336
2275 - 2276: -1904
2276 - 2277: -3717
2277 - 2278: -174
2278 - 2279: -2436
2279 - 2280: 3147
2280 - 2281: 6671
2281 - 2282: 2789
2282 - 2283: -1952
2283 - 2284: 50140
2284 - 2285: -5050
2285 - 2286: 14942
2286 - 2287: -2172
2287 - 2288: 40586
2288 - 2289: 26993
2289 - 2290: 5487
2290 - 2291: -3314
2291 - 2292: 9370
2292 - 2293: -3509
2293 - 2294: 458
2294 - 2295: 17664
2295 - 2296: -819
2296 - 2297: 62471
2297 - 2298: -3292
2298 - 2299: 7842
2299 - 2300: 707
2300 - 2301: -5048
2301 - 2302: 26925
2302 - 2303: -1111
2303 - 2304: 7028
2304 - 2305: 3451
2305 - 2306: 11936
2306 - 2307: -2918
2307 - 2308: 61002
2308 - 2309: 313
2309 - 2310: 309
2310 - 2311: 4998
2311 - 2312: 37806
2312 - 2313: 5010
2313 - 2314: 23734
2314 - 2315: -3911
2315 - 2316: -1919
2316 - 2317: 27050
2317 - 2318: -86
2318 - 2319: 4438
2319 - 2320: -134
2320 - 2321: 189
2321 - 2322: 36441
2322 - 2323: 8877
2323 - 2324: -2745
2324 - 2325: -2180
2325 - 2326: 5703
2326 - 2327: 13371
2327 - 2328: 3199
2328 - 2329: -768
2329 - 2330: -2881
2330 - 2331: 8291
2331 - 2332: -2727
2332 - 2333: 5949
2333 - 2334: -3254
2334 - 2335: 159
2335 - 2336: -4027
2336 - 2337: -4340
2337 - 2338: 2798
2338 - 2339: -1330
2339 - 2340: -1054
2340 - 2341: -1686
2341 - 2342: -1407
2342 - 2343: 18148
2343 - 2344: 14289
2344 - 2345: 3507
2345 - 2346: 2319
2346 - 2347: 47164
2347 - 2348: 13470
2348 - 2349: 752
2349 - 2350: -1858
2350 - 2351: 9528
2351 - 2352: -3956
2352 - 2353: -4445
2353 - 2354: -2362
2354 - 2355: -3002
2355 - 2356: -4204
2356 - 2357: -2905
2357 - 2358: 423
2358 - 2359: 8633
2359 - 2360: -2044
2360 - 2361: -2785
2361 - 2362: 3178
2362 - 2363: 4408
2363 - 2364: -2779
2364 - 2365: 7628
2365 - 2366: -4055
2366 - 2367: 267
2367 - 2368: -7226
2368 - 2369: 4251
2369 - 2370: 48919
2370 - 2371: 13394
2371 - 2372: -2488
2372 - 2373: 166
2373 - 2374: 9567
2374 - 2375: 4532
2375 - 2376: 602
2376 - 2377: -3755
2377 - 2378: 2282
2378 - 2379: -1027
2379 - 2380: -1764
2380 - 2381: -720
2381 - 2382: 12174
2382 - 2383: 4549
2383 - 2384: 12286
2384 - 2385: -2328
2385 - 2386: 6724
2386 - 2387: 3265
2387 - 2388: -108
2388 - 2389: 6367
2389 - 2390: 12672
2390 - 2391: 7494
2391 - 2392: -1011
2392 - 2393: -1235
2393 - 2394: 16653
2394 - 2395: 1655
2395 - 2396: 1049
2396 - 2397: 8319
2397 - 2398: -74
2398 - 2399: 13122
2399 - 2400: -754
2400 - 2401: -2442
2401 - 2402: 7299
2402 - 2403: -2243
2403 - 2404: 1305
2404 - 2405: 1096
2405 - 2406: 4663
2406 - 2407: 13600
2407 - 2408: 1707
2408 - 2409: 4921
2409 - 2410: 1463
2410 - 2411: -2727
2411 - 2412: 5501
2412 - 2413: 9530
2413 - 2414: 5918
2414 - 2415: -2312
2415 - 2416: -97
2416 - 2417: 10405
2417 - 2418: 2272
2418 - 2419: -2177
2419 - 2420: 4436
2420 - 2421: -1757
2421 - 2422: -1549
2422 - 2423: 5897
2423 - 2424: -2736
2424 - 2425: 3976
2425 - 2426: -5590
2426 - 2427: -1155
2427 - 2428: 21539
2428 - 2429: 5100
2429 - 2430: 3421
2430 - 2431: 7365
2431 - 2432: 2702
2432 - 2433: -1727
2433 - 2434: 2371
2434 - 2435: 5025
2435 - 2436: 1641
2436 - 2437: -2488
2437 - 2438: 3512
2438 - 2439: 4080
2439 - 2440: -1047
2440 - 2441: 8233
2441 - 2442: 1863
2442 - 2443: 638
2443 - 2444: -1532
2444 - 2445: -960
2445 - 2446: -2034
2446 - 2447: 12132
2447 - 2448: -1716
2448 - 2449: 67897
2449 - 2450: 45843
2450 - 2451: -1991
2451 - 2452: 16121
2452 - 2453: 1067
2453 - 2454: 2994
2454 - 2455: -1991
2455 - 2456: -508
2456 - 2457: -661
2457 - 2458: -2612
2458 - 2459: 12430
2459 - 2460: -813
2460 - 2461: -5234
2461 - 2462: 1701
2462 - 2463: 1948
2463 - 2464: 1524
2464 - 2465: 9228
2465 - 2466: -1988
2466 - 2467: 611
2467 - 2468: -2477
2468 - 2469: -2828
2469 - 2470: -2991
2470 - 2471: -1255
2471 - 2472: -631
2472 - 2473: 10422
2473 - 2474: -2439
2474 - 2475: -2230
2475 - 2476: 1186
2476 - 2477: -1494
2477 - 2478: -1739
2478 - 2479: -1293
2479 - 2480: 859
2480 - 2481: 37775
2481 - 2482: -2610
2482 - 2483: -999
2483 - 2484: -883
2484 - 2485: 2008
2485 - 2486: 15964
2486 - 2487: -965
2487 - 2488: -319
2488 - 2489: 15367
2489 - 2490: -1824
2490 - 2491: -1684
2491 - 2492: 3341
2492 - 2493: -1971
2493 - 2494: -2080
2494 - 2495: 16517
2495 - 2496: 0
2496 - 2497: -3622
2497 - 2498: -3051
2498 - 2499: -1750
2499 - 2500: -2354
2500 - 2501: -5412
2501 - 2502: -3266
2502 - 2503: -3548
2503 - 2504: -1253
2504 - 2505: 4879
2505 - 2506: 1401
2506 - 2507: 10331
2507 - 2508: 13525
2508 - 2509: 17440
2509 - 2510: 16471
2510 - 2511: 42233
2511 - 2512: 2901
2512 - 2513: 10776
2513 - 2514: 8124
2514 - 2515: 7218
2515 - 2516: -6203
2516 - 2517: -4054
2517 - 2518: -3503
2518 - 2519: -4139
2519 - 2520: -6624
2520 - 2521: 61115
2521 - 2522: -581
2522 - 2523: -2972
2523 - 2524: 2694
2524 - 2525: 7173
2525 - 2526: -2885
2526 - 2527: -3804
2527 - 2528: 742
2528 - 2529: -1542
2529 - 2530: -8123
2530 - 2531: 12445
2531 - 2532: -3489
2532 - 2533: 3941
2533 - 2534: -5058
2534 - 2535: -5043
2535 - 2536: -1545
2536 - 2537: 30538
2537 - 2538: 750
2538 - 2539: -1300
2539 - 2540: 1058
2540 - 2541: 3635
2541 - 2542: 7305
2542 - 2543: -2028
2543 - 2544: -5087
2544 - 2545: -6153
2545 - 2546: -4030
2546 - 2547: -2118
2547 - 2548: -897
2548 - 2549: 4386
2549 - 2550: -3777
2550 - 2551: -887
2551 - 2552: -4597
2552 - 2553: 5895
2553 - 2554: -596
2554 - 2555: 8434
2555 - 2556: -1758
2556 - 2557: -5192
2557 - 2558: 8123
2558 - 2559: 403
2559 - 2560: -2610
2560 - 2561: -7830
2561 - 2562: -566
2562 - 2563: -5862
2563 - 2564: 8128
2564 - 2565: -2838
2565 - 2566: 2579
2566 - 2567: -5008
2567 - 2568: 1886
2568 - 2569: -52
2569 - 2570: 5737
2570 - 2571: -4993
2571 - 2572: -4539
2572 - 2573: -3393
2573 - 2574: 6531
2574 - 2575: -3158
2575 - 2576: -1696
2576 - 2577: 6842
2577 - 2578: -4243
2578 - 2579: 30576
2579 - 2580: -5847
2580 - 2581: -4154
2581 - 2582: 1323
2582 - 2583: -5175
2583 - 2584: 3400
2584 - 2585: 14953
2585 - 2586: -4371
2586 - 2587: -7338
2587 - 2588: 1899
2588 - 2589: -3178
2589 - 2590: -3564
2590 - 2591: 3169
2591 - 2592: -1682
2592 - 2593: -5938
2593 - 2594: 35977
2594 - 2595: 6703
2595 - 2596: -3243
2596 - 2597: 224
2597 - 2598: 3847
2598 - 2599: -4037
2599 - 2600: -4342
2600 - 2601: -6554
2601 - 2602: 2174
2602 - 2603: 12016
2603 - 2604: -4720
2604 - 2605: 3593
2605 - 2606: -1234
2606 - 2607: -950
2607 - 2608: -460
2608 - 2609: -7258
2609 - 2610: -6080
2610 - 2611: -3611
2611 - 2612: -2698
2612 - 2613: -6086
2613 - 2614: -1544
2614 - 2615: -1304
2615 - 2616: -5478
2616 - 2617: -3477
2617 - 2618: 4407
2618 - 2619: 11728
2619 - 2620: 3908
2620 - 2621: 4342
2621 - 2622: 38204
2622 - 2623: -1742
2623 - 2624: -1667
2624 - 2625: -4345
2625 - 2626: -5780
2626 - 2627: -2805
2627 - 2628: -3708
2628 - 2629: -3137
2629 - 2630: -4411
2630 - 2631: -6681
2631 - 2632: 26
2632 - 2633: -2606
2633 - 2634: -745
2634 - 2635: -920
2635 - 2636: 3104
2636 - 2637: -3716
2637 - 2638: -5321
2638 - 2639: 48899
2639 - 2640: 46179
2640 - 2641: 1379
2641 - 2642: -1889
2642 - 2643: -4658
2643 - 2644: -1226
2644 - 2645: 1529
2645 - 2646: 35039
2646 - 2647: -8531
2647 - 2648: -4179
2648 - 2649: -4427
2649 - 2650: -4623
2650 - 2651: -1373
2651 - 2652: 1159
2652 - 2653: -7629
2653 - 2654: -3530
2654 - 2655: -4200
2655 - 2656: 1514
2656 - 2657: -3099
2657 - 2658: 596
2658 - 2659: -5666
2659 - 2660: -1197
2660 - 2661: 13157
2661 - 2662: 13201
2662 - 2663: -2472
2663 - 2664: 5629
2664 - 2665: 11707
2665 - 2666: 11451
2666 - 2667: -2630
2667 - 2668: 12347
2668 - 2669: -4361
2669 - 2670: -7051
2670 - 2671: -2672
2671 - 2672: -3419
2672 - 2673: -2601
2673 - 2674: -704
2674 - 2675: -1100
2675 - 2676: -3287
2676 - 2677: -3165
2677 - 2678: -3956
2678 - 2679: -3482
2679 - 2680: -4006
2680 - 2681: -1808
2681 - 2682: -2879
2682 - 2683: -2382
2683 - 2684: -4752
2684 - 2685: -3491
2685 - 2686: -1907
2686 - 2687: -2549
2687 - 2688: -3878
2688 - 2689: 11106
2689 - 2690: 52530
2690 - 2691: 6604
2691 - 2692: 2309
2692 - 2693: -2611
2693 - 2694: 6526
2694 - 2695: -2880
2695 - 2696: -3517
2696 - 2697: -970
2697 - 2698: -1884
2698 - 2699: 3019
2699 - 2700: -3828
2700 - 2701: -1076
2701 - 2702: -1312
2702 - 2703: 2395
2703 - 2704: -4635
2704 - 2705: -2722
2705 - 2706: 7277
2706 - 2707: 202
2707 - 2708: 8006
2708 - 2709: -716
2709 - 2710: -2817
2710 - 2711: 5177
2711 - 2712: -3641
2712 - 2713: -4380
2713 - 2714: -5473
2714 - 2715: -4504
2715 - 2716: -1097
2716 - 2717: -5782
2717 - 2718: -2704
2718 - 2719: -4338
2719 - 2720: -2307
2720 - 2721: -3832
2721 - 2722: -2042
2722 - 2723: 19925
2723 - 2724: 61779
2724 - 2725: 25666
2725 - 2726: -1927
2726 - 2727: 1020
2727 - 2728: -6830
2728 - 2729: -4328
2729 - 2730: 45001
2730 - 2731: 11975
2731 - 2732: -1507
2732 - 2733: -963
2733 - 2734: -1112
2734 - 2735: -4122
2735 - 2736: -2943
2736 - 2737: -3761
2737 - 2738: -2603
2738 - 2739: -7601
2739 - 2740: 402
2740 - 2741: -3665
2741 - 2742: 1106
2742 - 2743: -689
2743 - 2744: -2465
2744 - 2745: -2425
2745 - 2746: -3813
2746 - 2747: 10451
2747 - 2748: 1397
2748 - 2749: -4337
2749 - 2750: 338
2750 - 2751: -2936
2751 - 2752: 7338
2752 - 2753: -4138
2753 - 2754: 2001
2754 - 2755: 675
2755 - 2756: 937
2756 - 2757: -3052
2757 - 2758: 220
2758 - 2759: -4400
2759 - 2760: -4652
2760 - 2761: -2692
2761 - 2762: -3077
2762 - 2763: -1101
2763 - 2764: -267
2764 - 2765: 12968
2765 - 2766: 79978
2766 - 2767: 1905
2767 - 2768: -4545
2768 - 2769: -6501
2769 - 2770: -3286
2770 - 2771: 6128
2771 - 2772: 17286
2772 - 2773: -1423
2773 - 2774: -1657
2774 - 2775: -100
2775 - 2776: 3726
2776 - 2777: -4617
2777 - 2778: 10489
2778 - 2779: 4068
2779 - 2780: -1541
2780 - 2781: -2991
2781 - 2782: -6414
2782 - 2783: -4230
2783 - 2784: -4045
2784 - 2785: 2526
2785 - 2786: -3851
2786 - 2787: 567
2787 - 2788: -2129
2788 - 2789: 15757
2789 - 2790: 5828
2790 - 2791: -1087
2791 - 2792: 5544
2792 - 2793: -4464
2793 - 2794: 7789
2794 - 2795: 11782
2795 - 2796: -5069
2796 - 2797: -888
2797 - 2798: 10159
2798 - 2799: -6529
2799 - 2800: -6473
2800 - 2801: -3780
2801 - 2802: -5410
2802 - 2803: -3502
2803 - 2804: -3477
2804 - 2805: 23962
2805 - 2806: -4295
2806 - 2807: -4109
2807 - 2808: 0
2808 - 2809: 37978
2809 - 2810: -5911
2810 - 2811: -950
2811 - 2812: 4509
2812 - 2813: -6250
2813 - 2814: -7905
2814 - 2815: -6694
2815 - 2816: -6205
2816 - 2817: -7525
2817 - 2818: -5448
2818 - 2819: -7404
2819 - 2820: -7386
2820 - 2821: -8290
2821 - 2822: -9992
2822 - 2823: -8770
2823 - 2824: -4934
2824 - 2825: -6528
2825 - 2826: -3852
2826 - 2827: -4858
2827 - 2828: -4218
2828 - 2829: -1767
2829 - 2830: -4909
2830 - 2831: -4862
2831 - 2832: -2300
2832 - 2833: -6618
2833 - 2834: -4156
2834 - 2835: -8117
2835 - 2836: -6936
2836 - 2837: -8411
2837 - 2838: -6432
2838 - 2839: 34567
2839 - 2840: -6920
2840 - 2841: -7852
2841 - 2842: -9574
2842 - 2843: 5290
2843 - 2844: -6132
2844 - 2845: -8960
2845 - 2846: -7226
2846 - 2847: 2519
2847 - 2848: -6841
2848 - 2849: -5019
2849 - 2850: -2811
2850 - 2851: -2504
2851 - 2852: 47898
2852 - 2853: -7481
2853 - 2854: -8079
2854 - 2855: -4446
2855 - 2856: -5420
2856 - 2857: -7624
2857 - 2858: -12420
2858 - 2859: 4436
2859 - 2860: -5179
2860 - 2861: -8680
2861 - 2862: -8701
2862 - 2863: -9508
2863 - 2864: -157
2864 - 2865: -3327
2865 - 2866: -8975
2866 - 2867: -7458
2867 - 2868: -7902
2868 - 2869: -7453
2869 - 2870: -7876
2870 - 2871: -6179
2871 - 2872: -3555
2872 - 2873: -7836
2873 - 2874: -6338
2874 - 2875: -8973
2875 - 2876: 18688
2876 - 2877: -1773
2877 - 2878: -6802
2878 - 2879: -6938
2879 - 2880: -5215
2880 - 2881: -10296
2881 - 2882: -8417
2882 - 2883: 9518
2883 - 2884: 7768
2884 - 2885: -6643
2885 - 2886: -7889
2886 - 2887: -5687
2887 - 2888: 47693
2888 - 2889: -9822
2889 - 2890: 3899
2890 - 2891: -6699
2891 - 2892: -151
2892 - 2893: 9824
2893 - 2894: 8559
2894 - 2895: 9436
2895 - 2896: -5890
2896 - 2897: -9754
2897 - 2898: -10247
2898 - 2899: -2903
2899 - 2900: -5390
2900 - 2901: -7407
2901 - 2902: -1204
2902 - 2903: -5705
2903 - 2904: -1590
2904 - 2905: -5865
2905 - 2906: -2892
2906 - 2907: -11463
2907 - 2908: -2426
2908 - 2909: -4830
2909 - 2910: -5585
2910 - 2911: -5919
2911 - 2912: 1600
2912 - 2913: -5885
2913 - 2914: -5390
2914 - 2915: 1493
2915 - 2916: -6021
2916 - 2917: -3223
2917 - 2918: 7939
2918 - 2919: 653
2919 - 2920: 55285
2920 - 2921: 7689
2921 - 2922: -9426
2922 - 2923: -6974
2923 - 2924: -7492
2924 - 2925: -11164
2925 - 2926: -8467
2926 - 2927: -11192
2927 - 2928: -4343
2928 - 2929: 10530
2929 - 2930: 3398
2930 - 2931: -6952
2931 - 2932: -1309
2932 - 2933: -4867
2933 - 2934: -6032
2934 - 2935: -10168
2935 - 2936: -7863
2936 - 2937: -6101
2937 - 2938: 1971
2938 - 2939: 2345
2939 - 2940: -4542
2940 - 2941: -5899
2941 - 2942: 154
2942 - 2943: -6329
2943 - 2944: -3309
2944 - 2945: -3894
2945 - 2946: 2687
2946 - 2947: -7064
2947 - 2948: -8591
2948 - 2949: -463
2949 - 2950: -6657
2950 - 2951: -2620
2951 - 2952: 8020
2952 - 2953: -5812
2953 - 2954: -8752
2954 - 2955: 8072
2955 - 2956: 10116
2956 - 2957: 1718
2957 - 2958: -8153
2958 - 2959: -9959
2959 - 2960: -10838
2960 - 2961: -6537
2961 - 2962: -205
2962 - 2963: -6291
2963 - 2964: -4544
2964 - 2965: -1740
2965 - 2966: -7943
2966 - 2967: -10123
2967 - 2968: 900
2968 - 2969: -5246
2969 - 2970: -9008
2970 - 2971: 3733
2971 - 2972: -7013
2972 - 2973: -6671
2973 - 2974: 43736
2974 - 2975: -10041
2975 - 2976: -7308
2976 - 2977: -8911
2977 - 2978: 7238
2978 - 2979: -6998
2979 - 2980: -6467
2980 - 2981: 920
2981 - 2982: -7784
2982 - 2983: 3440
2983 - 2984: 912
2984 - 2985: -255
2985 - 2986: 1348
2986 - 2987: -10388
2987 - 2988: -8103
2988 - 2989: 3602
2989 - 2990: -7501
2990 - 2991: -5618
2991 - 2992: -8421
2992 - 2993: -2354
2993 - 2994: 3268
2994 - 2995: -5504
2995 - 2996: -6041
2996 - 2997: -7306
2997 - 2998: 22808
2998 - 2999: 25150
2999 - 3000: -6866
3000 - 3001: -10603
3001 - 3002: -4325
3002 - 3003: -7820
3003 - 3004: -5681
3004 - 3005: -7574
3005 - 3006: -6751
3006 - 3007: -4973
3007 - 3008: -4957
3008 - 3009: -9259
3009 - 3010: -8229
3010 - 3011: -2225
3011 - 3012: -3521
3012 - 3013: 1173
3013 - 3014: -7731
3014 - 3015: 44940
3015 - 3016: 9113
3016 - 3017: -6396
3017 - 3018: 20264
3018 - 3019: 22152
3019 - 3020: 13775
3020 - 3021: -4992
3021 - 3022: -3481
3022 - 3023: -4664
3023 - 3024: 285
3024 - 3025: 5460
3025 - 3026: -7480
3026 - 3027: -2287
3027 - 3028: -8007
3028 - 3029: 1042
3029 - 3030: -8579
3030 - 3031: -3371
3031 - 3032: 61359
3032 - 3033: -2124
3033 - 3034: -2145
3034 - 3035: -8860
3035 - 3036: -5522
3036 - 3037: -5173
3037 - 3038: -6225
3038 - 3039: -5623
3039 - 3040: -4388
3040 - 3041: 6506
3041 - 3042: 5014
3042 - 3043: -7159
3043 - 3044: -7440
3044 - 3045: -8132
3045 - 3046: -10078
3046 - 3047: -5828
3047 - 3048: -338
3048 - 3049: -6683
3049 - 3050: -7560
3050 - 3051: 8611
3051 - 3052: -8273
3052 - 3053: -3111
3053 - 3054: -581
3054 - 3055: -1561
3055 - 3056: -12453
3056 - 3057: 3411
3057 - 3058: -7178
3058 - 3059: -7183
3059 - 3060: 25691
3060 - 3061: -3192
3061 - 3062: -5016
3062 - 3063: -5420
3063 - 3064: -10971
3064 - 3065: 122
3065 - 3066: 60851
3066 - 3067: -4952
3067 - 3068: -6328
3068 - 3069: -7717
3069 - 3070: -9651
3070 - 3071: -7145
3071 - 3072: -8574
3072 - 3073: 56217
3073 - 3074: 4764
3074 - 3075: -696
3075 - 3076: -7843
3076 - 3077: -3235
3077 - 3078: -8993
3078 - 3079: 46419
3079 - 3080: -8615
3080 - 3081: -9305
3081 - 3082: -4746
3082 - 3083: -1357
3083 - 3084: 57739
3084 - 3085: 55959
3085 - 3086: -5087
3086 - 3087: -5322
3087 - 3088: -8138
3088 - 3089: -140
3089 - 3090: 13223
3090 - 3091: -1687
3091 - 3092: 40170
3092 - 3093: 18813
3093 - 3094: -8600
3094 - 3095: -3385
3095 - 3096: 45163
3096 - 3097: 7672
3097 - 3098: -7468
3098 - 3099: 40718
3099 - 3100: 22535
3100 - 3101: -8358
3101 - 3102: -5810
3102 - 3103: -1751
3103 - 3104: -11993
3104 - 3105: -9247
3105 - 3106: -9261
3106 - 3107: 11527
3107 - 3108: 4516
3108 - 3109: 482
3109 - 3110: 3232
3110 - 3111: -6982
3111 - 3112: -9603
3112 - 3113: 7587
3113 - 3114: -7562
3114 - 3115: 34206
3115 - 3116: 1038
3116 - 3117: 879
3117 - 3118: -10456
3118 - 3119: 1642
3119 - 3120: 0
3120 - 3121: 9010
3121 - 3122: -2383
3122 - 3123: -2588
3123 - 3124: -896
3124 - 3125: 286
3125 - 3126: 5621
3126 - 3127: 38058
3127 - 3128: 6611
3128 - 3129: 1891
3129 - 3130: 1667
3130 - 3131: 1777
3131 - 3132: -983
3132 - 3133: -2142
3133 - 3134: 11394
3134 - 3135: -1771
3135 - 3136: 922
3136 - 3137: -3879
3137 - 3138: 1313
3138 - 3139: 1767
3139 - 3140: 1300
3140 - 3141: -353
3141 - 3142: 5630
3142 - 3143: 4860
3143 - 3144: -609
3144 - 3145: 1589
3145 - 3146: -772
3146 - 3147: -684
3147 - 3148: 88
3148 - 3149: 3696
3149 - 3150: 12707
3150 - 3151: 14405
3151 - 3152: 16979
3152 - 3153: -4313
3153 - 3154: 1224
3154 - 3155: -1181
3155 - 3156: 1496
3156 - 3157: 26841
3157 - 3158: -1766
3158 - 3159: -465
3159 - 3160: 11633
3160 - 3161: -3837
3161 - 3162: -3070
3162 - 3163: -1813
3163 - 3164: -2660
3164 - 3165: 1209
3165 - 3166: -2951
3166 - 3167: -3733
3167 - 3168: 19743
3168 - 3169: 1871
3169 - 3170: 1464
3170 - 3171: 19806
3171 - 3172: 45075
3172 - 3173: -1312
3173 - 3174: -3203
3174 - 3175: -3916
3175 - 3176: -491
3176 - 3177: 1346
3177 - 3178: -457
3178 - 3179: -2364
3179 - 3180: 618
3180 - 3181: -361
3181 - 3182: -782
3182 - 3183: 10916
3183 - 3184: 4368
3184 - 3185: -1645
3185 - 3186: -3300
3186 - 3187: 13689
3187 - 3188: 8743
3188 - 3189: 60209
3189 - 3190: 3458
3190 - 3191: -549
3191 - 3192: 12564
3192 - 3193: 2787
3193 - 3194: -721
3194 - 3195: 10094
3195 - 3196: 2945
3196 - 3197: 12029
3197 - 3198: 1009
3198 - 3199: 1256
3199 - 3200: -1248
3200 - 3201: -1985
3201 - 3202: -637
3202 - 3203: 4438
3203 - 3204: 14207
3204 - 3205: -2363
3205 - 3206: -1624
3206 - 3207: -3622
3207 - 3208: 14426
3208 - 3209: 2059
3209 - 3210: 12039
3210 - 3211: 528
3211 - 3212: -2358
3212 - 3213: -4275
3213 - 3214: -3667
3214 - 3215: -701
3215 - 3216: -4737
3216 - 3217: 9399
3217 - 3218: -2363
3218 - 3219: -998
3219 - 3220: -605
3220 - 3221: 546
3221 - 3222: -392
3222 - 3223: 8191
3223 - 3224: 2151
3224 - 3225: 3901
3225 - 3226: -454
3226 - 3227: 4361
3227 - 3228: 10746
3228 - 3229: -3308
3229 - 3230: 9939
3230 - 3231: 5328
3231 - 3232: 912
3232 - 3233: 12924
3233 - 3234: 15499
3234 - 3235: 892
3235 - 3236: -1727
3236 - 3237: -3523
3237 - 3238: 13776
3238 - 3239: 5007
3239 - 3240: -1890
3240 - 3241: 4269
3241 - 3242: 18061
3242 - 3243: -2484
3243 - 3244: -1718
3244 - 3245: 3436
3245 - 3246: -2462
3246 - 3247: 1749
3247 - 3248: -352
3248 - 3249: -2439
3249 - 3250: 4615
3250 - 3251: -656
3251 - 3252: 4437
3252 - 3253: -293
3253 - 3254: 2477
3254 - 3255: -1129
3255 - 3256: -2120
3256 - 3257: -1561
3257 - 3258: -356
3258 - 3259: 2011
3259 - 3260: -3526
3260 - 3261: 948
3261 - 3262: -1070
3262 - 3263: 2121
3263 - 3264: -2301
3264 - 3265: -2914
3265 - 3266: 13561
3266 - 3267: 30632
3267 - 3268: 3669
3268 - 3269: -434
3269 - 3270: -210
3270 - 3271: 6043
3271 - 3272: 4623
3272 - 3273: 5272
3273 - 3274: -3666
3274 - 3275: 14482
3275 - 3276: 3951
3276 - 3277: 183
3277 - 3278: -297
3278 - 3279: -3795
3279 - 3280: -2876
3280 - 3281: 2008
3281 - 3282: 10825
3282 - 3283: 24724
3283 - 3284: 770
3284 - 3285: -864
3285 - 3286: 5681
3286 - 3287: -1794
3287 - 3288: 846
3288 - 3289: -2184
3289 - 3290: 2155
3290 - 3291: 421
3291 - 3292: 3167
3292 - 3293: 4666
3293 - 3294: 2438
3294 - 3295: -2804
3295 - 3296: 4291
3296 - 3297: -3433
3297 - 3298: -2819
3298 - 3299: 781
3299 - 3300: 28536
3300 - 3301: -3548
3301 - 3302: 901
3302 - 3303: -2706
3303 - 3304: 38329
3304 - 3305: -2941
3305 - 3306: -1466
3306 - 3307: -257
3307 - 3308: 16372
3308 - 3309: 1705
3309 - 3310: 8653
3310 - 3311: -2702
3311 - 3312: 10887
3312 - 3313: 94
3313 - 3314: -931
3314 - 3315: -1344
3315 - 3316: -399
3316 - 3317: 69983
3317 - 3318: -1255
3318 - 3319: -2074
3319 - 3320: -2931
3320 - 3321: -27
3321 - 3322: 2980
3322 - 3323: 10800
3323 - 3324: 717
3324 - 3325: 4267
3325 - 3326: 1809
3326 - 3327: -1224
3327 - 3328: -3178
3328 - 3329: 12420
3329 - 3330: 2291
3330 - 3331: -1568
3331 - 3332: -2632
3332 - 3333: 9021
3333 - 3334: -1133
3334 - 3335: 984
3335 - 3336: -46
3336 - 3337: -1279
3337 - 3338: 9759
3338 - 3339: 226
3339 - 3340: 4008
3340 - 3341: 262
3341 - 3342: -1318
3342 - 3343: 4201
3343 - 3344: 1900
3344 - 3345: 14038
3345 - 3346: -695
3346 - 3347: 7788
3347 - 3348: -4894
3348 - 3349: 748
3349 - 3350: 734
3350 - 3351: 5776
3351 - 3352: 39000
3352 - 3353: -154
3353 - 3354: -654
3354 - 3355: 64214
3355 - 3356: 7658
3356 - 3357: 28495
3357 - 3358: 28808
3358 - 3359: 4415
3359 - 3360: -574
3360 - 3361: 90
3361 - 3362: -3323
3362 - 3363: -2173
3363 - 3364: -788
3364 - 3365: -2983
3365 - 3366: -2400
3366 - 3367: 3772
3367 - 3368: 2484
3368 - 3369: 11046
3369 - 3370: 6622
3370 - 3371: 10787
3371 - 3372: -8
3372 - 3373: 6486
3373 - 3374: 2794
3374 - 3375: 55710
3375 - 3376: 26879
3376 - 3377: 2297
3377 - 3378: 4586
3378 - 3379: 10601
3379 - 3380: -1997
3380 - 3381: 891
3381 - 3382: -3180
3382 - 3383: -1481
3383 - 3384: -427
3384 - 3385: 948
3385 - 3386: 1604
3386 - 3387: -4307
3387 - 3388: 1427
3388 - 3389: -1784
3389 - 3390: 648
3390 - 3391: 8506
3391 - 3392: 601
3392 - 3393: 1729
3393 - 3394: 31695
3394 - 3395: 1263
3395 - 3396: 7204
3396 - 3397: -1627
3397 - 3398: -2386
3398 - 3399: 19604
3399 - 3400: 11912
3400 - 3401: -1293
3401 - 3402: -3388
3402 - 3403: -689
3403 - 3404: -992
3404 - 3405: -3738
3405 - 3406: -2181
3406 - 3407: 33726
3407 - 3408: 8968
3408 - 3409: 48082
3409 - 3410: 481
3410 - 3411: 27145
3411 - 3412: 13059
3412 - 3413: 1958
3413 - 3414: 31403
3414 - 3415: -291
3415 - 3416: -978
3416 - 3417: 61287
3417 - 3418: 1485
3418 - 3419: 2136
3419 - 3420: 170
3420 - 3421: -362
3421 - 3422: 3708
3422 - 3423: 775
3423 - 3424: 1301
3424 - 3425: 14253
3425 - 3426: 5577
3426 - 3427: 410
3427 - 3428: 1648
3428 - 3429: 62565
3429 - 3430: 2246
3430 - 3431: 3723
3431 - 3432: 0
3432 - 3433: 1035
3433 - 3434: 1618
3434 - 3435: -3176
3435 - 3436: -384
3436 - 3437: 12235
3437 - 3438: 12950
3438 - 3439: 860
3439 - 3440: -2787
3440 - 3441: -1672
3441 - 3442: -3062
3442 - 3443: -941
3443 - 3444: 5531
3444 - 3445: 29478
3445 - 3446: 1366
3446 - 3447: -483
3447 - 3448: 3056
3448 - 3449: -3043
3449 - 3450: 2601
3450 - 3451: 63353
3451 - 3452: 27243
3452 - 3453: -1689
3453 - 3454: 1338
3454 - 3455: -1703
3455 - 3456: -6546
3456 - 3457: -1354
3457 - 3458: 4378
3458 - 3459: -3907
3459 - 3460: -1249
3460 - 3461: -4444
3461 - 3462: -789
3462 - 3463: -5379
3463 - 3464: -2678
3464 - 3465: 2117
3465 - 3466: 8819
3466 - 3467: 611
3467 - 3468: 30071
3468 - 3469: -2399
3469 - 3470: 7564
3470 - 3471: -3835
3471 - 3472: 7069
3472 - 3473: -33
3473 - 3474: -357
3474 - 3475: -3056
3475 - 3476: 6984
3476 - 3477: -2868
3477 - 3478: 1287
3478 - 3479: -2723
3479 - 3480: -2392
3480 - 3481: 10735
3481 - 3482: 4989
3482 - 3483: 17493
3483 - 3484: 7850
3484 - 3485: 9404
3485 - 3486: 7766
3486 - 3487: -957
3487 - 3488: -930
3488 - 3489: -3550
3489 - 3490: -1222
3490 - 3491: 11074
3491 - 3492: -2593
3492 - 3493: 48969
3493 - 3494: 13687
3494 - 3495: 56327
3495 - 3496: 3285
3496 - 3497: 68
3497 - 3498: 2502
3498 - 3499: 4112
3499 - 3500: 1846
3500 - 3501: -1407
3501 - 3502: 69486
3502 - 3503: 15903
3503 - 3504: 12284
3504 - 3505: 4268
3505 - 3506: 14781
3506 - 3507: 43768
3507 - 3508: 1666
3508 - 3509: 7048
3509 - 3510: 6985
3510 - 3511: 2338
3511 - 3512: 360
3512 - 3513: 12325
3513 - 3514: 11295
3514 - 3515: -1975
3515 - 3516: 27183
3516 - 3517: 69453
3517 - 3518: 9994
3518 - 3519: -582
3519 - 3520: 60634
3520 - 3521: 18760
3521 - 3522: 3246
3522 - 3523: -1436
3523 - 3524: -1962
3524 - 3525: -2338
3525 - 3526: -3454
3526 - 3527: 52413
3527 - 3528: -2290
3528 - 3529: -469
3529 - 3530: -1859
3530 - 3531: 895
3531 - 3532: -1712
3532 - 3533: 212
3533 - 3534: 16194
3534 - 3535: 2569
3535 - 3536: -122
3536 - 3537: 5390
3537 - 3538: 1275
3538 - 3539: 283
3539 - 3540: -978
3540 - 3541: 4270
3541 - 3542: 34332
3542 - 3543: 2232
3543 - 3544: 51805
3544 - 3545: -3248
3545 - 3546: 7212
3546 - 3547: 4651
3547 - 3548: 4199
3548 - 3549: 1239
3549 - 3550: -1994
3550 - 3551: -418
3551 - 3552: 46688
3552 - 3553: -2668
3553 - 3554: -534
3554 - 3555: -1457
3555 - 3556: 8144
3556 - 3557: 6555
3557 - 3558: 5371
3558 - 3559: 31
3559 - 3560: -920
3560 - 3561: -3922
3561 - 3562: 275
3562 - 3563: 2649
3563 - 3564: 171
3564 - 3565: -188
3565 - 3566: -1990
3566 - 3567: 6577
3567 - 3568: -728
3568 - 3569: -108
3569 - 3570: -4054
3570 - 3571: 564
3571 - 3572: -167
3572 - 3573: -882
3573 - 3574: -8253
3574 - 3575: -755
3575 - 3576: 68622
3576 - 3577: 5266
3577 - 3578: 4052
3578 - 3579: -2376
3579 - 3580: -4139
3580 - 3581: -2955
3581 - 3582: -3881
3582 - 3583: 49516
3583 - 3584: -1754
3584 - 3585: -1853
3585 - 3586: -1609
3586 - 3587: -1394
3587 - 3588: -3542
3588 - 3589: -344
3589 - 3590: -140
3590 - 3591: -3141
3591 - 3592: -3277
3592 - 3593: -4722
3593 - 3594: 8279
3594 - 3595: 25480
3595 - 3596: 14292
3596 - 3597: 3346
3597 - 3598: 67270
3598 - 3599: 5794
3599 - 3600: 2244
3600 - 3601: -982
3601 - 3602: 67461
3602 - 3603: 15651
3603 - 3604: -624
3604 - 3605: -3581
3605 - 3606: -388
3606 - 3607: -2725
3607 - 3608: 9386
3608 - 3609: -1715
3609 - 3610: -2482
3610 - 3611: 13853
3611 - 3612: 70285
3612 - 3613: -1377
3613 - 3614: -2907
3614 - 3615: -1698
3615 - 3616: -3430
3616 - 3617: -3990
3617 - 3618: -3403
3618 - 3619: -3053
3619 - 3620: 3586
3620 - 3621: -1218
3621 - 3622: -3603
3622 - 3623: 5480
3623 - 3624: 11557
3624 - 3625: -343
3625 - 3626: -2382
3626 - 3627: 51064
3627 - 3628: -4992
3628 - 3629: 18121
3629 - 3630: -2115
3630 - 3631: -3162
3631 - 3632: -4383
3632 - 3633: -4978
3633 - 3634: -4934
3634 - 3635: 7952
3635 - 3636: 8133
3636 - 3637: 28100
3637 - 3638: -5032
3638 - 3639: -1513
3639 - 3640: -2941
3640 - 3641: 13701
3641 - 3642: -3425
3642 - 3643: -6152
3643 - 3644: -3968
3644 - 3645: 1853
3645 - 3646: -3000
3646 - 3647: -3784
3647 - 3648: -3384
3648 - 3649: -1394
3649 - 3650: 9106
3650 - 3651: -4369
3651 - 3652: -3374
3652 - 3653: -3398
3653 - 3654: -5055
3654 - 3655: -2298
3655 - 3656: 1596
3656 - 3657: -2394
3657 - 3658: -974
3658 - 3659: -2361
3659 - 3660: 110
3660 - 3661: -2074
3661 - 3662: 18342
3662 - 3663: 5894
3663 - 3664: 7649
3664 - 3665: -2550
3665 - 3666: -425
3666 - 3667: 27267
3667 - 3668: 28771
3668 - 3669: -1175
3669 - 3670: -5162
3670 - 3671: -3615
3671 - 3672: 14451
3672 - 3673: -3700
3673 - 3674: -221
3674 - 3675: -1786
3675 - 3676: -1924
3676 - 3677: -2420
3677 - 3678: -2834
3678 - 3679: 8240
3679 - 3680: -5288
3680 - 3681: -5276
3681 - 3682: 3959
3682 - 3683: -4921
3683 - 3684: -3326
3684 - 3685: -4124
3685 - 3686: 1175
3686 - 3687: 642
3687 - 3688: 6098
3688 - 3689: -1610
3689 - 3690: -3514
3690 - 3691: -3009
3691 - 3692: -1678
3692 - 3693: -2436
3693 - 3694: -647
3694 - 3695: 8172
3695 - 3696: 66952
3696 - 3697: -842
3697 - 3698: -2107
3698 - 3699: -1740
3699 - 3700: -2196
3700 - 3701: -1215
3701 - 3702: 4417
3702 - 3703: 4784
3703 - 3704: -7553
3704 - 3705: 2600
3705 - 3706: -2237
3706 - 3707: 3882
3707 - 3708: 2749
3708 - 3709: 257
3709 - 3710: 13459
3710 - 3711: 14475
3711 - 3712: -4583
3712 - 3713: 7661
3713 - 3714: -2669
3714 - 3715: 246
3715 - 3716: 4070
3716 - 3717: -2655
3717 - 3718: 12411
3718 - 3719: 1131
3719 - 3720: -3375
3720 - 3721: -1060
3721 - 3722: -1708
3722 - 3723: -1935
3723 - 3724: 41155
3724 - 3725: -1458
3725 - 3726: -1190
3726 - 3727: 10787
3727 - 3728: 4155
3728 - 3729: 10003
3729 - 3730: 2851
3730 - 3731: -1520
3731 - 3732: -1916
3732 - 3733: 19332
3733 - 3734: 52455
3734 - 3735: -3321
3735 - 3736: 12447
3736 - 3737: 17949
3737 - 3738: 1197
3738 - 3739: -538
3739 - 3740: -3916
3740 - 3741: -4849
3741 - 3742: -1552
3742 - 3743: -138
3743 - 3744: 0
3744 - 3745: 1278
3745 - 3746: 4489
3746 - 3747: 51017
3747 - 3748: 14988
3748 - 3749: 9718
3749 - 3750: 883
3750 - 3751: 2305
3751 - 3752: 13999
3752 - 3753: 1101
3753 - 3754: 374
3754 - 3755: 632
3755 - 3756: 533
3756 - 3757: 878
3757 - 3758: -1956
3758 - 3759: 9970
3759 - 3760: -143
3760 - 3761: 5992
3761 - 3762: 2300
3762 - 3763: -792
3763 - 3764: 879
3764 - 3765: 1764
3765 - 3766: 19934
3766 - 3767: -706
3767 - 3768: -561
3768 - 3769: -2734
3769 - 3770: 14565
3770 - 3771: 42251
3771 - 3772: -2294
3772 - 3773: -873
3773 - 3774: 67923
3774 - 3775: 1461
3775 - 3776: 1534
3776 - 3777: 2066
3777 - 3778: 5863
3778 - 3779: 215
3779 - 3780: 41766
3780 - 3781: 14487
3781 - 3782: 12852
3782 - 3783: 1191
3783 - 3784: 7091
3784 - 3785: 46035
3785 - 3786: 2477
3786 - 3787: 1516
3787 - 3788: 19251
3788 - 3789: 21634
3789 - 3790: 3100
3790 - 3791: -1061
3791 - 3792: 1137
3792 - 3793: -1962
3793 - 3794: 6243
3794 - 3795: 17371
3795 - 3796: 20310
3796 - 3797: 1735
3797 - 3798: 557
3798 - 3799: 3640
3799 - 3800: 3370
3800 - 3801: -170
3801 - 3802: 2872
3802 - 3803: 1742
3803 - 3804: 11278
3804 - 3805: 14839
3805 - 3806: 18026
3806 - 3807: 929
3807 - 3808: 15483
3808 - 3809: 24582
3809 - 3810: 4279
3810 - 3811: 2887
3811 - 3812: 11156
3812 - 3813: -1368
3813 - 3814: 225
3814 - 3815: -42
3815 - 3816: 6593
3816 - 3817: 20170
3817 - 3818: 1805
3818 - 3819: 9177
3819 - 3820: 376
3820 - 3821: 15142
3821 - 3822: 14915
3822 - 3823: 1153
3823 - 3824: 3263
3824 - 3825: 16136
3825 - 3826: 12915
3826 - 3827: 2634
3827 - 3828: 2193
3828 - 3829: 6598
3829 - 3830: 16176
3830 - 3831: 4737
3831 - 3832: 16362
3832 - 3833: -1910
3833 - 3834: 15365
3834 - 3835: 66199
3835 - 3836: 7643
3836 - 3837: 24267
3837 - 3838: 329
3838 - 3839: -1278
3839 - 3840: -773
3840 - 3841: 8853
3841 - 3842: 1707
3842 - 3843: -214
3843 - 3844: 8773
3844 - 3845: 2927
3845 - 3846: 13758
3846 - 3847: 2012
3847 - 3848: 6306
3848 - 3849: -300
3849 - 3850: 4642
3850 - 3851: 535
3851 - 3852: 71126
3852 - 3853: 10781
3853 - 3854: 4925
3854 - 3855: 11121
3855 - 3856: 18303
3856 - 3857: 2194
3857 - 3858: 3038
3858 - 3859: 1310
3859 - 3860: 60890
3860 - 3861: -1109
3861 - 3862: 3062
3862 - 3863: -242
3863 - 3864: 2501
3864 - 3865: 59207
3865 - 3866: -961
3866 - 3867: 927
3867 - 3868: 4235
3868 - 3869: 2196
3869 - 3870: 1099
3870 - 3871: 1893
3871 - 3872: 6768
3872 - 3873: 15767
3873 - 3874: 18054
3874 - 3875: -4935
3875 - 3876: 13644
3876 - 3877: 2388
3877 - 3878: 10348
3878 - 3879: 50992
3879 - 3880: 69755
3880 - 3881: 1065
3881 - 3882: 3384
3882 - 3883: -818
3883 - 3884: 15588
3884 - 3885: 70519
3885 - 3886: -897
3886 - 3887: 195
3887 - 3888: 2481
3888 - 3889: 53474
3889 - 3890: 27323
3890 - 3891: 763
3891 - 3892: 1254
3892 - 3893: 2165
3893 - 3894: 5212
3894 - 3895: 7524
3895 - 3896: 4762
3896 - 3897: 681
3897 - 3898: 3229
3898 - 3899: -1089
3899 - 3900: 23053
3900 - 3901: 2551
3901 - 3902: 6243
3902 - 3903: 37512
3903 - 3904: 5335
3904 - 3905: -1131
3905 - 3906: -1977
3906 - 3907: -1961
3907 - 3908: -1683
3908 - 3909: 6357
3909 - 3910: 2758
3910 - 3911: -1365
3911 - 3912: 4484
3912 - 3913: -116
3913 - 3914: 2658
3914 - 3915: 1781
3915 - 3916: 352
3916 - 3917: -2442
3917 - 3918: 4657
3918 - 3919: -465
3919 - 3920: -167
3920 - 3921: 12263
3921 - 3922: 5048
3922 - 3923: 1223
3923 - 3924: -538
3924 - 3925: 376
3925 - 3926: 5393
3926 - 3927: 701
3927 - 3928: 5507
3928 - 3929: 8925
3929 - 3930: -1250
3930 - 3931: 5590
3931 - 3932: 15105
3932 - 3933: -1387
3933 - 3934: 1725
3934 - 3935: 1624
3935 - 3936: 2289
3936 - 3937: -105
3937 - 3938: 477
3938 - 3939: 571
3939 - 3940: 369
3940 - 3941: -150
3941 - 3942: -553
3942 - 3943: -1285
3943 - 3944: 7311
3944 - 3945: 2520
3945 - 3946: 10679
3946 - 3947: -946
3947 - 3948: 3052
3948 - 3949: 8557
3949 - 3950: 5443
3950 - 3951: 65895
3951 - 3952: 1371
3952 - 3953: 2000
3953 - 3954: 181
3954 - 3955: 117
3955 - 3956: 1867
3956 - 3957: -671
3957 - 3958: -246
3958 - 3959: -4469
3959 - 3960: 11503
3960 - 3961: 13998
3961 - 3962: 1839
3962 - 3963: 1936
3963 - 3964: 583
3964 - 3965: 192
3965 - 3966: -2047
3966 - 3967: 6524
3967 - 3968: 4824
3968 - 3969: 1672
3969 - 3970: 97
3970 - 3971: 5847
3971 - 3972: 4661
3972 - 3973: 20373
3973 - 3974: 1597
3974 - 3975: 5485
3975 - 3976: 9305
3976 - 3977: -556
3977 - 3978: 1054
3978 - 3979: 32511
3979 - 3980: 7897
3980 - 3981: -89
3981 - 3982: 1916
3982 - 3983: -382
3983 - 3984: 10724
3984 - 3985: 3184
3985 - 3986: 891
3986 - 3987: 19698
3987 - 3988: 1253
3988 - 3989: 5809
3989 - 3990: 12343
3990 - 3991: 60871
3991 - 3992: 10586
3992 - 3993: 4745
3993 - 3994: 24009
3994 - 3995: 72169
3995 - 3996: -86
3996 - 3997: 12953
3997 - 3998: 69202
3998 - 3999: 1136
3999 - 4000: 2389
4000 - 4001: 63175
4001 - 4002: 9233
4002 - 4003: 309
4003 - 4004: -593
4004 - 4005: 9082
4005 - 4006: 3422
4006 - 4007: 22076
4007 - 4008: -94
4008 - 4009: 789
4009 - 4010: 2442
4010 - 4011: 7216
4011 - 4012: 520
4012 - 4013: 8210
4013 - 4014: 10209
4014 - 4015: 7297
4015 - 4016: 133
4016 - 4017: 11277
4017 - 4018: 10328
4018 - 4019: 18494
4019 - 4020: 768
4020 - 4021: 5793
4021 - 4022: 776
4022 - 4023: 1199
4023 - 4024: -455
4024 - 4025: -1879
4025 - 4026: 14642
4026 - 4027: -948
4027 - 4028: 62263
4028 - 4029: 6331
4029 - 4030: 2849
4030 - 4031: 537
4031 - 4032: -122
4032 - 4033: 17089
4033 - 4034: -1278
4034 - 4035: 6143
4035 - 4036: 9533
4036 - 4037: 1438
4037 - 4038: 7840
4038 - 4039: 788
4039 - 4040: -2164
4040 - 4041: 8823
4041 - 4042: 6858
4042 - 4043: 173
4043 - 4044: 176
4044 - 4045: 188
4045 - 4046: 43381
4046 - 4047: -316
4047 - 4048: 2817
4048 - 4049: 3560
4049 - 4050: 2306
4050 - 4051: 50943
4051 - 4052: 1095
4052 - 4053: 12978
4053 - 4054: 9412
4054 - 4055: 3860
4055 - 4056: 0
4056 - 4057: -1103
4057 - 4058: -14948
4058 - 4059: -4894
4059 - 4060: -16817
4060 - 4061: -10432
4061 - 4062: -2288
4062 - 4063: -17347
4063 - 4064: 8250
4064 - 4065: 12553
4065 - 4066: 3827
4066 - 4067: -11023
4067 - 4068: -16264
4068 - 4069: 30738
4069 - 4070: -2971
4070 - 4071: -19493
4071 - 4072: -15587
4072 - 4073: -18311
4073 - 4074: -14170
4074 - 4075: -17421
4075 - 4076: -14957
4076 - 4077: 5307
4077 - 4078: -5032
4078 - 4079: -17812
4079 - 4080: -10136
4080 - 4081: -15699
4081 - 4082: -6537
4082 - 4083: -13795
4083 - 4084: -18111
4084 - 4085: -13226
4085 - 4086: -15892
4086 - 4087: -13396
4087 - 4088: -15003
4088 - 4089: -20482
4089 - 4090: -10931
4090 - 4091: 5982
4091 - 4092: -10788
4092 - 4093: 14673
4093 - 4094: -19632
4094 - 4095: -20657
4095 - 4096: -17881
4096 - 4097: -18336
4097 - 4098: -5880
4098 - 4099: -11796
4099 - 4100: -5511
4100 - 4101: -4053
4101 - 4102: -6223
4102 - 4103: 34078
4103 - 4104: -13006
4104 - 4105: -13379
4105 - 4106: -10646
4106 - 4107: -18504
4107 - 4108: -17429
4108 - 4109: 29108
4109 - 4110: 54553
4110 - 4111: -11609
4111 - 4112: 44515
4112 - 4113: -6413
4113 - 4114: -15803
4114 - 4115: -6998
4115 - 4116: -19452
4116 - 4117: -13610
4117 - 4118: 35877
4118 - 4119: -14777
4119 - 4120: 14519
4120 - 4121: -8506
4121 - 4122: -16930
4122 - 4123: -18841
4123 - 4124: -17023
4124 - 4125: -17463
4125 - 4126: -18563
4126 - 4127: -18954
4127 - 4128: -16103
4128 - 4129: -19664
4129 - 4130: -17571
4130 - 4131: -16900
4131 - 4132: -17137
4132 - 4133: 28625
4133 - 4134: -20525
4134 - 4135: 21053
4135 - 4136: -13374
4136 - 4137: 42485
4137 - 4138: -17563
4138 - 4139: -19348
4139 - 4140: 22972
4140 - 4141: 4834
4141 - 4142: -17620
4142 - 4143: -16869
4143 - 4144: -3424
4144 - 4145: -3977
4145 - 4146: -14973
4146 - 4147: -15232
4147 - 4148: 32481
4148 - 4149: -18052
4149 - 4150: -14401
4150 - 4151: -15066
4151 - 4152: -14975
4152 - 4153: -12553
4153 - 4154: -7161
4154 - 4155: -18800
4155 - 4156: -13235
4156 - 4157: 28515
4157 - 4158: -14918
4158 - 4159: -17888
4159 - 4160: -17916
4160 - 4161: -18878
4161 - 4162: -9001
4162 - 4163: -16653
4163 - 4164: 28950
4164 - 4165: -15316
4165 - 4166: -7376
4166 - 4167: -13562
4167 - 4168: -15794
4168 - 4169: -11480
4169 - 4170: -15100
4170 - 4171: -8458
4171 - 4172: -6020
4172 - 4173: -17028
4173 - 4174: -8636
4174 - 4175: -16886
4175 - 4176: -19975
4176 - 4177: -16675
4177 - 4178: -19780
4178 - 4179: -8355
4179 - 4180: 2427
4180 - 4181: -15483
4181 - 4182: -9958
4182 - 4183: 34805
4183 - 4184: -14988
4184 - 4185: -16795
4185 - 4186: -17514
4186 - 4187: -15014
4187 - 4188: -12034
4188 - 4189: 25074
4189 - 4190: -13109
4190 - 4191: -10512
4191 - 4192: -11954
4192 - 4193: -17514
4193 - 4194: -8415
4194 - 4195: -15990
4195 - 4196: -9349
4196 - 4197: -16453
4197 - 4198: -17371
4198 - 4199: -15876
4199 - 4200: -18142
4200 - 4201: -14774
4201 - 4202: -16594
4202 - 4203: 17077
4203 - 4204: -15737
4204 - 4205: -17391
4205 - 4206: 4688
4206 - 4207: -18067
4207 - 4208: -18458
4208 - 4209: -17544
4209 - 4210: -17974
4210 - 4211: -13436
4211 - 4212: -14480
4212 - 4213: -12990
4213 - 4214: -7770
4214 - 4215: 36126
4215 - 4216: -19364
4216 - 4217: -7217
4217 - 4218: 21143
4218 - 4219: -17018
4219 - 4220: -18461
4220 - 4221: -7769
4221 - 4222: -18182
4222 - 4223: -19569
4223 - 4224: -10638
4224 - 4225: -16745
4225 - 4226: -6820
4226 - 4227: -10885
4227 - 4228: 42519
4228 - 4229: -19254
4229 - 4230: -16924
4230 - 4231: 6505
4231 - 4232: -12812
4232 - 4233: -17588
4233 - 4234: -4762
4234 - 4235: -5939
4235 - 4236: 23395
4236 - 4237: 6435
4237 - 4238: -1951
4238 - 4239: -7405
4239 - 4240: -12275
4240 - 4241: -18580
4241 - 4242: -16432
4242 - 4243: -17224
4243 - 4244: -14536
4244 - 4245: -1357
4245 - 4246: -11564
4246 - 4247: -15173
4247 - 4248: -17257
4248 - 4249: 20155
4249 - 4250: -17988
4250 - 4251: -15568
4251 - 4252: -18869
4252 - 4253: 2181
4253 - 4254: -1650
4254 - 4255: -14386
4255 - 4256: -2292
4256 - 4257: 49018
4257 - 4258: -13813
4258 - 4259: -12097
4259 - 4260: -4640
4260 - 4261: -9085
4261 - 4262: -8397
4262 - 4263: -7670
4263 - 4264: -11503
4264 - 4265: 2422
4265 - 4266: 40794
4266 - 4267: -20555
4267 - 4268: -10132
4268 - 4269: -6335
4269 - 4270: -17965
4270 - 4271: 2108
4271 - 4272: 2808
4272 - 4273: -19231
4273 - 4274: -8446
4274 - 4275: -5509
4275 - 4276: -15912
4276 - 4277: 19762
4277 - 4278: -13866
4278 - 4279: 3072
4279 - 4280: -9432
4280 - 4281: -912
4281 - 4282: -17317
4282 - 4283: -16556
4283 - 4284: -13521
4284 - 4285: -15647
4285 - 4286: -8566
4286 - 4287: -5628
4287 - 4288: -8402
4288 - 4289: -15350
4289 - 4290: -15660
4290 - 4291: -7737
4291 - 4292: -11133
4292 - 4293: -15410
4293 - 4294: -17409
4294 - 4295: -9053
4295 - 4296: -6477
4296 - 4297: -19162
4297 - 4298: -12440
4298 - 4299: 12231
4299 - 4300: -21580
4300 - 4301: -2976
4301 - 4302: 7498
4302 - 4303: -9030
4303 - 4304: -13913
4304 - 4305: 5637
4305 - 4306: 3486
4306 - 4307: 7332
4307 - 4308: -7537
4308 - 4309: -18307
4309 - 4310: 19813
4310 - 4311: -12888
4311 - 4312: -7676
4312 - 4313: 1199
4313 - 4314: -16039
4314 - 4315: -5123
4315 - 4316: -8833
4316 - 4317: -17624
4317 - 4318: -18556
4318 - 4319: 10229
4319 - 4320: -15815
4320 - 4321: 97
4321 - 4322: -8454
4322 - 4323: 51558
4323 - 4324: 33376
4324 - 4325: -15577
4325 - 4326: 49011
4326 - 4327: -19488
4327 - 4328: 3013
4328 - 4329: -14972
4329 - 4330: 6875
4330 - 4331: -3544
4331 - 4332: -2783
4332 - 4333: -16985
4333 - 4334: -18793
4334 - 4335: -5980
4335 - 4336: 47672
4336 - 4337: 10379
4337 - 4338: -19828
4338 - 4339: -7506
4339 - 4340: -16231
4340 - 4341: -11646
4341 - 4342: -18970
4342 - 4343: -12015
4343 - 4344: -19204
4344 - 4345: -9835
4345 - 4346: -18758
4346 - 4347: -16944
4347 - 4348: -16214
4348 - 4349: -9963
4349 - 4350: -16919
4350 - 4351: -12224
4351 - 4352: -7966
4352 - 4353: 22921
4353 - 4354: -5974
4354 - 4355: -2510
4355 - 4356: -5636
4356 - 4357: -15187
4357 - 4358: -20035
4358 - 4359: -9086
4359 - 4360: -15159
4360 - 4361: -18136
4361 - 4362: 8774
4362 - 4363: -318
4363 - 4364: -12715
4364 - 4365: -18032
4365 - 4366: -17099
4366 - 4367: 41963
4367 - 4368: 0
4368 - 4369: 3049
4369 - 4370: -660
4370 - 4371: 26031
4371 - 4372: 1127
4372 - 4373: 4497
4373 - 4374: 3849
4374 - 4375: 2752
4375 - 4376: 52961
4376 - 4377: -1709
4377 - 4378: -5210
4378 - 4379: -775
4379 - 4380: 17791
4380 - 4381: -1504
4381 - 4382: -307
4382 - 4383: 883
4383 - 4384: -513
4384 - 4385: -2206
4385 - 4386: -3102
4386 - 4387: -1960
4387 - 4388: -1776
4388 - 4389: -2086
4389 - 4390: 1215
4390 - 4391: -2585
4391 - 4392: -2218
4392 - 4393: 13398
4393 - 4394: 77
4394 - 4395: 45199
4395 - 4396: 1284
4396 - 4397: 2251
4397 - 4398: 4777
4398 - 4399: -1387
4399 - 4400: -1939
4400 - 4401: 1761
4401 - 4402: -3114
4402 - 4403: 3974
4403 - 4404: 31655
4404 - 4405: -541
4405 - 4406: 640
4406 - 4407: 9105
4407 - 4408: 1548
4408 - 4409: 7973
4409 - 4410: 7857
4410 - 4411: 13139
4411 - 4412: -1480
4412 - 4413: 14786
4413 - 4414: 2141
4414 - 4415: -646
4415 - 4416: -2703
4416 - 4417: 64898
4417 - 4418: -3887
4418 - 4419: 6873
4419 - 4420: 16461
4420 - 4421: 15353
4421 - 4422: 9323
4422 - 4423: 50547
4423 - 4424: 7281
4424 - 4425: 3957
4425 - 4426: -2357
4426 - 4427: 3561
4427 - 4428: 8540
4428 - 4429: -1274
4429 - 4430: -3912
4430 - 4431: 12397
4431 - 4432: 5628
4432 - 4433: 5559
4433 - 4434: -790
4434 - 4435: 1447
4435 - 4436: 1749
4436 - 4437: 22230
4437 - 4438: 15992
4438 - 4439: -826
4439 - 4440: -1649
4440 - 4441: 12508
4441 - 4442: -484
4442 - 4443: 525
4443 - 4444: -570
4444 - 4445: -922
4445 - 4446: -2395
4446 - 4447: -2341
4447 - 4448: 3037
4448 - 4449: 4092
4449 - 4450: -992
4450 - 4451: -1902
4451 - 4452: -5253
4452 - 4453: 718
4453 - 4454: -1373
4454 - 4455: 3628
4455 - 4456: 18073
4456 - 4457: 8019
4457 - 4458: -3558
4458 - 4459: 5975
4459 - 4460: 10940
4460 - 4461: 7630
4461 - 4462: 1018
4462 - 4463: 9569
4463 - 4464: 2456
4464 - 4465: 7051
4465 - 4466: 68409
4466 - 4467: 8475
4467 - 4468: 1144
4468 - 4469: -1326
4469 - 4470: 570
4470 - 4471: 2691
4471 - 4472: 6329
4472 - 4473: -1533
4473 - 4474: 13382
4474 - 4475: -1789
4475 - 4476: -2918
4476 - 4477: -4597
4477 - 4478: 44451
4478 - 4479: -1555
4479 - 4480: 1619
4480 - 4481: 563
4481 - 4482: 19322
4482 - 4483: 346
4483 - 4484: -1049
4484 - 4485: -1678
4485 - 4486: -425
4486 - 4487: -162
4487 - 4488: -1957
4488 - 4489: 10141
4489 - 4490: 2402
4490 - 4491: 5729
4491 - 4492: 16417
4492 - 4493: 16683
4493 - 4494: 7593
4494 - 4495: -3106
4495 - 4496: 8819
4496 - 4497: 436
4497 - 4498: 2914
4498 - 4499: 31501
4499 - 4500: 97
4500 - 4501: 1237
4501 - 4502: 3319
4502 - 4503: 1153
4503 - 4504: 15674
4504 - 4505: 3960
4505 - 4506: 2154
4506 - 4507: 671
4507 - 4508: 49897
4508 - 4509: 66976
4509 - 4510: 1881
4510 - 4511: 16516
4511 - 4512: 13057
4512 - 4513: 11425
4513 - 4514: 11566
4514 - 4515: 13267
4515 - 4516: 14856
4516 - 4517: 47713
4517 - 4518: 14795
4518 - 4519: 4753
4519 - 4520: 12205
4520 - 4521: 13336
4521 - 4522: -1913
4522 - 4523: 6892
4523 - 4524: -1482
4524 - 4525: -238
4525 - 4526: -1946
4526 - 4527: 1513
4527 - 4528: 2618
4528 - 4529: -1631
4529 - 4530: 493
4530 - 4531: 896
4531 - 4532: 2474
4532 - 4533: 59037
4533 - 4534: -3336
4534 - 4535: 1862
4535 - 4536: -86
4536 - 4537: 4155
4537 - 4538: 9376
4538 - 4539: -261
4539 - 4540: 2947
4540 - 4541: 78
4541 - 4542: -870
4542 - 4543: 48904
4543 - 4544: -754
4544 - 4545: 8215
4545 - 4546: 862
4546 - 4547: 67176
4547 - 4548: -25
4548 - 4549: 29983
4549 - 4550: 31705
4550 - 4551: 2394
4551 - 4552: -768
4552 - 4553: -1447
4553 - 4554: 5333
4554 - 4555: 10309
4555 - 4556: 8841
4556 - 4557: 17856
4557 - 4558: 11231
4558 - 4559: -1287
4559 - 4560: 5624
4560 - 4561: 1483
4561 - 4562: 859
4562 - 4563: 1510
4563 - 4564: 1195
4564 - 4565: 37976
4565 - 4566: 6936
4566 - 4567: 14959
4567 - 4568: 4606
4568 - 4569: 40716
4569 - 4570: 182
4570 - 4571: -3394
4571 - 4572: 48346
4572 - 4573: 794
4573 - 4574: -1020
4574 - 4575: -415
4575 - 4576: 22017
4576 - 4577: -1876
4577 - 4578: 6202
4578 - 4579: 6101
4579 - 4580: 5445
4580 - 4581: -888
4581 - 4582: -334
4582 - 4583: 8520
4583 - 4584: 37334
4584 - 4585: 2703
4585 - 4586: -1233
4586 - 4587: 51886
4587 - 4588: -2168
4588 - 4589: 501
4589 - 4590: 13931
4590 - 4591: -2773
4591 - 4592: 6679
4592 - 4593: -3005
4593 - 4594: 16244
4594 - 4595: -1954
4595 - 4596: 45139
4596 - 4597: -749
4597 - 4598: -488
4598 - 4599: 1090
4599 - 4600: -419
4600 - 4601: 2149
4601 - 4602: 108
4602 - 4603: 571
4603 - 4604: 279
4604 - 4605: -1338
4605 - 4606: 3296
4606 - 4607: -1825
4607 - 4608: 46552
4608 - 4609: 3509
4609 - 4610: -1774
4610 - 4611: 62331
4611 - 4612: 491
4612 - 4613: 2057
4613 - 4614: -317
4614 - 4615: -244
4615 - 4616: -4
4616 - 4617: 1025
4617 - 4618: -4153
4618 - 4619: -1527
4619 - 4620: 2099
4620 - 4621: 2489
4621 - 4622: 28642
4622 - 4623: -555
4623 - 4624: 686
4624 - 4625: -1771
4625 - 4626: 47
4626 - 4627: 2897
4627 - 4628: 47825
4628 - 4629: 1389
4629 - 4630: 12319
4630 - 4631: -2233
4631 - 4632: -553
4632 - 4633: 50
4633 - 4634: -2299
4634 - 4635: -3103
4635 - 4636: -4163
4636 - 4637: -1188
4637 - 4638: -1343
4638 - 4639: -1879
4639 - 4640: -1854
4640 - 4641: -1360
4641 - 4642: 16340
4642 - 4643: 6107
4643 - 4644: -2702
4644 - 4645: 476
4645 - 4646: 6934
4646 - 4647: 4514
4647 - 4648: 10614
4648 - 4649: 3791
4649 - 4650: -255
4650 - 4651: -312
4651 - 4652: 6089
4652 - 4653: 1132
4653 - 4654: 10976
4654 - 4655: 1769
4655 - 4656: -637
4656 - 4657: -2043
4657 - 4658: 1219
4658 - 4659: -1656
4659 - 4660: -502
4660 - 4661: 16402
4661 - 4662: 4780
4662 - 4663: -730
4663 - 4664: 3518
4664 - 4665: -3018
4665 - 4666: 817
4666 - 4667: -3056
4667 - 4668: 1146
4668 - 4669: 6833
4669 - 4670: 7792
4670 - 4671: 6218
4671 - 4672: -1948
4672 - 4673: 21283
4673 - 4674: 6404
4674 - 4675: 15424
4675 - 4676: -1069
4676 - 4677: 148
4677 - 4678: 3508
4678 - 4679: -875
4679 - 4680: 0
4680 - 4681: -2501
4681 - 4682: 1545
4682 - 4683: 39118
4683 - 4684: 4676
4684 - 4685: -2076
4685 - 4686: -4833
4686 - 4687: 20011
4687 - 4688: 3424
4688 - 4689: 479
4689 - 4690: 621
4690 - 4691: -4084
4691 - 4692: 2065
4692 - 4693: 15384
4693 - 4694: -139
4694 - 4695: 8069
4695 - 4696: -4154
4696 - 4697: 548
4697 - 4698: 8037
4698 - 4699: 7663
4699 - 4700: 15577
4700 - 4701: -6292
4701 - 4702: 12076
4702 - 4703: -5421
4703 - 4704: -1746
4704 - 4705: 42834
4705 - 4706: -5786
4706 - 4707: -1361
4707 - 4708: 1621
4708 - 4709: -2207
4709 - 4710: -2714
4710 - 4711: 165
4711 - 4712: -176
4712 - 4713: 9257
4713 - 4714: -1371
4714 - 4715: 446
4715 - 4716: 1721
4716 - 4717: 991
4717 - 4718: -2818
4718 - 4719: 19279
4719 - 4720: -2282
4720 - 4721: -1900
4721 - 4722: 216
4722 - 4723: -1740
4723 - 4724: -667
4724 - 4725: 302
4725 - 4726: 12840
4726 - 4727: -6073
4727 - 4728: 202
4728 - 4729: -2406
4729 - 4730: 5542
4730 - 4731: -4326
4731 - 4732: -2392
4732 - 4733: 6037
4733 - 4734: 12217
4734 - 4735: -4314
4735 - 4736: 11215
4736 - 4737: -998
4737 - 4738: 17260
4738 - 4739: 1918
4739 - 4740: 8229
4740 - 4741: 1735
4741 - 4742: -4015
4742 - 4743: 43914
4743 - 4744: 8087
4744 - 4745: 351
4745 - 4746: 1265
4746 - 4747: -2081
4747 - 4748: -1008
4748 - 4749: 11432
4749 - 4750: 7986
4750 - 4751: 11471
4751 - 4752: 5704
4752 - 4753: 14153
4753 - 4754: -4186
4754 - 4755: 57443
4755 - 4756: -1348
4756 - 4757: -815
4757 - 4758: 55829
4758 - 4759: -120
4759 - 4760: 4026
4760 - 4761: 35957
4761 - 4762: 7290
4762 - 4763: -1995
4763 - 4764: -2064
4764 - 4765: -1982
4765 - 4766: -64
4766 - 4767: -11
4767 - 4768: -3748
4768 - 4769: 134
4769 - 4770: -5345
4770 - 4771: -2592
4771 - 4772: 1224
4772 - 4773: 50630
4773 - 4774: -2697
4774 - 4775: 3459
4775 - 4776: -2009
4776 - 4777: 28645
4777 - 4778: -1586
4778 - 4779: -377
4779 - 4780: -869
4780 - 4781: 69628
4781 - 4782: -4432
4782 - 4783: -4830
4783 - 4784: -325
4784 - 4785: -3470
4785 - 4786: -5109
4786 - 4787: -7313
4787 - 4788: -4495
4788 - 4789: 11039
4789 - 4790: 54123
4790 - 4791: -662
4791 - 4792: -5717
4792 - 4793: 11072
4793 - 4794: 69083
4794 - 4795: -2231
4795 - 4796: -3695
4796 - 4797: 1769
4797 - 4798: 105
4798 - 4799: 28276
4799 - 4800: -859
4800 - 4801: -2804
4801 - 4802: -4470
4802 - 4803: -1571
4803 - 4804: -1338
4804 - 4805: 2915
4805 - 4806: 51062
4806 - 4807: 5149
4807 - 4808: 2755
4808 - 4809: -2952
4809 - 4810: 28381
4810 - 4811: -31
4811 - 4812: -1853
4812 - 4813: -3683
4813 - 4814: -4396
4814 - 4815: 4480
4815 - 4816: -5149
4816 - 4817: -2732
4817 - 4818: -5050
4818 - 4819: -1420
4819 - 4820: 1401
4820 - 4821: -5164
4821 - 4822: -3919
4822 - 4823: -5165
4823 - 4824: -1986
4824 - 4825: -4153
4825 - 4826: -6308
4826 - 4827: -3394
4827 - 4828: -4651
4828 - 4829: -3234
4829 - 4830: 152
4830 - 4831: 9415
4831 - 4832: -4189
4832 - 4833: 1179
4833 - 4834: 1300
4834 - 4835: -5020
4835 - 4836: -3250
4836 - 4837: 19614
4837 - 4838: -517
4838 - 4839: 59623
4839 - 4840: -1980
4840 - 4841: -3462
4841 - 4842: 310
4842 - 4843: -1153
4843 - 4844: 94
4844 - 4845: -739
4845 - 4846: -1740
4846 - 4847: 892
4847 - 4848: 228
4848 - 4849: -1977
4849 - 4850: -4287
4850 - 4851: -2088
4851 - 4852: 35869
4852 - 4853: 1496
4853 - 4854: -6239
4854 - 4855: -1526
4855 - 4856: -4065
4856 - 4857: -3258
4857 - 4858: -2540
4858 - 4859: -1204
4859 - 4860: -4076
4860 - 4861: -5214
4861 - 4862: -3810
4862 - 4863: -5137
4863 - 4864: 1382
4864 - 4865: 2862
4865 - 4866: -2548
4866 - 4867: 719
4867 - 4868: -7444
4868 - 4869: 26841
4869 - 4870: -2240
4870 - 4871: -1604
4871 - 4872: -4392
4872 - 4873: 1352
4873 - 4874: -4934
4874 - 4875: -1422
4875 - 4876: -3040
4876 - 4877: -1900
4877 - 4878: 41821
4878 - 4879: -1548
4879 - 4880: -5624
4880 - 4881: -223
4881 - 4882: -1289
4882 - 4883: 53603
4883 - 4884: -3944
4884 - 4885: -3509
4885 - 4886: -2547
4886 - 4887: -3600
4887 - 4888: -2903
4888 - 4889: -834
4889 - 4890: -305
4890 - 4891: -7209
4891 - 4892: -1622
4892 - 4893: -4718
4893 - 4894: -937
4894 - 4895: 134
4895 - 4896: -3244
4896 - 4897: -4274
4897 - 4898: 563
4898 - 4899: -2244
4899 - 4900: -4208
4900 - 4901: -3406
4901 - 4902: -2704
4902 - 4903: 4529
4903 - 4904: -4209
4904 - 4905: 13259
4905 - 4906: -5575
4906 - 4907: 56535
4907 - 4908: -3618
4908 - 4909: 7459
4909 - 4910: 5428
4910 - 4911: 1282
4911 - 4912: -1635
4912 - 4913: -612
4913 - 4914: -3065
4914 - 4915: -2518
4915 - 4916: 20167
4916 - 4917: 13498
4917 - 4918: -2199
4918 - 4919: 1960
4919 - 4920: -2346
4920 - 4921: -2537
4921 - 4922: -466
4922 - 4923: 65943
4923 - 4924: -1855
4924 - 4925: -3254
4925 - 4926: -2870
4926 - 4927: 12665
4927 - 4928: 19445
4928 - 4929: 48287
4929 - 4930: 588
4930 - 4931: 22640
4931 - 4932: 9642
4932 - 4933: 5988
4933 - 4934: 6210
4934 - 4935: 526
4935 - 4936: -2975
4936 - 4937: 4487
4937 - 4938: 8908
4938 - 4939: -3912
4939 - 4940: 1591
4940 - 4941: -1308
4941 - 4942: -879
4942 - 4943: 5129
4943 - 4944: 13662
4944 - 4945: -1179
4945 - 4946: 10997
4946 - 4947: 49054
4947 - 4948: 21471
4948 - 4949: 7094
4949 - 4950: -803
4950 - 4951: 827
4951 - 4952: 230
4952 - 4953: 35303
4953 - 4954: 2622
4954 - 4955: 5397
4955 - 4956: 44467
4956 - 4957: 11054
4957 - 4958: 14151
4958 - 4959: 66897
4959 - 4960: 25726
4960 - 4961: 15229
4961 - 4962: 12008
4962 - 4963: 78642
4963 - 4964: 50565
4964 - 4965: 7704
4965 - 4966: 43104
4966 - 4967: 6681
4967 - 4968: 4475
4968 - 4969: 3139
4969 - 4970: 11452
4970 - 4971: -2640
4971 - 4972: 4535
4972 - 4973: 62939
4973 - 4974: -5197
4974 - 4975: -1477
4975 - 4976: -684
4976 - 4977: -1935
4977 - 4978: 1777
4978 - 4979: 11205
4979 - 4980: -1804
4980 - 4981: -2558
4981 - 4982: 7432
4982 - 4983: -2794
4983 - 4984: 6787
4984 - 4985: -2988
4985 - 4986: -1518
4986 - 4987: 35100
4987 - 4988: 17366
4988 - 4989: 4184
4989 - 4990: 3957
4990 - 4991: 6486
4991 - 4992: 0
4992 - 4993: 0
4993 - 4994: 0
4994 - 4995: 0
4995 - 4996: 0
4996 - 4997: 0
4997 - 4998: 0
4998 - 4999: 0
4999 - 5000: 0

Timing completed for program using OpenMP with 16 threads and 499244137 CPUs
Reading in File: 4.022000 nanoseconds
Comparisons of wiki pages: 78.298000 nanoseconds
Overall time: 82.320000 nanoseconds
