0 - 1: 32923
1 - 2: -33872
2 - 3: -36905
3 - 4: -35406
4 - 5: -35603
5 - 6: -35979
6 - 7: -38003
7 - 8: -33135
8 - 9: -38442
9 - 10: -37212
10 - 11: -31835
11 - 12: 13186
12 - 13: -33778
13 - 14: 31472
14 - 15: -39317
15 - 16: 23462
16 - 17: 18916
17 - 18: 33725
18 - 19: 7197
19 - 20: 13519
20 - 21: -29635
21 - 22: -33212
22 - 23: -34680
23 - 24: 27238
24 - 25: -38971
25 - 26: 17946
26 - 27: -33216
27 - 28: -32909
28 - 29: 7333
29 - 30: 19856
30 - 31: -32510
31 - 32: -37646
32 - 33: 7763
33 - 34: -28930
34 - 35: -34819
35 - 36: 11449
36 - 37: -36574
37 - 38: -39085
38 - 39: 21781
39 - 40: -25357
40 - 41: 25551
41 - 42: 30922
42 - 43: 33900
43 - 44: -33945
44 - 45: -33911
45 - 46: -654
46 - 47: -28370
47 - 48: -37862
48 - 49: -35876
49 - 50: -38291
50 - 51: -37577
51 - 52: -34411
52 - 53: -24431
53 - 54: -33948
54 - 55: -36749
55 - 56: -21401
56 - 57: -33758
57 - 58: -33173
58 - 59: -39807
59 - 60: -37924
60 - 61: -1579
61 - 62: -35486
62 - 63: 19366
63 - 64: -36547
64 - 65: -15061
65 - 66: -38117
66 - 67: -36615
67 - 68: -25894
68 - 69: -30138
69 - 70: -35824
70 - 71: -28419
71 - 72: -36362
72 - 73: -36600
73 - 74: -25524
74 - 75: -37236
75 - 76: -37511
76 - 77: -36256
77 - 78: 137
78 - 79: -34241
79 - 80: -24083
80 - 81: -30723
81 - 82: -41974
82 - 83: -36567
83 - 84: -37094
84 - 85: -23866
85 - 86: -33188
86 - 87: -25587
87 - 88: -38171
88 - 89: -36662
89 - 90: -35483
90 - 91: -39005
91 - 92: -1138
92 - 93: -35965
93 - 94: -23237
94 - 95: -35664
95 - 96: -26377
96 - 97: -33522
97 - 98: -30771
98 - 99: -31945
99 - 100: -30114
100 - 101: -38379
101 - 102: -33866
102 - 103: -28712
103 - 104: -29976
104 - 105: -30368
105 - 106: 744
106 - 107: -32903
107 - 108: -32464
108 - 109: -29433
109 - 110: -30931
110 - 111: -29590
111 - 112: -32101
112 - 113: -30031
113 - 114: -28850
114 - 115: -23739
115 - 116: -29443
116 - 117: -30632
117 - 118: 45180
118 - 119: -29238
119 - 120: -30189
120 - 121: -36960
121 - 122: -32591
122 - 123: -35705
123 - 124: -34353
124 - 125: -27745
125 - 126: -29488
126 - 127: -30558
127 - 128: -35183
128 - 129: -32825
129 - 130: -24943
130 - 131: -38715
131 - 132: -26130
132 - 133: -37629
133 - 134: -28412
134 - 135: -33958
135 - 136: 22350
136 - 137: -32177
137 - 138: -20237
138 - 139: -37518
139 - 140: -30415
140 - 141: -35739
141 - 142: -34704
142 - 143: -30182
143 - 144: -31862
144 - 145: -35759
145 - 146: -30841
146 - 147: -34718
147 - 148: -32339
148 - 149: 9765
149 - 150: -30471
150 - 151: -25624
151 - 152: -28440
152 - 153: -30260
153 - 154: -34084
154 - 155: -27900
155 - 156: 0
156 - 157: 1214
157 - 158: 2029
158 - 159: 10454
159 - 160: 9029
160 - 161: 7867
161 - 162: 10127
162 - 163: 1755
163 - 164: 5050
164 - 165: 3957
165 - 166: 2595
166 - 167: 7279
167 - 168: 53767
168 - 169: 5292
169 - 170: 10567
170 - 171: 7593
171 - 172: -679
172 - 173: 10691
173 - 174: 6663
174 - 175: 5666
175 - 176: 7650
176 - 177: 7400
177 - 178: 6436
178 - 179: 1894
179 - 180: 7740
180 - 181: 1371
181 - 182: 6161
182 - 183: 3253
183 - 184: 5856
184 - 185: 4969
185 - 186: 6881
186 - 187: 6669
187 - 188: 1163
188 - 189: 8858
189 - 190: 6914
190 - 191: 9451
191 - 192: 43448
192 - 193: 4794
193 - 194: 1049
194 - 195: 12262
195 - 196: 28947
196 - 197: 3017
197 - 198: 14337
198 - 199: 5483
199 - 200: 5821
200 - 201: 8458
201 - 202: 1670
202 - 203: 3880
203 - 204: 3191
204 - 205: 2725
205 - 206: 7239
206 - 207: 37975
207 - 208: 3039
208 - 209: 8217
209 - 210: 33723
210 - 211: 9316
211 - 212: 26472
212 - 213: 17595
213 - 214: 13548
214 - 215: 3402
215 - 216: 58357
216 - 217: 840
217 - 218: 1991
218 - 219: 21235
219 - 220: 901
220 - 221: 2834
221 - 222: 15497
222 - 223: 2320
223 - 224: 1172
224 - 225: 9641
225 - 226: 4510
226 - 227: 3506
227 - 228: 62451
228 - 229: 2304
229 - 230: 1125
230 - 231: 4211
231 - 232: 5335
232 - 233: 1323
233 - 234: 13987
234 - 235: 60493
235 - 236: 21309
236 - 237: 1332
237 - 238: 10689
238 - 239: 12720
239 - 240: 50925
240 - 241: 47031
241 - 242: 3219
242 - 243: 3107
243 - 244: 6215
244 - 245: 31216
245 - 246: 29824
246 - 247: 28461
247 - 248: 30409
248 - 249: 30481
249 - 250: 30305
250 - 251: 29869
251 - 252: 30817
252 - 253: 28168
253 - 254: 29561
254 - 255: 29821
255 - 256: 30409
256 - 257: 29107
257 - 258: 29470
258 - 259: 1979
259 - 260: 54247
260 - 261: 11315
261 - 262: 69352
262 - 263: 764
263 - 264: 46195
264 - 265: 947
265 - 266: 2275
266 - 267: 49966
267 - 268: 5240
268 - 269: 4079
269 - 270: 2250
270 - 271: 6125
271 - 272: 12776
272 - 273: 1590
273 - 274: 25256
274 - 275: 1411
275 - 276: -208
276 - 277: 60656
277 - 278: 2611
278 - 279: -3286
279 - 280: 9384
280 - 281: 7290
281 - 282: 6426
282 - 283: 7856
283 - 284: -6
284 - 285: 8362
285 - 286: 2984
286 - 287: 6347
287 - 288: -566
288 - 289: 7889
289 - 290: 7940
290 - 291: 12983
291 - 292: 4157
292 - 293: 17669
293 - 294: 8074
294 - 295: 5481
295 - 296: 7916
296 - 297: -392
297 - 298: -2124
298 - 299: 19351
299 - 300: 3377
300 - 301: 2356
301 - 302: 82989
302 - 303: 11899
303 - 304: 6137
304 - 305: 5040
305 - 306: 10296
306 - 307: 2470
307 - 308: 1137
308 - 309: 2038
309 - 310: 2231
310 - 311: 3380
311 - 312: 0
312 - 313: -4488
313 - 314: -1338
314 - 315: -5048
315 - 316: 3954
316 - 317: 3429
317 - 318: 818
318 - 319: -2905
319 - 320: -1420
320 - 321: 3139
321 - 322: 894
322 - 323: -5911
323 - 324: 1419
324 - 325: -3177
325 - 326: -3615
326 - 327: 12630
327 - 328: 3322
328 - 329: -727
329 - 330: 3523
330 - 331: 492
331 - 332: -4009
332 - 333: -3971
333 - 334: -7224
334 - 335: -1758
335 - 336: -5588
336 - 337: -5363
337 - 338: -2962
338 - 339: -3631
339 - 340: 6094
340 - 341: 34457
341 - 342: -2710
342 - 343: 2717
343 - 344: -3167
344 - 345: 8098
345 - 346: -2835
346 - 347: -2868
347 - 348: -1473
348 - 349: -7185
349 - 350: -1382
350 - 351: 1563
351 - 352: 36532
352 - 353: -6304
353 - 354: 54258
354 - 355: -2672
355 - 356: 8413
356 - 357: -1618
357 - 358: 104
358 - 359: -1320
359 - 360: 109
360 - 361: -3375
361 - 362: -4153
362 - 363: -5305
363 - 364: -6657
364 - 365: 2372
365 - 366: -4029
366 - 367: -3689
367 - 368: -5933
368 - 369: 3748
369 - 370: -5968
370 - 371: -2894
371 - 372: -1275
372 - 373: 6376
373 - 374: 12060
374 - 375: -3017
375 - 376: -2941
376 - 377: -6520
377 - 378: 2847
378 - 379: -306
379 - 380: -89
380 - 381: -4323
381 - 382: -4013
382 - 383: -3709
383 - 384: -170
384 - 385: -3377
385 - 386: 4082
386 - 387: -1054
387 - 388: -716
388 - 389: 57
389 - 390: 5135
390 - 391: 5605
391 - 392: -600
392 - 393: -1564
393 - 394: 12282
394 - 395: -3328
395 - 396: -2592
396 - 397: 6764
397 - 398: 1275
398 - 399: -3957
399 - 400: -2058
400 - 401: -267
401 - 402: -4088
402 - 403: -1137
403 - 404: 3338
404 - 405: 4406
405 - 406: 43397
406 - 407: -5591
407 - 408: -7007
408 - 409: 40456
409 - 410: 2300
410 - 411: -110
411 - 412: -5538
412 - 413: -4225
413 - 414: -6135
414 - 415: -5134
415 - 416: 68597
416 - 417: -4284
417 - 418: 7102
418 - 419: -6233
419 - 420: 5203
420 - 421: 2446
421 - 422: 27429
422 - 423: 7317
423 - 424: 395
424 - 425: 5739
425 - 426: 2105
426 - 427: 62672
427 - 428: -2333
428 - 429: 9280
429 - 430: 58140
430 - 431: -2340
431 - 432: 4012
432 - 433: 60328
433 - 434: -4387
434 - 435: 278
435 - 436: -4200
436 - 437: -3124
437 - 438: -3232
438 - 439: -2849
439 - 440: 16433
440 - 441: 37182
441 - 442: -2052
442 - 443: 42523
443 - 444: -4330
444 - 445: -6472
445 - 446: -4537
446 - 447: -5220
447 - 448: -7395
448 - 449: -2079
449 - 450: 11879
450 - 451: -4240
451 - 452: -3577
452 - 453: 27102
453 - 454: -3482
454 - 455: -3206
455 - 456: 35394
456 - 457: -4147
457 - 458: 11714
458 - 459: -3436
459 - 460: -4227
460 - 461: 9929
461 - 462: -2830
462 - 463: -3480
463 - 464: 852
464 - 465: -4049
465 - 466: 5595
466 - 467: -5366
467 - 468: 0
468 - 469: -9261
469 - 470: 15601
470 - 471: 21063
471 - 472: -5976
472 - 473: -3460
473 - 474: -6475
474 - 475: 6318
475 - 476: 38264
476 - 477: -9218
477 - 478: -8219
478 - 479: -5500
479 - 480: -9792
480 - 481: -8594
481 - 482: -6895
482 - 483: 7630
483 - 484: -6887
484 - 485: 12865
485 - 486: -1713
486 - 487: -4218
487 - 488: -7039
488 - 489: -841
489 - 490: 10977
490 - 491: -7820
491 - 492: -7907
492 - 493: 405
493 - 494: -5529
494 - 495: -148
495 - 496: -7715
496 - 497: -7313
497 - 498: 476
498 - 499: 28970
499 - 500: -6153
500 - 501: -6058
501 - 502: -10978
502 - 503: -10429
503 - 504: 11909
504 - 505: 9837
505 - 506: 6443
506 - 507: -11799
507 - 508: 4437
508 - 509: -9502
509 - 510: -1891
510 - 511: -8798
511 - 512: -5440
512 - 513: 53390
513 - 514: -3708
514 - 515: -7482
515 - 516: -5503
516 - 517: -8787
517 - 518: -5430
518 - 519: -7386
519 - 520: -6910
520 - 521: -9586
521 - 522: -7042
522 - 523: -9930
523 - 524: -11327
524 - 525: -120
525 - 526: -9652
526 - 527: 3126
527 - 528: -7032
528 - 529: -5420
529 - 530: -6049
530 - 531: -7080
531 - 532: -7750
532 - 533: -5946
533 - 534: -5786
534 - 535: -4829
535 - 536: 1721
536 - 537: -4407
537 - 538: -7357
538 - 539: -8314
539 - 540: -7105
540 - 541: -6267
541 - 542: -8464
542 - 543: -7739
543 - 544: -6304
544 - 545: -7866
545 - 546: -7993
546 - 547: -7532
547 - 548: -6500
548 - 549: -5279
549 - 550: -8074
550 - 551: -5927
551 - 552: -6525
552 - 553: -6470
553 - 554: 2711
554 - 555: -2459
555 - 556: -274
556 - 557: -1259
557 - 558: -6879
558 - 559: 29499
559 - 560: 4786
560 - 561: 4893
561 - 562: 3906
562 - 563: 4601
563 - 564: -1355
564 - 565: -7561
565 - 566: -8263
566 - 567: -9573
567 - 568: -8186
568 - 569: -5152
569 - 570: 10944
570 - 571: -2378
571 - 572: -1279
572 - 573: 8198
573 - 574: -7713
574 - 575: -5100
575 - 576: -6234
576 - 577: -5115
577 - 578: -6628
578 - 579: -9977
579 - 580: -9675
580 - 581: 57209
581 - 582: 62206
582 - 583: -7529
583 - 584: -569
584 - 585: -10623
585 - 586: 28496
586 - 587: -4724
587 - 588: 1565
588 - 589: -9454
589 - 590: -11803
590 - 591: -11740
591 - 592: -10314
592 - 593: -8702
593 - 594: -10504
594 - 595: -10077
595 - 596: -10012
596 - 597: -7538
597 - 598: -9098
598 - 599: -4044
599 - 600: -6280
600 - 601: -4959
601 - 602: -3506
602 - 603: -7975
603 - 604: -9875
604 - 605: 48046
605 - 606: 8692
606 - 607: 38565
607 - 608: -13444
608 - 609: -8807
609 - 610: -6101
610 - 611: 61952
611 - 612: -8973
612 - 613: -7065
613 - 614: -7983
614 - 615: -8255
615 - 616: -459
616 - 617: -5992
617 - 618: 4713
618 - 619: -5424
619 - 620: -2138
620 - 621: -8380
621 - 622: -3532
622 - 623: 53682
623 - 624: 0
624 - 625: 1832
625 - 626: -684
626 - 627: 6775
627 - 628: 9375
628 - 629: 15789
629 - 630: 990
630 - 631: 2966
631 - 632: 6787
632 - 633: 330
633 - 634: 533
634 - 635: 10936
635 - 636: 70151
636 - 637: 2428
637 - 638: 2628
638 - 639: -5018
639 - 640: 68450
640 - 641: -4067
641 - 642: 18988
642 - 643: -741
643 - 644: 1763
644 - 645: 11568
645 - 646: 14587
646 - 647: 2085
647 - 648: 431
648 - 649: -956
649 - 650: -966
650 - 651: 6727
651 - 652: 14402
652 - 653: 13931
653 - 654: 1427
654 - 655: 828
655 - 656: 484
656 - 657: -2124
657 - 658: 2994
658 - 659: 587
659 - 660: 2414
660 - 661: 8987
661 - 662: 845
662 - 663: 67921
663 - 664: 12777
664 - 665: -774
665 - 666: 1985
666 - 667: 9405
667 - 668: 366
668 - 669: -235
669 - 670: 4130
670 - 671: 1028
671 - 672: 1528
672 - 673: 7870
673 - 674: 362
674 - 675: -865
675 - 676: 2151
676 - 677: 331
677 - 678: 1069
678 - 679: 9231
679 - 680: 278
680 - 681: 3277
681 - 682: 267
682 - 683: -209
683 - 684: -109
684 - 685: 2523
685 - 686: 8517
686 - 687: 13166
687 - 688: 5135
688 - 689: 9484
689 - 690: 5740
690 - 691: 9133
691 - 692: 3116
692 - 693: 113
693 - 694: 2457
694 - 695: 10626
695 - 696: 462
696 - 697: 44445
697 - 698: 1245
698 - 699: 4103
699 - 700: 10
700 - 701: 15459
701 - 702: 1017
702 - 703: 10883
703 - 704: -331
704 - 705: 6734
705 - 706: 1168
706 - 707: 2923
707 - 708: 14618
708 - 709: 1145
709 - 710: 1287
710 - 711: 18554
711 - 712: 19380
712 - 713: -982
713 - 714: 35374
714 - 715: 21245
715 - 716: 5796
716 - 717: 62556
717 - 718: 6284
718 - 719: 7994
719 - 720: 284
720 - 721: -982
721 - 722: 2941
722 - 723: 5830
723 - 724: 6100
724 - 725: 3147
725 - 726: 1520
726 - 727: 5476
727 - 728: 665
728 - 729: 2582
729 - 730: 1834
730 - 731: 948
731 - 732: 2958
732 - 733: 21050
733 - 734: 6929
734 - 735: 1169
735 - 736: 3617
736 - 737: 3126
737 - 738: 123
738 - 739: -79
739 - 740: 15978
740 - 741: 11505
741 - 742: 166
742 - 743: 6374
743 - 744: 1957
744 - 745: 3827
745 - 746: 18133
746 - 747: -631
747 - 748: 6320
748 - 749: 1035
749 - 750: 5916
750 - 751: 9680
751 - 752: 3117
752 - 753: 4638
753 - 754: 2182
754 - 755: 2388
755 - 756: 993
756 - 757: 6675
757 - 758: 10592
758 - 759: -745
759 - 760: 9556
760 - 761: 11310
761 - 762: -163
762 - 763: 343
763 - 764: 992
764 - 765: -2078
765 - 766: -1412
766 - 767: 3605
767 - 768: 27448
768 - 769: 7122
769 - 770: 619
770 - 771: 4089
771 - 772: -1736
772 - 773: 975
773 - 774: -640
774 - 775: -965
775 - 776: -2115
776 - 777: 1842
777 - 778: 972
778 - 779: 419
779 - 780: 0
780 - 781: -2841
781 - 782: 52140
782 - 783: -1496
783 - 784: -703
784 - 785: 10437
785 - 786: 1693
786 - 787: 69144
787 - 788: 3477
788 - 789: 2856
789 - 790: 964
790 - 791: 11277
791 - 792: 4448
792 - 793: 2163
793 - 794: 1738
794 - 795: 2649
795 - 796: 26502
796 - 797: -114
797 - 798: -872
798 - 799: 3173
799 - 800: -2213
800 - 801: -2068
801 - 802: 6160
802 - 803: 16149
803 - 804: 8670
804 - 805: 8510
805 - 806: 11831
806 - 807: 67343
807 - 808: -1947
808 - 809: -1547
809 - 810: 348
810 - 811: -1056
811 - 812: 12648
812 - 813: -2374
813 - 814: 2021
814 - 815: -459
815 - 816: 10291
816 - 817: 2518
817 - 818: 1834
818 - 819: 6492
819 - 820: 8449
820 - 821: 4578
821 - 822: -223
822 - 823: 843
823 - 824: 69614
824 - 825: 8414
825 - 826: 4516
826 - 827: 6042
827 - 828: -330
828 - 829: 51910
829 - 830: 17896
830 - 831: -1181
831 - 832: -219
832 - 833: 2369
833 - 834: 8108
834 - 835: 2596
835 - 836: -487
836 - 837: 477
837 - 838: 61238
838 - 839: -3289
839 - 840: 307
840 - 841: -214
841 - 842: 6683
842 - 843: 2813
843 - 844: 29411
844 - 845: -1117
845 - 846: 1934
846 - 847: -2429
847 - 848: -1149
848 - 849: 32910
849 - 850: 38497
850 - 851: 1807
851 - 852: -468
852 - 853: -1598
853 - 854: -842
854 - 855: -692
855 - 856: 6901
856 - 857: 1372
857 - 858: -1070
858 - 859: -1828
859 - 860: 15817
860 - 861: 1024
861 - 862: -98
862 - 863: -1234
863 - 864: 36046
864 - 865: 13900
865 - 866: -1338
866 - 867: -1893
867 - 868: 28651
868 - 869: 1529
869 - 870: 5527
870 - 871: 1177
871 - 872: 3480
872 - 873: 7597
873 - 874: -2874
874 - 875: 192
875 - 876: 2410
876 - 877: 6225
877 - 878: 8540
878 - 879: 4727
879 - 880: 63865
880 - 881: 14344
881 - 882: 5185
882 - 883: 11286
883 - 884: -1476
884 - 885: 18941
885 - 886: 339
886 - 887: -301
887 - 888: 20903
888 - 889: -691
889 - 890: -2803
890 - 891: 5668
891 - 892: -5398
892 - 893: 6486
893 - 894: 1639
894 - 895: -911
895 - 896: 8752
896 - 897: 15288
897 - 898: 13526
898 - 899: -1203
899 - 900: -1542
900 - 901: -86
901 - 902: -5920
902 - 903: 928
903 - 904: 16438
904 - 905: 36170
905 - 906: -567
906 - 907: 8415
907 - 908: -568
908 - 909: 20944
909 - 910: 893
910 - 911: 20315
911 - 912: 3419
912 - 913: 2636
913 - 914: -1974
914 - 915: -1786
915 - 916: 5431
916 - 917: 13116
917 - 918: 1057
918 - 919: -1325
919 - 920: -1021
920 - 921: 977
921 - 922: -1088
922 - 923: -560
923 - 924: 1976
924 - 925: 6932
925 - 926: 43961
926 - 927: -1534
927 - 928: 9680
928 - 929: 63311
929 - 930: 66560
930 - 931: -1146
931 - 932: -181
932 - 933: 55615
933 - 934: 22496
934 - 935: 46035
935 - 936: 0
936 - 937: -3
937 - 938: -782
938 - 939: 827
939 - 940: 3728
940 - 941: 8603
941 - 942: 13845
942 - 943: 7177
943 - 944: 2881
944 - 945: 5629
945 - 946: -326
946 - 947: 1172
947 - 948: 4012
948 - 949: 256
949 - 950: 293
950 - 951: 17507
951 - 952: 810
952 - 953: 11522
953 - 954: 9968
954 - 955: 42105
955 - 956: 1292
956 - 957: 605
957 - 958: -300
958 - 959: 319
959 - 960: 59070
960 - 961: 9272
961 - 962: 9815
962 - 963: 9099
963 - 964: 762
964 - 965: 3458
965 - 966: 43804
966 - 967: 205
967 - 968: 2138
968 - 969: -789
969 - 970: 5598
970 - 971: -1953
971 - 972: -2332
972 - 973: -2414
973 - 974: 373
974 - 975: -722
975 - 976: -929
976 - 977: 3784
977 - 978: 62284
978 - 979: 31891
979 - 980: 15243
980 - 981: 26357
981 - 982: -3752
982 - 983: -2190
983 - 984: 50862
984 - 985: 65155
985 - 986: 2062
986 - 987: 18036
987 - 988: -381
988 - 989: -1977
989 - 990: 26064
990 - 991: 10903
991 - 992: 2117
992 - 993: 3157
993 - 994: 5558
994 - 995: 68035
995 - 996: 57011
996 - 997: 16675
997 - 998: -975
998 - 999: 2541
999 - 1000: 8376
1000 - 1001: 2281
1001 - 1002: 4381
1002 - 1003: 9489
1003 - 1004: 725
1004 - 1005: 5228
1005 - 1006: -1372
1006 - 1007: 1757
1007 - 1008: 14192
1008 - 1009: -61
1009 - 1010: 3352
1010 - 1011: 13203
1011 - 1012: 15470
1012 - 1013: 3297
1013 - 1014: 6712
1014 - 1015: 31521
1015 - 1016: 57430
1016 - 1017: 5824
1017 - 1018: 16969
1018 - 1019: -243
1019 - 1020: 37470
1020 - 1021: 88
1021 - 1022: -671
1022 - 1023: 1077
1023 - 1024: 8064
1024 - 1025: -1601
1025 - 1026: 8721
1026 - 1027: 12837
1027 - 1028: 11378
1028 - 1029: 2814
1029 - 1030: 13822
1030 - 1031: -4648
1031 - 1032: 575
1032 - 1033: 1710
1033 - 1034: 2984
1034 - 1035: -1782
1035 - 1036: 3789
1036 - 1037: 3384
1037 - 1038: 10737
1038 - 1039: 2621
1039 - 1040: 38021
1040 - 1041: 1488
1041 - 1042: 16688
1042 - 1043: 14835
1043 - 1044: 18687
1044 - 1045: 745
1045 - 1046: -959
1046 - 1047: -344
1047 - 1048: 44718
1048 - 1049: 5569
1049 - 1050: 13009
1050 - 1051: -145
1051 - 1052: 45501
1052 - 1053: -2353
1053 - 1054: 1156
1054 - 1055: 15345
1055 - 1056: -716
1056 - 1057: -4041
1057 - 1058: -3302
1058 - 1059: -130
1059 - 1060: 6087
1060 - 1061: -2581
1061 - 1062: -760
1062 - 1063: 865
1063 - 1064: -1834
1064 - 1065: -697
1065 - 1066: -94
1066 - 1067: -198
1067 - 1068: 668
1068 - 1069: 302
1069 - 1070: -1838
1070 - 1071: -2517
1071 - 1072: 2684
1072 - 1073: 5205
1073 - 1074: 9159
1074 - 1075: -1750
1075 - 1076: -3041
1076 - 1077: -288
1077 - 1078: 1324
1078 - 1079: -1032
1079 - 1080: 7247
1080 - 1081: -1752
1081 - 1082: 478
1082 - 1083: -910
1083 - 1084: -2904
1084 - 1085: -3762
1085 - 1086: -1861
1086 - 1087: -2789
1087 - 1088: -1845
1088 - 1089: -1326
1089 - 1090: -2170
1090 - 1091: -396
1091 - 1092: 0
1092 - 1093: 1327
1093 - 1094: 7769
1094 - 1095: 8527
1095 - 1096: 20899
1096 - 1097: 2259
1097 - 1098: 1478
1098 - 1099: 1984
1099 - 1100: 907
1100 - 1101: 11650
1101 - 1102: 67181
1102 - 1103: 7149
1103 - 1104: 2690
1104 - 1105: 46957
1105 - 1106: 14848
1106 - 1107: -65
1107 - 1108: 7742
1108 - 1109: 1458
1109 - 1110: 21958
1110 - 1111: 8391
1111 - 1112: 3722
1112 - 1113: 1616
1113 - 1114: 3862
1114 - 1115: 12762
1115 - 1116: 15797
1116 - 1117: 4098
1117 - 1118: 9875
1118 - 1119: 11633
1119 - 1120: 45852
1120 - 1121: 3697
1121 - 1122: 11980
1122 - 1123: 2803
1123 - 1124: 12585
1124 - 1125: 72043
1125 - 1126: 17867
1126 - 1127: 11598
1127 - 1128: 3271
1128 - 1129: 15955
1129 - 1130: 3521
1130 - 1131: 6582
1131 - 1132: 8530
1132 - 1133: 8266
1133 - 1134: 8382
1134 - 1135: 9462
1135 - 1136: 9483
1136 - 1137: 8977
1137 - 1138: 1464
1138 - 1139: 5554
1139 - 1140: 1141
1140 - 1141: 3955
1141 - 1142: 6888
1142 - 1143: 13692
1143 - 1144: -2907
1144 - 1145: -2652
1145 - 1146: 13238
1146 - 1147: 15469
1147 - 1148: 15011
1148 - 1149: 6494
1149 - 1150: 16807
1150 - 1151: 13194
1151 - 1152: 2237
1152 - 1153: 1321
1153 - 1154: 5675
1154 - 1155: 1246
1155 - 1156: 35617
1156 - 1157: 1173
1157 - 1158: 2219
1158 - 1159: 1748
1159 - 1160: 46024
1160 - 1161: 2211
1161 - 1162: 480
1162 - 1163: 6625
1163 - 1164: 12744
1164 - 1165: 1838
1165 - 1166: 5017
1166 - 1167: 163
1167 - 1168: 12822
1168 - 1169: 17590
1169 - 1170: 11360
1170 - 1171: 42255
1171 - 1172: 43
1172 - 1173: -2437
1173 - 1174: 3947
1174 - 1175: 4475
1175 - 1176: 5563
1176 - 1177: 13165
1177 - 1178: 8657
1178 - 1179: 3527
1179 - 1180: 48067
1180 - 1181: 7132
1181 - 1182: 1905
1182 - 1183: 2466
1183 - 1184: 7893
1184 - 1185: 4691
1185 - 1186: 7974
1186 - 1187: 7890
1187 - 1188: 3547
1188 - 1189: 11159
1189 - 1190: 74018
1190 - 1191: 5317
1191 - 1192: 11221
1192 - 1193: 15870
1193 - 1194: 17395
1194 - 1195: 2578
1195 - 1196: 4246
1196 - 1197: 11154
1197 - 1198: 834
1198 - 1199: 6172
1199 - 1200: 3356
1200 - 1201: 2283
1201 - 1202: 46059
1202 - 1203: 58851
1203 - 1204: 5564
1204 - 1205: 745
1205 - 1206: 1830
1206 - 1207: 2159
1207 - 1208: 10900
1208 - 1209: 6303
1209 - 1210: 4665
1210 - 1211: 1397
1211 - 1212: 3242
1212 - 1213: 46140
1213 - 1214: 3131
1214 - 1215: -5898
1215 - 1216: 7899
1216 - 1217: 6473
1217 - 1218: 16
1218 - 1219: 4676
1219 - 1220: -735
1220 - 1221: 5603
1221 - 1222: 2452
1222 - 1223: 19088
1223 - 1224: 35732
1224 - 1225: 11239
1225 - 1226: 71672
1226 - 1227: 235
1227 - 1228: 12874
1228 - 1229: 7095
1229 - 1230: 39113
1230 - 1231: 13068
1231 - 1232: 6380
1232 - 1233: 14988
1233 - 1234: 14083
1234 - 1235: 11986
1235 - 1236: 6542
1236 - 1237: 3416
1237 - 1238: 1606
1238 - 1239: 4751
1239 - 1240: 41377
1240 - 1241: 4318
1241 - 1242: 41443
1242 - 1243: 4781
1243 - 1244: 13665
1244 - 1245: 14497
1245 - 1246: 2128
1246 - 1247: 16332
1247 - 1248: 0
1248 - 1249: 6438
1249 - 1250: -7
1250 - 1251: -795
1251 - 1252: 3229
1252 - 1253: -2394
1253 - 1254: -445
1254 - 1255: 5770
1255 - 1256: 3193
1256 - 1257: -217
1257 - 1258: 8517
1258 - 1259: 2593
1259 - 1260: 475
1260 - 1261: 68877
1261 - 1262: 3925
1262 - 1263: -1888
1263 - 1264: -222
1264 - 1265: 13987
1265 - 1266: 22
1266 - 1267: 3125
1267 - 1268: 1093
1268 - 1269: 32839
1269 - 1270: -1393
1270 - 1271: -673
1271 - 1272: -2121
1272 - 1273: -2440
1273 - 1274: -4630
1274 - 1275: 2035
1275 - 1276: 3200
1276 - 1277: 6467
1277 - 1278: -429
1278 - 1279: 4619
1279 - 1280: -1977
1280 - 1281: -3349
1281 - 1282: 4128
1282 - 1283: 13445
1283 - 1284: -5675
1284 - 1285: 9094
1285 - 1286: 5339
1286 - 1287: -4949
1287 - 1288: 14789
1288 - 1289: -8106
1289 - 1290: 60670
1290 - 1291: 4923
1291 - 1292: -35
1292 - 1293: -4139
1293 - 1294: 5013
1294 - 1295: 1227
1295 - 1296: 1355
1296 - 1297: 9904
1297 - 1298: -570
1298 - 1299: 2152
1299 - 1300: 48770
1300 - 1301: 11528
1301 - 1302: 1028
1302 - 1303: -2528
1303 - 1304: -1776
1304 - 1305: -2294
1305 - 1306: 329
1306 - 1307: 629
1307 - 1308: 3877
1308 - 1309: 64
1309 - 1310: 3237
1310 - 1311: 63373
1311 - 1312: 2649
1312 - 1313: 7809
1313 - 1314: -796
1314 - 1315: -3500
1315 - 1316: -2283
1316 - 1317: -706
1317 - 1318: 150
1318 - 1319: 7068
1319 - 1320: 5936
1320 - 1321: 1079
1321 - 1322: 23535
1322 - 1323: 2400
1323 - 1324: -749
1324 - 1325: -1918
1325 - 1326: -608
1326 - 1327: 67839
1327 - 1328: 4734
1328 - 1329: 96
1329 - 1330: 326
1330 - 1331: 908
1331 - 1332: 5283
1332 - 1333: 2871
1333 - 1334: -1621
1334 - 1335: 87
1335 - 1336: 462
1336 - 1337: 1921
1337 - 1338: 3965
1338 - 1339: -2852
1339 - 1340: 1264
1340 - 1341: 1377
1341 - 1342: 935
1342 - 1343: -3109
1343 - 1344: -1337
1344 - 1345: 21487
1345 - 1346: 783
1346 - 1347: 5696
1347 - 1348: 18603
1348 - 1349: -1539
1349 - 1350: -5045
1350 - 1351: 5271
1351 - 1352: -406
1352 - 1353: 860
1353 - 1354: 2488
1354 - 1355: -993
1355 - 1356: 0
1356 - 1357: 1613
1357 - 1358: 13213
1358 - 1359: -2424
1359 - 1360: 66045
1360 - 1361: 9366
1361 - 1362: -1691
1362 - 1363: -161
1363 - 1364: 722
1364 - 1365: 6568
1365 - 1366: 17873
1366 - 1367: -425
1367 - 1368: 6816
1368 - 1369: -7415
1369 - 1370: -2722
1370 - 1371: -2785
1371 - 1372: 61590
1372 - 1373: -4173
1373 - 1374: -934
1374 - 1375: 14703
1375 - 1376: 4713
1376 - 1377: 5538
1377 - 1378: 1286
1378 - 1379: -2246
1379 - 1380: -1443
1380 - 1381: -3331
1381 - 1382: 1840
1382 - 1383: 8356
1383 - 1384: 46932
1384 - 1385: -1467
1385 - 1386: 8401
1386 - 1387: -2410
1387 - 1388: -2221
1388 - 1389: -3162
1389 - 1390: -541
1390 - 1391: -526
1391 - 1392: 25272
1392 - 1393: -1782
1393 - 1394: 66545
1394 - 1395: -836
1395 - 1396: 3001
1396 - 1397: 4817
1397 - 1398: -1850
1398 - 1399: -1964
1399 - 1400: -559
1400 - 1401: 83053
1401 - 1402: -2535
1402 - 1403: 8393
1403 - 1404: 0
1404 - 1405: 5420
1405 - 1406: 6518
1406 - 1407: 167
1407 - 1408: 15280
1408 - 1409: 7351
1409 - 1410: 1165
1410 - 1411: 12828
1411 - 1412: 10511
1412 - 1413: 2933
1413 - 1414: 32024
1414 - 1415: 8000
1415 - 1416: 13684
1416 - 1417: 54773
1417 - 1418: 446
1418 - 1419: -835
1419 - 1420: 10840
1420 - 1421: 6453
1421 - 1422: 10528
1422 - 1423: 6477
1423 - 1424: 10035
1424 - 1425: 558
1425 - 1426: 1715
1426 - 1427: 44166
1427 - 1428: 5052
1428 - 1429: 4501
1429 - 1430: 12591
1430 - 1431: 13973
1431 - 1432: 6662
1432 - 1433: 11586
1433 - 1434: 5629
1434 - 1435: 51254
1435 - 1436: 6543
1436 - 1437: 1380
1437 - 1438: 10068
1438 - 1439: 47255
1439 - 1440: 4150
1440 - 1441: 6196
1441 - 1442: 8832
1442 - 1443: 10804
1443 - 1444: 6323
1444 - 1445: 1874
1445 - 1446: 13231
1446 - 1447: 6745
1447 - 1448: 17044
1448 - 1449: 12208
1449 - 1450: -1725
1450 - 1451: 1444
1451 - 1452: 17881
1452 - 1453: 30949
1453 - 1454: 20034
1454 - 1455: 156
1455 - 1456: 4681
1456 - 1457: 69550
1457 - 1458: 3035
1458 - 1459: 49
1459 - 1460: 1370
1460 - 1461: 5480
1461 - 1462: 8317
1462 - 1463: 18881
1463 - 1464: 1761
1464 - 1465: 13017
1465 - 1466: 832
1466 - 1467: 21649
1467 - 1468: 2801
1468 - 1469: 2121
1469 - 1470: 2902
1470 - 1471: 4492
1471 - 1472: 8182
1472 - 1473: 17968
1473 - 1474: 11850
1474 - 1475: 1268
1475 - 1476: 11572
1476 - 1477: 15399
1477 - 1478: 16812
1478 - 1479: 1709
1479 - 1480: 2606
1480 - 1481: 4999
1481 - 1482: 7677
1482 - 1483: 6907
1483 - 1484: 6671
1484 - 1485: 8437
1485 - 1486: 2408
1486 - 1487: 5345
1487 - 1488: 62783
1488 - 1489: 13739
1489 - 1490: 9909
1490 - 1491: 21516
1491 - 1492: -339
1492 - 1493: 9487
1493 - 1494: 2246
1494 - 1495: 570
1495 - 1496: 3660
1496 - 1497: 3420
1497 - 1498: 3086
1498 - 1499: 5003
1499 - 1500: 10074
1500 - 1501: 4294
1501 - 1502: 3063
1502 - 1503: 8101
1503 - 1504: 2164
1504 - 1505: 670
1505 - 1506: -509
1506 - 1507: 2029
1507 - 1508: 1946
1508 - 1509: 3748
1509 - 1510: 8607
1510 - 1511: -1823
1511 - 1512: 5627
1512 - 1513: 2368
1513 - 1514: 876
1514 - 1515: 449
1515 - 1516: 9084
1516 - 1517: 2003
1517 - 1518: 17350
1518 - 1519: 956
1519 - 1520: 178
1520 - 1521: 4844
1521 - 1522: 67263
1522 - 1523: 36078
1523 - 1524: 7873
1524 - 1525: 3603
1525 - 1526: 4302
1526 - 1527: -999
1527 - 1528: 8325
1528 - 1529: 12778
1529 - 1530: 1143
1530 - 1531: 2053
1531 - 1532: 3144
1532 - 1533: 6321
1533 - 1534: 17168
1534 - 1535: 8393
1535 - 1536: 15286
1536 - 1537: 11098
1537 - 1538: 1891
1538 - 1539: 1746
1539 - 1540: 1015
1540 - 1541: 12904
1541 - 1542: 13576
1542 - 1543: 1202
1543 - 1544: 7612
1544 - 1545: 4299
1545 - 1546: 7763
1546 - 1547: 4293
1547 - 1548: 15576
1548 - 1549: 11004
1549 - 1550: 3701
1550 - 1551: 17310
1551 - 1552: 273
1552 - 1553: 6551
1553 - 1554: -647
1554 - 1555: 2983
1555 - 1556: 4357
1556 - 1557: 14564
1557 - 1558: 4646
1558 - 1559: 39509
1559 - 1560: 0
1560 - 1561: -1683
1561 - 1562: -193
1562 - 1563: -304
1563 - 1564: 10506
1564 - 1565: 3170
1565 - 1566: 1207
1566 - 1567: 8832
1567 - 1568: -1086
1568 - 1569: 27849
1569 - 1570: 18461
1570 - 1571: 13262
1571 - 1572: 12083
1572 - 1573: 4168
1573 - 1574: -2602
1574 - 1575: 1517
1575 - 1576: 5416
1576 - 1577: 34333
1577 - 1578: -1002
1578 - 1579: -1386
1579 - 1580: 5208
1580 - 1581: 14975
1581 - 1582: 6011
1582 - 1583: -236
1583 - 1584: 7487
1584 - 1585: 656
1585 - 1586: 6850
1586 - 1587: -1946
1587 - 1588: -250
1588 - 1589: 15989
1589 - 1590: 2016
1590 - 1591: 4835
1591 - 1592: -1065
1592 - 1593: -2121
1593 - 1594: 5862
1594 - 1595: 6627
1595 - 1596: 2010
1596 - 1597: -760
1597 - 1598: 168
1598 - 1599: 2685
1599 - 1600: 1532
1600 - 1601: 5568
1601 - 1602: 892
1602 - 1603: -6043
1603 - 1604: 7529
1604 - 1605: -935
1605 - 1606: 6072
1606 - 1607: 17073
1607 - 1608: -1247
1608 - 1609: 18685
1609 - 1610: 62704
1610 - 1611: 20275
1611 - 1612: 16438
1612 - 1613: 14011
1613 - 1614: -544
1614 - 1615: -460
1615 - 1616: 2045
1616 - 1617: -3238
1617 - 1618: 20934
1618 - 1619: -480
1619 - 1620: 1584
1620 - 1621: 2686
1621 - 1622: -226
1622 - 1623: 38397
1623 - 1624: -492
1624 - 1625: 3222
1625 - 1626: 479
1626 - 1627: 53380
1627 - 1628: -247
1628 - 1629: 6492
1629 - 1630: -4238
1630 - 1631: -1306
1631 - 1632: 1210
1632 - 1633: 8861
1633 - 1634: 1197
1634 - 1635: 713
1635 - 1636: 1388
1636 - 1637: 10410
1637 - 1638: -612
1638 - 1639: 8458
1639 - 1640: 8368
1640 - 1641: 4371
1641 - 1642: 19583
1642 - 1643: 2012
1643 - 1644: 10569
1644 - 1645: 275
1645 - 1646: 16616
1646 - 1647: -1256
1647 - 1648: 1145
1648 - 1649: 903
1649 - 1650: 21434
1650 - 1651: 14812
1651 - 1652: 2549
1652 - 1653: 5731
1653 - 1654: -970
1654 - 1655: -2065
1655 - 1656: 1694
1656 - 1657: 10611
1657 - 1658: 23314
1658 - 1659: 42811
1659 - 1660: 3213
1660 - 1661: 53
1661 - 1662: 4953
1662 - 1663: 2461
1663 - 1664: 3727
1664 - 1665: 7435
1665 - 1666: -1056
1666 - 1667: -209
1667 - 1668: 1565
1668 - 1669: 4587
1669 - 1670: 7496
1670 - 1671: 5078
1671 - 1672: 6604
1672 - 1673: 5923
1673 - 1674: -306
1674 - 1675: 8351
1675 - 1676: 2902
1676 - 1677: 7276
1677 - 1678: 45750
1678 - 1679: -310
1679 - 1680: 2439
1680 - 1681: -1568
1681 - 1682: 2286
1682 - 1683: 4648
1683 - 1684: 2178
1684 - 1685: 2074
1685 - 1686: 562
1686 - 1687: 6895
1687 - 1688: 3661
1688 - 1689: 452
1689 - 1690: 9231
1690 - 1691: -1524
1691 - 1692: 7318
1692 - 1693: -1731
1693 - 1694: -419
1694 - 1695: 9528
1695 - 1696: 10028
1696 - 1697: 16773
1697 - 1698: 2906
1698 - 1699: 4549
1699 - 1700: -162
1700 - 1701: 3847
1701 - 1702: -206
1702 - 1703: -702
1703 - 1704: 25861
1704 - 1705: 6027
1705 - 1706: -2991
1706 - 1707: 16322
1707 - 1708: 7625
1708 - 1709: 2119
1709 - 1710: 1402
1710 - 1711: 6947
1711 - 1712: 1163
1712 - 1713: 684
1713 - 1714: -14
1714 - 1715: 17395
1715 - 1716: 0
1716 - 1717: 6556
1717 - 1718: 5375
1718 - 1719: 2671
1719 - 1720: -3556
1720 - 1721: -3501
1721 - 1722: 9744
1722 - 1723: -2339
1723 - 1724: -2094
1724 - 1725: -5110
1725 - 1726: -3024
1726 - 1727: -3832
1727 - 1728: 3305
1728 - 1729: -2088
1729 - 1730: 11975
1730 - 1731: -948
1731 - 1732: -1641
1732 - 1733: -714
1733 - 1734: -153
1734 - 1735: 2782
1735 - 1736: 3380
1736 - 1737: 7657
1737 - 1738: 3304
1738 - 1739: -3934
1739 - 1740: 2137
1740 - 1741: 47262
1741 - 1742: 2367
1742 - 1743: 7611
1743 - 1744: 1214
1744 - 1745: 17400
1745 - 1746: 4961
1746 - 1747: -3926
1747 - 1748: 3780
1748 - 1749: 7382
1749 - 1750: 7332
1750 - 1751: 6573
1751 - 1752: -1061
1752 - 1753: 3587
1753 - 1754: 2438
1754 - 1755: 2440
1755 - 1756: 1177
1756 - 1757: -5103
1757 - 1758: -3181
1758 - 1759: -5841
1759 - 1760: -376
1760 - 1761: 8383
1761 - 1762: -3513
1762 - 1763: -2768
1763 - 1764: -3577
1764 - 1765: -2429
1765 - 1766: -4586
1766 - 1767: 3314
1767 - 1768: -2190
1768 - 1769: 2018
1769 - 1770: -2124
1770 - 1771: 9033
1771 - 1772: -134
1772 - 1773: 17503
1773 - 1774: -1366
1774 - 1775: -2714
1775 - 1776: -1694
1776 - 1777: -4876
1777 - 1778: -467
1778 - 1779: 10899
1779 - 1780: 1103
1780 - 1781: -1805
1781 - 1782: -3154
1782 - 1783: 45597
1783 - 1784: -3076
1784 - 1785: -2722
1785 - 1786: 1095
1786 - 1787: 20790
1787 - 1788: -5571
1788 - 1789: 56677
1789 - 1790: -5870
1790 - 1791: 42840
1791 - 1792: 3290
1792 - 1793: 9398
1793 - 1794: 5885
1794 - 1795: 6662
1795 - 1796: 6937
1796 - 1797: -4791
1797 - 1798: -2850
1798 - 1799: -3234
1799 - 1800: -2087
1800 - 1801: 4529
1801 - 1802: -4988
1802 - 1803: -3232
1803 - 1804: -4842
1804 - 1805: -2694
1805 - 1806: 3021
1806 - 1807: -2531
1807 - 1808: 8843
1808 - 1809: 1156
1809 - 1810: 8076
1810 - 1811: 36048
1811 - 1812: -3618
1812 - 1813: -4091
1813 - 1814: -5195
1814 - 1815: 3596
1815 - 1816: -2887
1816 - 1817: 45075
1817 - 1818: -2864
1818 - 1819: -21
1819 - 1820: 109
1820 - 1821: -298
1821 - 1822: -5088
1822 - 1823: -3088
1823 - 1824: -5775
1824 - 1825: -4304
1825 - 1826: 4242
1826 - 1827: -1383
1827 - 1828: -2009
1828 - 1829: 38894
1829 - 1830: 50197
1830 - 1831: 12879
1831 - 1832: -3031
1832 - 1833: -2473
1833 - 1834: 51629
1834 - 1835: 4585
1835 - 1836: 3140
1836 - 1837: 2636
1837 - 1838: 243
1838 - 1839: 1264
1839 - 1840: 1086
1840 - 1841: -1093
1841 - 1842: -964
1842 - 1843: -540
1843 - 1844: -2332
1844 - 1845: -9213
1845 - 1846: -434
1846 - 1847: 1261
1847 - 1848: 7071
1848 - 1849: -1606
1849 - 1850: -3061
1850 - 1851: 2527
1851 - 1852: 3310
1852 - 1853: -3059
1853 - 1854: -564
1854 - 1855: -1762
1855 - 1856: -3413
1856 - 1857: -349
1857 - 1858: -3714
1858 - 1859: 4322
1859 - 1860: 14832
1860 - 1861: 9574
1861 - 1862: -4555
1862 - 1863: 12191
1863 - 1864: 5038
1864 - 1865: 654
1865 - 1866: 4541
1866 - 1867: -357
1867 - 1868: 48502
1868 - 1869: -3771
1869 - 1870: -5850
1870 - 1871: -1601
1871 - 1872: 0
1872 - 1873: -3203
1873 - 1874: 40028
1874 - 1875: -4775
1875 - 1876: -4095
1876 - 1877: 125
1877 - 1878: -8067
1878 - 1879: -1330
1879 - 1880: -8575
1880 - 1881: 3724
1881 - 1882: -3483
1882 - 1883: 812
1883 - 1884: 29761
1884 - 1885: -1686
1885 - 1886: -7940
1886 - 1887: -7128
1887 - 1888: 24178
1888 - 1889: -877
1889 - 1890: 745
1890 - 1891: -4295
1891 - 1892: -2717
1892 - 1893: 21957
1893 - 1894: 9267
1894 - 1895: -332
1895 - 1896: -1170
1896 - 1897: -6343
1897 - 1898: 550
1898 - 1899: 39350
1899 - 1900: 5337
1900 - 1901: 7556
1901 - 1902: -3896
1902 - 1903: -5156
1903 - 1904: 1739
1904 - 1905: -1520
1905 - 1906: 312
1906 - 1907: -5641
1907 - 1908: -4758
1908 - 1909: 240
1909 - 1910: 3399
1910 - 1911: -8463
1911 - 1912: -7615
1912 - 1913: -5489
1913 - 1914: -644
1914 - 1915: -3740
1915 - 1916: -5909
1916 - 1917: -2092
1917 - 1918: 8932
1918 - 1919: 3520
1919 - 1920: 40417
1920 - 1921: 1716
1921 - 1922: -2778
1922 - 1923: 921
1923 - 1924: 4492
1924 - 1925: 5729
1925 - 1926: 56660
1926 - 1927: -2526
1927 - 1928: 7590
1928 - 1929: 3718
1929 - 1930: -4593
1930 - 1931: 7991
1931 - 1932: -2844
1932 - 1933: -4422
1933 - 1934: -4425
1934 - 1935: -6218
1935 - 1936: -9027
1936 - 1937: 3972
1937 - 1938: 3204
1938 - 1939: -1525
1939 - 1940: -3212
1940 - 1941: 2184
1941 - 1942: -5546
1942 - 1943: -5666
1943 - 1944: -1623
1944 - 1945: -2973
1945 - 1946: -2853
1946 - 1947: -4678
1947 - 1948: -5156
1948 - 1949: 2905
1949 - 1950: -5443
1950 - 1951: 1802
1951 - 1952: 839
1952 - 1953: 3807
1953 - 1954: -4475
1954 - 1955: 1193
1955 - 1956: 6463
1956 - 1957: -2861
1957 - 1958: -1880
1958 - 1959: 1615
1959 - 1960: 10347
1960 - 1961: -2818
1961 - 1962: -2074
1962 - 1963: 1031
1963 - 1964: -2881
1964 - 1965: -3874
1965 - 1966: 5316
1966 - 1967: -1500
1967 - 1968: -4263
1968 - 1969: -4615
1969 - 1970: -4270
1970 - 1971: -6313
1971 - 1972: -6805
1972 - 1973: -3461
1973 - 1974: -4584
1974 - 1975: -4795
1975 - 1976: 28081
1976 - 1977: -7371
1977 - 1978: 12359
1978 - 1979: -3308
1979 - 1980: -4955
1980 - 1981: -335
1981 - 1982: 10487
1982 - 1983: -7458
1983 - 1984: -10701
1984 - 1985: 16242
1985 - 1986: -3916
1986 - 1987: -5594
1987 - 1988: 15463
1988 - 1989: -7492
1989 - 1990: 4546
1990 - 1991: 9885
1991 - 1992: -7220
1992 - 1993: -6672
1993 - 1994: -3836
1994 - 1995: 620
1995 - 1996: 4171
1996 - 1997: -4438
1997 - 1998: 4838
1998 - 1999: 43693
1999 - 2000: -2568
2000 - 2001: -3187
2001 - 2002: -5196
2002 - 2003: -997
2003 - 2004: 5089
2004 - 2005: 13749
2005 - 2006: 13189
2006 - 2007: 12619
2007 - 2008: -6382
2008 - 2009: -4296
2009 - 2010: 7242
2010 - 2011: -4763
2011 - 2012: -6282
2012 - 2013: -1616
2013 - 2014: 2800
2014 - 2015: 10807
2015 - 2016: -3084
2016 - 2017: 666
2017 - 2018: -5414
2018 - 2019: 4813
2019 - 2020: 10319
2020 - 2021: 34983
2021 - 2022: -1118
2022 - 2023: -3492
2023 - 2024: -1389
2024 - 2025: 5822
2025 - 2026: 10837
2026 - 2027: -7750
2027 - 2028: 0
2028 - 2029: 4414
2029 - 2030: 60380
2030 - 2031: 4295
2031 - 2032: 7732
2032 - 2033: -3185
2033 - 2034: -4244
2034 - 2035: -4931
2035 - 2036: 36856
2036 - 2037: 10356
2037 - 2038: 10373
2038 - 2039: 6907
2039 - 2040: -5265
2040 - 2041: 4203
2041 - 2042: 10474
2042 - 2043: -5404
2043 - 2044: 4091
2044 - 2045: -6557
2045 - 2046: 63143
2046 - 2047: -5001
2047 - 2048: -3893
2048 - 2049: -6946
2049 - 2050: 2995
2050 - 2051: -1976
2051 - 2052: 915
2052 - 2053: 6649
2053 - 2054: -5145
2054 - 2055: -3740
2055 - 2056: -6193
2056 - 2057: -8732
2057 - 2058: -7397
2058 - 2059: -2480
2059 - 2060: 11970
2060 - 2061: 56071
2061 - 2062: 47909
2062 - 2063: -5311
2063 - 2064: -3322
2064 - 2065: 2922
2065 - 2066: -4771
2066 - 2067: 579
2067 - 2068: -8411
2068 - 2069: -7225
2069 - 2070: -7589
2070 - 2071: 7899
2071 - 2072: -4697
2072 - 2073: -3981
2073 - 2074: -3368
2074 - 2075: -8450
2075 - 2076: 817
2076 - 2077: -5445
2077 - 2078: -5774
2078 - 2079: -3127
2079 - 2080: -7151
2080 - 2081: 16612
2081 - 2082: -4911
2082 - 2083: -7915
2083 - 2084: -4673
2084 - 2085: -5292
2085 - 2086: -3952
2086 - 2087: -4726
2087 - 2088: -6441
2088 - 2089: -5798
2089 - 2090: 1142
2090 - 2091: -7107
2091 - 2092: 14677
2092 - 2093: -164
2093 - 2094: -4015
2094 - 2095: -7926
2095 - 2096: -5842
2096 - 2097: -6638
2097 - 2098: -3421
2098 - 2099: -7469
2099 - 2100: -4909
2100 - 2101: -3621
2101 - 2102: 41940
2102 - 2103: -3965
2103 - 2104: -5586
2104 - 2105: -7421
2105 - 2106: -1877
2106 - 2107: 63686
2107 - 2108: -7402
2108 - 2109: -4752
2109 - 2110: -6539
2110 - 2111: 26922
2111 - 2112: -6311
2112 - 2113: 1580
2113 - 2114: -8258
2114 - 2115: -5794
2115 - 2116: -6465
2116 - 2117: -6031
2117 - 2118: 38989
2118 - 2119: 3724
2119 - 2120: -6884
2120 - 2121: -9038
2121 - 2122: -6831
2122 - 2123: -3837
2123 - 2124: -3852
2124 - 2125: -7833
2125 - 2126: -5367
2126 - 2127: -1674
2127 - 2128: -3685
2128 - 2129: -4228
2129 - 2130: -2538
2130 - 2131: -6150
2131 - 2132: 555
2132 - 2133: -3919
2133 - 2134: -4200
2134 - 2135: 4055
2135 - 2136: 2245
2136 - 2137: -5163
2137 - 2138: -2332
2138 - 2139: 2557
2139 - 2140: 1782
2140 - 2141: -1003
2141 - 2142: 97
2142 - 2143: 28160
2143 - 2144: -5500
2144 - 2145: 5401
2145 - 2146: 44925
2146 - 2147: -6226
2147 - 2148: -4012
2148 - 2149: -1361
2149 - 2150: 3683
2150 - 2151: 1669
2151 - 2152: -5184
2152 - 2153: 2391
2153 - 2154: 2391
2154 - 2155: 311
2155 - 2156: -2455
2156 - 2157: -3399
2157 - 2158: -5653
2158 - 2159: -4976
2159 - 2160: 7825
2160 - 2161: 9693
2161 - 2162: 6300
2162 - 2163: -2946
2163 - 2164: -6296
2164 - 2165: 11872
2165 - 2166: 47992
2166 - 2167: 28242
2167 - 2168: 4573
2168 - 2169: 5319
2169 - 2170: -6748
2170 - 2171: -505
2171 - 2172: 22972
2172 - 2173: 41384
2173 - 2174: -4230
2174 - 2175: 1265
2175 - 2176: -3454
2176 - 2177: -1470
2177 - 2178: -4590
2178 - 2179: 3181
2179 - 2180: -71
2180 - 2181: 1958
2181 - 2182: -10073
2182 - 2183: -8409
2183 - 2184: 0
2184 - 2185: 52683
2185 - 2186: 2579
2186 - 2187: 2823
2187 - 2188: 52435
2188 - 2189: -508
2189 - 2190: -3035
2190 - 2191: 38451
2191 - 2192: -1562
2192 - 2193: -1203
2193 - 2194: -1468
2194 - 2195: -2683
2195 - 2196: -4874
2196 - 2197: 8246
2197 - 2198: -1160
2198 - 2199: 4411
2199 - 2200: 4076
2200 - 2201: 5961
2201 - 2202: 12269
2202 - 2203: -539
2203 - 2204: 385
2204 - 2205: -3264
2205 - 2206: -1832
2206 - 2207: 7080
2207 - 2208: -814
2208 - 2209: 14687
2209 - 2210: -4011
2210 - 2211: -904
2211 - 2212: -2008
2212 - 2213: -2061
2213 - 2214: -1742
2214 - 2215: 6436
2215 - 2216: 38795
2216 - 2217: -3153
2217 - 2218: -2563
2218 - 2219: 1265
2219 - 2220: -2734
2220 - 2221: -685
2221 - 2222: -723
2222 - 2223: -1766
2223 - 2224: 5761
2224 - 2225: 2460
2225 - 2226: 6736
2226 - 2227: 1250
2227 - 2228: 2646
2228 - 2229: 6386
2229 - 2230: -1486
2230 - 2231: 1173
2231 - 2232: -1938
2232 - 2233: 5139
2233 - 2234: 2551
2234 - 2235: 8269
2235 - 2236: 259
2236 - 2237: 4144
2237 - 2238: -221
2238 - 2239: -2146
2239 - 2240: -2852
2240 - 2241: 3728
2241 - 2242: 3409
2242 - 2243: -94
2243 - 2244: 2675
2244 - 2245: -2622
2245 - 2246: -2230
2246 - 2247: 1319
2247 - 2248: 983
2248 - 2249: -1552
2249 - 2250: -879
2250 - 2251: 5477
2251 - 2252: -2337
2252 - 2253: -1659
2253 - 2254: -725
2254 - 2255: -1952
2255 - 2256: 11531
2256 - 2257: -888
2257 - 2258: 2298
2258 - 2259: -2046
2259 - 2260: -5202
2260 - 2261: 1446
2261 - 2262: -7466
2262 - 2263: -1304
2263 - 2264: 3794
2264 - 2265: 10260
2265 - 2266: 2315
2266 - 2267: -3393
2267 - 2268: -3449
2268 - 2269: -5253
2269 - 2270: -6316
2270 - 2271: -3967
2271 - 2272: 9582
2272 - 2273: 1394
2273 - 2274: 15187
2274 - 2275: -336
2275 - 2276: -1904
2276 - 2277: -3717
2277 - 2278: -174
2278 - 2279: -2436
2279 - 2280: 3147
2280 - 2281: 6671
2281 - 2282: 2789
2282 - 2283: -1952
2283 - 2284: 50140
2284 - 2285: -5050
2285 - 2286: 14942
2286 - 2287: -2172
2287 - 2288: 40586
2288 - 2289: 26993
2289 - 2290: 5487
2290 - 2291: -3314
2291 - 2292: 9370
2292 - 2293: -3509
2293 - 2294: 458
2294 - 2295: 17664
2295 - 2296: -819
2296 - 2297: 62471
2297 - 2298: -3292
2298 - 2299: 7842
2299 - 2300: 707
2300 - 2301: -5048
2301 - 2302: 26925
2302 - 2303: -1111
2303 - 2304: 7028
2304 - 2305: 3451
2305 - 2306: 11936
2306 - 2307: -2918
2307 - 2308: 61002
2308 - 2309: 313
2309 - 2310: 309
2310 - 2311: 4998
2311 - 2312: 37806
2312 - 2313: 5010
2313 - 2314: 23734
2314 - 2315: -3911
2315 - 2316: -1919
2316 - 2317: 27050
2317 - 2318: -86
2318 - 2319: 4438
2319 - 2320: -134
2320 - 2321: 189
2321 - 2322: 36441
2322 - 2323: 8877
2323 - 2324: -2745
2324 - 2325: -2180
2325 - 2326: 5703
2326 - 2327: 13371
2327 - 2328: 3199
2328 - 2329: -768
2329 - 2330: -2881
2330 - 2331: 8291
2331 - 2332: -2727
2332 - 2333: 5949
2333 - 2334: -3254
2334 - 2335: 159
2335 - 2336: -4027
2336 - 2337: -4340
2337 - 2338: 2798
2338 - 2339: -1330
2339 - 2340: 0
2340 - 2341: -632
2341 - 2342: -353
2342 - 2343: 19202
2343 - 2344: 15343
2344 - 2345: 4561
2345 - 2346: 3373
2346 - 2347: 48218
2347 - 2348: 14524
2348 - 2349: 1806
2349 - 2350: -804
2350 - 2351: 10582
2351 - 2352: -2902
2352 - 2353: -3391
2353 - 2354: -1308
2354 - 2355: -1948
2355 - 2356: -3150
2356 - 2357: -1851
2357 - 2358: 1477
2358 - 2359: 9687
2359 - 2360: -990
2360 - 2361: -1731
2361 - 2362: 4232
2362 - 2363: 5462
2363 - 2364: -1725
2364 - 2365: 8682
2365 - 2366: -3001
2366 - 2367: 1321
2367 - 2368: -6172
2368 - 2369: 5305
2369 - 2370: 49973
2370 - 2371: 14448
2371 - 2372: -1434
2372 - 2373: 1220
2373 - 2374: 10621
2374 - 2375: 5586
2375 - 2376: 1656
2376 - 2377: -2701
2377 - 2378: 3336
2378 - 2379: 27
2379 - 2380: -710
2380 - 2381: 334
2381 - 2382: 13228
2382 - 2383: 5603
2383 - 2384: 13340
2384 - 2385: -1274
2385 - 2386: 7778
2386 - 2387: 4319
2387 - 2388: 946
2388 - 2389: 7421
2389 - 2390: 13726
2390 - 2391: 8548
2391 - 2392: 43
2392 - 2393: -181
2393 - 2394: 17707
2394 - 2395: 2709
2395 - 2396: 2103
2396 - 2397: 9373
2397 - 2398: 980
2398 - 2399: 14176
2399 - 2400: 300
2400 - 2401: -1388
2401 - 2402: 8353
2402 - 2403: -1189
2403 - 2404: 2359
2404 - 2405: 2150
2405 - 2406: 5717
2406 - 2407: 14654
2407 - 2408: 2761
2408 - 2409: 5975
2409 - 2410: 2517
2410 - 2411: -1673
2411 - 2412: 6555
2412 - 2413: 10584
2413 - 2414: 6972
2414 - 2415: -1258
2415 - 2416: 957
2416 - 2417: 11459
2417 - 2418: 3326
2418 - 2419: -1123
2419 - 2420: 5490
2420 - 2421: -703
2421 - 2422: -495
2422 - 2423: 6951
2423 - 2424: -1682
2424 - 2425: 5030
2425 - 2426: -4536
2426 - 2427: -101
2427 - 2428: 22593
2428 - 2429: 6154
2429 - 2430: 4475
2430 - 2431: 8419
2431 - 2432: 3756
2432 - 2433: -673
2433 - 2434: 3425
2434 - 2435: 6079
2435 - 2436: 2695
2436 - 2437: -1434
2437 - 2438: 4566
2438 - 2439: 5134
2439 - 2440: 7
2440 - 2441: 9287
2441 - 2442: 2917
2442 - 2443: 1692
2443 - 2444: -478
2444 - 2445: 94
2445 - 2446: -980
2446 - 2447: 13186
2447 - 2448: -662
2448 - 2449: 68951
2449 - 2450: 46897
2450 - 2451: -937
2451 - 2452: 17175
2452 - 2453: 2121
2453 - 2454: 4048
2454 - 2455: -937
2455 - 2456: 546
2456 - 2457: 393
2457 - 2458: -1558
2458 - 2459: 13484
2459 - 2460: 241
2460 - 2461: -4180
2461 - 2462: 2755
2462 - 2463: 3002
2463 - 2464: 2578
2464 - 2465: 10282
2465 - 2466: -934
2466 - 2467: 1665
2467 - 2468: -1423
2468 - 2469: -1774
2469 - 2470: -1937
2470 - 2471: -201
2471 - 2472: 423
2472 - 2473: 11476
2473 - 2474: -1385
2474 - 2475: -1176
2475 - 2476: 2240
2476 - 2477: -440
2477 - 2478: -685
2478 - 2479: -239
2479 - 2480: 1913
2480 - 2481: 38829
2481 - 2482: -1556
2482 - 2483: 55
2483 - 2484: 171
2484 - 2485: 3062
2485 - 2486: 17018
2486 - 2487: 89
2487 - 2488: 735
2488 - 2489: 16421
2489 - 2490: -770
2490 - 2491: -630
2491 - 2492: 4395
2492 - 2493: -917
2493 - 2494: -1026
2494 - 2495: 17571
2495 - 2496: 0
2496 - 2497: -3622
2497 - 2498: -3051
2498 - 2499: -1750
2499 - 2500: -2354
2500 - 2501: -5412
2501 - 2502: -3266
2502 - 2503: -3548
2503 - 2504: -1253
2504 - 2505: 4879
2505 - 2506: 1401
2506 - 2507: 10331
2507 - 2508: 13525
2508 - 2509: 17440
2509 - 2510: 16471
2510 - 2511: 42233
2511 - 2512: 2901
2512 - 2513: 10776
2513 - 2514: 8124
2514 - 2515: 7218
2515 - 2516: -6203
2516 - 2517: -4054
2517 - 2518: -3503
2518 - 2519: -4139
2519 - 2520: -6624
2520 - 2521: 61115
2521 - 2522: -581
2522 - 2523: -2972
2523 - 2524: 2694
2524 - 2525: 7173
2525 - 2526: -2885
2526 - 2527: -3804
2527 - 2528: 742
2528 - 2529: -1542
2529 - 2530: -8123
2530 - 2531: 12445
2531 - 2532: -3489
2532 - 2533: 3941
2533 - 2534: -5058
2534 - 2535: -5043
2535 - 2536: -1545
2536 - 2537: 30538
2537 - 2538: 750
2538 - 2539: -1300
2539 - 2540: 1058
2540 - 2541: 3635
2541 - 2542: 7305
2542 - 2543: -2028
2543 - 2544: -5087
2544 - 2545: -6153
2545 - 2546: -4030
2546 - 2547: -2118
2547 - 2548: -897
2548 - 2549: 4386
2549 - 2550: -3777
2550 - 2551: -887
2551 - 2552: -4597
2552 - 2553: 5895
2553 - 2554: -596
2554 - 2555: 8434
2555 - 2556: -1758
2556 - 2557: -5192
2557 - 2558: 8123
2558 - 2559: 403
2559 - 2560: -2610
2560 - 2561: -7830
2561 - 2562: -566
2562 - 2563: -5862
2563 - 2564: 8128
2564 - 2565: -2838
2565 - 2566: 2579
2566 - 2567: -5008
2567 - 2568: 1886
2568 - 2569: -52
2569 - 2570: 5737
2570 - 2571: -4993
2571 - 2572: -4539
2572 - 2573: -3393
2573 - 2574: 6531
2574 - 2575: -3158
2575 - 2576: -1696
2576 - 2577: 6842
2577 - 2578: -4243
2578 - 2579: 30576
2579 - 2580: -5847
2580 - 2581: -4154
2581 - 2582: 1323
2582 - 2583: -5175
2583 - 2584: 3400
2584 - 2585: 14953
2585 - 2586: -4371
2586 - 2587: -7338
2587 - 2588: 1899
2588 - 2589: -3178
2589 - 2590: -3564
2590 - 2591: 3169
2591 - 2592: -1682
2592 - 2593: -5938
2593 - 2594: 35977
2594 - 2595: 6703
2595 - 2596: -3243
2596 - 2597: 224
2597 - 2598: 3847
2598 - 2599: -4037
2599 - 2600: -4342
2600 - 2601: -6554
2601 - 2602: 2174
2602 - 2603: 12016
2603 - 2604: -4720
2604 - 2605: 3593
2605 - 2606: -1234
2606 - 2607: -950
2607 - 2608: -460
2608 - 2609: -7258
2609 - 2610: -6080
2610 - 2611: -3611
2611 - 2612: -2698
2612 - 2613: -6086
2613 - 2614: -1544
2614 - 2615: -1304
2615 - 2616: -5478
2616 - 2617: -3477
2617 - 2618: 4407
2618 - 2619: 11728
2619 - 2620: 3908
2620 - 2621: 4342
2621 - 2622: 38204
2622 - 2623: -1742
2623 - 2624: -1667
2624 - 2625: -4345
2625 - 2626: -5780
2626 - 2627: -2805
2627 - 2628: -3708
2628 - 2629: -3137
2629 - 2630: -4411
2630 - 2631: -6681
2631 - 2632: 26
2632 - 2633: -2606
2633 - 2634: -745
2634 - 2635: -920
2635 - 2636: 3104
2636 - 2637: -3716
2637 - 2638: -5321
2638 - 2639: 48899
2639 - 2640: 46179
2640 - 2641: 1379
2641 - 2642: -1889
2642 - 2643: -4658
2643 - 2644: -1226
2644 - 2645: 1529
2645 - 2646: 35039
2646 - 2647: -8531
2647 - 2648: -4179
2648 - 2649: -4427
2649 - 2650: -4623
2650 - 2651: -1373
2651 - 2652: 0
2652 - 2653: -8788
2653 - 2654: -4689
2654 - 2655: -5359
2655 - 2656: 355
2656 - 2657: -4258
2657 - 2658: -563
2658 - 2659: -6825
2659 - 2660: -2356
2660 - 2661: 11998
2661 - 2662: 12042
2662 - 2663: -3631
2663 - 2664: 4470
2664 - 2665: 10548
2665 - 2666: 10292
2666 - 2667: -3789
2667 - 2668: 11188
2668 - 2669: -5520
2669 - 2670: -8210
2670 - 2671: -3831
2671 - 2672: -4578
2672 - 2673: -3760
2673 - 2674: -1863
2674 - 2675: -2259
2675 - 2676: -4446
2676 - 2677: -4324
2677 - 2678: -5115
2678 - 2679: -4641
2679 - 2680: -5165
2680 - 2681: -2967
2681 - 2682: -4038
2682 - 2683: -3541
2683 - 2684: -5911
2684 - 2685: -4650
2685 - 2686: -3066
2686 - 2687: -3708
2687 - 2688: -5037
2688 - 2689: 9947
2689 - 2690: 51371
2690 - 2691: 5445
2691 - 2692: 1150
2692 - 2693: -3770
2693 - 2694: 5367
2694 - 2695: -4039
2695 - 2696: -4676
2696 - 2697: -2129
2697 - 2698: -3043
2698 - 2699: 1860
2699 - 2700: -4987
2700 - 2701: -2235
2701 - 2702: -2471
2702 - 2703: 1236
2703 - 2704: -5794
2704 - 2705: -3881
2705 - 2706: 6118
2706 - 2707: -957
2707 - 2708: 6847
2708 - 2709: -1875
2709 - 2710: -3976
2710 - 2711: 4018
2711 - 2712: -4800
2712 - 2713: -5539
2713 - 2714: -6632
2714 - 2715: -5663
2715 - 2716: -2256
2716 - 2717: -6941
2717 - 2718: -3863
2718 - 2719: -5497
2719 - 2720: -3466
2720 - 2721: -4991
2721 - 2722: -3201
2722 - 2723: 18766
2723 - 2724: 60620
2724 - 2725: 24507
2725 - 2726: -3086
2726 - 2727: -139
2727 - 2728: -7989
2728 - 2729: -5487
2729 - 2730: 43842
2730 - 2731: 10816
2731 - 2732: -2666
2732 - 2733: -2122
2733 - 2734: -2271
2734 - 2735: -5281
2735 - 2736: -4102
2736 - 2737: -4920
2737 - 2738: -3762
2738 - 2739: -8760
2739 - 2740: -757
2740 - 2741: -4824
2741 - 2742: -53
2742 - 2743: -1848
2743 - 2744: -3624
2744 - 2745: -3584
2745 - 2746: -4972
2746 - 2747: 9292
2747 - 2748: 238
2748 - 2749: -5496
2749 - 2750: -821
2750 - 2751: -4095
2751 - 2752: 6179
2752 - 2753: -5297
2753 - 2754: 842
2754 - 2755: -484
2755 - 2756: -222
2756 - 2757: -4211
2757 - 2758: -939
2758 - 2759: -5559
2759 - 2760: -5811
2760 - 2761: -3851
2761 - 2762: -4236
2762 - 2763: -2260
2763 - 2764: -1426
2764 - 2765: 11809
2765 - 2766: 78819
2766 - 2767: 746
2767 - 2768: -5704
2768 - 2769: -7660
2769 - 2770: -4445
2770 - 2771: 4969
2771 - 2772: 16127
2772 - 2773: -2582
2773 - 2774: -2816
2774 - 2775: -1259
2775 - 2776: 2567
2776 - 2777: -5776
2777 - 2778: 9330
2778 - 2779: 2909
2779 - 2780: -2700
2780 - 2781: -4150
2781 - 2782: -7573
2782 - 2783: -5389
2783 - 2784: -5204
2784 - 2785: 1367
2785 - 2786: -5010
2786 - 2787: -592
2787 - 2788: -3288
2788 - 2789: 14598
2789 - 2790: 4669
2790 - 2791: -2246
2791 - 2792: 4385
2792 - 2793: -5623
2793 - 2794: 6630
2794 - 2795: 10623
2795 - 2796: -6228
2796 - 2797: -2047
2797 - 2798: 9000
2798 - 2799: -7688
2799 - 2800: -7632
2800 - 2801: -4939
2801 - 2802: -6569
2802 - 2803: -4661
2803 - 2804: -4636
2804 - 2805: 22803
2805 - 2806: -5454
2806 - 2807: -5268
2807 - 2808: 0
2808 - 2809: 37978
2809 - 2810: -5911
2810 - 2811: -950
2811 - 2812: 4509
2812 - 2813: -6250
2813 - 2814: -7905
2814 - 2815: -6694
2815 - 2816: -6205
2816 - 2817: -7525
2817 - 2818: -5448
2818 - 2819: -7404
2819 - 2820: -7386
2820 - 2821: -8290
2821 - 2822: -9992
2822 - 2823: -8770
2823 - 2824: -4934
2824 - 2825: -6528
2825 - 2826: -3852
2826 - 2827: -4858
2827 - 2828: -4218
2828 - 2829: -1767
2829 - 2830: -4909
2830 - 2831: -4862
2831 - 2832: -2300
2832 - 2833: -6618
2833 - 2834: -4156
2834 - 2835: -8117
2835 - 2836: -6936
2836 - 2837: -8411
2837 - 2838: -6432
2838 - 2839: 34567
2839 - 2840: -6920
2840 - 2841: -7852
2841 - 2842: -9574
2842 - 2843: 5290
2843 - 2844: -6132
2844 - 2845: -8960
2845 - 2846: -7226
2846 - 2847: 2519
2847 - 2848: -6841
2848 - 2849: -5019
2849 - 2850: -2811
2850 - 2851: -2504
2851 - 2852: 47898
2852 - 2853: -7481
2853 - 2854: -8079
2854 - 2855: -4446
2855 - 2856: -5420
2856 - 2857: -7624
2857 - 2858: -12420
2858 - 2859: 4436
2859 - 2860: -5179
2860 - 2861: -8680
2861 - 2862: -8701
2862 - 2863: -9508
2863 - 2864: -157
2864 - 2865: -3327
2865 - 2866: -8975
2866 - 2867: -7458
2867 - 2868: -7902
2868 - 2869: -7453
2869 - 2870: -7876
2870 - 2871: -6179
2871 - 2872: -3555
2872 - 2873: -7836
2873 - 2874: -6338
2874 - 2875: -8973
2875 - 2876: 18688
2876 - 2877: -1773
2877 - 2878: -6802
2878 - 2879: -6938
2879 - 2880: -5215
2880 - 2881: -10296
2881 - 2882: -8417
2882 - 2883: 9518
2883 - 2884: 7768
2884 - 2885: -6643
2885 - 2886: -7889
2886 - 2887: -5687
2887 - 2888: 47693
2888 - 2889: -9822
2889 - 2890: 3899
2890 - 2891: -6699
2891 - 2892: -151
2892 - 2893: 9824
2893 - 2894: 8559
2894 - 2895: 9436
2895 - 2896: -5890
2896 - 2897: -9754
2897 - 2898: -10247
2898 - 2899: -2903
2899 - 2900: -5390
2900 - 2901: -7407
2901 - 2902: -1204
2902 - 2903: -5705
2903 - 2904: -1590
2904 - 2905: -5865
2905 - 2906: -2892
2906 - 2907: -11463
2907 - 2908: -2426
2908 - 2909: -4830
2909 - 2910: -5585
2910 - 2911: -5919
2911 - 2912: 1600
2912 - 2913: -5885
2913 - 2914: -5390
2914 - 2915: 1493
2915 - 2916: -6021
2916 - 2917: -3223
2917 - 2918: 7939
2918 - 2919: 653
2919 - 2920: 55285
2920 - 2921: 7689
2921 - 2922: -9426
2922 - 2923: -6974
2923 - 2924: -7492
2924 - 2925: -11164
2925 - 2926: -8467
2926 - 2927: -11192
2927 - 2928: -4343
2928 - 2929: 10530
2929 - 2930: 3398
2930 - 2931: -6952
2931 - 2932: -1309
2932 - 2933: -4867
2933 - 2934: -6032
2934 - 2935: -10168
2935 - 2936: -7863
2936 - 2937: -6101
2937 - 2938: 1971
2938 - 2939: 2345
2939 - 2940: -4542
2940 - 2941: -5899
2941 - 2942: 154
2942 - 2943: -6329
2943 - 2944: -3309
2944 - 2945: -3894
2945 - 2946: 2687
2946 - 2947: -7064
2947 - 2948: -8591
2948 - 2949: -463
2949 - 2950: -6657
2950 - 2951: -2620
2951 - 2952: 8020
2952 - 2953: -5812
2953 - 2954: -8752
2954 - 2955: 8072
2955 - 2956: 10116
2956 - 2957: 1718
2957 - 2958: -8153
2958 - 2959: -9959
2959 - 2960: -10838
2960 - 2961: -6537
2961 - 2962: -205
2962 - 2963: -6291
2963 - 2964: 0
2964 - 2965: 2804
2965 - 2966: -3399
2966 - 2967: -5579
2967 - 2968: 5444
2968 - 2969: -702
2969 - 2970: -4464
2970 - 2971: 8277
2971 - 2972: -2469
2972 - 2973: -2127
2973 - 2974: 48280
2974 - 2975: -5497
2975 - 2976: -2764
2976 - 2977: -4367
2977 - 2978: 11782
2978 - 2979: -2454
2979 - 2980: -1923
2980 - 2981: 5464
2981 - 2982: -3240
2982 - 2983: 7984
2983 - 2984: 5456
2984 - 2985: 4289
2985 - 2986: 5892
2986 - 2987: -5844
2987 - 2988: -3559
2988 - 2989: 8146
2989 - 2990: -2957
2990 - 2991: -1074
2991 - 2992: -3877
2992 - 2993: 2190
2993 - 2994: 7812
2994 - 2995: -960
2995 - 2996: -1497
2996 - 2997: -2762
2997 - 2998: 27352
2998 - 2999: 29694
2999 - 3000: -2322
3000 - 3001: -6059
3001 - 3002: 219
3002 - 3003: -3276
3003 - 3004: -1137
3004 - 3005: -3030
3005 - 3006: -2207
3006 - 3007: -429
3007 - 3008: -413
3008 - 3009: -4715
3009 - 3010: -3685
3010 - 3011: 2319
3011 - 3012: 1023
3012 - 3013: 5717
3013 - 3014: -3187
3014 - 3015: 49484
3015 - 3016: 13657
3016 - 3017: -1852
3017 - 3018: 24808
3018 - 3019: 26696
3019 - 3020: 18319
3020 - 3021: -448
3021 - 3022: 1063
3022 - 3023: -120
3023 - 3024: 4829
3024 - 3025: 10004
3025 - 3026: -2936
3026 - 3027: 2257
3027 - 3028: -3463
3028 - 3029: 5586
3029 - 3030: -4035
3030 - 3031: 1173
3031 - 3032: 65903
3032 - 3033: 2420
3033 - 3034: 2399
3034 - 3035: -4316
3035 - 3036: -978
3036 - 3037: -629
3037 - 3038: -1681
3038 - 3039: -1079
3039 - 3040: 156
3040 - 3041: 11050
3041 - 3042: 9558
3042 - 3043: -2615
3043 - 3044: -2896
3044 - 3045: -3588
3045 - 3046: -5534
3046 - 3047: -1284
3047 - 3048: 4206
3048 - 3049: -2139
3049 - 3050: -3016
3050 - 3051: 13155
3051 - 3052: -3729
3052 - 3053: 1433
3053 - 3054: 3963
3054 - 3055: 2983
3055 - 3056: -7909
3056 - 3057: 7955
3057 - 3058: -2634
3058 - 3059: -2639
3059 - 3060: 30235
3060 - 3061: 1352
3061 - 3062: -472
3062 - 3063: -876
3063 - 3064: -6427
3064 - 3065: 4666
3065 - 3066: 65395
3066 - 3067: -408
3067 - 3068: -1784
3068 - 3069: -3173
3069 - 3070: -5107
3070 - 3071: -2601
3071 - 3072: -4030
3072 - 3073: 60761
3073 - 3074: 9308
3074 - 3075: 3848
3075 - 3076: -3299
3076 - 3077: 1309
3077 - 3078: -4449
3078 - 3079: 50963
3079 - 3080: -4071
3080 - 3081: -4761
3081 - 3082: -202
3082 - 3083: 3187
3083 - 3084: 62283
3084 - 3085: 60503
3085 - 3086: -543
3086 - 3087: -778
3087 - 3088: -3594
3088 - 3089: 4404
3089 - 3090: 17767
3090 - 3091: 2857
3091 - 3092: 44714
3092 - 3093: 23357
3093 - 3094: -4056
3094 - 3095: 1159
3095 - 3096: 49707
3096 - 3097: 12216
3097 - 3098: -2924
3098 - 3099: 45262
3099 - 3100: 27079
3100 - 3101: -3814
3101 - 3102: -1266
3102 - 3103: 2793
3103 - 3104: -7449
3104 - 3105: -4703
3105 - 3106: -4717
3106 - 3107: 16071
3107 - 3108: 9060
3108 - 3109: 5026
3109 - 3110: 7776
3110 - 3111: -2438
3111 - 3112: -5059
3112 - 3113: 12131
3113 - 3114: -3018
3114 - 3115: 38750
3115 - 3116: 5582
3116 - 3117: 5423
3117 - 3118: -5912
3118 - 3119: 6186
3119 - 3120: 0
3120 - 3121: 9010
3121 - 3122: -2383
3122 - 3123: -2588
3123 - 3124: -896
3124 - 3125: 286
3125 - 3126: 5621
3126 - 3127: 38058
3127 - 3128: 6611
3128 - 3129: 1891
3129 - 3130: 1667
3130 - 3131: 1777
3131 - 3132: -983
3132 - 3133: -2142
3133 - 3134: 11394
3134 - 3135: -1771
3135 - 3136: 922
3136 - 3137: -3879
3137 - 3138: 1313
3138 - 3139: 1767
3139 - 3140: 1300
3140 - 3141: -353
3141 - 3142: 5630
3142 - 3143: 4860
3143 - 3144: -609
3144 - 3145: 1589
3145 - 3146: -772
3146 - 3147: -684
3147 - 3148: 88
3148 - 3149: 3696
3149 - 3150: 12707
3150 - 3151: 14405
3151 - 3152: 16979
3152 - 3153: -4313
3153 - 3154: 1224
3154 - 3155: -1181
3155 - 3156: 1496
3156 - 3157: 26841
3157 - 3158: -1766
3158 - 3159: -465
3159 - 3160: 11633
3160 - 3161: -3837
3161 - 3162: -3070
3162 - 3163: -1813
3163 - 3164: -2660
3164 - 3165: 1209
3165 - 3166: -2951
3166 - 3167: -3733
3167 - 3168: 19743
3168 - 3169: 1871
3169 - 3170: 1464
3170 - 3171: 19806
3171 - 3172: 45075
3172 - 3173: -1312
3173 - 3174: -3203
3174 - 3175: -3916
3175 - 3176: -491
3176 - 3177: 1346
3177 - 3178: -457
3178 - 3179: -2364
3179 - 3180: 618
3180 - 3181: -361
3181 - 3182: -782
3182 - 3183: 10916
3183 - 3184: 4368
3184 - 3185: -1645
3185 - 3186: -3300
3186 - 3187: 13689
3187 - 3188: 8743
3188 - 3189: 60209
3189 - 3190: 3458
3190 - 3191: -549
3191 - 3192: 12564
3192 - 3193: 2787
3193 - 3194: -721
3194 - 3195: 10094
3195 - 3196: 2945
3196 - 3197: 12029
3197 - 3198: 1009
3198 - 3199: 1256
3199 - 3200: -1248
3200 - 3201: -1985
3201 - 3202: -637
3202 - 3203: 4438
3203 - 3204: 14207
3204 - 3205: -2363
3205 - 3206: -1624
3206 - 3207: -3622
3207 - 3208: 14426
3208 - 3209: 2059
3209 - 3210: 12039
3210 - 3211: 528
3211 - 3212: -2358
3212 - 3213: -4275
3213 - 3214: -3667
3214 - 3215: -701
3215 - 3216: -4737
3216 - 3217: 9399
3217 - 3218: -2363
3218 - 3219: -998
3219 - 3220: -605
3220 - 3221: 546
3221 - 3222: -392
3222 - 3223: 8191
3223 - 3224: 2151
3224 - 3225: 3901
3225 - 3226: -454
3226 - 3227: 4361
3227 - 3228: 10746
3228 - 3229: -3308
3229 - 3230: 9939
3230 - 3231: 5328
3231 - 3232: 912
3232 - 3233: 12924
3233 - 3234: 15499
3234 - 3235: 892
3235 - 3236: -1727
3236 - 3237: -3523
3237 - 3238: 13776
3238 - 3239: 5007
3239 - 3240: -1890
3240 - 3241: 4269
3241 - 3242: 18061
3242 - 3243: -2484
3243 - 3244: -1718
3244 - 3245: 3436
3245 - 3246: -2462
3246 - 3247: 1749
3247 - 3248: -352
3248 - 3249: -2439
3249 - 3250: 4615
3250 - 3251: -656
3251 - 3252: 4437
3252 - 3253: -293
3253 - 3254: 2477
3254 - 3255: -1129
3255 - 3256: -2120
3256 - 3257: -1561
3257 - 3258: -356
3258 - 3259: 2011
3259 - 3260: -3526
3260 - 3261: 948
3261 - 3262: -1070
3262 - 3263: 2121
3263 - 3264: -2301
3264 - 3265: -2914
3265 - 3266: 13561
3266 - 3267: 30632
3267 - 3268: 3669
3268 - 3269: -434
3269 - 3270: -210
3270 - 3271: 6043
3271 - 3272: 4623
3272 - 3273: 5272
3273 - 3274: -3666
3274 - 3275: 14482
3275 - 3276: 0
3276 - 3277: -3768
3277 - 3278: -4248
3278 - 3279: -7746
3279 - 3280: -6827
3280 - 3281: -1943
3281 - 3282: 6874
3282 - 3283: 20773
3283 - 3284: -3181
3284 - 3285: -4815
3285 - 3286: 1730
3286 - 3287: -5745
3287 - 3288: -3105
3288 - 3289: -6135
3289 - 3290: -1796
3290 - 3291: -3530
3291 - 3292: -784
3292 - 3293: 715
3293 - 3294: -1513
3294 - 3295: -6755
3295 - 3296: 340
3296 - 3297: -7384
3297 - 3298: -6770
3298 - 3299: -3170
3299 - 3300: 24585
3300 - 3301: -7499
3301 - 3302: -3050
3302 - 3303: -6657
3303 - 3304: 34378
3304 - 3305: -6892
3305 - 3306: -5417
3306 - 3307: -4208
3307 - 3308: 12421
3308 - 3309: -2246
3309 - 3310: 4702
3310 - 3311: -6653
3311 - 3312: 6936
3312 - 3313: -3857
3313 - 3314: -4882
3314 - 3315: -5295
3315 - 3316: -4350
3316 - 3317: 66032
3317 - 3318: -5206
3318 - 3319: -6025
3319 - 3320: -6882
3320 - 3321: -3978
3321 - 3322: -971
3322 - 3323: 6849
3323 - 3324: -3234
3324 - 3325: 316
3325 - 3326: -2142
3326 - 3327: -5175
3327 - 3328: -7129
3328 - 3329: 8469
3329 - 3330: -1660
3330 - 3331: -5519
3331 - 3332: -6583
3332 - 3333: 5070
3333 - 3334: -5084
3334 - 3335: -2967
3335 - 3336: -3997
3336 - 3337: -5230
3337 - 3338: 5808
3338 - 3339: -3725
3339 - 3340: 57
3340 - 3341: -3689
3341 - 3342: -5269
3342 - 3343: 250
3343 - 3344: -2051
3344 - 3345: 10087
3345 - 3346: -4646
3346 - 3347: 3837
3347 - 3348: -8845
3348 - 3349: -3203
3349 - 3350: -3217
3350 - 3351: 1825
3351 - 3352: 35049
3352 - 3353: -4105
3353 - 3354: -4605
3354 - 3355: 60263
3355 - 3356: 3707
3356 - 3357: 24544
3357 - 3358: 24857
3358 - 3359: 464
3359 - 3360: -4525
3360 - 3361: -3861
3361 - 3362: -7274
3362 - 3363: -6124
3363 - 3364: -4739
3364 - 3365: -6934
3365 - 3366: -6351
3366 - 3367: -179
3367 - 3368: -1467
3368 - 3369: 7095
3369 - 3370: 2671
3370 - 3371: 6836
3371 - 3372: -3959
3372 - 3373: 2535
3373 - 3374: -1157
3374 - 3375: 51759
3375 - 3376: 22928
3376 - 3377: -1654
3377 - 3378: 635
3378 - 3379: 6650
3379 - 3380: -5948
3380 - 3381: -3060
3381 - 3382: -7131
3382 - 3383: -5432
3383 - 3384: -4378
3384 - 3385: -3003
3385 - 3386: -2347
3386 - 3387: -8258
3387 - 3388: -2524
3388 - 3389: -5735
3389 - 3390: -3303
3390 - 3391: 4555
3391 - 3392: -3350
3392 - 3393: -2222
3393 - 3394: 27744
3394 - 3395: -2688
3395 - 3396: 3253
3396 - 3397: -5578
3397 - 3398: -6337
3398 - 3399: 15653
3399 - 3400: 7961
3400 - 3401: -5244
3401 - 3402: -7339
3402 - 3403: -4640
3403 - 3404: -4943
3404 - 3405: -7689
3405 - 3406: -6132
3406 - 3407: 29775
3407 - 3408: 5017
3408 - 3409: 44131
3409 - 3410: -3470
3410 - 3411: 23194
3411 - 3412: 9108
3412 - 3413: -1993
3413 - 3414: 27452
3414 - 3415: -4242
3415 - 3416: -4929
3416 - 3417: 57336
3417 - 3418: -2466
3418 - 3419: -1815
3419 - 3420: -3781
3420 - 3421: -4313
3421 - 3422: -243
3422 - 3423: -3176
3423 - 3424: -2650
3424 - 3425: 10302
3425 - 3426: 1626
3426 - 3427: -3541
3427 - 3428: -2303
3428 - 3429: 58614
3429 - 3430: -1705
3430 - 3431: -228
3431 - 3432: 0
3432 - 3433: 1035
3433 - 3434: 1618
3434 - 3435: -3176
3435 - 3436: -384
3436 - 3437: 12235
3437 - 3438: 12950
3438 - 3439: 860
3439 - 3440: -2787
3440 - 3441: -1672
3441 - 3442: -3062
3442 - 3443: -941
3443 - 3444: 5531
3444 - 3445: 29478
3445 - 3446: 1366
3446 - 3447: -483
3447 - 3448: 3056
3448 - 3449: -3043
3449 - 3450: 2601
3450 - 3451: 63353
3451 - 3452: 27243
3452 - 3453: -1689
3453 - 3454: 1338
3454 - 3455: -1703
3455 - 3456: -6546
3456 - 3457: -1354
3457 - 3458: 4378
3458 - 3459: -3907
3459 - 3460: -1249
3460 - 3461: -4444
3461 - 3462: -789
3462 - 3463: -5379
3463 - 3464: -2678
3464 - 3465: 2117
3465 - 3466: 8819
3466 - 3467: 611
3467 - 3468: 30071
3468 - 3469: -2399
3469 - 3470: 7564
3470 - 3471: -3835
3471 - 3472: 7069
3472 - 3473: -33
3473 - 3474: -357
3474 - 3475: -3056
3475 - 3476: 6984
3476 - 3477: -2868
3477 - 3478: 1287
3478 - 3479: -2723
3479 - 3480: -2392
3480 - 3481: 10735
3481 - 3482: 4989
3482 - 3483: 17493
3483 - 3484: 7850
3484 - 3485: 9404
3485 - 3486: 7766
3486 - 3487: -957
3487 - 3488: -930
3488 - 3489: -3550
3489 - 3490: -1222
3490 - 3491: 11074
3491 - 3492: -2593
3492 - 3493: 48969
3493 - 3494: 13687
3494 - 3495: 56327
3495 - 3496: 3285
3496 - 3497: 68
3497 - 3498: 2502
3498 - 3499: 4112
3499 - 3500: 1846
3500 - 3501: -1407
3501 - 3502: 69486
3502 - 3503: 15903
3503 - 3504: 12284
3504 - 3505: 4268
3505 - 3506: 14781
3506 - 3507: 43768
3507 - 3508: 1666
3508 - 3509: 7048
3509 - 3510: 6985
3510 - 3511: 2338
3511 - 3512: 360
3512 - 3513: 12325
3513 - 3514: 11295
3514 - 3515: -1975
3515 - 3516: 27183
3516 - 3517: 69453
3517 - 3518: 9994
3518 - 3519: -582
3519 - 3520: 60634
3520 - 3521: 18760
3521 - 3522: 3246
3522 - 3523: -1436
3523 - 3524: -1962
3524 - 3525: -2338
3525 - 3526: -3454
3526 - 3527: 52413
3527 - 3528: -2290
3528 - 3529: -469
3529 - 3530: -1859
3530 - 3531: 895
3531 - 3532: -1712
3532 - 3533: 212
3533 - 3534: 16194
3534 - 3535: 2569
3535 - 3536: -122
3536 - 3537: 5390
3537 - 3538: 1275
3538 - 3539: 283
3539 - 3540: -978
3540 - 3541: 4270
3541 - 3542: 34332
3542 - 3543: 2232
3543 - 3544: 51805
3544 - 3545: -3248
3545 - 3546: 7212
3546 - 3547: 4651
3547 - 3548: 4199
3548 - 3549: 1239
3549 - 3550: -1994
3550 - 3551: -418
3551 - 3552: 46688
3552 - 3553: -2668
3553 - 3554: -534
3554 - 3555: -1457
3555 - 3556: 8144
3556 - 3557: 6555
3557 - 3558: 5371
3558 - 3559: 31
3559 - 3560: -920
3560 - 3561: -3922
3561 - 3562: 275
3562 - 3563: 2649
3563 - 3564: 171
3564 - 3565: -188
3565 - 3566: -1990
3566 - 3567: 6577
3567 - 3568: -728
3568 - 3569: -108
3569 - 3570: -4054
3570 - 3571: 564
3571 - 3572: -167
3572 - 3573: -882
3573 - 3574: -8253
3574 - 3575: -755
3575 - 3576: 68622
3576 - 3577: 5266
3577 - 3578: 4052
3578 - 3579: -2376
3579 - 3580: -4139
3580 - 3581: -2955
3581 - 3582: -3881
3582 - 3583: 49516
3583 - 3584: -1754
3584 - 3585: -1853
3585 - 3586: -1609
3586 - 3587: -1394
3587 - 3588: 0
3588 - 3589: 3198
3589 - 3590: 3402
3590 - 3591: 401
3591 - 3592: 265
3592 - 3593: -1180
3593 - 3594: 11821
3594 - 3595: 29022
3595 - 3596: 17834
3596 - 3597: 6888
3597 - 3598: 70812
3598 - 3599: 9336
3599 - 3600: 5786
3600 - 3601: 2560
3601 - 3602: 71003
3602 - 3603: 19193
3603 - 3604: 2918
3604 - 3605: -39
3605 - 3606: 3154
3606 - 3607: 817
3607 - 3608: 12928
3608 - 3609: 1827
3609 - 3610: 1060
3610 - 3611: 17395
3611 - 3612: 73827
3612 - 3613: 2165
3613 - 3614: 635
3614 - 3615: 1844
3615 - 3616: 112
3616 - 3617: -448
3617 - 3618: 139
3618 - 3619: 489
3619 - 3620: 7128
3620 - 3621: 2324
3621 - 3622: -61
3622 - 3623: 9022
3623 - 3624: 15099
3624 - 3625: 3199
3625 - 3626: 1160
3626 - 3627: 54606
3627 - 3628: -1450
3628 - 3629: 21663
3629 - 3630: 1427
3630 - 3631: 380
3631 - 3632: -841
3632 - 3633: -1436
3633 - 3634: -1392
3634 - 3635: 11494
3635 - 3636: 11675
3636 - 3637: 31642
3637 - 3638: -1490
3638 - 3639: 2029
3639 - 3640: 601
3640 - 3641: 17243
3641 - 3642: 117
3642 - 3643: -2610
3643 - 3644: -426
3644 - 3645: 5395
3645 - 3646: 542
3646 - 3647: -242
3647 - 3648: 158
3648 - 3649: 2148
3649 - 3650: 12648
3650 - 3651: -827
3651 - 3652: 168
3652 - 3653: 144
3653 - 3654: -1513
3654 - 3655: 1244
3655 - 3656: 5138
3656 - 3657: 1148
3657 - 3658: 2568
3658 - 3659: 1181
3659 - 3660: 3652
3660 - 3661: 1468
3661 - 3662: 21884
3662 - 3663: 9436
3663 - 3664: 11191
3664 - 3665: 992
3665 - 3666: 3117
3666 - 3667: 30809
3667 - 3668: 32313
3668 - 3669: 2367
3669 - 3670: -1620
3670 - 3671: -73
3671 - 3672: 17993
3672 - 3673: -158
3673 - 3674: 3321
3674 - 3675: 1756
3675 - 3676: 1618
3676 - 3677: 1122
3677 - 3678: 708
3678 - 3679: 11782
3679 - 3680: -1746
3680 - 3681: -1734
3681 - 3682: 7501
3682 - 3683: -1379
3683 - 3684: 216
3684 - 3685: -582
3685 - 3686: 4717
3686 - 3687: 4184
3687 - 3688: 9640
3688 - 3689: 1932
3689 - 3690: 28
3690 - 3691: 533
3691 - 3692: 1864
3692 - 3693: 1106
3693 - 3694: 2895
3694 - 3695: 11714
3695 - 3696: 70494
3696 - 3697: 2700
3697 - 3698: 1435
3698 - 3699: 1802
3699 - 3700: 1346
3700 - 3701: 2327
3701 - 3702: 7959
3702 - 3703: 8326
3703 - 3704: -4011
3704 - 3705: 6142
3705 - 3706: 1305
3706 - 3707: 7424
3707 - 3708: 6291
3708 - 3709: 3799
3709 - 3710: 17001
3710 - 3711: 18017
3711 - 3712: -1041
3712 - 3713: 11203
3713 - 3714: 873
3714 - 3715: 3788
3715 - 3716: 7612
3716 - 3717: 887
3717 - 3718: 15953
3718 - 3719: 4673
3719 - 3720: 167
3720 - 3721: 2482
3721 - 3722: 1834
3722 - 3723: 1607
3723 - 3724: 44697
3724 - 3725: 2084
3725 - 3726: 2352
3726 - 3727: 14329
3727 - 3728: 7697
3728 - 3729: 13545
3729 - 3730: 6393
3730 - 3731: 2022
3731 - 3732: 1626
3732 - 3733: 22874
3733 - 3734: 55997
3734 - 3735: 221
3735 - 3736: 15989
3736 - 3737: 21491
3737 - 3738: 4739
3738 - 3739: 3004
3739 - 3740: -374
3740 - 3741: -1307
3741 - 3742: 1990
3742 - 3743: 3404
3743 - 3744: 0
3744 - 3745: 1278
3745 - 3746: 4489
3746 - 3747: 51017
3747 - 3748: 14988
3748 - 3749: 9718
3749 - 3750: 883
3750 - 3751: 2305
3751 - 3752: 13999
3752 - 3753: 1101
3753 - 3754: 374
3754 - 3755: 632
3755 - 3756: 533
3756 - 3757: 878
3757 - 3758: -1956
3758 - 3759: 9970
3759 - 3760: -143
3760 - 3761: 5992
3761 - 3762: 2300
3762 - 3763: -792
3763 - 3764: 879
3764 - 3765: 1764
3765 - 3766: 19934
3766 - 3767: -706
3767 - 3768: -561
3768 - 3769: -2734
3769 - 3770: 14565
3770 - 3771: 42251
3771 - 3772: -2294
3772 - 3773: -873
3773 - 3774: 67923
3774 - 3775: 1461
3775 - 3776: 1534
3776 - 3777: 2066
3777 - 3778: 5863
3778 - 3779: 215
3779 - 3780: 41766
3780 - 3781: 14487
3781 - 3782: 12852
3782 - 3783: 1191
3783 - 3784: 7091
3784 - 3785: 46035
3785 - 3786: 2477
3786 - 3787: 1516
3787 - 3788: 19251
3788 - 3789: 21634
3789 - 3790: 3100
3790 - 3791: -1061
3791 - 3792: 1137
3792 - 3793: -1962
3793 - 3794: 6243
3794 - 3795: 17371
3795 - 3796: 20310
3796 - 3797: 1735
3797 - 3798: 557
3798 - 3799: 3640
3799 - 3800: 3370
3800 - 3801: -170
3801 - 3802: 2872
3802 - 3803: 1742
3803 - 3804: 11278
3804 - 3805: 14839
3805 - 3806: 18026
3806 - 3807: 929
3807 - 3808: 15483
3808 - 3809: 24582
3809 - 3810: 4279
3810 - 3811: 2887
3811 - 3812: 11156
3812 - 3813: -1368
3813 - 3814: 225
3814 - 3815: -42
3815 - 3816: 6593
3816 - 3817: 20170
3817 - 3818: 1805
3818 - 3819: 9177
3819 - 3820: 376
3820 - 3821: 15142
3821 - 3822: 14915
3822 - 3823: 1153
3823 - 3824: 3263
3824 - 3825: 16136
3825 - 3826: 12915
3826 - 3827: 2634
3827 - 3828: 2193
3828 - 3829: 6598
3829 - 3830: 16176
3830 - 3831: 4737
3831 - 3832: 16362
3832 - 3833: -1910
3833 - 3834: 15365
3834 - 3835: 66199
3835 - 3836: 7643
3836 - 3837: 24267
3837 - 3838: 329
3838 - 3839: -1278
3839 - 3840: -773
3840 - 3841: 8853
3841 - 3842: 1707
3842 - 3843: -214
3843 - 3844: 8773
3844 - 3845: 2927
3845 - 3846: 13758
3846 - 3847: 2012
3847 - 3848: 6306
3848 - 3849: -300
3849 - 3850: 4642
3850 - 3851: 535
3851 - 3852: 71126
3852 - 3853: 10781
3853 - 3854: 4925
3854 - 3855: 11121
3855 - 3856: 18303
3856 - 3857: 2194
3857 - 3858: 3038
3858 - 3859: 1310
3859 - 3860: 60890
3860 - 3861: -1109
3861 - 3862: 3062
3862 - 3863: -242
3863 - 3864: 2501
3864 - 3865: 59207
3865 - 3866: -961
3866 - 3867: 927
3867 - 3868: 4235
3868 - 3869: 2196
3869 - 3870: 1099
3870 - 3871: 1893
3871 - 3872: 6768
3872 - 3873: 15767
3873 - 3874: 18054
3874 - 3875: -4935
3875 - 3876: 13644
3876 - 3877: 2388
3877 - 3878: 10348
3878 - 3879: 50992
3879 - 3880: 69755
3880 - 3881: 1065
3881 - 3882: 3384
3882 - 3883: -818
3883 - 3884: 15588
3884 - 3885: 70519
3885 - 3886: -897
3886 - 3887: 195
3887 - 3888: 2481
3888 - 3889: 53474
3889 - 3890: 27323
3890 - 3891: 763
3891 - 3892: 1254
3892 - 3893: 2165
3893 - 3894: 5212
3894 - 3895: 7524
3895 - 3896: 4762
3896 - 3897: 681
3897 - 3898: 3229
3898 - 3899: -1089
3899 - 3900: 0
3900 - 3901: -20502
3901 - 3902: -16810
3902 - 3903: 14459
3903 - 3904: -17718
3904 - 3905: -24184
3905 - 3906: -25030
3906 - 3907: -25014
3907 - 3908: -24736
3908 - 3909: -16696
3909 - 3910: -20295
3910 - 3911: -24418
3911 - 3912: -18569
3912 - 3913: -23169
3913 - 3914: -20395
3914 - 3915: -21272
3915 - 3916: -22701
3916 - 3917: -25495
3917 - 3918: -18396
3918 - 3919: -23518
3919 - 3920: -23220
3920 - 3921: -10790
3921 - 3922: -18005
3922 - 3923: -21830
3923 - 3924: -23591
3924 - 3925: -22677
3925 - 3926: -17660
3926 - 3927: -22352
3927 - 3928: -17546
3928 - 3929: -14128
3929 - 3930: -24303
3930 - 3931: -17463
3931 - 3932: -7948
3932 - 3933: -24440
3933 - 3934: -21328
3934 - 3935: -21429
3935 - 3936: -20764
3936 - 3937: -23158
3937 - 3938: -22576
3938 - 3939: -22482
3939 - 3940: -22684
3940 - 3941: -23203
3941 - 3942: -23606
3942 - 3943: -24338
3943 - 3944: -15742
3944 - 3945: -20533
3945 - 3946: -12374
3946 - 3947: -23999
3947 - 3948: -20001
3948 - 3949: -14496
3949 - 3950: -17610
3950 - 3951: 42842
3951 - 3952: -21682
3952 - 3953: -21053
3953 - 3954: -22872
3954 - 3955: -22936
3955 - 3956: -21186
3956 - 3957: -23724
3957 - 3958: -23299
3958 - 3959: -27522
3959 - 3960: -11550
3960 - 3961: -9055
3961 - 3962: -21214
3962 - 3963: -21117
3963 - 3964: -22470
3964 - 3965: -22861
3965 - 3966: -25100
3966 - 3967: -16529
3967 - 3968: -18229
3968 - 3969: -21381
3969 - 3970: -22956
3970 - 3971: -17206
3971 - 3972: -18392
3972 - 3973: -2680
3973 - 3974: -21456
3974 - 3975: -17568
3975 - 3976: -13748
3976 - 3977: -23609
3977 - 3978: -21999
3978 - 3979: 9458
3979 - 3980: -15156
3980 - 3981: -23142
3981 - 3982: -21137
3982 - 3983: -23435
3983 - 3984: -12329
3984 - 3985: -19869
3985 - 3986: -22162
3986 - 3987: -3355
3987 - 3988: -21800
3988 - 3989: -17244
3989 - 3990: -10710
3990 - 3991: 37818
3991 - 3992: -12467
3992 - 3993: -18308
3993 - 3994: 956
3994 - 3995: 49116
3995 - 3996: -23139
3996 - 3997: -10100
3997 - 3998: 46149
3998 - 3999: -21917
3999 - 4000: -20664
4000 - 4001: 40122
4001 - 4002: -13820
4002 - 4003: -22744
4003 - 4004: -23646
4004 - 4005: -13971
4005 - 4006: -19631
4006 - 4007: -977
4007 - 4008: -23147
4008 - 4009: -22264
4009 - 4010: -20611
4010 - 4011: -15837
4011 - 4012: -22533
4012 - 4013: -14843
4013 - 4014: -12844
4014 - 4015: -15756
4015 - 4016: -22920
4016 - 4017: -11776
4017 - 4018: -12725
4018 - 4019: -4559
4019 - 4020: -22285
4020 - 4021: -17260
4021 - 4022: -22277
4022 - 4023: -21854
4023 - 4024: -23508
4024 - 4025: -24932
4025 - 4026: -8411
4026 - 4027: -24001
4027 - 4028: 39210
4028 - 4029: -16722
4029 - 4030: -20204
4030 - 4031: -22516
4031 - 4032: -23175
4032 - 4033: -5964
4033 - 4034: -24331
4034 - 4035: -16910
4035 - 4036: -13520
4036 - 4037: -21615
4037 - 4038: -15213
4038 - 4039: -22265
4039 - 4040: -25217
4040 - 4041: -14230
4041 - 4042: -16195
4042 - 4043: -22880
4043 - 4044: -22877
4044 - 4045: -22865
4045 - 4046: 20328
4046 - 4047: -23369
4047 - 4048: -20236
4048 - 4049: -19493
4049 - 4050: -20747
4050 - 4051: 27890
4051 - 4052: -21958
4052 - 4053: -10075
4053 - 4054: -13641
4054 - 4055: -19193
4055 - 4056: 0
4056 - 4057: -1103
4057 - 4058: -14948
4058 - 4059: -4894
4059 - 4060: -16817
4060 - 4061: -10432
4061 - 4062: -2288
4062 - 4063: -17347
4063 - 4064: 8250
4064 - 4065: 12553
4065 - 4066: 3827
4066 - 4067: -11023
4067 - 4068: -16264
4068 - 4069: 30738
4069 - 4070: -2971
4070 - 4071: -19493
4071 - 4072: -15587
4072 - 4073: -18311
4073 - 4074: -14170
4074 - 4075: -17421
4075 - 4076: -14957
4076 - 4077: 5307
4077 - 4078: -5032
4078 - 4079: -17812
4079 - 4080: -10136
4080 - 4081: -15699
4081 - 4082: -6537
4082 - 4083: -13795
4083 - 4084: -18111
4084 - 4085: -13226
4085 - 4086: -15892
4086 - 4087: -13396
4087 - 4088: -15003
4088 - 4089: -20482
4089 - 4090: -10931
4090 - 4091: 5982
4091 - 4092: -10788
4092 - 4093: 14673
4093 - 4094: -19632
4094 - 4095: -20657
4095 - 4096: -17881
4096 - 4097: -18336
4097 - 4098: -5880
4098 - 4099: -11796
4099 - 4100: -5511
4100 - 4101: -4053
4101 - 4102: -6223
4102 - 4103: 34078
4103 - 4104: -13006
4104 - 4105: -13379
4105 - 4106: -10646
4106 - 4107: -18504
4107 - 4108: -17429
4108 - 4109: 29108
4109 - 4110: 54553
4110 - 4111: -11609
4111 - 4112: 44515
4112 - 4113: -6413
4113 - 4114: -15803
4114 - 4115: -6998
4115 - 4116: -19452
4116 - 4117: -13610
4117 - 4118: 35877
4118 - 4119: -14777
4119 - 4120: 14519
4120 - 4121: -8506
4121 - 4122: -16930
4122 - 4123: -18841
4123 - 4124: -17023
4124 - 4125: -17463
4125 - 4126: -18563
4126 - 4127: -18954
4127 - 4128: -16103
4128 - 4129: -19664
4129 - 4130: -17571
4130 - 4131: -16900
4131 - 4132: -17137
4132 - 4133: 28625
4133 - 4134: -20525
4134 - 4135: 21053
4135 - 4136: -13374
4136 - 4137: 42485
4137 - 4138: -17563
4138 - 4139: -19348
4139 - 4140: 22972
4140 - 4141: 4834
4141 - 4142: -17620
4142 - 4143: -16869
4143 - 4144: -3424
4144 - 4145: -3977
4145 - 4146: -14973
4146 - 4147: -15232
4147 - 4148: 32481
4148 - 4149: -18052
4149 - 4150: -14401
4150 - 4151: -15066
4151 - 4152: -14975
4152 - 4153: -12553
4153 - 4154: -7161
4154 - 4155: -18800
4155 - 4156: -13235
4156 - 4157: 28515
4157 - 4158: -14918
4158 - 4159: -17888
4159 - 4160: -17916
4160 - 4161: -18878
4161 - 4162: -9001
4162 - 4163: -16653
4163 - 4164: 28950
4164 - 4165: -15316
4165 - 4166: -7376
4166 - 4167: -13562
4167 - 4168: -15794
4168 - 4169: -11480
4169 - 4170: -15100
4170 - 4171: -8458
4171 - 4172: -6020
4172 - 4173: -17028
4173 - 4174: -8636
4174 - 4175: -16886
4175 - 4176: -19975
4176 - 4177: -16675
4177 - 4178: -19780
4178 - 4179: -8355
4179 - 4180: 2427
4180 - 4181: -15483
4181 - 4182: -9958
4182 - 4183: 34805
4183 - 4184: -14988
4184 - 4185: -16795
4185 - 4186: -17514
4186 - 4187: -15014
4187 - 4188: -12034
4188 - 4189: 25074
4189 - 4190: -13109
4190 - 4191: -10512
4191 - 4192: -11954
4192 - 4193: -17514
4193 - 4194: -8415
4194 - 4195: -15990
4195 - 4196: -9349
4196 - 4197: -16453
4197 - 4198: -17371
4198 - 4199: -15876
4199 - 4200: -18142
4200 - 4201: -14774
4201 - 4202: -16594
4202 - 4203: 17077
4203 - 4204: -15737
4204 - 4205: -17391
4205 - 4206: 4688
4206 - 4207: -18067
4207 - 4208: -18458
4208 - 4209: -17544
4209 - 4210: -17974
4210 - 4211: -13436
4211 - 4212: 0
4212 - 4213: 1490
4213 - 4214: 6710
4214 - 4215: 50606
4215 - 4216: -4884
4216 - 4217: 7263
4217 - 4218: 35623
4218 - 4219: -2538
4219 - 4220: -3981
4220 - 4221: 6711
4221 - 4222: -3702
4222 - 4223: -5089
4223 - 4224: 3842
4224 - 4225: -2265
4225 - 4226: 7660
4226 - 4227: 3595
4227 - 4228: 56999
4228 - 4229: -4774
4229 - 4230: -2444
4230 - 4231: 20985
4231 - 4232: 1668
4232 - 4233: -3108
4233 - 4234: 9718
4234 - 4235: 8541
4235 - 4236: 37875
4236 - 4237: 20915
4237 - 4238: 12529
4238 - 4239: 7075
4239 - 4240: 2205
4240 - 4241: -4100
4241 - 4242: -1952
4242 - 4243: -2744
4243 - 4244: -56
4244 - 4245: 13123
4245 - 4246: 2916
4246 - 4247: -693
4247 - 4248: -2777
4248 - 4249: 34635
4249 - 4250: -3508
4250 - 4251: -1088
4251 - 4252: -4389
4252 - 4253: 16661
4253 - 4254: 12830
4254 - 4255: 94
4255 - 4256: 12188
4256 - 4257: 63498
4257 - 4258: 667
4258 - 4259: 2383
4259 - 4260: 9840
4260 - 4261: 5395
4261 - 4262: 6083
4262 - 4263: 6810
4263 - 4264: 2977
4264 - 4265: 16902
4265 - 4266: 55274
4266 - 4267: -6075
4267 - 4268: 4348
4268 - 4269: 8145
4269 - 4270: -3485
4270 - 4271: 16588
4271 - 4272: 17288
4272 - 4273: -4751
4273 - 4274: 6034
4274 - 4275: 8971
4275 - 4276: -1432
4276 - 4277: 34242
4277 - 4278: 614
4278 - 4279: 17552
4279 - 4280: 5048
4280 - 4281: 13568
4281 - 4282: -2837
4282 - 4283: -2076
4283 - 4284: 959
4284 - 4285: -1167
4285 - 4286: 5914
4286 - 4287: 8852
4287 - 4288: 6078
4288 - 4289: -870
4289 - 4290: -1180
4290 - 4291: 6743
4291 - 4292: 3347
4292 - 4293: -930
4293 - 4294: -2929
4294 - 4295: 5427
4295 - 4296: 8003
4296 - 4297: -4682
4297 - 4298: 2040
4298 - 4299: 26711
4299 - 4300: -7100
4300 - 4301: 11504
4301 - 4302: 21978
4302 - 4303: 5450
4303 - 4304: 567
4304 - 4305: 20117
4305 - 4306: 17966
4306 - 4307: 21812
4307 - 4308: 6943
4308 - 4309: -3827
4309 - 4310: 34293
4310 - 4311: 1592
4311 - 4312: 6804
4312 - 4313: 15679
4313 - 4314: -1559
4314 - 4315: 9357
4315 - 4316: 5647
4316 - 4317: -3144
4317 - 4318: -4076
4318 - 4319: 24709
4319 - 4320: -1335
4320 - 4321: 14577
4321 - 4322: 6026
4322 - 4323: 66038
4323 - 4324: 47856
4324 - 4325: -1097
4325 - 4326: 63491
4326 - 4327: -5008
4327 - 4328: 17493
4328 - 4329: -492
4329 - 4330: 21355
4330 - 4331: 10936
4331 - 4332: 11697
4332 - 4333: -2505
4333 - 4334: -4313
4334 - 4335: 8500
4335 - 4336: 62152
4336 - 4337: 24859
4337 - 4338: -5348
4338 - 4339: 6974
4339 - 4340: -1751
4340 - 4341: 2834
4341 - 4342: -4490
4342 - 4343: 2465
4343 - 4344: -4724
4344 - 4345: 4645
4345 - 4346: -4278
4346 - 4347: -2464
4347 - 4348: -1734
4348 - 4349: 4517
4349 - 4350: -2439
4350 - 4351: 2256
4351 - 4352: 6514
4352 - 4353: 37401
4353 - 4354: 8506
4354 - 4355: 11970
4355 - 4356: 8844
4356 - 4357: -707
4357 - 4358: -5555
4358 - 4359: 5394
4359 - 4360: -679
4360 - 4361: -3656
4361 - 4362: 23254
4362 - 4363: 14162
4363 - 4364: 1765
4364 - 4365: -3552
4365 - 4366: -2619
4366 - 4367: 56443
4367 - 4368: 0
4368 - 4369: 3049
4369 - 4370: -660
4370 - 4371: 26031
4371 - 4372: 1127
4372 - 4373: 4497
4373 - 4374: 3849
4374 - 4375: 2752
4375 - 4376: 52961
4376 - 4377: -1709
4377 - 4378: -5210
4378 - 4379: -775
4379 - 4380: 17791
4380 - 4381: -1504
4381 - 4382: -307
4382 - 4383: 883
4383 - 4384: -513
4384 - 4385: -2206
4385 - 4386: -3102
4386 - 4387: -1960
4387 - 4388: -1776
4388 - 4389: -2086
4389 - 4390: 1215
4390 - 4391: -2585
4391 - 4392: -2218
4392 - 4393: 13398
4393 - 4394: 77
4394 - 4395: 45199
4395 - 4396: 1284
4396 - 4397: 2251
4397 - 4398: 4777
4398 - 4399: -1387
4399 - 4400: -1939
4400 - 4401: 1761
4401 - 4402: -3114
4402 - 4403: 3974
4403 - 4404: 31655
4404 - 4405: -541
4405 - 4406: 640
4406 - 4407: 9105
4407 - 4408: 1548
4408 - 4409: 7973
4409 - 4410: 7857
4410 - 4411: 13139
4411 - 4412: -1480
4412 - 4413: 14786
4413 - 4414: 2141
4414 - 4415: -646
4415 - 4416: -2703
4416 - 4417: 64898
4417 - 4418: -3887
4418 - 4419: 6873
4419 - 4420: 16461
4420 - 4421: 15353
4421 - 4422: 9323
4422 - 4423: 50547
4423 - 4424: 7281
4424 - 4425: 3957
4425 - 4426: -2357
4426 - 4427: 3561
4427 - 4428: 8540
4428 - 4429: -1274
4429 - 4430: -3912
4430 - 4431: 12397
4431 - 4432: 5628
4432 - 4433: 5559
4433 - 4434: -790
4434 - 4435: 1447
4435 - 4436: 1749
4436 - 4437: 22230
4437 - 4438: 15992
4438 - 4439: -826
4439 - 4440: -1649
4440 - 4441: 12508
4441 - 4442: -484
4442 - 4443: 525
4443 - 4444: -570
4444 - 4445: -922
4445 - 4446: -2395
4446 - 4447: -2341
4447 - 4448: 3037
4448 - 4449: 4092
4449 - 4450: -992
4450 - 4451: -1902
4451 - 4452: -5253
4452 - 4453: 718
4453 - 4454: -1373
4454 - 4455: 3628
4455 - 4456: 18073
4456 - 4457: 8019
4457 - 4458: -3558
4458 - 4459: 5975
4459 - 4460: 10940
4460 - 4461: 7630
4461 - 4462: 1018
4462 - 4463: 9569
4463 - 4464: 2456
4464 - 4465: 7051
4465 - 4466: 68409
4466 - 4467: 8475
4467 - 4468: 1144
4468 - 4469: -1326
4469 - 4470: 570
4470 - 4471: 2691
4471 - 4472: 6329
4472 - 4473: -1533
4473 - 4474: 13382
4474 - 4475: -1789
4475 - 4476: -2918
4476 - 4477: -4597
4477 - 4478: 44451
4478 - 4479: -1555
4479 - 4480: 1619
4480 - 4481: 563
4481 - 4482: 19322
4482 - 4483: 346
4483 - 4484: -1049
4484 - 4485: -1678
4485 - 4486: -425
4486 - 4487: -162
4487 - 4488: -1957
4488 - 4489: 10141
4489 - 4490: 2402
4490 - 4491: 5729
4491 - 4492: 16417
4492 - 4493: 16683
4493 - 4494: 7593
4494 - 4495: -3106
4495 - 4496: 8819
4496 - 4497: 436
4497 - 4498: 2914
4498 - 4499: 31501
4499 - 4500: 97
4500 - 4501: 1237
4501 - 4502: 3319
4502 - 4503: 1153
4503 - 4504: 15674
4504 - 4505: 3960
4505 - 4506: 2154
4506 - 4507: 671
4507 - 4508: 49897
4508 - 4509: 66976
4509 - 4510: 1881
4510 - 4511: 16516
4511 - 4512: 13057
4512 - 4513: 11425
4513 - 4514: 11566
4514 - 4515: 13267
4515 - 4516: 14856
4516 - 4517: 47713
4517 - 4518: 14795
4518 - 4519: 4753
4519 - 4520: 12205
4520 - 4521: 13336
4521 - 4522: -1913
4522 - 4523: 6892
4523 - 4524: 0
4524 - 4525: 1244
4525 - 4526: -464
4526 - 4527: 2995
4527 - 4528: 4100
4528 - 4529: -149
4529 - 4530: 1975
4530 - 4531: 2378
4531 - 4532: 3956
4532 - 4533: 60519
4533 - 4534: -1854
4534 - 4535: 3344
4535 - 4536: 1396
4536 - 4537: 5637
4537 - 4538: 10858
4538 - 4539: 1221
4539 - 4540: 4429
4540 - 4541: 1560
4541 - 4542: 612
4542 - 4543: 50386
4543 - 4544: 728
4544 - 4545: 9697
4545 - 4546: 2344
4546 - 4547: 68658
4547 - 4548: 1457
4548 - 4549: 31465
4549 - 4550: 33187
4550 - 4551: 3876
4551 - 4552: 714
4552 - 4553: 35
4553 - 4554: 6815
4554 - 4555: 11791
4555 - 4556: 10323
4556 - 4557: 19338
4557 - 4558: 12713
4558 - 4559: 195
4559 - 4560: 7106
4560 - 4561: 2965
4561 - 4562: 2341
4562 - 4563: 2992
4563 - 4564: 2677
4564 - 4565: 39458
4565 - 4566: 8418
4566 - 4567: 16441
4567 - 4568: 6088
4568 - 4569: 42198
4569 - 4570: 1664
4570 - 4571: -1912
4571 - 4572: 49828
4572 - 4573: 2276
4573 - 4574: 462
4574 - 4575: 1067
4575 - 4576: 23499
4576 - 4577: -394
4577 - 4578: 7684
4578 - 4579: 7583
4579 - 4580: 6927
4580 - 4581: 594
4581 - 4582: 1148
4582 - 4583: 10002
4583 - 4584: 38816
4584 - 4585: 4185
4585 - 4586: 249
4586 - 4587: 53368
4587 - 4588: -686
4588 - 4589: 1983
4589 - 4590: 15413
4590 - 4591: -1291
4591 - 4592: 8161
4592 - 4593: -1523
4593 - 4594: 17726
4594 - 4595: -472
4595 - 4596: 46621
4596 - 4597: 733
4597 - 4598: 994
4598 - 4599: 2572
4599 - 4600: 1063
4600 - 4601: 3631
4601 - 4602: 1590
4602 - 4603: 2053
4603 - 4604: 1761
4604 - 4605: 144
4605 - 4606: 4778
4606 - 4607: -343
4607 - 4608: 48034
4608 - 4609: 4991
4609 - 4610: -292
4610 - 4611: 63813
4611 - 4612: 1973
4612 - 4613: 3539
4613 - 4614: 1165
4614 - 4615: 1238
4615 - 4616: 1478
4616 - 4617: 2507
4617 - 4618: -2671
4618 - 4619: -45
4619 - 4620: 3581
4620 - 4621: 3971
4621 - 4622: 30124
4622 - 4623: 927
4623 - 4624: 2168
4624 - 4625: -289
4625 - 4626: 1529
4626 - 4627: 4379
4627 - 4628: 49307
4628 - 4629: 2871
4629 - 4630: 13801
4630 - 4631: -751
4631 - 4632: 929
4632 - 4633: 1532
4633 - 4634: -817
4634 - 4635: -1621
4635 - 4636: -2681
4636 - 4637: 294
4637 - 4638: 139
4638 - 4639: -397
4639 - 4640: -372
4640 - 4641: 122
4641 - 4642: 17822
4642 - 4643: 7589
4643 - 4644: -1220
4644 - 4645: 1958
4645 - 4646: 8416
4646 - 4647: 5996
4647 - 4648: 12096
4648 - 4649: 5273
4649 - 4650: 1227
4650 - 4651: 1170
4651 - 4652: 7571
4652 - 4653: 2614
4653 - 4654: 12458
4654 - 4655: 3251
4655 - 4656: 845
4656 - 4657: -561
4657 - 4658: 2701
4658 - 4659: -174
4659 - 4660: 980
4660 - 4661: 17884
4661 - 4662: 6262
4662 - 4663: 752
4663 - 4664: 5000
4664 - 4665: -1536
4665 - 4666: 2299
4666 - 4667: -1574
4667 - 4668: 2628
4668 - 4669: 8315
4669 - 4670: 9274
4670 - 4671: 7700
4671 - 4672: -466
4672 - 4673: 22765
4673 - 4674: 7886
4674 - 4675: 16906
4675 - 4676: 413
4676 - 4677: 1630
4677 - 4678: 4990
4678 - 4679: 607
4679 - 4680: 0
4680 - 4681: -2501
4681 - 4682: 1545
4682 - 4683: 39118
4683 - 4684: 4676
4684 - 4685: -2076
4685 - 4686: -4833
4686 - 4687: 20011
4687 - 4688: 3424
4688 - 4689: 479
4689 - 4690: 621
4690 - 4691: -4084
4691 - 4692: 2065
4692 - 4693: 15384
4693 - 4694: -139
4694 - 4695: 8069
4695 - 4696: -4154
4696 - 4697: 548
4697 - 4698: 8037
4698 - 4699: 7663
4699 - 4700: 15577
4700 - 4701: -6292
4701 - 4702: 12076
4702 - 4703: -5421
4703 - 4704: -1746
4704 - 4705: 42834
4705 - 4706: -5786
4706 - 4707: -1361
4707 - 4708: 1621
4708 - 4709: -2207
4709 - 4710: -2714
4710 - 4711: 165
4711 - 4712: -176
4712 - 4713: 9257
4713 - 4714: -1371
4714 - 4715: 446
4715 - 4716: 1721
4716 - 4717: 991
4717 - 4718: -2818
4718 - 4719: 19279
4719 - 4720: -2282
4720 - 4721: -1900
4721 - 4722: 216
4722 - 4723: -1740
4723 - 4724: -667
4724 - 4725: 302
4725 - 4726: 12840
4726 - 4727: -6073
4727 - 4728: 202
4728 - 4729: -2406
4729 - 4730: 5542
4730 - 4731: -4326
4731 - 4732: -2392
4732 - 4733: 6037
4733 - 4734: 12217
4734 - 4735: -4314
4735 - 4736: 11215
4736 - 4737: -998
4737 - 4738: 17260
4738 - 4739: 1918
4739 - 4740: 8229
4740 - 4741: 1735
4741 - 4742: -4015
4742 - 4743: 43914
4743 - 4744: 8087
4744 - 4745: 351
4745 - 4746: 1265
4746 - 4747: -2081
4747 - 4748: -1008
4748 - 4749: 11432
4749 - 4750: 7986
4750 - 4751: 11471
4751 - 4752: 5704
4752 - 4753: 14153
4753 - 4754: -4186
4754 - 4755: 57443
4755 - 4756: -1348
4756 - 4757: -815
4757 - 4758: 55829
4758 - 4759: -120
4759 - 4760: 4026
4760 - 4761: 35957
4761 - 4762: 7290
4762 - 4763: -1995
4763 - 4764: -2064
4764 - 4765: -1982
4765 - 4766: -64
4766 - 4767: -11
4767 - 4768: -3748
4768 - 4769: 134
4769 - 4770: -5345
4770 - 4771: -2592
4771 - 4772: 1224
4772 - 4773: 50630
4773 - 4774: -2697
4774 - 4775: 3459
4775 - 4776: -2009
4776 - 4777: 28645
4777 - 4778: -1586
4778 - 4779: -377
4779 - 4780: -869
4780 - 4781: 69628
4781 - 4782: -4432
4782 - 4783: -4830
4783 - 4784: -325
4784 - 4785: -3470
4785 - 4786: -5109
4786 - 4787: -7313
4787 - 4788: -4495
4788 - 4789: 11039
4789 - 4790: 54123
4790 - 4791: -662
4791 - 4792: -5717
4792 - 4793: 11072
4793 - 4794: 69083
4794 - 4795: -2231
4795 - 4796: -3695
4796 - 4797: 1769
4797 - 4798: 105
4798 - 4799: 28276
4799 - 4800: -859
4800 - 4801: -2804
4801 - 4802: -4470
4802 - 4803: -1571
4803 - 4804: -1338
4804 - 4805: 2915
4805 - 4806: 51062
4806 - 4807: 5149
4807 - 4808: 2755
4808 - 4809: -2952
4809 - 4810: 28381
4810 - 4811: -31
4811 - 4812: -1853
4812 - 4813: -3683
4813 - 4814: -4396
4814 - 4815: 4480
4815 - 4816: -5149
4816 - 4817: -2732
4817 - 4818: -5050
4818 - 4819: -1420
4819 - 4820: 1401
4820 - 4821: -5164
4821 - 4822: -3919
4822 - 4823: -5165
4823 - 4824: -1986
4824 - 4825: -4153
4825 - 4826: -6308
4826 - 4827: -3394
4827 - 4828: -4651
4828 - 4829: -3234
4829 - 4830: 152
4830 - 4831: 9415
4831 - 4832: -4189
4832 - 4833: 1179
4833 - 4834: 1300
4834 - 4835: -5020
4835 - 4836: 0
4836 - 4837: 22864
4837 - 4838: 2733
4838 - 4839: 62873
4839 - 4840: 1270
4840 - 4841: -212
4841 - 4842: 3560
4842 - 4843: 2097
4843 - 4844: 3344
4844 - 4845: 2511
4845 - 4846: 1510
4846 - 4847: 4142
4847 - 4848: 3478
4848 - 4849: 1273
4849 - 4850: -1037
4850 - 4851: 1162
4851 - 4852: 39119
4852 - 4853: 4746
4853 - 4854: -2989
4854 - 4855: 1724
4855 - 4856: -815
4856 - 4857: -8
4857 - 4858: 710
4858 - 4859: 2046
4859 - 4860: -826
4860 - 4861: -1964
4861 - 4862: -560
4862 - 4863: -1887
4863 - 4864: 4632
4864 - 4865: 6112
4865 - 4866: 702
4866 - 4867: 3969
4867 - 4868: -4194
4868 - 4869: 30091
4869 - 4870: 1010
4870 - 4871: 1646
4871 - 4872: -1142
4872 - 4873: 4602
4873 - 4874: -1684
4874 - 4875: 1828
4875 - 4876: 210
4876 - 4877: 1350
4877 - 4878: 45071
4878 - 4879: 1702
4879 - 4880: -2374
4880 - 4881: 3027
4881 - 4882: 1961
4882 - 4883: 56853
4883 - 4884: -694
4884 - 4885: -259
4885 - 4886: 703
4886 - 4887: -350
4887 - 4888: 347
4888 - 4889: 2416
4889 - 4890: 2945
4890 - 4891: -3959
4891 - 4892: 1628
4892 - 4893: -1468
4893 - 4894: 2313
4894 - 4895: 3384
4895 - 4896: 6
4896 - 4897: -1024
4897 - 4898: 3813
4898 - 4899: 1006
4899 - 4900: -958
4900 - 4901: -156
4901 - 4902: 546
4902 - 4903: 7779
4903 - 4904: -959
4904 - 4905: 16509
4905 - 4906: -2325
4906 - 4907: 59785
4907 - 4908: -368
4908 - 4909: 10709
4909 - 4910: 8678
4910 - 4911: 4532
4911 - 4912: 1615
4912 - 4913: 2638
4913 - 4914: 185
4914 - 4915: 732
4915 - 4916: 23417
4916 - 4917: 16748
4917 - 4918: 1051
4918 - 4919: 5210
4919 - 4920: 904
4920 - 4921: 713
4921 - 4922: 2784
4922 - 4923: 69193
4923 - 4924: 1395
4924 - 4925: -4
4925 - 4926: 380
4926 - 4927: 15915
4927 - 4928: 22695
4928 - 4929: 51537
4929 - 4930: 3838
4930 - 4931: 25890
4931 - 4932: 12892
4932 - 4933: 9238
4933 - 4934: 9460
4934 - 4935: 3776
4935 - 4936: 275
4936 - 4937: 7737
4937 - 4938: 12158
4938 - 4939: -662
4939 - 4940: 4841
4940 - 4941: 1942
4941 - 4942: 2371
4942 - 4943: 8379
4943 - 4944: 16912
4944 - 4945: 2071
4945 - 4946: 14247
4946 - 4947: 52304
4947 - 4948: 24721
4948 - 4949: 10344
4949 - 4950: 2447
4950 - 4951: 4077
4951 - 4952: 3480
4952 - 4953: 38553
4953 - 4954: 5872
4954 - 4955: 8647
4955 - 4956: 47717
4956 - 4957: 14304
4957 - 4958: 17401
4958 - 4959: 70147
4959 - 4960: 28976
4960 - 4961: 18479
4961 - 4962: 15258
4962 - 4963: 81892
4963 - 4964: 53815
4964 - 4965: 10954
4965 - 4966: 46354
4966 - 4967: 9931
4967 - 4968: 7725
4968 - 4969: 6389
4969 - 4970: 14702
4970 - 4971: 610
4971 - 4972: 7785
4972 - 4973: 66189
4973 - 4974: -1947
4974 - 4975: 1773
4975 - 4976: 2566
4976 - 4977: 1315
4977 - 4978: 5027
4978 - 4979: 14455
4979 - 4980: 1446
4980 - 4981: 692
4981 - 4982: 10682
4982 - 4983: 456
4983 - 4984: 10037
4984 - 4985: 262
4985 - 4986: 1732
4986 - 4987: 38350
4987 - 4988: 20616
4988 - 4989: 7434
4989 - 4990: 7207
4990 - 4991: 9736
4991 - 4992: 0
4992 - 4993: 0
4993 - 4994: 0
4994 - 4995: 0
4995 - 4996: 0
4996 - 4997: 0
4997 - 4998: 0
4998 - 4999: 0
4999 - 5000: 0

Timing completed for program using OpenMP with 32 threads and 660909162 CPUs
Reading in File: 5.217000 nanoseconds
Comparisons of wiki pages: 37.954000 nanoseconds
Overall time: 43.171000 nanoseconds
